<?xml version="1.0" encoding="UTF-8"?>
<testsuite name="TestRunner" tests="1" skipped="0" failures="0" errors="0" timestamp="2021-03-12T00:43:34" hostname="ELSLAPM-404016" time="2.51">
  <properties/>
  <testcase name="testParallel" classname="TestRunner" time="2.51"/>
  <system-out><![CDATA[00:43:35.041 [Test worker] INFO com.intuit.karate.Runner - waiting for parallel features to complete ...
00:43:35.167 [ForkJoinPool-1-worker-3] DEBUG com.jayway.jsonpath.internal.path.CompiledPath - Evaluating path: $
00:43:35.167 [ForkJoinPool-1-worker-11] DEBUG com.jayway.jsonpath.internal.path.CompiledPath - Evaluating path: $
00:43:35.167 [ForkJoinPool-1-worker-7] DEBUG com.jayway.jsonpath.internal.path.CompiledPath - Evaluating path: $
00:43:35.167 [ForkJoinPool-1-worker-9] DEBUG com.jayway.jsonpath.internal.path.CompiledPath - Evaluating path: $
00:43:35.167 [ForkJoinPool-1-worker-5] DEBUG com.jayway.jsonpath.internal.path.CompiledPath - Evaluating path: $
00:43:35.212 [ForkJoinPool-1-worker-5] DEBUG com.jayway.jsonpath.internal.path.CompiledPath - Evaluating path: $
00:43:35.212 [ForkJoinPool-1-worker-3] DEBUG com.jayway.jsonpath.internal.path.CompiledPath - Evaluating path: $
00:43:35.212 [ForkJoinPool-1-worker-7] DEBUG com.jayway.jsonpath.internal.path.CompiledPath - Evaluating path: $
00:43:35.212 [ForkJoinPool-1-worker-11] DEBUG com.jayway.jsonpath.internal.path.CompiledPath - Evaluating path: $
00:43:35.275 [ForkJoinPool-1-worker-9] DEBUG com.jayway.jsonpath.internal.path.CompiledPath - Evaluating path: $
00:43:35.275 [ForkJoinPool-1-worker-9] DEBUG com.jayway.jsonpath.internal.path.CompiledPath - Evaluating path: $
00:43:35.278 [ForkJoinPool-1-worker-9] DEBUG com.jayway.jsonpath.internal.path.CompiledPath - Evaluating path: $
00:43:35.365 [ForkJoinPool-1-worker-7] DEBUG org.apache.http.client.protocol.RequestAddCookies - CookieSpec selected: karate
00:43:35.365 [ForkJoinPool-1-worker-3] DEBUG org.apache.http.client.protocol.RequestAddCookies - CookieSpec selected: karate
00:43:35.365 [ForkJoinPool-1-worker-5] DEBUG org.apache.http.client.protocol.RequestAddCookies - CookieSpec selected: karate
00:43:35.365 [ForkJoinPool-1-worker-9] DEBUG org.apache.http.client.protocol.RequestAddCookies - CookieSpec selected: karate
00:43:35.365 [ForkJoinPool-1-worker-11] DEBUG org.apache.http.client.protocol.RequestAddCookies - CookieSpec selected: karate
00:43:35.373 [ForkJoinPool-1-worker-3] DEBUG org.apache.http.client.protocol.RequestAuthCache - Auth cache not set in the context
00:43:35.373 [ForkJoinPool-1-worker-11] DEBUG org.apache.http.client.protocol.RequestAuthCache - Auth cache not set in the context
00:43:35.373 [ForkJoinPool-1-worker-5] DEBUG org.apache.http.client.protocol.RequestAuthCache - Auth cache not set in the context
00:43:35.373 [ForkJoinPool-1-worker-9] DEBUG org.apache.http.client.protocol.RequestAuthCache - Auth cache not set in the context
00:43:35.373 [ForkJoinPool-1-worker-7] DEBUG org.apache.http.client.protocol.RequestAuthCache - Auth cache not set in the context
00:43:35.374 [ForkJoinPool-1-worker-3] DEBUG com.intuit.karate - request:
1 > GET https://api-ssl.bitly.com/v4/groups/Bl39i27Ji5U/bitlinks/clicks
1 > Accept: */*
1 > Accept-Encoding: gzip,deflate
1 > Authorization: Bearer 48a7fe60034be1eb264102c122d31ea48f4ef04e
1 > Connection: Keep-Alive
1 > Content-Type: application/json
1 > Host: api-ssl.bitly.com
1 > User-Agent: Apache-HttpClient/4.5.12 (Java/14.0.2)

00:43:35.374 [ForkJoinPool-1-worker-7] DEBUG com.intuit.karate - request:
1 > GET https://api-ssl.bitly.com/v4/groups/Bl39i27Ji5U/bitlinks
1 > Accept: */*
1 > Accept-Encoding: gzip,deflate
1 > Authorization: Bearer 48a7fe60034be1eb264102c122d31ea48f4ef04e
1 > Connection: Keep-Alive
1 > Content-Type: application/json
1 > Host: api-ssl.bitly.com
1 > User-Agent: Apache-HttpClient/4.5.12 (Java/14.0.2)

00:43:35.374 [ForkJoinPool-1-worker-5] DEBUG com.intuit.karate - request:
1 > GET https://api-ssl.bitly.com/v4/groups
1 > Accept: */*
1 > Accept-Encoding: gzip,deflate
1 > Authorization: Bearer 48a7fe60034be1eb264102c122d31ea48f4ef04e
1 > Connection: Keep-Alive
1 > Content-Type: application/json
1 > Host: api-ssl.bitly.com
1 > User-Agent: Apache-HttpClient/4.5.12 (Java/14.0.2)

00:43:35.374 [ForkJoinPool-1-worker-11] DEBUG com.intuit.karate - request:
1 > GET https://api-ssl.bitly.com/v4/groups/Bl39i27Ji5U/bitlinks
1 > Accept: */*
1 > Accept-Encoding: gzip,deflate
1 > Authorization: Bearer 48a7fe60034be1eb264102c122d31ea48f4ef04e
1 > Connection: Keep-Alive
1 > Content-Type: application/json
1 > Host: api-ssl.bitly.com
1 > User-Agent: Apache-HttpClient/4.5.12 (Java/14.0.2)

00:43:35.374 [ForkJoinPool-1-worker-9] DEBUG com.intuit.karate - request:
1 > POST https://api-ssl.bitly.com/v4/bitlinks
1 > Accept: */*
1 > Accept-Encoding: gzip,deflate
1 > Authorization: Bearer 48a7fe60034be1eb264102c122d31ea48f4ef04e
1 > Connection: Keep-Alive
1 > Content-Length: 98
1 > Content-Type: application/json
1 > Host: api-ssl.bitly.com
1 > User-Agent: Apache-HttpClient/4.5.12 (Java/14.0.2)
{"long_url":"https://www.bbc.co.ken/","domain":"bit.ly","group_guid":"Bl39i27Ji5U","title":"test"}

00:43:35.375 [ForkJoinPool-1-worker-11] DEBUG org.apache.http.impl.conn.PoolingHttpClientConnectionManager - Connection request: [route: {s}->https://api-ssl.bitly.com:443][total available: 0; route allocated: 0 of 5; total allocated: 0 of 10]
00:43:35.375 [ForkJoinPool-1-worker-7] DEBUG org.apache.http.impl.conn.PoolingHttpClientConnectionManager - Connection request: [route: {s}->https://api-ssl.bitly.com:443][total available: 0; route allocated: 0 of 5; total allocated: 0 of 10]
00:43:35.375 [ForkJoinPool-1-worker-5] DEBUG org.apache.http.impl.conn.PoolingHttpClientConnectionManager - Connection request: [route: {s}->https://api-ssl.bitly.com:443][total available: 0; route allocated: 0 of 5; total allocated: 0 of 10]
00:43:35.375 [ForkJoinPool-1-worker-3] DEBUG org.apache.http.impl.conn.PoolingHttpClientConnectionManager - Connection request: [route: {s}->https://api-ssl.bitly.com:443][total available: 0; route allocated: 0 of 5; total allocated: 0 of 10]
00:43:35.376 [ForkJoinPool-1-worker-9] DEBUG org.apache.http.impl.conn.PoolingHttpClientConnectionManager - Connection request: [route: {s}->https://api-ssl.bitly.com:443][total available: 0; route allocated: 0 of 5; total allocated: 0 of 10]
00:43:35.383 [ForkJoinPool-1-worker-11] DEBUG org.apache.http.impl.conn.PoolingHttpClientConnectionManager - Connection leased: [id: 4][route: {s}->https://api-ssl.bitly.com:443][total available: 0; route allocated: 1 of 5; total allocated: 1 of 10]
00:43:35.383 [ForkJoinPool-1-worker-3] DEBUG org.apache.http.impl.conn.PoolingHttpClientConnectionManager - Connection leased: [id: 3][route: {s}->https://api-ssl.bitly.com:443][total available: 0; route allocated: 1 of 5; total allocated: 1 of 10]
00:43:35.383 [ForkJoinPool-1-worker-9] DEBUG org.apache.http.impl.conn.PoolingHttpClientConnectionManager - Connection leased: [id: 2][route: {s}->https://api-ssl.bitly.com:443][total available: 0; route allocated: 1 of 5; total allocated: 1 of 10]
00:43:35.383 [ForkJoinPool-1-worker-5] DEBUG org.apache.http.impl.conn.PoolingHttpClientConnectionManager - Connection leased: [id: 1][route: {s}->https://api-ssl.bitly.com:443][total available: 0; route allocated: 1 of 5; total allocated: 1 of 10]
00:43:35.383 [ForkJoinPool-1-worker-7] DEBUG org.apache.http.impl.conn.PoolingHttpClientConnectionManager - Connection leased: [id: 0][route: {s}->https://api-ssl.bitly.com:443][total available: 0; route allocated: 1 of 5; total allocated: 1 of 10]
00:43:35.384 [ForkJoinPool-1-worker-5] DEBUG org.apache.http.impl.execchain.MainClientExec - Opening connection {s}->https://api-ssl.bitly.com:443
00:43:35.384 [ForkJoinPool-1-worker-9] DEBUG org.apache.http.impl.execchain.MainClientExec - Opening connection {s}->https://api-ssl.bitly.com:443
00:43:35.384 [ForkJoinPool-1-worker-3] DEBUG org.apache.http.impl.execchain.MainClientExec - Opening connection {s}->https://api-ssl.bitly.com:443
00:43:35.384 [ForkJoinPool-1-worker-7] DEBUG org.apache.http.impl.execchain.MainClientExec - Opening connection {s}->https://api-ssl.bitly.com:443
00:43:35.384 [ForkJoinPool-1-worker-11] DEBUG org.apache.http.impl.execchain.MainClientExec - Opening connection {s}->https://api-ssl.bitly.com:443
00:43:35.390 [ForkJoinPool-1-worker-11] DEBUG org.apache.http.impl.conn.DefaultHttpClientConnectionOperator - Connecting to api-ssl.bitly.com/67.199.248.21:443
00:43:35.390 [ForkJoinPool-1-worker-11] DEBUG org.apache.http.conn.ssl.SSLConnectionSocketFactory - Connecting socket to api-ssl.bitly.com/67.199.248.21:443 with timeout 3000
00:43:35.391 [ForkJoinPool-1-worker-5] DEBUG org.apache.http.impl.conn.DefaultHttpClientConnectionOperator - Connecting to api-ssl.bitly.com/67.199.248.21:443
00:43:35.391 [ForkJoinPool-1-worker-5] DEBUG org.apache.http.conn.ssl.SSLConnectionSocketFactory - Connecting socket to api-ssl.bitly.com/67.199.248.21:443 with timeout 3000
00:43:35.391 [ForkJoinPool-1-worker-7] DEBUG org.apache.http.impl.conn.DefaultHttpClientConnectionOperator - Connecting to api-ssl.bitly.com/67.199.248.21:443
00:43:35.391 [ForkJoinPool-1-worker-7] DEBUG org.apache.http.conn.ssl.SSLConnectionSocketFactory - Connecting socket to api-ssl.bitly.com/67.199.248.21:443 with timeout 3000
00:43:35.391 [ForkJoinPool-1-worker-3] DEBUG org.apache.http.impl.conn.DefaultHttpClientConnectionOperator - Connecting to api-ssl.bitly.com/67.199.248.21:443
00:43:35.391 [ForkJoinPool-1-worker-3] DEBUG org.apache.http.conn.ssl.SSLConnectionSocketFactory - Connecting socket to api-ssl.bitly.com/67.199.248.21:443 with timeout 3000
00:43:35.392 [ForkJoinPool-1-worker-9] DEBUG org.apache.http.impl.conn.DefaultHttpClientConnectionOperator - Connecting to api-ssl.bitly.com/67.199.248.21:443
00:43:35.392 [ForkJoinPool-1-worker-9] DEBUG org.apache.http.conn.ssl.SSLConnectionSocketFactory - Connecting socket to api-ssl.bitly.com/67.199.248.21:443 with timeout 3000
00:43:35.436 [ForkJoinPool-1-worker-9] DEBUG org.apache.http.conn.ssl.SSLConnectionSocketFactory - Enabled protocols: [TLSv1.3, TLSv1.2, TLSv1.1, TLSv1]
00:43:35.436 [ForkJoinPool-1-worker-9] DEBUG org.apache.http.conn.ssl.SSLConnectionSocketFactory - Enabled cipher suites:[TLS_AES_256_GCM_SHA384, TLS_AES_128_GCM_SHA256, TLS_CHACHA20_POLY1305_SHA256, TLS_ECDHE_ECDSA_WITH_AES_256_GCM_SHA384, TLS_ECDHE_ECDSA_WITH_AES_128_GCM_SHA256, TLS_ECDHE_ECDSA_WITH_CHACHA20_POLY1305_SHA256, TLS_ECDHE_RSA_WITH_AES_256_GCM_SHA384, TLS_ECDHE_RSA_WITH_CHACHA20_POLY1305_SHA256, TLS_ECDHE_RSA_WITH_AES_128_GCM_SHA256, TLS_DHE_RSA_WITH_AES_256_GCM_SHA384, TLS_DHE_RSA_WITH_CHACHA20_POLY1305_SHA256, TLS_DHE_DSS_WITH_AES_256_GCM_SHA384, TLS_DHE_RSA_WITH_AES_128_GCM_SHA256, TLS_DHE_DSS_WITH_AES_128_GCM_SHA256, TLS_ECDHE_ECDSA_WITH_AES_256_CBC_SHA384, TLS_ECDHE_RSA_WITH_AES_256_CBC_SHA384, TLS_ECDHE_ECDSA_WITH_AES_128_CBC_SHA256, TLS_ECDHE_RSA_WITH_AES_128_CBC_SHA256, TLS_DHE_RSA_WITH_AES_256_CBC_SHA256, TLS_DHE_DSS_WITH_AES_256_CBC_SHA256, TLS_DHE_RSA_WITH_AES_128_CBC_SHA256, TLS_DHE_DSS_WITH_AES_128_CBC_SHA256, TLS_ECDH_ECDSA_WITH_AES_256_GCM_SHA384, TLS_ECDH_RSA_WITH_AES_256_GCM_SHA384, TLS_ECDH_ECDSA_WITH_AES_128_GCM_SHA256, TLS_ECDH_RSA_WITH_AES_128_GCM_SHA256, TLS_ECDH_ECDSA_WITH_AES_256_CBC_SHA384, TLS_ECDH_RSA_WITH_AES_256_CBC_SHA384, TLS_ECDH_ECDSA_WITH_AES_128_CBC_SHA256, TLS_ECDH_RSA_WITH_AES_128_CBC_SHA256, TLS_ECDHE_ECDSA_WITH_AES_256_CBC_SHA, TLS_ECDHE_RSA_WITH_AES_256_CBC_SHA, TLS_ECDHE_ECDSA_WITH_AES_128_CBC_SHA, TLS_ECDHE_RSA_WITH_AES_128_CBC_SHA, TLS_DHE_RSA_WITH_AES_256_CBC_SHA, TLS_DHE_DSS_WITH_AES_256_CBC_SHA, TLS_DHE_RSA_WITH_AES_128_CBC_SHA, TLS_DHE_DSS_WITH_AES_128_CBC_SHA, TLS_ECDH_ECDSA_WITH_AES_256_CBC_SHA, TLS_ECDH_RSA_WITH_AES_256_CBC_SHA, TLS_ECDH_ECDSA_WITH_AES_128_CBC_SHA, TLS_ECDH_RSA_WITH_AES_128_CBC_SHA, TLS_RSA_WITH_AES_256_GCM_SHA384, TLS_RSA_WITH_AES_128_GCM_SHA256, TLS_RSA_WITH_AES_256_CBC_SHA256, TLS_RSA_WITH_AES_128_CBC_SHA256, TLS_RSA_WITH_AES_256_CBC_SHA, TLS_RSA_WITH_AES_128_CBC_SHA, TLS_EMPTY_RENEGOTIATION_INFO_SCSV]
00:43:35.436 [ForkJoinPool-1-worker-9] DEBUG org.apache.http.conn.ssl.SSLConnectionSocketFactory - Starting handshake
00:43:35.436 [ForkJoinPool-1-worker-3] DEBUG org.apache.http.conn.ssl.SSLConnectionSocketFactory - Enabled protocols: [TLSv1.3, TLSv1.2, TLSv1.1, TLSv1]
00:43:35.436 [ForkJoinPool-1-worker-7] DEBUG org.apache.http.conn.ssl.SSLConnectionSocketFactory - Enabled protocols: [TLSv1.3, TLSv1.2, TLSv1.1, TLSv1]
00:43:35.436 [ForkJoinPool-1-worker-5] DEBUG org.apache.http.conn.ssl.SSLConnectionSocketFactory - Enabled protocols: [TLSv1.3, TLSv1.2, TLSv1.1, TLSv1]
00:43:35.437 [ForkJoinPool-1-worker-3] DEBUG org.apache.http.conn.ssl.SSLConnectionSocketFactory - Enabled cipher suites:[TLS_AES_256_GCM_SHA384, TLS_AES_128_GCM_SHA256, TLS_CHACHA20_POLY1305_SHA256, TLS_ECDHE_ECDSA_WITH_AES_256_GCM_SHA384, TLS_ECDHE_ECDSA_WITH_AES_128_GCM_SHA256, TLS_ECDHE_ECDSA_WITH_CHACHA20_POLY1305_SHA256, TLS_ECDHE_RSA_WITH_AES_256_GCM_SHA384, TLS_ECDHE_RSA_WITH_CHACHA20_POLY1305_SHA256, TLS_ECDHE_RSA_WITH_AES_128_GCM_SHA256, TLS_DHE_RSA_WITH_AES_256_GCM_SHA384, TLS_DHE_RSA_WITH_CHACHA20_POLY1305_SHA256, TLS_DHE_DSS_WITH_AES_256_GCM_SHA384, TLS_DHE_RSA_WITH_AES_128_GCM_SHA256, TLS_DHE_DSS_WITH_AES_128_GCM_SHA256, TLS_ECDHE_ECDSA_WITH_AES_256_CBC_SHA384, TLS_ECDHE_RSA_WITH_AES_256_CBC_SHA384, TLS_ECDHE_ECDSA_WITH_AES_128_CBC_SHA256, TLS_ECDHE_RSA_WITH_AES_128_CBC_SHA256, TLS_DHE_RSA_WITH_AES_256_CBC_SHA256, TLS_DHE_DSS_WITH_AES_256_CBC_SHA256, TLS_DHE_RSA_WITH_AES_128_CBC_SHA256, TLS_DHE_DSS_WITH_AES_128_CBC_SHA256, TLS_ECDH_ECDSA_WITH_AES_256_GCM_SHA384, TLS_ECDH_RSA_WITH_AES_256_GCM_SHA384, TLS_ECDH_ECDSA_WITH_AES_128_GCM_SHA256, TLS_ECDH_RSA_WITH_AES_128_GCM_SHA256, TLS_ECDH_ECDSA_WITH_AES_256_CBC_SHA384, TLS_ECDH_RSA_WITH_AES_256_CBC_SHA384, TLS_ECDH_ECDSA_WITH_AES_128_CBC_SHA256, TLS_ECDH_RSA_WITH_AES_128_CBC_SHA256, TLS_ECDHE_ECDSA_WITH_AES_256_CBC_SHA, TLS_ECDHE_RSA_WITH_AES_256_CBC_SHA, TLS_ECDHE_ECDSA_WITH_AES_128_CBC_SHA, TLS_ECDHE_RSA_WITH_AES_128_CBC_SHA, TLS_DHE_RSA_WITH_AES_256_CBC_SHA, TLS_DHE_DSS_WITH_AES_256_CBC_SHA, TLS_DHE_RSA_WITH_AES_128_CBC_SHA, TLS_DHE_DSS_WITH_AES_128_CBC_SHA, TLS_ECDH_ECDSA_WITH_AES_256_CBC_SHA, TLS_ECDH_RSA_WITH_AES_256_CBC_SHA, TLS_ECDH_ECDSA_WITH_AES_128_CBC_SHA, TLS_ECDH_RSA_WITH_AES_128_CBC_SHA, TLS_RSA_WITH_AES_256_GCM_SHA384, TLS_RSA_WITH_AES_128_GCM_SHA256, TLS_RSA_WITH_AES_256_CBC_SHA256, TLS_RSA_WITH_AES_128_CBC_SHA256, TLS_RSA_WITH_AES_256_CBC_SHA, TLS_RSA_WITH_AES_128_CBC_SHA, TLS_EMPTY_RENEGOTIATION_INFO_SCSV]
00:43:35.437 [ForkJoinPool-1-worker-3] DEBUG org.apache.http.conn.ssl.SSLConnectionSocketFactory - Starting handshake
00:43:35.436 [ForkJoinPool-1-worker-11] DEBUG org.apache.http.conn.ssl.SSLConnectionSocketFactory - Enabled protocols: [TLSv1.3, TLSv1.2, TLSv1.1, TLSv1]
00:43:35.437 [ForkJoinPool-1-worker-7] DEBUG org.apache.http.conn.ssl.SSLConnectionSocketFactory - Enabled cipher suites:[TLS_AES_256_GCM_SHA384, TLS_AES_128_GCM_SHA256, TLS_CHACHA20_POLY1305_SHA256, TLS_ECDHE_ECDSA_WITH_AES_256_GCM_SHA384, TLS_ECDHE_ECDSA_WITH_AES_128_GCM_SHA256, TLS_ECDHE_ECDSA_WITH_CHACHA20_POLY1305_SHA256, TLS_ECDHE_RSA_WITH_AES_256_GCM_SHA384, TLS_ECDHE_RSA_WITH_CHACHA20_POLY1305_SHA256, TLS_ECDHE_RSA_WITH_AES_128_GCM_SHA256, TLS_DHE_RSA_WITH_AES_256_GCM_SHA384, TLS_DHE_RSA_WITH_CHACHA20_POLY1305_SHA256, TLS_DHE_DSS_WITH_AES_256_GCM_SHA384, TLS_DHE_RSA_WITH_AES_128_GCM_SHA256, TLS_DHE_DSS_WITH_AES_128_GCM_SHA256, TLS_ECDHE_ECDSA_WITH_AES_256_CBC_SHA384, TLS_ECDHE_RSA_WITH_AES_256_CBC_SHA384, TLS_ECDHE_ECDSA_WITH_AES_128_CBC_SHA256, TLS_ECDHE_RSA_WITH_AES_128_CBC_SHA256, TLS_DHE_RSA_WITH_AES_256_CBC_SHA256, TLS_DHE_DSS_WITH_AES_256_CBC_SHA256, TLS_DHE_RSA_WITH_AES_128_CBC_SHA256, TLS_DHE_DSS_WITH_AES_128_CBC_SHA256, TLS_ECDH_ECDSA_WITH_AES_256_GCM_SHA384, TLS_ECDH_RSA_WITH_AES_256_GCM_SHA384, TLS_ECDH_ECDSA_WITH_AES_128_GCM_SHA256, TLS_ECDH_RSA_WITH_AES_128_GCM_SHA256, TLS_ECDH_ECDSA_WITH_AES_256_CBC_SHA384, TLS_ECDH_RSA_WITH_AES_256_CBC_SHA384, TLS_ECDH_ECDSA_WITH_AES_128_CBC_SHA256, TLS_ECDH_RSA_WITH_AES_128_CBC_SHA256, TLS_ECDHE_ECDSA_WITH_AES_256_CBC_SHA, TLS_ECDHE_RSA_WITH_AES_256_CBC_SHA, TLS_ECDHE_ECDSA_WITH_AES_128_CBC_SHA, TLS_ECDHE_RSA_WITH_AES_128_CBC_SHA, TLS_DHE_RSA_WITH_AES_256_CBC_SHA, TLS_DHE_DSS_WITH_AES_256_CBC_SHA, TLS_DHE_RSA_WITH_AES_128_CBC_SHA, TLS_DHE_DSS_WITH_AES_128_CBC_SHA, TLS_ECDH_ECDSA_WITH_AES_256_CBC_SHA, TLS_ECDH_RSA_WITH_AES_256_CBC_SHA, TLS_ECDH_ECDSA_WITH_AES_128_CBC_SHA, TLS_ECDH_RSA_WITH_AES_128_CBC_SHA, TLS_RSA_WITH_AES_256_GCM_SHA384, TLS_RSA_WITH_AES_128_GCM_SHA256, TLS_RSA_WITH_AES_256_CBC_SHA256, TLS_RSA_WITH_AES_128_CBC_SHA256, TLS_RSA_WITH_AES_256_CBC_SHA, TLS_RSA_WITH_AES_128_CBC_SHA, TLS_EMPTY_RENEGOTIATION_INFO_SCSV]
00:43:35.437 [ForkJoinPool-1-worker-7] DEBUG org.apache.http.conn.ssl.SSLConnectionSocketFactory - Starting handshake
00:43:35.437 [ForkJoinPool-1-worker-5] DEBUG org.apache.http.conn.ssl.SSLConnectionSocketFactory - Enabled cipher suites:[TLS_AES_256_GCM_SHA384, TLS_AES_128_GCM_SHA256, TLS_CHACHA20_POLY1305_SHA256, TLS_ECDHE_ECDSA_WITH_AES_256_GCM_SHA384, TLS_ECDHE_ECDSA_WITH_AES_128_GCM_SHA256, TLS_ECDHE_ECDSA_WITH_CHACHA20_POLY1305_SHA256, TLS_ECDHE_RSA_WITH_AES_256_GCM_SHA384, TLS_ECDHE_RSA_WITH_CHACHA20_POLY1305_SHA256, TLS_ECDHE_RSA_WITH_AES_128_GCM_SHA256, TLS_DHE_RSA_WITH_AES_256_GCM_SHA384, TLS_DHE_RSA_WITH_CHACHA20_POLY1305_SHA256, TLS_DHE_DSS_WITH_AES_256_GCM_SHA384, TLS_DHE_RSA_WITH_AES_128_GCM_SHA256, TLS_DHE_DSS_WITH_AES_128_GCM_SHA256, TLS_ECDHE_ECDSA_WITH_AES_256_CBC_SHA384, TLS_ECDHE_RSA_WITH_AES_256_CBC_SHA384, TLS_ECDHE_ECDSA_WITH_AES_128_CBC_SHA256, TLS_ECDHE_RSA_WITH_AES_128_CBC_SHA256, TLS_DHE_RSA_WITH_AES_256_CBC_SHA256, TLS_DHE_DSS_WITH_AES_256_CBC_SHA256, TLS_DHE_RSA_WITH_AES_128_CBC_SHA256, TLS_DHE_DSS_WITH_AES_128_CBC_SHA256, TLS_ECDH_ECDSA_WITH_AES_256_GCM_SHA384, TLS_ECDH_RSA_WITH_AES_256_GCM_SHA384, TLS_ECDH_ECDSA_WITH_AES_128_GCM_SHA256, TLS_ECDH_RSA_WITH_AES_128_GCM_SHA256, TLS_ECDH_ECDSA_WITH_AES_256_CBC_SHA384, TLS_ECDH_RSA_WITH_AES_256_CBC_SHA384, TLS_ECDH_ECDSA_WITH_AES_128_CBC_SHA256, TLS_ECDH_RSA_WITH_AES_128_CBC_SHA256, TLS_ECDHE_ECDSA_WITH_AES_256_CBC_SHA, TLS_ECDHE_RSA_WITH_AES_256_CBC_SHA, TLS_ECDHE_ECDSA_WITH_AES_128_CBC_SHA, TLS_ECDHE_RSA_WITH_AES_128_CBC_SHA, TLS_DHE_RSA_WITH_AES_256_CBC_SHA, TLS_DHE_DSS_WITH_AES_256_CBC_SHA, TLS_DHE_RSA_WITH_AES_128_CBC_SHA, TLS_DHE_DSS_WITH_AES_128_CBC_SHA, TLS_ECDH_ECDSA_WITH_AES_256_CBC_SHA, TLS_ECDH_RSA_WITH_AES_256_CBC_SHA, TLS_ECDH_ECDSA_WITH_AES_128_CBC_SHA, TLS_ECDH_RSA_WITH_AES_128_CBC_SHA, TLS_RSA_WITH_AES_256_GCM_SHA384, TLS_RSA_WITH_AES_128_GCM_SHA256, TLS_RSA_WITH_AES_256_CBC_SHA256, TLS_RSA_WITH_AES_128_CBC_SHA256, TLS_RSA_WITH_AES_256_CBC_SHA, TLS_RSA_WITH_AES_128_CBC_SHA, TLS_EMPTY_RENEGOTIATION_INFO_SCSV]
00:43:35.437 [ForkJoinPool-1-worker-11] DEBUG org.apache.http.conn.ssl.SSLConnectionSocketFactory - Enabled cipher suites:[TLS_AES_256_GCM_SHA384, TLS_AES_128_GCM_SHA256, TLS_CHACHA20_POLY1305_SHA256, TLS_ECDHE_ECDSA_WITH_AES_256_GCM_SHA384, TLS_ECDHE_ECDSA_WITH_AES_128_GCM_SHA256, TLS_ECDHE_ECDSA_WITH_CHACHA20_POLY1305_SHA256, TLS_ECDHE_RSA_WITH_AES_256_GCM_SHA384, TLS_ECDHE_RSA_WITH_CHACHA20_POLY1305_SHA256, TLS_ECDHE_RSA_WITH_AES_128_GCM_SHA256, TLS_DHE_RSA_WITH_AES_256_GCM_SHA384, TLS_DHE_RSA_WITH_CHACHA20_POLY1305_SHA256, TLS_DHE_DSS_WITH_AES_256_GCM_SHA384, TLS_DHE_RSA_WITH_AES_128_GCM_SHA256, TLS_DHE_DSS_WITH_AES_128_GCM_SHA256, TLS_ECDHE_ECDSA_WITH_AES_256_CBC_SHA384, TLS_ECDHE_RSA_WITH_AES_256_CBC_SHA384, TLS_ECDHE_ECDSA_WITH_AES_128_CBC_SHA256, TLS_ECDHE_RSA_WITH_AES_128_CBC_SHA256, TLS_DHE_RSA_WITH_AES_256_CBC_SHA256, TLS_DHE_DSS_WITH_AES_256_CBC_SHA256, TLS_DHE_RSA_WITH_AES_128_CBC_SHA256, TLS_DHE_DSS_WITH_AES_128_CBC_SHA256, TLS_ECDH_ECDSA_WITH_AES_256_GCM_SHA384, TLS_ECDH_RSA_WITH_AES_256_GCM_SHA384, TLS_ECDH_ECDSA_WITH_AES_128_GCM_SHA256, TLS_ECDH_RSA_WITH_AES_128_GCM_SHA256, TLS_ECDH_ECDSA_WITH_AES_256_CBC_SHA384, TLS_ECDH_RSA_WITH_AES_256_CBC_SHA384, TLS_ECDH_ECDSA_WITH_AES_128_CBC_SHA256, TLS_ECDH_RSA_WITH_AES_128_CBC_SHA256, TLS_ECDHE_ECDSA_WITH_AES_256_CBC_SHA, TLS_ECDHE_RSA_WITH_AES_256_CBC_SHA, TLS_ECDHE_ECDSA_WITH_AES_128_CBC_SHA, TLS_ECDHE_RSA_WITH_AES_128_CBC_SHA, TLS_DHE_RSA_WITH_AES_256_CBC_SHA, TLS_DHE_DSS_WITH_AES_256_CBC_SHA, TLS_DHE_RSA_WITH_AES_128_CBC_SHA, TLS_DHE_DSS_WITH_AES_128_CBC_SHA, TLS_ECDH_ECDSA_WITH_AES_256_CBC_SHA, TLS_ECDH_RSA_WITH_AES_256_CBC_SHA, TLS_ECDH_ECDSA_WITH_AES_128_CBC_SHA, TLS_ECDH_RSA_WITH_AES_128_CBC_SHA, TLS_RSA_WITH_AES_256_GCM_SHA384, TLS_RSA_WITH_AES_128_GCM_SHA256, TLS_RSA_WITH_AES_256_CBC_SHA256, TLS_RSA_WITH_AES_128_CBC_SHA256, TLS_RSA_WITH_AES_256_CBC_SHA, TLS_RSA_WITH_AES_128_CBC_SHA, TLS_EMPTY_RENEGOTIATION_INFO_SCSV]
00:43:35.437 [ForkJoinPool-1-worker-5] DEBUG org.apache.http.conn.ssl.SSLConnectionSocketFactory - Starting handshake
00:43:35.438 [ForkJoinPool-1-worker-11] DEBUG org.apache.http.conn.ssl.SSLConnectionSocketFactory - Starting handshake
00:43:35.627 [ForkJoinPool-1-worker-3] DEBUG org.apache.http.conn.ssl.SSLConnectionSocketFactory - Secure session established
00:43:35.627 [ForkJoinPool-1-worker-3] DEBUG org.apache.http.conn.ssl.SSLConnectionSocketFactory -  negotiated protocol: TLSv1.3
00:43:35.627 [ForkJoinPool-1-worker-3] DEBUG org.apache.http.conn.ssl.SSLConnectionSocketFactory -  negotiated cipher suite: TLS_AES_256_GCM_SHA384
00:43:35.627 [ForkJoinPool-1-worker-3] DEBUG org.apache.http.conn.ssl.SSLConnectionSocketFactory -  peer principal: CN=api-ssl.bitly.com, O="Bitly, Inc.", L=New York, ST=New York, C=US, SERIALNUMBER=4627013, OID.1.3.6.1.4.1.311.60.2.1.2=Delaware, OID.1.3.6.1.4.1.311.60.2.1.3=US, OID.2.5.4.15=Private Organization
00:43:35.627 [ForkJoinPool-1-worker-11] DEBUG org.apache.http.conn.ssl.SSLConnectionSocketFactory - Secure session established
00:43:35.627 [ForkJoinPool-1-worker-5] DEBUG org.apache.http.conn.ssl.SSLConnectionSocketFactory - Secure session established
00:43:35.628 [ForkJoinPool-1-worker-7] DEBUG org.apache.http.conn.ssl.SSLConnectionSocketFactory - Secure session established
00:43:35.628 [ForkJoinPool-1-worker-11] DEBUG org.apache.http.conn.ssl.SSLConnectionSocketFactory -  negotiated protocol: TLSv1.3
00:43:35.628 [ForkJoinPool-1-worker-5] DEBUG org.apache.http.conn.ssl.SSLConnectionSocketFactory -  negotiated protocol: TLSv1.3
00:43:35.628 [ForkJoinPool-1-worker-9] DEBUG org.apache.http.conn.ssl.SSLConnectionSocketFactory - Secure session established
00:43:35.628 [ForkJoinPool-1-worker-3] DEBUG org.apache.http.conn.ssl.SSLConnectionSocketFactory -  peer alternative names: [api-ssl.bitly.com]
00:43:35.628 [ForkJoinPool-1-worker-7] DEBUG org.apache.http.conn.ssl.SSLConnectionSocketFactory -  negotiated protocol: TLSv1.3
00:43:35.628 [ForkJoinPool-1-worker-11] DEBUG org.apache.http.conn.ssl.SSLConnectionSocketFactory -  negotiated cipher suite: TLS_AES_256_GCM_SHA384
00:43:35.628 [ForkJoinPool-1-worker-5] DEBUG org.apache.http.conn.ssl.SSLConnectionSocketFactory -  negotiated cipher suite: TLS_AES_256_GCM_SHA384
00:43:35.628 [ForkJoinPool-1-worker-9] DEBUG org.apache.http.conn.ssl.SSLConnectionSocketFactory -  negotiated protocol: TLSv1.3
00:43:35.628 [ForkJoinPool-1-worker-7] DEBUG org.apache.http.conn.ssl.SSLConnectionSocketFactory -  negotiated cipher suite: TLS_AES_256_GCM_SHA384
00:43:35.628 [ForkJoinPool-1-worker-3] DEBUG org.apache.http.conn.ssl.SSLConnectionSocketFactory -  issuer principal: CN=DigiCert SHA2 Extended Validation Server CA, OU=www.digicert.com, O=DigiCert Inc, C=US
00:43:35.628 [ForkJoinPool-1-worker-11] DEBUG org.apache.http.conn.ssl.SSLConnectionSocketFactory -  peer principal: CN=api-ssl.bitly.com, O="Bitly, Inc.", L=New York, ST=New York, C=US, SERIALNUMBER=4627013, OID.1.3.6.1.4.1.311.60.2.1.2=Delaware, OID.1.3.6.1.4.1.311.60.2.1.3=US, OID.2.5.4.15=Private Organization
00:43:35.628 [ForkJoinPool-1-worker-9] DEBUG org.apache.http.conn.ssl.SSLConnectionSocketFactory -  negotiated cipher suite: TLS_AES_256_GCM_SHA384
00:43:35.628 [ForkJoinPool-1-worker-5] DEBUG org.apache.http.conn.ssl.SSLConnectionSocketFactory -  peer principal: CN=api-ssl.bitly.com, O="Bitly, Inc.", L=New York, ST=New York, C=US, SERIALNUMBER=4627013, OID.1.3.6.1.4.1.311.60.2.1.2=Delaware, OID.1.3.6.1.4.1.311.60.2.1.3=US, OID.2.5.4.15=Private Organization
00:43:35.628 [ForkJoinPool-1-worker-7] DEBUG org.apache.http.conn.ssl.SSLConnectionSocketFactory -  peer principal: CN=api-ssl.bitly.com, O="Bitly, Inc.", L=New York, ST=New York, C=US, SERIALNUMBER=4627013, OID.1.3.6.1.4.1.311.60.2.1.2=Delaware, OID.1.3.6.1.4.1.311.60.2.1.3=US, OID.2.5.4.15=Private Organization
00:43:35.629 [ForkJoinPool-1-worker-5] DEBUG org.apache.http.conn.ssl.SSLConnectionSocketFactory -  peer alternative names: [api-ssl.bitly.com]
00:43:35.629 [ForkJoinPool-1-worker-7] DEBUG org.apache.http.conn.ssl.SSLConnectionSocketFactory -  peer alternative names: [api-ssl.bitly.com]
00:43:35.628 [ForkJoinPool-1-worker-11] DEBUG org.apache.http.conn.ssl.SSLConnectionSocketFactory -  peer alternative names: [api-ssl.bitly.com]
00:43:35.628 [ForkJoinPool-1-worker-9] DEBUG org.apache.http.conn.ssl.SSLConnectionSocketFactory -  peer principal: CN=api-ssl.bitly.com, O="Bitly, Inc.", L=New York, ST=New York, C=US, SERIALNUMBER=4627013, OID.1.3.6.1.4.1.311.60.2.1.2=Delaware, OID.1.3.6.1.4.1.311.60.2.1.3=US, OID.2.5.4.15=Private Organization
00:43:35.629 [ForkJoinPool-1-worker-11] DEBUG org.apache.http.conn.ssl.SSLConnectionSocketFactory -  issuer principal: CN=DigiCert SHA2 Extended Validation Server CA, OU=www.digicert.com, O=DigiCert Inc, C=US
00:43:35.629 [ForkJoinPool-1-worker-9] DEBUG org.apache.http.conn.ssl.SSLConnectionSocketFactory -  peer alternative names: [api-ssl.bitly.com]
00:43:35.629 [ForkJoinPool-1-worker-5] DEBUG org.apache.http.conn.ssl.SSLConnectionSocketFactory -  issuer principal: CN=DigiCert SHA2 Extended Validation Server CA, OU=www.digicert.com, O=DigiCert Inc, C=US
00:43:35.629 [ForkJoinPool-1-worker-9] DEBUG org.apache.http.conn.ssl.SSLConnectionSocketFactory -  issuer principal: CN=DigiCert SHA2 Extended Validation Server CA, OU=www.digicert.com, O=DigiCert Inc, C=US
00:43:35.629 [ForkJoinPool-1-worker-7] DEBUG org.apache.http.conn.ssl.SSLConnectionSocketFactory -  issuer principal: CN=DigiCert SHA2 Extended Validation Server CA, OU=www.digicert.com, O=DigiCert Inc, C=US
00:43:35.631 [ForkJoinPool-1-worker-7] DEBUG org.apache.http.impl.conn.DefaultHttpClientConnectionOperator - Connection established 192.168.1.38:56010<->67.199.248.21:443
00:43:35.631 [ForkJoinPool-1-worker-3] DEBUG org.apache.http.impl.conn.DefaultHttpClientConnectionOperator - Connection established 192.168.1.38:56011<->67.199.248.21:443
00:43:35.631 [ForkJoinPool-1-worker-5] DEBUG org.apache.http.impl.conn.DefaultHttpClientConnectionOperator - Connection established 192.168.1.38:56009<->67.199.248.21:443
00:43:35.631 [ForkJoinPool-1-worker-11] DEBUG org.apache.http.impl.conn.DefaultHttpClientConnectionOperator - Connection established 192.168.1.38:56008<->67.199.248.21:443
00:43:35.631 [ForkJoinPool-1-worker-9] DEBUG org.apache.http.impl.conn.DefaultHttpClientConnectionOperator - Connection established 192.168.1.38:56012<->67.199.248.21:443
00:43:35.631 [ForkJoinPool-1-worker-7] DEBUG org.apache.http.impl.conn.DefaultManagedHttpClientConnection - http-outgoing-3: set socket timeout to 3000
00:43:35.631 [ForkJoinPool-1-worker-3] DEBUG org.apache.http.impl.conn.DefaultManagedHttpClientConnection - http-outgoing-1: set socket timeout to 3000
00:43:35.631 [ForkJoinPool-1-worker-5] DEBUG org.apache.http.impl.conn.DefaultManagedHttpClientConnection - http-outgoing-0: set socket timeout to 3000
00:43:35.631 [ForkJoinPool-1-worker-11] DEBUG org.apache.http.impl.conn.DefaultManagedHttpClientConnection - http-outgoing-2: set socket timeout to 3000
00:43:35.631 [ForkJoinPool-1-worker-9] DEBUG org.apache.http.impl.conn.DefaultManagedHttpClientConnection - http-outgoing-4: set socket timeout to 3000
00:43:35.631 [ForkJoinPool-1-worker-7] DEBUG org.apache.http.impl.execchain.MainClientExec - Executing request GET /v4/groups/Bl39i27Ji5U/bitlinks HTTP/1.1
00:43:35.632 [ForkJoinPool-1-worker-9] DEBUG org.apache.http.impl.execchain.MainClientExec - Executing request POST /v4/bitlinks HTTP/1.1
00:43:35.632 [ForkJoinPool-1-worker-7] DEBUG org.apache.http.impl.execchain.MainClientExec - Proxy auth state: UNCHALLENGED
00:43:35.631 [ForkJoinPool-1-worker-3] DEBUG org.apache.http.impl.execchain.MainClientExec - Executing request GET /v4/groups/Bl39i27Ji5U/bitlinks/clicks HTTP/1.1
00:43:35.631 [ForkJoinPool-1-worker-5] DEBUG org.apache.http.impl.execchain.MainClientExec - Executing request GET /v4/groups HTTP/1.1
00:43:35.631 [ForkJoinPool-1-worker-11] DEBUG org.apache.http.impl.execchain.MainClientExec - Executing request GET /v4/groups/Bl39i27Ji5U/bitlinks HTTP/1.1
00:43:35.632 [ForkJoinPool-1-worker-11] DEBUG org.apache.http.impl.execchain.MainClientExec - Proxy auth state: UNCHALLENGED
00:43:35.632 [ForkJoinPool-1-worker-9] DEBUG org.apache.http.impl.execchain.MainClientExec - Proxy auth state: UNCHALLENGED
00:43:35.632 [ForkJoinPool-1-worker-3] DEBUG org.apache.http.impl.execchain.MainClientExec - Proxy auth state: UNCHALLENGED
00:43:35.632 [ForkJoinPool-1-worker-5] DEBUG org.apache.http.impl.execchain.MainClientExec - Proxy auth state: UNCHALLENGED
00:43:35.632 [ForkJoinPool-1-worker-7] DEBUG org.apache.http.headers - http-outgoing-3 >> GET /v4/groups/Bl39i27Ji5U/bitlinks HTTP/1.1
00:43:35.632 [ForkJoinPool-1-worker-3] DEBUG org.apache.http.headers - http-outgoing-1 >> GET /v4/groups/Bl39i27Ji5U/bitlinks/clicks HTTP/1.1
00:43:35.633 [ForkJoinPool-1-worker-3] DEBUG org.apache.http.headers - http-outgoing-1 >> Content-Type: application/json
00:43:35.633 [ForkJoinPool-1-worker-7] DEBUG org.apache.http.headers - http-outgoing-3 >> Content-Type: application/json
00:43:35.633 [ForkJoinPool-1-worker-11] DEBUG org.apache.http.headers - http-outgoing-2 >> GET /v4/groups/Bl39i27Ji5U/bitlinks HTTP/1.1
00:43:35.633 [ForkJoinPool-1-worker-5] DEBUG org.apache.http.headers - http-outgoing-0 >> GET /v4/groups HTTP/1.1
00:43:35.633 [ForkJoinPool-1-worker-5] DEBUG org.apache.http.headers - http-outgoing-0 >> Content-Type: application/json
00:43:35.633 [ForkJoinPool-1-worker-9] DEBUG org.apache.http.headers - http-outgoing-4 >> POST /v4/bitlinks HTTP/1.1
00:43:35.633 [ForkJoinPool-1-worker-3] DEBUG org.apache.http.headers - http-outgoing-1 >> Authorization: Bearer 48a7fe60034be1eb264102c122d31ea48f4ef04e
00:43:35.633 [ForkJoinPool-1-worker-7] DEBUG org.apache.http.headers - http-outgoing-3 >> Authorization: Bearer 48a7fe60034be1eb264102c122d31ea48f4ef04e
00:43:35.633 [ForkJoinPool-1-worker-11] DEBUG org.apache.http.headers - http-outgoing-2 >> Content-Type: application/json
00:43:35.633 [ForkJoinPool-1-worker-5] DEBUG org.apache.http.headers - http-outgoing-0 >> Authorization: Bearer 48a7fe60034be1eb264102c122d31ea48f4ef04e
00:43:35.633 [ForkJoinPool-1-worker-9] DEBUG org.apache.http.headers - http-outgoing-4 >> Content-Type: application/json
00:43:35.633 [ForkJoinPool-1-worker-3] DEBUG org.apache.http.headers - http-outgoing-1 >> Accept: */*
00:43:35.633 [ForkJoinPool-1-worker-9] DEBUG org.apache.http.headers - http-outgoing-4 >> Authorization: Bearer 48a7fe60034be1eb264102c122d31ea48f4ef04e
00:43:35.633 [ForkJoinPool-1-worker-7] DEBUG org.apache.http.headers - http-outgoing-3 >> Accept: */*
00:43:35.633 [ForkJoinPool-1-worker-9] DEBUG org.apache.http.headers - http-outgoing-4 >> Accept: */*
00:43:35.633 [ForkJoinPool-1-worker-11] DEBUG org.apache.http.headers - http-outgoing-2 >> Authorization: Bearer 48a7fe60034be1eb264102c122d31ea48f4ef04e
00:43:35.633 [ForkJoinPool-1-worker-5] DEBUG org.apache.http.headers - http-outgoing-0 >> Accept: */*
00:43:35.633 [ForkJoinPool-1-worker-5] DEBUG org.apache.http.headers - http-outgoing-0 >> Host: api-ssl.bitly.com
00:43:35.633 [ForkJoinPool-1-worker-3] DEBUG org.apache.http.headers - http-outgoing-1 >> Host: api-ssl.bitly.com
00:43:35.633 [ForkJoinPool-1-worker-7] DEBUG org.apache.http.headers - http-outgoing-3 >> Host: api-ssl.bitly.com
00:43:35.633 [ForkJoinPool-1-worker-9] DEBUG org.apache.http.headers - http-outgoing-4 >> Content-Length: 98
00:43:35.633 [ForkJoinPool-1-worker-11] DEBUG org.apache.http.headers - http-outgoing-2 >> Accept: */*
00:43:35.633 [ForkJoinPool-1-worker-5] DEBUG org.apache.http.headers - http-outgoing-0 >> Connection: Keep-Alive
00:43:35.634 [ForkJoinPool-1-worker-3] DEBUG org.apache.http.headers - http-outgoing-1 >> Connection: Keep-Alive
00:43:35.634 [ForkJoinPool-1-worker-7] DEBUG org.apache.http.headers - http-outgoing-3 >> Connection: Keep-Alive
00:43:35.634 [ForkJoinPool-1-worker-9] DEBUG org.apache.http.headers - http-outgoing-4 >> Host: api-ssl.bitly.com
00:43:35.634 [ForkJoinPool-1-worker-9] DEBUG org.apache.http.headers - http-outgoing-4 >> Connection: Keep-Alive
00:43:35.634 [ForkJoinPool-1-worker-11] DEBUG org.apache.http.headers - http-outgoing-2 >> Host: api-ssl.bitly.com
00:43:35.634 [ForkJoinPool-1-worker-5] DEBUG org.apache.http.headers - http-outgoing-0 >> User-Agent: Apache-HttpClient/4.5.12 (Java/14.0.2)
00:43:35.634 [ForkJoinPool-1-worker-3] DEBUG org.apache.http.headers - http-outgoing-1 >> User-Agent: Apache-HttpClient/4.5.12 (Java/14.0.2)
00:43:35.634 [ForkJoinPool-1-worker-7] DEBUG org.apache.http.headers - http-outgoing-3 >> User-Agent: Apache-HttpClient/4.5.12 (Java/14.0.2)
00:43:35.634 [ForkJoinPool-1-worker-9] DEBUG org.apache.http.headers - http-outgoing-4 >> User-Agent: Apache-HttpClient/4.5.12 (Java/14.0.2)
00:43:35.634 [ForkJoinPool-1-worker-11] DEBUG org.apache.http.headers - http-outgoing-2 >> Connection: Keep-Alive
00:43:35.634 [ForkJoinPool-1-worker-5] DEBUG org.apache.http.headers - http-outgoing-0 >> Accept-Encoding: gzip,deflate
00:43:35.634 [ForkJoinPool-1-worker-3] DEBUG org.apache.http.headers - http-outgoing-1 >> Accept-Encoding: gzip,deflate
00:43:35.634 [ForkJoinPool-1-worker-7] DEBUG org.apache.http.headers - http-outgoing-3 >> Accept-Encoding: gzip,deflate
00:43:35.634 [ForkJoinPool-1-worker-9] DEBUG org.apache.http.headers - http-outgoing-4 >> Accept-Encoding: gzip,deflate
00:43:35.634 [ForkJoinPool-1-worker-11] DEBUG org.apache.http.headers - http-outgoing-2 >> User-Agent: Apache-HttpClient/4.5.12 (Java/14.0.2)
00:43:35.634 [ForkJoinPool-1-worker-5] DEBUG org.apache.http.wire - http-outgoing-0 >> "GET /v4/groups HTTP/1.1[\r][\n]"
00:43:35.634 [ForkJoinPool-1-worker-3] DEBUG org.apache.http.wire - http-outgoing-1 >> "GET /v4/groups/Bl39i27Ji5U/bitlinks/clicks HTTP/1.1[\r][\n]"
00:43:35.634 [ForkJoinPool-1-worker-7] DEBUG org.apache.http.wire - http-outgoing-3 >> "GET /v4/groups/Bl39i27Ji5U/bitlinks HTTP/1.1[\r][\n]"
00:43:35.635 [ForkJoinPool-1-worker-11] DEBUG org.apache.http.headers - http-outgoing-2 >> Accept-Encoding: gzip,deflate
00:43:35.635 [ForkJoinPool-1-worker-5] DEBUG org.apache.http.wire - http-outgoing-0 >> "Content-Type: application/json[\r][\n]"
00:43:35.635 [ForkJoinPool-1-worker-3] DEBUG org.apache.http.wire - http-outgoing-1 >> "Content-Type: application/json[\r][\n]"
00:43:35.635 [ForkJoinPool-1-worker-9] DEBUG org.apache.http.wire - http-outgoing-4 >> "POST /v4/bitlinks HTTP/1.1[\r][\n]"
00:43:35.635 [ForkJoinPool-1-worker-7] DEBUG org.apache.http.wire - http-outgoing-3 >> "Content-Type: application/json[\r][\n]"
00:43:35.635 [ForkJoinPool-1-worker-11] DEBUG org.apache.http.wire - http-outgoing-2 >> "GET /v4/groups/Bl39i27Ji5U/bitlinks HTTP/1.1[\r][\n]"
00:43:35.635 [ForkJoinPool-1-worker-5] DEBUG org.apache.http.wire - http-outgoing-0 >> "Authorization: Bearer 48a7fe60034be1eb264102c122d31ea48f4ef04e[\r][\n]"
00:43:35.635 [ForkJoinPool-1-worker-3] DEBUG org.apache.http.wire - http-outgoing-1 >> "Authorization: Bearer 48a7fe60034be1eb264102c122d31ea48f4ef04e[\r][\n]"
00:43:35.635 [ForkJoinPool-1-worker-3] DEBUG org.apache.http.wire - http-outgoing-1 >> "Accept: */*[\r][\n]"
00:43:35.635 [ForkJoinPool-1-worker-3] DEBUG org.apache.http.wire - http-outgoing-1 >> "Host: api-ssl.bitly.com[\r][\n]"
00:43:35.635 [ForkJoinPool-1-worker-9] DEBUG org.apache.http.wire - http-outgoing-4 >> "Content-Type: application/json[\r][\n]"
00:43:35.635 [ForkJoinPool-1-worker-7] DEBUG org.apache.http.wire - http-outgoing-3 >> "Authorization: Bearer 48a7fe60034be1eb264102c122d31ea48f4ef04e[\r][\n]"
00:43:35.635 [ForkJoinPool-1-worker-11] DEBUG org.apache.http.wire - http-outgoing-2 >> "Content-Type: application/json[\r][\n]"
00:43:35.635 [ForkJoinPool-1-worker-5] DEBUG org.apache.http.wire - http-outgoing-0 >> "Accept: */*[\r][\n]"
00:43:35.635 [ForkJoinPool-1-worker-3] DEBUG org.apache.http.wire - http-outgoing-1 >> "Connection: Keep-Alive[\r][\n]"
00:43:35.635 [ForkJoinPool-1-worker-9] DEBUG org.apache.http.wire - http-outgoing-4 >> "Authorization: Bearer 48a7fe60034be1eb264102c122d31ea48f4ef04e[\r][\n]"
00:43:35.635 [ForkJoinPool-1-worker-7] DEBUG org.apache.http.wire - http-outgoing-3 >> "Accept: */*[\r][\n]"
00:43:35.635 [ForkJoinPool-1-worker-11] DEBUG org.apache.http.wire - http-outgoing-2 >> "Authorization: Bearer 48a7fe60034be1eb264102c122d31ea48f4ef04e[\r][\n]"
00:43:35.635 [ForkJoinPool-1-worker-5] DEBUG org.apache.http.wire - http-outgoing-0 >> "Host: api-ssl.bitly.com[\r][\n]"
00:43:35.635 [ForkJoinPool-1-worker-3] DEBUG org.apache.http.wire - http-outgoing-1 >> "User-Agent: Apache-HttpClient/4.5.12 (Java/14.0.2)[\r][\n]"
00:43:35.636 [ForkJoinPool-1-worker-9] DEBUG org.apache.http.wire - http-outgoing-4 >> "Accept: */*[\r][\n]"
00:43:35.636 [ForkJoinPool-1-worker-7] DEBUG org.apache.http.wire - http-outgoing-3 >> "Host: api-ssl.bitly.com[\r][\n]"
00:43:35.636 [ForkJoinPool-1-worker-11] DEBUG org.apache.http.wire - http-outgoing-2 >> "Accept: */*[\r][\n]"
00:43:35.636 [ForkJoinPool-1-worker-5] DEBUG org.apache.http.wire - http-outgoing-0 >> "Connection: Keep-Alive[\r][\n]"
00:43:35.636 [ForkJoinPool-1-worker-3] DEBUG org.apache.http.wire - http-outgoing-1 >> "Accept-Encoding: gzip,deflate[\r][\n]"
00:43:35.636 [ForkJoinPool-1-worker-9] DEBUG org.apache.http.wire - http-outgoing-4 >> "Content-Length: 98[\r][\n]"
00:43:35.636 [ForkJoinPool-1-worker-7] DEBUG org.apache.http.wire - http-outgoing-3 >> "Connection: Keep-Alive[\r][\n]"
00:43:35.636 [ForkJoinPool-1-worker-7] DEBUG org.apache.http.wire - http-outgoing-3 >> "User-Agent: Apache-HttpClient/4.5.12 (Java/14.0.2)[\r][\n]"
00:43:35.636 [ForkJoinPool-1-worker-11] DEBUG org.apache.http.wire - http-outgoing-2 >> "Host: api-ssl.bitly.com[\r][\n]"
00:43:35.636 [ForkJoinPool-1-worker-5] DEBUG org.apache.http.wire - http-outgoing-0 >> "User-Agent: Apache-HttpClient/4.5.12 (Java/14.0.2)[\r][\n]"
00:43:35.636 [ForkJoinPool-1-worker-3] DEBUG org.apache.http.wire - http-outgoing-1 >> "[\r][\n]"
00:43:35.636 [ForkJoinPool-1-worker-9] DEBUG org.apache.http.wire - http-outgoing-4 >> "Host: api-ssl.bitly.com[\r][\n]"
00:43:35.636 [ForkJoinPool-1-worker-7] DEBUG org.apache.http.wire - http-outgoing-3 >> "Accept-Encoding: gzip,deflate[\r][\n]"
00:43:35.636 [ForkJoinPool-1-worker-11] DEBUG org.apache.http.wire - http-outgoing-2 >> "Connection: Keep-Alive[\r][\n]"
00:43:35.636 [ForkJoinPool-1-worker-5] DEBUG org.apache.http.wire - http-outgoing-0 >> "Accept-Encoding: gzip,deflate[\r][\n]"
00:43:35.636 [ForkJoinPool-1-worker-9] DEBUG org.apache.http.wire - http-outgoing-4 >> "Connection: Keep-Alive[\r][\n]"
00:43:35.636 [ForkJoinPool-1-worker-7] DEBUG org.apache.http.wire - http-outgoing-3 >> "[\r][\n]"
00:43:35.636 [ForkJoinPool-1-worker-11] DEBUG org.apache.http.wire - http-outgoing-2 >> "User-Agent: Apache-HttpClient/4.5.12 (Java/14.0.2)[\r][\n]"
00:43:35.636 [ForkJoinPool-1-worker-5] DEBUG org.apache.http.wire - http-outgoing-0 >> "[\r][\n]"
00:43:35.637 [ForkJoinPool-1-worker-9] DEBUG org.apache.http.wire - http-outgoing-4 >> "User-Agent: Apache-HttpClient/4.5.12 (Java/14.0.2)[\r][\n]"
00:43:35.637 [ForkJoinPool-1-worker-11] DEBUG org.apache.http.wire - http-outgoing-2 >> "Accept-Encoding: gzip,deflate[\r][\n]"
00:43:35.637 [ForkJoinPool-1-worker-9] DEBUG org.apache.http.wire - http-outgoing-4 >> "Accept-Encoding: gzip,deflate[\r][\n]"
00:43:35.637 [ForkJoinPool-1-worker-11] DEBUG org.apache.http.wire - http-outgoing-2 >> "[\r][\n]"
00:43:35.637 [ForkJoinPool-1-worker-9] DEBUG org.apache.http.wire - http-outgoing-4 >> "[\r][\n]"
00:43:35.637 [ForkJoinPool-1-worker-9] DEBUG org.apache.http.wire - http-outgoing-4 >> "{"long_url":"https://www.bbc.co.ken/","domain":"bit.ly","group_guid":"Bl39i27Ji5U","title":"test"}"
00:43:35.748 [ForkJoinPool-1-worker-5] DEBUG org.apache.http.wire - http-outgoing-0 << "HTTP/1.1 200 OK[\r][\n]"
00:43:35.748 [ForkJoinPool-1-worker-5] DEBUG org.apache.http.wire - http-outgoing-0 << "Server: nginx[\r][\n]"
00:43:35.749 [ForkJoinPool-1-worker-5] DEBUG org.apache.http.wire - http-outgoing-0 << "Date: Fri, 12 Mar 2021 00:43:35 GMT[\r][\n]"
00:43:35.749 [ForkJoinPool-1-worker-5] DEBUG org.apache.http.wire - http-outgoing-0 << "Content-Type: application/json[\r][\n]"
00:43:35.749 [ForkJoinPool-1-worker-5] DEBUG org.apache.http.wire - http-outgoing-0 << "Content-Length: 300[\r][\n]"
00:43:35.749 [ForkJoinPool-1-worker-5] DEBUG org.apache.http.wire - http-outgoing-0 << "Strict-Transport-Security: max-age=31536000; includeSubDomains[\r][\n]"
00:43:35.749 [ForkJoinPool-1-worker-5] DEBUG org.apache.http.wire - http-outgoing-0 << "X-XSS-Protection: 1; mode=blockFilter[\r][\n]"
00:43:35.749 [ForkJoinPool-1-worker-5] DEBUG org.apache.http.wire - http-outgoing-0 << "X-Content-Type-Options: nosniff[\r][\n]"
00:43:35.749 [ForkJoinPool-1-worker-5] DEBUG org.apache.http.wire - http-outgoing-0 << "X-Frame-Options: DENY[\r][\n]"
00:43:35.749 [ForkJoinPool-1-worker-5] DEBUG org.apache.http.wire - http-outgoing-0 << "Content-Security-Policy: default-src 'none[\r][\n]"
00:43:35.749 [ForkJoinPool-1-worker-5] DEBUG org.apache.http.wire - http-outgoing-0 << "Via: 1.1 google[\r][\n]"
00:43:35.749 [ForkJoinPool-1-worker-5] DEBUG org.apache.http.wire - http-outgoing-0 << "Alt-Svc: clear[\r][\n]"
00:43:35.749 [ForkJoinPool-1-worker-5] DEBUG org.apache.http.wire - http-outgoing-0 << "[\r][\n]"
00:43:35.749 [ForkJoinPool-1-worker-5] DEBUG org.apache.http.wire - http-outgoing-0 << "{"groups":[{"created":"2021-03-09T18:00:50+0000","modified":"2021-03-09T18:00:50+0000","bsds":[],"guid":"Bl39i27Ji5U","organization_guid":"Ol39iJl8uVl","name":"bharathamanik","is_active":true,"role":"org-admin","references":{"organization":"https://api-ssl.bitly.com/v4/organizations/Ol39iJl8uVl"}}]}"
00:43:35.751 [ForkJoinPool-1-worker-3] DEBUG org.apache.http.wire - http-outgoing-1 << "HTTP/1.1 200 OK[\r][\n]"
00:43:35.751 [ForkJoinPool-1-worker-3] DEBUG org.apache.http.wire - http-outgoing-1 << "Server: nginx[\r][\n]"
00:43:35.751 [ForkJoinPool-1-worker-5] DEBUG org.apache.http.headers - http-outgoing-0 << HTTP/1.1 200 OK
00:43:35.751 [ForkJoinPool-1-worker-3] DEBUG org.apache.http.wire - http-outgoing-1 << "Date: Fri, 12 Mar 2021 00:43:35 GMT[\r][\n]"
00:43:35.751 [ForkJoinPool-1-worker-5] DEBUG org.apache.http.headers - http-outgoing-0 << Server: nginx
00:43:35.751 [ForkJoinPool-1-worker-3] DEBUG org.apache.http.wire - http-outgoing-1 << "Content-Type: application/json[\r][\n]"
00:43:35.751 [ForkJoinPool-1-worker-5] DEBUG org.apache.http.headers - http-outgoing-0 << Date: Fri, 12 Mar 2021 00:43:35 GMT
00:43:35.751 [ForkJoinPool-1-worker-3] DEBUG org.apache.http.wire - http-outgoing-1 << "Content-Length: 1285[\r][\n]"
00:43:35.751 [ForkJoinPool-1-worker-5] DEBUG org.apache.http.headers - http-outgoing-0 << Content-Type: application/json
00:43:35.751 [ForkJoinPool-1-worker-3] DEBUG org.apache.http.wire - http-outgoing-1 << "Strict-Transport-Security: max-age=31536000; includeSubDomains[\r][\n]"
00:43:35.751 [ForkJoinPool-1-worker-5] DEBUG org.apache.http.headers - http-outgoing-0 << Content-Length: 300
00:43:35.751 [ForkJoinPool-1-worker-3] DEBUG org.apache.http.wire - http-outgoing-1 << "X-XSS-Protection: 1; mode=blockFilter[\r][\n]"
00:43:35.751 [ForkJoinPool-1-worker-5] DEBUG org.apache.http.headers - http-outgoing-0 << Strict-Transport-Security: max-age=31536000; includeSubDomains
00:43:35.751 [ForkJoinPool-1-worker-3] DEBUG org.apache.http.wire - http-outgoing-1 << "X-Content-Type-Options: nosniff[\r][\n]"
00:43:35.752 [ForkJoinPool-1-worker-5] DEBUG org.apache.http.headers - http-outgoing-0 << X-XSS-Protection: 1; mode=blockFilter
00:43:35.752 [ForkJoinPool-1-worker-3] DEBUG org.apache.http.wire - http-outgoing-1 << "X-Frame-Options: DENY[\r][\n]"
00:43:35.752 [ForkJoinPool-1-worker-5] DEBUG org.apache.http.headers - http-outgoing-0 << X-Content-Type-Options: nosniff
00:43:35.752 [ForkJoinPool-1-worker-3] DEBUG org.apache.http.wire - http-outgoing-1 << "Content-Security-Policy: default-src 'none[\r][\n]"
00:43:35.752 [ForkJoinPool-1-worker-5] DEBUG org.apache.http.headers - http-outgoing-0 << X-Frame-Options: DENY
00:43:35.752 [ForkJoinPool-1-worker-3] DEBUG org.apache.http.wire - http-outgoing-1 << "Via: 1.1 google[\r][\n]"
00:43:35.752 [ForkJoinPool-1-worker-5] DEBUG org.apache.http.headers - http-outgoing-0 << Content-Security-Policy: default-src 'none
00:43:35.752 [ForkJoinPool-1-worker-3] DEBUG org.apache.http.wire - http-outgoing-1 << "Alt-Svc: clear[\r][\n]"
00:43:35.752 [ForkJoinPool-1-worker-5] DEBUG org.apache.http.headers - http-outgoing-0 << Via: 1.1 google
00:43:35.752 [ForkJoinPool-1-worker-3] DEBUG org.apache.http.wire - http-outgoing-1 << "[\r][\n]"
00:43:35.752 [ForkJoinPool-1-worker-5] DEBUG org.apache.http.headers - http-outgoing-0 << Alt-Svc: clear
00:43:35.752 [ForkJoinPool-1-worker-3] DEBUG org.apache.http.wire - http-outgoing-1 << "{"links":[{"created_at":"2021-03-09T18:04:53+0000","id":"bit.ly/38lg8Gk","link":"https://bit.ly/38lg8Gk","custom_bitlinks":[],"long_url":"http://admin.com/","title":"UNIX and Linux System Administration Handbook, Fifth Edtion","archived":false,"created_by":"bharathamanik","client_id":"ece654beaf35f9c29f610ffd4fb128702b4bad15","tags":["Test_Tag"],"deeplinks":[],"references":{"group":"https://api-ssl.bitly.com/v4/groups/Bl39i27Ji5U"}},{"created_at":"2021-03-09T18:04:14+0000","id":"bit.ly/2ODsGly","link":"https://bit.ly/2ODsGly","custom_bitlinks":[],"long_url":"https://www.google.com/","title":"Google share","archived":false,"created_by":"bharathamanik","client_id":"ece654beaf35f9c29f610ffd4fb128702b4bad15","tags":[],"deeplinks":[],"references":{"group":"https://api-ssl.bitly.com/v4/groups/Bl39i27Ji5U"}},{"created_at":"2021-03-09T18:03:30+0000","id":"bit.ly/3bvcBqO","link":"https://bit.ly/3bvcBqO","custom_bitlinks":[],"long_url":"http://karthik.com/","archived":false,"created_by":"bharathamanik","client_id":"ece654beaf35f9"
00:43:35.753 [ForkJoinPool-1-worker-3] DEBUG org.apache.http.headers - http-outgoing-1 << HTTP/1.1 200 OK
00:43:35.753 [ForkJoinPool-1-worker-3] DEBUG org.apache.http.headers - http-outgoing-1 << Server: nginx
00:43:35.753 [ForkJoinPool-1-worker-3] DEBUG org.apache.http.headers - http-outgoing-1 << Date: Fri, 12 Mar 2021 00:43:35 GMT
00:43:35.753 [ForkJoinPool-1-worker-3] DEBUG org.apache.http.headers - http-outgoing-1 << Content-Type: application/json
00:43:35.753 [ForkJoinPool-1-worker-3] DEBUG org.apache.http.headers - http-outgoing-1 << Content-Length: 1285
00:43:35.753 [ForkJoinPool-1-worker-3] DEBUG org.apache.http.headers - http-outgoing-1 << Strict-Transport-Security: max-age=31536000; includeSubDomains
00:43:35.753 [ForkJoinPool-1-worker-3] DEBUG org.apache.http.headers - http-outgoing-1 << X-XSS-Protection: 1; mode=blockFilter
00:43:35.753 [ForkJoinPool-1-worker-3] DEBUG org.apache.http.headers - http-outgoing-1 << X-Content-Type-Options: nosniff
00:43:35.753 [ForkJoinPool-1-worker-3] DEBUG org.apache.http.headers - http-outgoing-1 << X-Frame-Options: DENY
00:43:35.753 [ForkJoinPool-1-worker-3] DEBUG org.apache.http.headers - http-outgoing-1 << Content-Security-Policy: default-src 'none
00:43:35.753 [ForkJoinPool-1-worker-3] DEBUG org.apache.http.headers - http-outgoing-1 << Via: 1.1 google
00:43:35.753 [ForkJoinPool-1-worker-3] DEBUG org.apache.http.headers - http-outgoing-1 << Alt-Svc: clear
00:43:35.755 [ForkJoinPool-1-worker-5] DEBUG org.apache.http.impl.execchain.MainClientExec - Connection can be kept alive indefinitely
00:43:35.755 [ForkJoinPool-1-worker-3] DEBUG org.apache.http.impl.execchain.MainClientExec - Connection can be kept alive indefinitely
00:43:35.758 [ForkJoinPool-1-worker-5] DEBUG org.apache.http.impl.conn.PoolingHttpClientConnectionManager - Connection [id: 1][route: {s}->https://api-ssl.bitly.com:443] can be kept alive indefinitely
00:43:35.758 [ForkJoinPool-1-worker-5] DEBUG org.apache.http.impl.conn.DefaultManagedHttpClientConnection - http-outgoing-0: set socket timeout to 0
00:43:35.758 [ForkJoinPool-1-worker-3] DEBUG org.apache.http.wire - http-outgoing-1 << "c29f610ffd4fb128702b4bad15","tags":[],"deeplinks":[],"references":{"group":"https://api-ssl.bitly.com/v4/groups/Bl39i27Ji5U"}}],"sorted_links":[{"id":"bit.ly/2ODsGly","clicks":2},{"id":"bit.ly/3bvcBqO","clicks":1},{"id":"bit.ly/38lg8Gk","clicks":1}]}"
00:43:35.758 [ForkJoinPool-1-worker-5] DEBUG org.apache.http.impl.conn.PoolingHttpClientConnectionManager - Connection released: [id: 1][route: {s}->https://api-ssl.bitly.com:443][total available: 1; route allocated: 1 of 5; total allocated: 1 of 10]
00:43:35.758 [ForkJoinPool-1-worker-3] DEBUG org.apache.http.impl.conn.PoolingHttpClientConnectionManager - Connection [id: 3][route: {s}->https://api-ssl.bitly.com:443] can be kept alive indefinitely
00:43:35.758 [ForkJoinPool-1-worker-3] DEBUG org.apache.http.impl.conn.DefaultManagedHttpClientConnection - http-outgoing-1: set socket timeout to 0
00:43:35.758 [ForkJoinPool-1-worker-5] DEBUG com.intuit.karate - response time in milliseconds: 381.83
1 < 200
1 < Alt-Svc: clear
1 < Content-Length: 300
1 < Content-Security-Policy: default-src 'none
1 < Content-Type: application/json
1 < Date: Fri, 12 Mar 2021 00:43:35 GMT
1 < Server: nginx
1 < Strict-Transport-Security: max-age=31536000; includeSubDomains
1 < Via: 1.1 google
1 < X-Content-Type-Options: nosniff
1 < X-Frame-Options: DENY
1 < X-XSS-Protection: 1; mode=blockFilter
{"groups":[{"created":"2021-03-09T18:00:50+0000","modified":"2021-03-09T18:00:50+0000","bsds":[],"guid":"Bl39i27Ji5U","organization_guid":"Ol39iJl8uVl","name":"bharathamanik","is_active":true,"role":"org-admin","references":{"organization":"https://api-ssl.bitly.com/v4/organizations/Ol39iJl8uVl"}}]}

00:43:35.758 [ForkJoinPool-1-worker-3] DEBUG org.apache.http.impl.conn.PoolingHttpClientConnectionManager - Connection released: [id: 3][route: {s}->https://api-ssl.bitly.com:443][total available: 1; route allocated: 1 of 5; total allocated: 1 of 10]
00:43:35.758 [ForkJoinPool-1-worker-3] DEBUG com.intuit.karate - response time in milliseconds: 382.28
1 < 200
1 < Alt-Svc: clear
1 < Content-Length: 1285
1 < Content-Security-Policy: default-src 'none
1 < Content-Type: application/json
1 < Date: Fri, 12 Mar 2021 00:43:35 GMT
1 < Server: nginx
1 < Strict-Transport-Security: max-age=31536000; includeSubDomains
1 < Via: 1.1 google
1 < X-Content-Type-Options: nosniff
1 < X-Frame-Options: DENY
1 < X-XSS-Protection: 1; mode=blockFilter
{"links":[{"created_at":"2021-03-09T18:04:53+0000","id":"bit.ly/38lg8Gk","link":"https://bit.ly/38lg8Gk","custom_bitlinks":[],"long_url":"http://admin.com/","title":"UNIX and Linux System Administration Handbook, Fifth Edtion","archived":false,"created_by":"bharathamanik","client_id":"ece654beaf35f9c29f610ffd4fb128702b4bad15","tags":["Test_Tag"],"deeplinks":[],"references":{"group":"https://api-ssl.bitly.com/v4/groups/Bl39i27Ji5U"}},{"created_at":"2021-03-09T18:04:14+0000","id":"bit.ly/2ODsGly","link":"https://bit.ly/2ODsGly","custom_bitlinks":[],"long_url":"https://www.google.com/","title":"Google share","archived":false,"created_by":"bharathamanik","client_id":"ece654beaf35f9c29f610ffd4fb128702b4bad15","tags":[],"deeplinks":[],"references":{"group":"https://api-ssl.bitly.com/v4/groups/Bl39i27Ji5U"}},{"created_at":"2021-03-09T18:03:30+0000","id":"bit.ly/3bvcBqO","link":"https://bit.ly/3bvcBqO","custom_bitlinks":[],"long_url":"http://karthik.com/","archived":false,"created_by":"bharathamanik","client_id":"ece654beaf35f9c29f610ffd4fb128702b4bad15","tags":[],"deeplinks":[],"references":{"group":"https://api-ssl.bitly.com/v4/groups/Bl39i27Ji5U"}}],"sorted_links":[{"id":"bit.ly/2ODsGly","clicks":2},{"id":"bit.ly/3bvcBqO","clicks":1},{"id":"bit.ly/38lg8Gk","clicks":1}]}

00:43:35.761 [ForkJoinPool-1-worker-9] DEBUG org.apache.http.wire - http-outgoing-4 << "HTTP/1.1 200 OK[\r][\n]"
00:43:35.761 [ForkJoinPool-1-worker-9] DEBUG org.apache.http.wire - http-outgoing-4 << "Server: nginx[\r][\n]"
00:43:35.761 [ForkJoinPool-1-worker-3] DEBUG com.jayway.jsonpath.internal.path.CompiledPath - Evaluating path: $
00:43:35.761 [ForkJoinPool-1-worker-9] DEBUG org.apache.http.wire - http-outgoing-4 << "Date: Fri, 12 Mar 2021 00:43:35 GMT[\r][\n]"
00:43:35.761 [ForkJoinPool-1-worker-9] DEBUG org.apache.http.wire - http-outgoing-4 << "Content-Type: application/json[\r][\n]"
00:43:35.761 [ForkJoinPool-1-worker-9] DEBUG org.apache.http.wire - http-outgoing-4 << "Content-Length: 283[\r][\n]"
00:43:35.761 [ForkJoinPool-1-worker-9] DEBUG org.apache.http.wire - http-outgoing-4 << "Strict-Transport-Security: max-age=31536000; includeSubDomains[\r][\n]"
00:43:35.762 [ForkJoinPool-1-worker-9] DEBUG org.apache.http.wire - http-outgoing-4 << "X-XSS-Protection: 1; mode=blockFilter[\r][\n]"
00:43:35.762 [ForkJoinPool-1-worker-9] DEBUG org.apache.http.wire - http-outgoing-4 << "X-Content-Type-Options: nosniff[\r][\n]"
00:43:35.762 [ForkJoinPool-1-worker-9] DEBUG org.apache.http.wire - http-outgoing-4 << "X-Frame-Options: DENY[\r][\n]"
00:43:35.762 [ForkJoinPool-1-worker-9] DEBUG org.apache.http.wire - http-outgoing-4 << "Content-Security-Policy: default-src 'none[\r][\n]"
00:43:35.762 [ForkJoinPool-1-worker-9] DEBUG org.apache.http.wire - http-outgoing-4 << "Via: 1.1 google[\r][\n]"
00:43:35.762 [ForkJoinPool-1-worker-9] DEBUG org.apache.http.wire - http-outgoing-4 << "Alt-Svc: clear[\r][\n]"
00:43:35.762 [ForkJoinPool-1-worker-9] DEBUG org.apache.http.wire - http-outgoing-4 << "[\r][\n]"
00:43:35.762 [ForkJoinPool-1-worker-9] DEBUG org.apache.http.wire - http-outgoing-4 << "{"created_at":"2021-03-11T23:00:33+0000","id":"bit.ly/30zP8P7","link":"https://bit.ly/30zP8P7","custom_bitlinks":[],"long_url":"https://www.bbc.co.ken/","title":"test","archived":false,"tags":[],"deeplinks":[],"references":{"group":"https://api-ssl.bitly.com/v4/groups/Bl39i27Ji5U"}}"
00:43:35.762 [ForkJoinPool-1-worker-3] DEBUG com.jayway.jsonpath.internal.path.CompiledPath - Evaluating path: $['sorted_links']
00:43:35.762 [ForkJoinPool-1-worker-9] DEBUG org.apache.http.headers - http-outgoing-4 << HTTP/1.1 200 OK
00:43:35.762 [ForkJoinPool-1-worker-9] DEBUG org.apache.http.headers - http-outgoing-4 << Server: nginx
00:43:35.762 [ForkJoinPool-1-worker-9] DEBUG org.apache.http.headers - http-outgoing-4 << Date: Fri, 12 Mar 2021 00:43:35 GMT
00:43:35.762 [ForkJoinPool-1-worker-3] DEBUG com.jayway.jsonpath.internal.path.CompiledPath - Evaluating path: $
00:43:35.762 [ForkJoinPool-1-worker-9] DEBUG org.apache.http.headers - http-outgoing-4 << Content-Type: application/json
00:43:35.763 [ForkJoinPool-1-worker-9] DEBUG org.apache.http.headers - http-outgoing-4 << Content-Length: 283
00:43:35.763 [ForkJoinPool-1-worker-9] DEBUG org.apache.http.headers - http-outgoing-4 << Strict-Transport-Security: max-age=31536000; includeSubDomains
00:43:35.763 [ForkJoinPool-1-worker-9] DEBUG org.apache.http.headers - http-outgoing-4 << X-XSS-Protection: 1; mode=blockFilter
00:43:35.763 [ForkJoinPool-1-worker-9] DEBUG org.apache.http.headers - http-outgoing-4 << X-Content-Type-Options: nosniff
00:43:35.763 [ForkJoinPool-1-worker-9] DEBUG org.apache.http.headers - http-outgoing-4 << X-Frame-Options: DENY
00:43:35.763 [ForkJoinPool-1-worker-9] DEBUG org.apache.http.headers - http-outgoing-4 << Content-Security-Policy: default-src 'none
00:43:35.763 [ForkJoinPool-1-worker-9] DEBUG org.apache.http.headers - http-outgoing-4 << Via: 1.1 google
00:43:35.763 [ForkJoinPool-1-worker-9] DEBUG org.apache.http.headers - http-outgoing-4 << Alt-Svc: clear
00:43:35.763 [ForkJoinPool-1-worker-9] DEBUG org.apache.http.impl.execchain.MainClientExec - Connection can be kept alive indefinitely
00:43:35.763 [ForkJoinPool-1-worker-9] DEBUG org.apache.http.impl.conn.PoolingHttpClientConnectionManager - Connection [id: 2][route: {s}->https://api-ssl.bitly.com:443] can be kept alive indefinitely
00:43:35.763 [ForkJoinPool-1-worker-9] DEBUG org.apache.http.impl.conn.DefaultManagedHttpClientConnection - http-outgoing-4: set socket timeout to 0
00:43:35.763 [ForkJoinPool-1-worker-9] DEBUG org.apache.http.impl.conn.PoolingHttpClientConnectionManager - Connection released: [id: 2][route: {s}->https://api-ssl.bitly.com:443][total available: 1; route allocated: 1 of 5; total allocated: 1 of 10]
00:43:35.763 [ForkJoinPool-1-worker-9] DEBUG com.intuit.karate - response time in milliseconds: 387.73
1 < 200
1 < Alt-Svc: clear
1 < Content-Length: 283
1 < Content-Security-Policy: default-src 'none
1 < Content-Type: application/json
1 < Date: Fri, 12 Mar 2021 00:43:35 GMT
1 < Server: nginx
1 < Strict-Transport-Security: max-age=31536000; includeSubDomains
1 < Via: 1.1 google
1 < X-Content-Type-Options: nosniff
1 < X-Frame-Options: DENY
1 < X-XSS-Protection: 1; mode=blockFilter
{"created_at":"2021-03-11T23:00:33+0000","id":"bit.ly/30zP8P7","link":"https://bit.ly/30zP8P7","custom_bitlinks":[],"long_url":"https://www.bbc.co.ken/","title":"test","archived":false,"tags":[],"deeplinks":[],"references":{"group":"https://api-ssl.bitly.com/v4/groups/Bl39i27Ji5U"}}

00:43:35.764 [ForkJoinPool-1-worker-5] DEBUG com.jayway.jsonpath.internal.path.CompiledPath - Evaluating path: $
00:43:35.767 [ForkJoinPool-1-worker-9] DEBUG com.jayway.jsonpath.internal.path.CompiledPath - Evaluating path: $['link']
00:43:35.770 [ForkJoinPool-1-worker-5] DEBUG com.jayway.jsonpath.internal.path.CompiledPath - Evaluating path: $
00:43:35.770 [ForkJoinPool-1-worker-5] DEBUG com.jayway.jsonpath.internal.path.CompiledPath - Evaluating path: $
00:43:35.770 [ForkJoinPool-1-worker-5] DEBUG com.jayway.jsonpath.internal.path.CompiledPath - Evaluating path: $
00:43:35.771 [ForkJoinPool-1-worker-3] DEBUG com.jayway.jsonpath.internal.path.CompiledPath - Evaluating path: $
00:43:35.773 [ForkJoinPool-1-worker-9] DEBUG com.jayway.jsonpath.internal.path.CompiledPath - Evaluating path: $
00:43:35.776 [ForkJoinPool-1-worker-5] DEBUG com.jayway.jsonpath.internal.path.CompiledPath - Evaluating path: $
00:43:35.777 [ForkJoinPool-1-worker-3] DEBUG com.jayway.jsonpath.internal.path.CompiledPath - Evaluating path: $
00:43:35.777 [ForkJoinPool-1-worker-3] DEBUG com.jayway.jsonpath.internal.path.CompiledPath - Evaluating path: $
00:43:35.780 [ForkJoinPool-1-worker-9] DEBUG com.jayway.jsonpath.internal.path.CompiledPath - Evaluating path: $
00:43:35.780 [ForkJoinPool-1-worker-9] DEBUG com.jayway.jsonpath.internal.path.CompiledPath - Evaluating path: $
00:43:35.780 [ForkJoinPool-1-worker-3] DEBUG com.jayway.jsonpath.internal.path.CompiledPath - Evaluating path: $
00:43:35.781 [ForkJoinPool-1-worker-5] DEBUG com.jayway.jsonpath.internal.path.CompiledPath - Evaluating path: $
00:43:35.781 [ForkJoinPool-1-worker-3] DEBUG org.apache.http.client.protocol.RequestAddCookies - CookieSpec selected: karate
00:43:35.781 [ForkJoinPool-1-worker-3] DEBUG org.apache.http.client.protocol.RequestAuthCache - Auth cache not set in the context
00:43:35.781 [ForkJoinPool-1-worker-3] DEBUG com.intuit.karate - request:
1 > POST https://api-ssl.bitly.com/v4/bitlinks
1 > Accept: */*
1 > Accept-Encoding: gzip,deflate
1 > Authorization: Bearer 48a7fe60034be1eb264102c122d31ea48f4ef04e
1 > Connection: Keep-Alive
1 > Content-Length: 98
1 > Content-Type: application/json
1 > Host: api-ssl.bitly.com
1 > User-Agent: Apache-HttpClient/4.5.12 (Java/14.0.2)
{"long_url":"https://www.bbc.co.ken/","domain":"bit.ly","group_guid":"Bl39i27Ji5U","title":"test"}

00:43:35.782 [ForkJoinPool-1-worker-3] DEBUG org.apache.http.impl.conn.PoolingHttpClientConnectionManager - Connection request: [route: {s}->https://api-ssl.bitly.com:443][total available: 0; route allocated: 0 of 5; total allocated: 0 of 10]
00:43:35.782 [ForkJoinPool-1-worker-5] DEBUG org.apache.http.client.protocol.RequestAddCookies - CookieSpec selected: karate
00:43:35.782 [ForkJoinPool-1-worker-5] DEBUG org.apache.http.client.protocol.RequestAuthCache - Auth cache not set in the context
00:43:35.782 [ForkJoinPool-1-worker-3] DEBUG org.apache.http.impl.conn.PoolingHttpClientConnectionManager - Connection leased: [id: 5][route: {s}->https://api-ssl.bitly.com:443][total available: 0; route allocated: 1 of 5; total allocated: 1 of 10]
00:43:35.782 [ForkJoinPool-1-worker-5] DEBUG com.intuit.karate - request:
1 > GET https://api-ssl.bitly.com/v4/groups
1 > Accept: */*
1 > Accept-Encoding: gzip,deflate
1 > Authorization: Bearer 48a7fe60034be1eb264102c122d31ea48f4ef04e
1 > Connection: Keep-Alive
1 > Content-Type: application/json
1 > Host: api-ssl.bitly.com
1 > User-Agent: Apache-HttpClient/4.5.12 (Java/14.0.2)

00:43:35.782 [ForkJoinPool-1-worker-3] DEBUG org.apache.http.impl.execchain.MainClientExec - Opening connection {s}->https://api-ssl.bitly.com:443
00:43:35.783 [ForkJoinPool-1-worker-5] DEBUG org.apache.http.impl.conn.PoolingHttpClientConnectionManager - Connection request: [route: {s}->https://api-ssl.bitly.com:443][total available: 0; route allocated: 0 of 5; total allocated: 0 of 10]
00:43:35.783 [ForkJoinPool-1-worker-9] DEBUG com.jayway.jsonpath.internal.path.CompiledPath - Evaluating path: $
00:43:35.783 [ForkJoinPool-1-worker-3] DEBUG org.apache.http.impl.conn.DefaultHttpClientConnectionOperator - Connecting to api-ssl.bitly.com/67.199.248.21:443
00:43:35.783 [ForkJoinPool-1-worker-5] DEBUG org.apache.http.impl.conn.PoolingHttpClientConnectionManager - Connection leased: [id: 6][route: {s}->https://api-ssl.bitly.com:443][total available: 0; route allocated: 1 of 5; total allocated: 1 of 10]
00:43:35.783 [ForkJoinPool-1-worker-3] DEBUG org.apache.http.conn.ssl.SSLConnectionSocketFactory - Connecting socket to api-ssl.bitly.com/67.199.248.21:443 with timeout 3000
00:43:35.783 [ForkJoinPool-1-worker-5] DEBUG org.apache.http.impl.execchain.MainClientExec - Opening connection {s}->https://api-ssl.bitly.com:443
00:43:35.783 [ForkJoinPool-1-worker-5] DEBUG org.apache.http.impl.conn.DefaultHttpClientConnectionOperator - Connecting to api-ssl.bitly.com/67.199.248.21:443
00:43:35.783 [ForkJoinPool-1-worker-5] DEBUG org.apache.http.conn.ssl.SSLConnectionSocketFactory - Connecting socket to api-ssl.bitly.com/67.199.248.21:443 with timeout 3000
00:43:35.784 [ForkJoinPool-1-worker-9] DEBUG org.apache.http.client.protocol.RequestAddCookies - CookieSpec selected: karate
00:43:35.784 [ForkJoinPool-1-worker-9] DEBUG org.apache.http.client.protocol.RequestAuthCache - Auth cache not set in the context
00:43:35.784 [ForkJoinPool-1-worker-9] DEBUG com.intuit.karate - request:
1 > POST https://api-ssl.bitly.com/v4/bitlinks
1 > Accept: */*
1 > Accept-Encoding: gzip,deflate
1 > Authorization: Bearer 48a7fe60034be1eb264102c122d31ea48f4ef04e
1 > Connection: Keep-Alive
1 > Content-Length: 98
1 > Content-Type: application/json
1 > Host: api-ssl.bitly.com
1 > User-Agent: Apache-HttpClient/4.5.12 (Java/14.0.2)
{"long_url":"https://www.bbc.co.ken/","domain":"bit.ly","group_guid":"Bl39i27Ji5U","title":"test"}

00:43:35.784 [ForkJoinPool-1-worker-9] DEBUG org.apache.http.impl.conn.PoolingHttpClientConnectionManager - Connection request: [route: {s}->https://api-ssl.bitly.com:443][total available: 0; route allocated: 0 of 5; total allocated: 0 of 10]
00:43:35.785 [ForkJoinPool-1-worker-9] DEBUG org.apache.http.impl.conn.PoolingHttpClientConnectionManager - Connection leased: [id: 7][route: {s}->https://api-ssl.bitly.com:443][total available: 0; route allocated: 1 of 5; total allocated: 1 of 10]
00:43:35.785 [ForkJoinPool-1-worker-9] DEBUG org.apache.http.impl.execchain.MainClientExec - Opening connection {s}->https://api-ssl.bitly.com:443
00:43:35.785 [ForkJoinPool-1-worker-9] DEBUG org.apache.http.impl.conn.DefaultHttpClientConnectionOperator - Connecting to api-ssl.bitly.com/67.199.248.21:443
00:43:35.785 [ForkJoinPool-1-worker-9] DEBUG org.apache.http.conn.ssl.SSLConnectionSocketFactory - Connecting socket to api-ssl.bitly.com/67.199.248.21:443 with timeout 3000
00:43:35.800 [ForkJoinPool-1-worker-3] DEBUG org.apache.http.conn.ssl.SSLConnectionSocketFactory - Enabled protocols: [TLSv1.3, TLSv1.2, TLSv1.1, TLSv1]
00:43:35.800 [ForkJoinPool-1-worker-3] DEBUG org.apache.http.conn.ssl.SSLConnectionSocketFactory - Enabled cipher suites:[TLS_AES_256_GCM_SHA384, TLS_AES_128_GCM_SHA256, TLS_CHACHA20_POLY1305_SHA256, TLS_ECDHE_ECDSA_WITH_AES_256_GCM_SHA384, TLS_ECDHE_ECDSA_WITH_AES_128_GCM_SHA256, TLS_ECDHE_ECDSA_WITH_CHACHA20_POLY1305_SHA256, TLS_ECDHE_RSA_WITH_AES_256_GCM_SHA384, TLS_ECDHE_RSA_WITH_CHACHA20_POLY1305_SHA256, TLS_ECDHE_RSA_WITH_AES_128_GCM_SHA256, TLS_DHE_RSA_WITH_AES_256_GCM_SHA384, TLS_DHE_RSA_WITH_CHACHA20_POLY1305_SHA256, TLS_DHE_DSS_WITH_AES_256_GCM_SHA384, TLS_DHE_RSA_WITH_AES_128_GCM_SHA256, TLS_DHE_DSS_WITH_AES_128_GCM_SHA256, TLS_ECDHE_ECDSA_WITH_AES_256_CBC_SHA384, TLS_ECDHE_RSA_WITH_AES_256_CBC_SHA384, TLS_ECDHE_ECDSA_WITH_AES_128_CBC_SHA256, TLS_ECDHE_RSA_WITH_AES_128_CBC_SHA256, TLS_DHE_RSA_WITH_AES_256_CBC_SHA256, TLS_DHE_DSS_WITH_AES_256_CBC_SHA256, TLS_DHE_RSA_WITH_AES_128_CBC_SHA256, TLS_DHE_DSS_WITH_AES_128_CBC_SHA256, TLS_ECDH_ECDSA_WITH_AES_256_GCM_SHA384, TLS_ECDH_RSA_WITH_AES_256_GCM_SHA384, TLS_ECDH_ECDSA_WITH_AES_128_GCM_SHA256, TLS_ECDH_RSA_WITH_AES_128_GCM_SHA256, TLS_ECDH_ECDSA_WITH_AES_256_CBC_SHA384, TLS_ECDH_RSA_WITH_AES_256_CBC_SHA384, TLS_ECDH_ECDSA_WITH_AES_128_CBC_SHA256, TLS_ECDH_RSA_WITH_AES_128_CBC_SHA256, TLS_ECDHE_ECDSA_WITH_AES_256_CBC_SHA, TLS_ECDHE_RSA_WITH_AES_256_CBC_SHA, TLS_ECDHE_ECDSA_WITH_AES_128_CBC_SHA, TLS_ECDHE_RSA_WITH_AES_128_CBC_SHA, TLS_DHE_RSA_WITH_AES_256_CBC_SHA, TLS_DHE_DSS_WITH_AES_256_CBC_SHA, TLS_DHE_RSA_WITH_AES_128_CBC_SHA, TLS_DHE_DSS_WITH_AES_128_CBC_SHA, TLS_ECDH_ECDSA_WITH_AES_256_CBC_SHA, TLS_ECDH_RSA_WITH_AES_256_CBC_SHA, TLS_ECDH_ECDSA_WITH_AES_128_CBC_SHA, TLS_ECDH_RSA_WITH_AES_128_CBC_SHA, TLS_RSA_WITH_AES_256_GCM_SHA384, TLS_RSA_WITH_AES_128_GCM_SHA256, TLS_RSA_WITH_AES_256_CBC_SHA256, TLS_RSA_WITH_AES_128_CBC_SHA256, TLS_RSA_WITH_AES_256_CBC_SHA, TLS_RSA_WITH_AES_128_CBC_SHA, TLS_EMPTY_RENEGOTIATION_INFO_SCSV]
00:43:35.800 [ForkJoinPool-1-worker-3] DEBUG org.apache.http.conn.ssl.SSLConnectionSocketFactory - Starting handshake
00:43:35.801 [ForkJoinPool-1-worker-5] DEBUG org.apache.http.conn.ssl.SSLConnectionSocketFactory - Enabled protocols: [TLSv1.3, TLSv1.2, TLSv1.1, TLSv1]
00:43:35.801 [ForkJoinPool-1-worker-5] DEBUG org.apache.http.conn.ssl.SSLConnectionSocketFactory - Enabled cipher suites:[TLS_AES_256_GCM_SHA384, TLS_AES_128_GCM_SHA256, TLS_CHACHA20_POLY1305_SHA256, TLS_ECDHE_ECDSA_WITH_AES_256_GCM_SHA384, TLS_ECDHE_ECDSA_WITH_AES_128_GCM_SHA256, TLS_ECDHE_ECDSA_WITH_CHACHA20_POLY1305_SHA256, TLS_ECDHE_RSA_WITH_AES_256_GCM_SHA384, TLS_ECDHE_RSA_WITH_CHACHA20_POLY1305_SHA256, TLS_ECDHE_RSA_WITH_AES_128_GCM_SHA256, TLS_DHE_RSA_WITH_AES_256_GCM_SHA384, TLS_DHE_RSA_WITH_CHACHA20_POLY1305_SHA256, TLS_DHE_DSS_WITH_AES_256_GCM_SHA384, TLS_DHE_RSA_WITH_AES_128_GCM_SHA256, TLS_DHE_DSS_WITH_AES_128_GCM_SHA256, TLS_ECDHE_ECDSA_WITH_AES_256_CBC_SHA384, TLS_ECDHE_RSA_WITH_AES_256_CBC_SHA384, TLS_ECDHE_ECDSA_WITH_AES_128_CBC_SHA256, TLS_ECDHE_RSA_WITH_AES_128_CBC_SHA256, TLS_DHE_RSA_WITH_AES_256_CBC_SHA256, TLS_DHE_DSS_WITH_AES_256_CBC_SHA256, TLS_DHE_RSA_WITH_AES_128_CBC_SHA256, TLS_DHE_DSS_WITH_AES_128_CBC_SHA256, TLS_ECDH_ECDSA_WITH_AES_256_GCM_SHA384, TLS_ECDH_RSA_WITH_AES_256_GCM_SHA384, TLS_ECDH_ECDSA_WITH_AES_128_GCM_SHA256, TLS_ECDH_RSA_WITH_AES_128_GCM_SHA256, TLS_ECDH_ECDSA_WITH_AES_256_CBC_SHA384, TLS_ECDH_RSA_WITH_AES_256_CBC_SHA384, TLS_ECDH_ECDSA_WITH_AES_128_CBC_SHA256, TLS_ECDH_RSA_WITH_AES_128_CBC_SHA256, TLS_ECDHE_ECDSA_WITH_AES_256_CBC_SHA, TLS_ECDHE_RSA_WITH_AES_256_CBC_SHA, TLS_ECDHE_ECDSA_WITH_AES_128_CBC_SHA, TLS_ECDHE_RSA_WITH_AES_128_CBC_SHA, TLS_DHE_RSA_WITH_AES_256_CBC_SHA, TLS_DHE_DSS_WITH_AES_256_CBC_SHA, TLS_DHE_RSA_WITH_AES_128_CBC_SHA, TLS_DHE_DSS_WITH_AES_128_CBC_SHA, TLS_ECDH_ECDSA_WITH_AES_256_CBC_SHA, TLS_ECDH_RSA_WITH_AES_256_CBC_SHA, TLS_ECDH_ECDSA_WITH_AES_128_CBC_SHA, TLS_ECDH_RSA_WITH_AES_128_CBC_SHA, TLS_RSA_WITH_AES_256_GCM_SHA384, TLS_RSA_WITH_AES_128_GCM_SHA256, TLS_RSA_WITH_AES_256_CBC_SHA256, TLS_RSA_WITH_AES_128_CBC_SHA256, TLS_RSA_WITH_AES_256_CBC_SHA, TLS_RSA_WITH_AES_128_CBC_SHA, TLS_EMPTY_RENEGOTIATION_INFO_SCSV]
00:43:35.801 [ForkJoinPool-1-worker-5] DEBUG org.apache.http.conn.ssl.SSLConnectionSocketFactory - Starting handshake
00:43:35.801 [ForkJoinPool-1-worker-9] DEBUG org.apache.http.conn.ssl.SSLConnectionSocketFactory - Enabled protocols: [TLSv1.3, TLSv1.2, TLSv1.1, TLSv1]
00:43:35.801 [ForkJoinPool-1-worker-9] DEBUG org.apache.http.conn.ssl.SSLConnectionSocketFactory - Enabled cipher suites:[TLS_AES_256_GCM_SHA384, TLS_AES_128_GCM_SHA256, TLS_CHACHA20_POLY1305_SHA256, TLS_ECDHE_ECDSA_WITH_AES_256_GCM_SHA384, TLS_ECDHE_ECDSA_WITH_AES_128_GCM_SHA256, TLS_ECDHE_ECDSA_WITH_CHACHA20_POLY1305_SHA256, TLS_ECDHE_RSA_WITH_AES_256_GCM_SHA384, TLS_ECDHE_RSA_WITH_CHACHA20_POLY1305_SHA256, TLS_ECDHE_RSA_WITH_AES_128_GCM_SHA256, TLS_DHE_RSA_WITH_AES_256_GCM_SHA384, TLS_DHE_RSA_WITH_CHACHA20_POLY1305_SHA256, TLS_DHE_DSS_WITH_AES_256_GCM_SHA384, TLS_DHE_RSA_WITH_AES_128_GCM_SHA256, TLS_DHE_DSS_WITH_AES_128_GCM_SHA256, TLS_ECDHE_ECDSA_WITH_AES_256_CBC_SHA384, TLS_ECDHE_RSA_WITH_AES_256_CBC_SHA384, TLS_ECDHE_ECDSA_WITH_AES_128_CBC_SHA256, TLS_ECDHE_RSA_WITH_AES_128_CBC_SHA256, TLS_DHE_RSA_WITH_AES_256_CBC_SHA256, TLS_DHE_DSS_WITH_AES_256_CBC_SHA256, TLS_DHE_RSA_WITH_AES_128_CBC_SHA256, TLS_DHE_DSS_WITH_AES_128_CBC_SHA256, TLS_ECDH_ECDSA_WITH_AES_256_GCM_SHA384, TLS_ECDH_RSA_WITH_AES_256_GCM_SHA384, TLS_ECDH_ECDSA_WITH_AES_128_GCM_SHA256, TLS_ECDH_RSA_WITH_AES_128_GCM_SHA256, TLS_ECDH_ECDSA_WITH_AES_256_CBC_SHA384, TLS_ECDH_RSA_WITH_AES_256_CBC_SHA384, TLS_ECDH_ECDSA_WITH_AES_128_CBC_SHA256, TLS_ECDH_RSA_WITH_AES_128_CBC_SHA256, TLS_ECDHE_ECDSA_WITH_AES_256_CBC_SHA, TLS_ECDHE_RSA_WITH_AES_256_CBC_SHA, TLS_ECDHE_ECDSA_WITH_AES_128_CBC_SHA, TLS_ECDHE_RSA_WITH_AES_128_CBC_SHA, TLS_DHE_RSA_WITH_AES_256_CBC_SHA, TLS_DHE_DSS_WITH_AES_256_CBC_SHA, TLS_DHE_RSA_WITH_AES_128_CBC_SHA, TLS_DHE_DSS_WITH_AES_128_CBC_SHA, TLS_ECDH_ECDSA_WITH_AES_256_CBC_SHA, TLS_ECDH_RSA_WITH_AES_256_CBC_SHA, TLS_ECDH_ECDSA_WITH_AES_128_CBC_SHA, TLS_ECDH_RSA_WITH_AES_128_CBC_SHA, TLS_RSA_WITH_AES_256_GCM_SHA384, TLS_RSA_WITH_AES_128_GCM_SHA256, TLS_RSA_WITH_AES_256_CBC_SHA256, TLS_RSA_WITH_AES_128_CBC_SHA256, TLS_RSA_WITH_AES_256_CBC_SHA, TLS_RSA_WITH_AES_128_CBC_SHA, TLS_EMPTY_RENEGOTIATION_INFO_SCSV]
00:43:35.801 [ForkJoinPool-1-worker-9] DEBUG org.apache.http.conn.ssl.SSLConnectionSocketFactory - Starting handshake
00:43:35.815 [ForkJoinPool-1-worker-11] DEBUG org.apache.http.wire - http-outgoing-2 << "HTTP/1.1 200 OK[\r][\n]"
00:43:35.815 [ForkJoinPool-1-worker-11] DEBUG org.apache.http.wire - http-outgoing-2 << "Server: nginx[\r][\n]"
00:43:35.815 [ForkJoinPool-1-worker-11] DEBUG org.apache.http.wire - http-outgoing-2 << "Date: Fri, 12 Mar 2021 00:43:35 GMT[\r][\n]"
00:43:35.815 [ForkJoinPool-1-worker-11] DEBUG org.apache.http.wire - http-outgoing-2 << "Content-Type: application/json[\r][\n]"
00:43:35.816 [ForkJoinPool-1-worker-11] DEBUG org.apache.http.wire - http-outgoing-2 << "Transfer-Encoding: chunked[\r][\n]"
00:43:35.816 [ForkJoinPool-1-worker-11] DEBUG org.apache.http.wire - http-outgoing-2 << "Strict-Transport-Security: max-age=31536000; includeSubDomains[\r][\n]"
00:43:35.816 [ForkJoinPool-1-worker-11] DEBUG org.apache.http.wire - http-outgoing-2 << "X-XSS-Protection: 1; mode=blockFilter[\r][\n]"
00:43:35.816 [ForkJoinPool-1-worker-11] DEBUG org.apache.http.wire - http-outgoing-2 << "X-Content-Type-Options: nosniff[\r][\n]"
00:43:35.816 [ForkJoinPool-1-worker-11] DEBUG org.apache.http.wire - http-outgoing-2 << "X-Frame-Options: DENY[\r][\n]"
00:43:35.816 [ForkJoinPool-1-worker-11] DEBUG org.apache.http.wire - http-outgoing-2 << "Content-Security-Policy: default-src 'none[\r][\n]"
00:43:35.816 [ForkJoinPool-1-worker-11] DEBUG org.apache.http.wire - http-outgoing-2 << "Via: 1.1 google[\r][\n]"
00:43:35.816 [ForkJoinPool-1-worker-11] DEBUG org.apache.http.wire - http-outgoing-2 << "Alt-Svc: clear[\r][\n]"
00:43:35.816 [ForkJoinPool-1-worker-11] DEBUG org.apache.http.wire - http-outgoing-2 << "[\r][\n]"
00:43:35.816 [ForkJoinPool-1-worker-11] DEBUG org.apache.http.wire - http-outgoing-2 << "fa8[\r][\n]"
00:43:35.816 [ForkJoinPool-1-worker-11] DEBUG org.apache.http.wire - http-outgoing-2 << "{"links":[{"created_at":"2021-03-12T00:19:45+0000","id":"bit.ly/3qG3Z50","link":"https://bit.ly/3qG3Z50","custom_bitlinks":[],"long_url":"https://www.bbc.com.delete/","title":"Newpp","archived":false,"created_by":"bharathamanik","client_id":"a5e8cebb233c5d07e5c553e917dffb92fec5264d","tags":[],"deeplinks":[],"references":{"group":"https://api-ssl.bitly.com/v4/groups/Bl39i27Ji5U"}},{"created_at":"2021-03-11T23:43:23+0000","id":"bit.ly/3qAb1s1","link":"https://bit.ly/3qAb1s1","custom_bitlinks":[],"long_url":"https://www.bbc.co.us/","title":"tesrt","archived":false,"created_by":"bharathamanik","client_id":"a5e8cebb233c5d07e5c553e917dffb92fec5264d","tags":[],"deeplinks":[],"references":{"group":"https://api-ssl.bitly.com/v4/groups/Bl39i27Ji5U"}},{"created_at":"2021-03-11T23:42:57+0000","id":"bit.ly/3bDhCOg","link":"https://bit.ly/3bDhCOg","custom_bitlinks":[],"long_url":"https://www.bbc.co.usa1212/","title":"tesrt","archived":false,"created_by":"bharathamanik","client_id":"a5e8cebb233c5d07e5c553e917dffb92fec5264d""
00:43:35.816 [ForkJoinPool-1-worker-11] DEBUG org.apache.http.headers - http-outgoing-2 << HTTP/1.1 200 OK
00:43:35.816 [ForkJoinPool-1-worker-11] DEBUG org.apache.http.headers - http-outgoing-2 << Server: nginx
00:43:35.816 [ForkJoinPool-1-worker-11] DEBUG org.apache.http.headers - http-outgoing-2 << Date: Fri, 12 Mar 2021 00:43:35 GMT
00:43:35.816 [ForkJoinPool-1-worker-11] DEBUG org.apache.http.headers - http-outgoing-2 << Content-Type: application/json
00:43:35.816 [ForkJoinPool-1-worker-11] DEBUG org.apache.http.headers - http-outgoing-2 << Transfer-Encoding: chunked
00:43:35.816 [ForkJoinPool-1-worker-11] DEBUG org.apache.http.headers - http-outgoing-2 << Strict-Transport-Security: max-age=31536000; includeSubDomains
00:43:35.816 [ForkJoinPool-1-worker-11] DEBUG org.apache.http.headers - http-outgoing-2 << X-XSS-Protection: 1; mode=blockFilter
00:43:35.816 [ForkJoinPool-1-worker-11] DEBUG org.apache.http.headers - http-outgoing-2 << X-Content-Type-Options: nosniff
00:43:35.817 [ForkJoinPool-1-worker-11] DEBUG org.apache.http.headers - http-outgoing-2 << X-Frame-Options: DENY
00:43:35.817 [ForkJoinPool-1-worker-11] DEBUG org.apache.http.headers - http-outgoing-2 << Content-Security-Policy: default-src 'none
00:43:35.817 [ForkJoinPool-1-worker-11] DEBUG org.apache.http.headers - http-outgoing-2 << Via: 1.1 google
00:43:35.817 [ForkJoinPool-1-worker-11] DEBUG org.apache.http.headers - http-outgoing-2 << Alt-Svc: clear
00:43:35.817 [ForkJoinPool-1-worker-7] DEBUG org.apache.http.wire - http-outgoing-3 << "HTTP/1.1 200 OK[\r][\n]"
00:43:35.817 [ForkJoinPool-1-worker-7] DEBUG org.apache.http.wire - http-outgoing-3 << "Server: nginx[\r][\n]"
00:43:35.817 [ForkJoinPool-1-worker-7] DEBUG org.apache.http.wire - http-outgoing-3 << "Date: Fri, 12 Mar 2021 00:43:35 GMT[\r][\n]"
00:43:35.817 [ForkJoinPool-1-worker-7] DEBUG org.apache.http.wire - http-outgoing-3 << "Content-Type: application/json[\r][\n]"
00:43:35.817 [ForkJoinPool-1-worker-11] DEBUG org.apache.http.impl.execchain.MainClientExec - Connection can be kept alive indefinitely
00:43:35.817 [ForkJoinPool-1-worker-7] DEBUG org.apache.http.wire - http-outgoing-3 << "Transfer-Encoding: chunked[\r][\n]"
00:43:35.818 [ForkJoinPool-1-worker-7] DEBUG org.apache.http.wire - http-outgoing-3 << "Strict-Transport-Security: max-age=31536000; includeSubDomains[\r][\n]"
00:43:35.818 [ForkJoinPool-1-worker-7] DEBUG org.apache.http.wire - http-outgoing-3 << "X-XSS-Protection: 1; mode=blockFilter[\r][\n]"
00:43:35.818 [ForkJoinPool-1-worker-7] DEBUG org.apache.http.wire - http-outgoing-3 << "X-Content-Type-Options: nosniff[\r][\n]"
00:43:35.818 [ForkJoinPool-1-worker-7] DEBUG org.apache.http.wire - http-outgoing-3 << "X-Frame-Options: DENY[\r][\n]"
00:43:35.818 [ForkJoinPool-1-worker-7] DEBUG org.apache.http.wire - http-outgoing-3 << "Content-Security-Policy: default-src 'none[\r][\n]"
00:43:35.818 [ForkJoinPool-1-worker-7] DEBUG org.apache.http.wire - http-outgoing-3 << "Via: 1.1 google[\r][\n]"
00:43:35.818 [ForkJoinPool-1-worker-7] DEBUG org.apache.http.wire - http-outgoing-3 << "Alt-Svc: clear[\r][\n]"
00:43:35.818 [ForkJoinPool-1-worker-7] DEBUG org.apache.http.wire - http-outgoing-3 << "[\r][\n]"
00:43:35.818 [ForkJoinPool-1-worker-7] DEBUG org.apache.http.wire - http-outgoing-3 << "fa8[\r][\n]"
00:43:35.818 [ForkJoinPool-1-worker-7] DEBUG org.apache.http.wire - http-outgoing-3 << "{"links":[{"created_at":"2021-03-12T00:19:45+0000","id":"bit.ly/3qG3Z50","link":"https://bit.ly/3qG3Z50","custom_bitlinks":[],"long_url":"https://www.bbc.com.delete/","title":"Newpp","archived":false,"created_by":"bharathamanik","client_id":"a5e8cebb233c5d07e5c553e917dffb92fec5264d","tags":[],"deeplinks":[],"references":{"group":"https://api-ssl.bitly.com/v4/groups/Bl39i27Ji5U"}},{"created_at":"2021-03-11T23:43:23+0000","id":"bit.ly/3qAb1s1","link":"https://bit.ly/3qAb1s1","custom_bitlinks":[],"long_url":"https://www.bbc.co.us/","title":"tesrt","archived":false,"created_by":"bharathamanik","client_id":"a5e8cebb233c5d07e5c553e917dffb92fec5264d","tags":[],"deeplinks":[],"references":{"group":"https://api-ssl.bitly.com/v4/groups/Bl39i27Ji5U"}},{"created_at":"2021-03-11T23:42:57+0000","id":"bit.ly/3bDhCOg","link":"https://bit.ly/3bDhCOg","custom_bitlinks":[],"long_url":"https://www.bbc.co.usa1212/","title":"tesrt","archived":false,"created_by":"bharathamanik","client_id":"a5e8cebb233c5d07e5c553e917dffb92fec5264d""
00:43:35.818 [ForkJoinPool-1-worker-7] DEBUG org.apache.http.headers - http-outgoing-3 << HTTP/1.1 200 OK
00:43:35.818 [ForkJoinPool-1-worker-7] DEBUG org.apache.http.headers - http-outgoing-3 << Server: nginx
00:43:35.818 [ForkJoinPool-1-worker-7] DEBUG org.apache.http.headers - http-outgoing-3 << Date: Fri, 12 Mar 2021 00:43:35 GMT
00:43:35.818 [ForkJoinPool-1-worker-7] DEBUG org.apache.http.headers - http-outgoing-3 << Content-Type: application/json
00:43:35.818 [ForkJoinPool-1-worker-7] DEBUG org.apache.http.headers - http-outgoing-3 << Transfer-Encoding: chunked
00:43:35.818 [ForkJoinPool-1-worker-7] DEBUG org.apache.http.headers - http-outgoing-3 << Strict-Transport-Security: max-age=31536000; includeSubDomains
00:43:35.818 [ForkJoinPool-1-worker-11] DEBUG org.apache.http.wire - http-outgoing-2 << ","tags":[],"deeplinks":[],"references":{"group":"https://api-ssl.bitly.com/v4/groups/Bl39i27Ji5U"}},{"created_at":"2021-03-11T23:09:22+0000","id":"bit.ly/3rzM0i5","link":"https://bit.ly/3rzM0i5","custom_bitlinks":[],"long_url":"https://www.bbc.co.uuuuu/","title":"test","archived":false,"created_by":"bharathamanik","client_id":"a5e8cebb233c5d07e5c553e917dffb92fec5264d","tags":[],"deeplinks":[],"references":{"group":"https://api-ssl.bitly.com/v4/groups/Bl39i27Ji5U"}},{"created_at":"2021-03-11T23:00:33+0000","id":"bit.ly/30zP8P7","link":"https://bit.ly/30zP8P7","custom_bitlinks":[],"long_url":"https://www.bbc.co.ken/","title":"test","archived":false,"created_by":"bharathamanik","client_id":"a5e8cebb233c5d07e5c553e917dffb92fec5264d","tags":["tr","api"],"deeplinks":[],"references":{"group":"https://api-ssl.bitly.com/v4/groups/Bl39i27Ji5U"}},{"created_at":"2021-03-11T21:39:34+0000","id":"bit.ly/2OHRybK","link":"https://bit.ly/2OHRybK","custom_bitlinks":[],"long_url":"https://www.bbc.co.ue/","title":"test","archived":false,"created_by":"bharathamanik","client_id":"a5e8cebb233c5d07e5c553e917dffb92fec5264d","tags":["tr","api"],"deeplinks":[],"references":{"group":"https://api-ssl.bitly.com/v4/groups/Bl39i27Ji5U"}},{"created_at":"2021-03-11T21:38:24+0000","id":"bit.ly/3qGe5TD","link":"https://bit.ly/3qGe5TD","custom_bitlinks":[],"long_url":"https://www.bbc.co.edu/","title":"Bitly API"
00:43:35.818 [ForkJoinPool-1-worker-7] DEBUG org.apache.http.headers - http-outgoing-3 << X-XSS-Protection: 1; mode=blockFilter
00:43:35.819 [ForkJoinPool-1-worker-7] DEBUG org.apache.http.headers - http-outgoing-3 << X-Content-Type-Options: nosniff
00:43:35.819 [ForkJoinPool-1-worker-7] DEBUG org.apache.http.headers - http-outgoing-3 << X-Frame-Options: DENY
00:43:35.819 [ForkJoinPool-1-worker-7] DEBUG org.apache.http.headers - http-outgoing-3 << Content-Security-Policy: default-src 'none
00:43:35.819 [ForkJoinPool-1-worker-7] DEBUG org.apache.http.headers - http-outgoing-3 << Via: 1.1 google
00:43:35.819 [ForkJoinPool-1-worker-7] DEBUG org.apache.http.headers - http-outgoing-3 << Alt-Svc: clear
00:43:35.819 [ForkJoinPool-1-worker-7] DEBUG org.apache.http.impl.execchain.MainClientExec - Connection can be kept alive indefinitely
00:43:35.819 [ForkJoinPool-1-worker-11] DEBUG org.apache.http.wire - http-outgoing-2 << " post test2","archived":false,"created_by":"bharathamanik","client_id":"a5e8cebb233c5d07e5c553e917dffb92fec5264d","tags":["tr","api"],"deeplinks":[],"references":{"group":"https://api-ssl.bitly.com/v4/groups/Bl39i27Ji5U"}},{"created_at":"2021-03-11T19:21:23+0000","id":"bit.ly/38tyMM8","link":"https://bit.ly/38tyMM8","custom_bitlinks":[],"long_url":"https://www.bbc.co.tr/","title":"Bitly API post test2","archived":false,"created_by":"bharathamanik","client_id":"a5e8cebb233c5d07e5c553e917dffb92fec5264d","tags":["tr","api"],"deeplinks":[],"references":{"group":"https://api-ssl.bitly.com/v4/groups/Bl39i27Ji5U"}},{"created_at":"2021-03-11T19:17:21+0000","id":"bit.ly/2Na0Gph","link":"https://bit.ly/2Na0Gph","custom_bitlinks":[],"long_url":"https://www.bbc.co.dr/","title":"Bitly API post test2","archived":false,"created_by":"bharathamanik","client_id":"a5e8cebb233c5d07e5c553e917dffb92fec5264d","tags":["dr","api"],"deeplinks":[],"references":{"group":"https://api-ssl.bitly.com/v4/groups/Bl39i27Ji5U"}},{"created_at":"2021-03-11T18:39:46+0000","id":"bit.ly/3qB7Ujx","link":"https://bit.ly/3qB7Ujx","custom_bitlinks":[],"long_url":"https://www.bbc.co.eu/","title":"Bitly API post test2","archived":false,"created_by":"bharathamanik","client_id":"a5e8cebb233c5d07e5c553e917dffb92fec5264d","tags":["bitly","api"
00:43:35.820 [ForkJoinPool-1-worker-7] DEBUG org.apache.http.wire - http-outgoing-3 << ","tags":[],"deeplinks":[],"references":{"group":"https://api-ssl.bitly.com/v4/groups/Bl39i27Ji5U"}},{"created_at":"2021-03-11T23:09:22+0000","id":"bit.ly/3rzM0i5","link":"https://bit.ly/3rzM0i5","custom_bitlinks":[],"long_url":"https://www.bbc.co.uuuuu/","title":"test","archived":false,"created_by":"bharathamanik","client_id":"a5e8cebb233c5d07e5c553e917dffb92fec5264d","tags":[],"deeplinks":[],"references":{"group":"https://api-ssl.bitly.com/v4/groups/Bl39i27Ji5U"}},{"created_at":"2021-03-11T23:00:33+0000","id":"bit.ly/30zP8P7","link":"https://bit.ly/30zP8P7","custom_bitlinks":[],"long_url":"https://www.bbc.co.ken/","title":"test","archived":false,"created_by":"bharathamanik","client_id":"a5e8cebb233c5d07e5c553e917dffb92fec5264d","tags":["tr","api"],"deeplinks":[],"references":{"group":"https://api-ssl.bitly.com/v4/groups/Bl39i27Ji5U"}},{"created_at":"2021-03-11T21:39:34+0000","id":"bit.ly/2OHRybK","link":"https://bit.ly/2OHRybK","custom_bitlinks":[],"long_url":"https://www.bbc.co.ue/","title":"test","archived":false,"created_by":"bharathamanik","client_id":"a5e8cebb233c5d07e5c553e917dffb92fec5264d","tags":["tr","api"],"deeplinks":[],"references":{"group":"https://api-ssl.bitly.com/v4/groups/Bl39i27Ji5U"}},{"created_at":"2021-03-11T21:38:24+0000","id":"bit.ly/3qGe5TD","link":"https://bit.ly/3qGe5TD","custom_bitlinks":[],"long_url":"https://www.bbc.co.edu/","title":"Bitly API"
00:43:35.820 [ForkJoinPool-1-worker-7] DEBUG org.apache.http.wire - http-outgoing-3 << " post test2","archived":false,"created_by":"bharathamanik","client_id":"a5e8cebb233c5d07e5c553e917dffb92fec5264d","tags":["tr","api"],"deeplinks":[],"references":{"group":"https://api-ssl.bitly.com/v4/groups/Bl39i27Ji5U"}},{"created_at":"2021-03-11T19:21:23+0000","id":"bit.ly/38tyMM8","link":"https://bit.ly/38tyMM8","custom_bitlinks":[],"long_url":"https://www.bbc.co.tr/","title":"Bitly API post test2","archived":false,"created_by":"bharathamanik","client_id":"a5e8cebb233c5d07e5c553e917dffb92fec5264d","tags":["tr","api"],"deeplinks":[],"references":{"group":"https://api-ssl.bitly.com/v4/groups/Bl39i27Ji5U"}},{"created_at":"2021-03-11T19:17:21+0000","id":"bit.ly/2Na0Gph","link":"https://bit.ly/2Na0Gph","custom_bitlinks":[],"long_url":"https://www.bbc.co.dr/","title":"Bitly API post test2","archived":false,"created_by":"bharathamanik","client_id":"a5e8cebb233c5d07e5c553e917dffb92fec5264d","tags":["dr","api"],"deeplinks":[],"references":{"group":"https://api-ssl.bitly.com/v4/groups/Bl39i27Ji5U"}},{"created_at":"2021-03-11T18:39:46+0000","id":"bit.ly/3qB7Ujx","link":"https://bit.ly/3qB7Ujx","custom_bitlinks":[],"long_url":"https://www.bbc.co.eu/","title":"Bitly API post test2","archived":false,"created_by":"bharathamanik","client_id":"a5e8cebb233c5d07e5c553e917dffb92fec5264d","tags":["bitly","api"
00:43:35.820 [ForkJoinPool-1-worker-11] DEBUG org.apache.http.wire - http-outgoing-2 << ""],"deeplinks":[],"references":{"group":"https://api-ssl.bitly.com/v4/groups/Bl39i27Ji5U"}},{"created_at":"2021-03-11T18:37:21+0000","id":"bit.ly/3bF1a05","link":"https://bit.ly/3bF1a05","custom_bitlinks":[],"long_url":"https://www.bbc.co.in/","title":"Bitly API post test2",[\r][\n]"
00:43:35.820 [ForkJoinPool-1-worker-7] DEBUG org.apache.http.wire - http-outgoing-3 << ""],"deeplinks":[],"references":{"group":"https://api-ssl.bitly.com/v4/groups/Bl39i27Ji5U"}},{"created_at":"2021-03-11T18:37:21+0000","id":"bit.ly/3bF1a05","link":"https://bit.ly/3bF1a05","custom_bitlinks":[],"long_url":"https://www.bbc.co.in/","title":"Bitly API post test2",[\r][\n]"
00:43:35.820 [ForkJoinPool-1-worker-11] DEBUG org.apache.http.wire - http-outgoing-2 << "a0d[\r][\n]"
00:43:35.821 [ForkJoinPool-1-worker-7] DEBUG org.apache.http.wire - http-outgoing-3 << "a0d[\r][\n]"
00:43:35.821 [ForkJoinPool-1-worker-11] DEBUG org.apache.http.wire - http-outgoing-2 << ""archived":false,"created_by":"bharathamanik","client_id":"a5e8cebb233c5d07e5c553e917dffb92fec5264d","tags":["bitly","api"],"deeplinks":[],"references":{"group":"https://api-ssl.bitly.com/v4/groups/Bl39i27Ji5U"}},{"created_at":"2021-03-10T18:31:06+0000","id":"bbc.in/3cjYGTR","link":"https://bbc.in/3cjYGTR","custom_bitlinks":[],"long_url":"https://www.bbc.com/","title":"Bitly API post test2","archived":false,"created_by":"bharathamanik","client_id":"a5e8cebb233c5d07e5c553e917dffb92fec5264d","tags":["tr","api"],"deeplinks":[],"references":{"group":"https://api-ssl.bitly.com/v4/groups/Bl39i27Ji5U"}},{"created_at":"2021-03-09T23:38:42+0000","id":"bbc.in/30qdAT7","link":"https://bbc.in/30qdAT7","custom_bitlinks":[],"long_url":"https://www.bbc.co.uk/","title":"Bitly API post test","archived":false,"created_by":"bharathamanik","client_id":"a5e8cebb233c5d07e5c553e917dffb92fec5264d","tags":["bitly","api"],"deeplinks":[],"references":{"group":"https://api-ssl.bitly.com/v4/groups/Bl39i27Ji5U"}},{"created_at":"2021-03-09T18:04:53+0000","id":"bit.ly/38lg8Gk","link":"https://bit.ly/38lg8Gk","custom_bitlinks":[]"
00:43:35.821 [ForkJoinPool-1-worker-7] DEBUG org.apache.http.wire - http-outgoing-3 << ""archived":false,"created_by":"bharathamanik","client_id":"a5e8cebb233c5d07e5c553e917dffb92fec5264d","tags":["bitly","api"],"deeplinks":[],"references":{"group":"https://api-ssl.bitly.com/v4/groups/Bl39i27Ji5U"}},{"created_at":"2021-03-10T18:31:06+0000","id":"bbc.in/3cjYGTR","link":"https://bbc.in/3cjYGTR","custom_bitlinks":[],"long_url":"https://www.bbc.com/","title":"Bitly API post test2","archived":false,"created_by":"bharathamanik","client_id":"a5e8cebb233c5d07e5c553e917dffb92fec5264d","tags":["tr","api"],"deeplinks":[],"references":{"group":"https://api-ssl.bitly.com/v4/groups/Bl39i27Ji5U"}},{"created_at":"2021-03-09T23:38:42+0000","id":"bbc.in/30qdAT7","link":"https://bbc.in/30qdAT7","custom_bitlinks":[],"long_url":"https://www.bbc.co.uk/","title":"Bitly API post test","archived":false,"created_by":"bharathamanik","client_id":"a5e8cebb233c5d07e5c553e917dffb92fec5264d","tags":["bitly","api"],"deeplinks":[],"references":{"group":"https://api-ssl.bitly.com/v4/groups/Bl39i27Ji5U"}},{"created_at":"2021-03-09T18:04:53+0000","id":"bit.ly/38lg8Gk","link":"https://bit.ly/38lg8Gk","custom_bitlinks":[]"
00:43:35.821 [ForkJoinPool-1-worker-11] DEBUG org.apache.http.wire - http-outgoing-2 << ","long_url":"http://admin.com/","title":"UNIX and Linux System Administration Handbook, Fifth Edtion","archived":false,"created_by":"bharathamanik","client_id":"ece654beaf35f9c29f610ffd4fb128702b4bad15","tags":["Test_Tag"],"deeplinks":[],"references":{"group":"https://api-ssl.bitly.com/v4/groups/Bl39i27Ji5U"}},{"created_at":"2021-03-09T18:04:36+0000","id":"bit.ly/3ceZUjb","link":"https://bit.ly/3ceZUjb","custom_bitlinks":[],"long_url":"http://test.com/","archived":false,"created_by":"bharathamanik","client_id":"ece654beaf35f9c29f610ffd4fb128702b4bad15","tags":["Test_Tag"],"deeplinks":[],"references":{"group":"https://api-ssl.bitly.com/v4/groups/Bl39i27Ji5U"}},{"created_at":"2021-03-09T18:04:14+0000","id":"bit.ly/2ODsGly","link":"https://bit.ly/2ODsGly","custom_bitlinks":[],"long_url":"https://www.google.com/","title":"Google share","archived":false,"created_by":"bharathamanik","client_id":"ece654beaf35f9c29f610ffd4fb128702b4bad15","tags":[],"deeplinks":[],"references":{"group":"https://api-ssl.bitly.com/v4/groups/Bl39i27Ji5U"}},{"created_at":"2021-03-09T18:03:30+0000","id":"bit.ly/3bvcBqO","link":"https://bit.ly/3bvcBqO","custom_bitlinks":[],"long_url":"http://karthik.com/","archived":false,"created_by":"bharathamanik","client_id":"ece654beaf35f9c29f610ffd4fb128702b4bad15","tags":[],"deeplinks":[],"references":{"group":"https://api-ssl.bitly.com/v4/groups/Bl39i27Ji5U"}}],"p"
00:43:35.821 [ForkJoinPool-1-worker-7] DEBUG org.apache.http.wire - http-outgoing-3 << ","long_url":"http://admin.com/","title":"UNIX and Linux System Administration Handbook, Fifth Edtion","archived":false,"created_by":"bharathamanik","client_id":"ece654beaf35f9c29f610ffd4fb128702b4bad15","tags":["Test_Tag"],"deeplinks":[],"references":{"group":"https://api-ssl.bitly.com/v4/groups/Bl39i27Ji5U"}},{"created_at":"2021-03-09T18:04:36+0000","id":"bit.ly/3ceZUjb","link":"https://bit.ly/3ceZUjb","custom_bitlinks":[],"long_url":"http://test.com/","archived":false,"created_by":"bharathamanik","client_id":"ece654beaf35f9c29f610ffd4fb128702b4bad15","tags":["Test_Tag"],"deeplinks":[],"references":{"group":"https://api-ssl.bitly.com/v4/groups/Bl39i27Ji5U"}},{"created_at":"2021-03-09T18:04:14+0000","id":"bit.ly/2ODsGly","link":"https://bit.ly/2ODsGly","custom_bitlinks":[],"long_url":"https://www.google.com/","title":"Google share","archived":false,"created_by":"bharathamanik","client_id":"ece654beaf35f9c29f610ffd4fb128702b4bad15","tags":[],"deeplinks":[],"references":{"group":"https://api-ssl.bitly.com/v4/groups/Bl39i27Ji5U"}},{"created_at":"2021-03-09T18:03:30+0000","id":"bit.ly/3bvcBqO","link":"https://bit.ly/3bvcBqO","custom_bitlinks":[],"long_url":"http://karthik.com/","archived":false,"created_by":"bharathamanik","client_id":"ece654beaf35f9c29f610ffd4fb128702b4bad15","tags":[],"deeplinks":[],"references":{"group":"https://api-ssl.bitly.com/v4/groups/Bl39i27Ji5U"}}],"p"
00:43:35.821 [ForkJoinPool-1-worker-11] DEBUG org.apache.http.wire - http-outgoing-2 << "agination":{"prev":"","next":"","size":50,"page":1,"total":17}}[\r][\n]"
00:43:35.822 [ForkJoinPool-1-worker-11] DEBUG org.apache.http.wire - http-outgoing-2 << "0[\r][\n]"
00:43:35.822 [ForkJoinPool-1-worker-11] DEBUG org.apache.http.wire - http-outgoing-2 << "[\r][\n]"
00:43:35.822 [ForkJoinPool-1-worker-7] DEBUG org.apache.http.wire - http-outgoing-3 << "agination":{"prev":"","next":"","size":50,"page":1,"total":17}}[\r][\n]"
00:43:35.822 [ForkJoinPool-1-worker-11] DEBUG org.apache.http.impl.conn.PoolingHttpClientConnectionManager - Connection [id: 4][route: {s}->https://api-ssl.bitly.com:443] can be kept alive indefinitely
00:43:35.822 [ForkJoinPool-1-worker-7] DEBUG org.apache.http.wire - http-outgoing-3 << "0[\r][\n]"
00:43:35.822 [ForkJoinPool-1-worker-11] DEBUG org.apache.http.impl.conn.DefaultManagedHttpClientConnection - http-outgoing-2: set socket timeout to 0
00:43:35.822 [ForkJoinPool-1-worker-7] DEBUG org.apache.http.wire - http-outgoing-3 << "[\r][\n]"
00:43:35.822 [ForkJoinPool-1-worker-11] DEBUG org.apache.http.impl.conn.PoolingHttpClientConnectionManager - Connection released: [id: 4][route: {s}->https://api-ssl.bitly.com:443][total available: 1; route allocated: 1 of 5; total allocated: 1 of 10]
00:43:35.822 [ForkJoinPool-1-worker-7] DEBUG org.apache.http.impl.conn.PoolingHttpClientConnectionManager - Connection [id: 0][route: {s}->https://api-ssl.bitly.com:443] can be kept alive indefinitely
00:43:35.822 [ForkJoinPool-1-worker-7] DEBUG org.apache.http.impl.conn.DefaultManagedHttpClientConnection - http-outgoing-3: set socket timeout to 0
00:43:35.822 [ForkJoinPool-1-worker-11] DEBUG com.intuit.karate - response time in milliseconds: 442.52
1 < 200
1 < Alt-Svc: clear
1 < Content-Security-Policy: default-src 'none
1 < Content-Type: application/json
1 < Date: Fri, 12 Mar 2021 00:43:35 GMT
1 < Server: nginx
1 < Strict-Transport-Security: max-age=31536000; includeSubDomains
1 < Transfer-Encoding: chunked
1 < Via: 1.1 google
1 < X-Content-Type-Options: nosniff
1 < X-Frame-Options: DENY
1 < X-XSS-Protection: 1; mode=blockFilter
{"links":[{"created_at":"2021-03-12T00:19:45+0000","id":"bit.ly/3qG3Z50","link":"https://bit.ly/3qG3Z50","custom_bitlinks":[],"long_url":"https://www.bbc.com.delete/","title":"Newpp","archived":false,"created_by":"bharathamanik","client_id":"a5e8cebb233c5d07e5c553e917dffb92fec5264d","tags":[],"deeplinks":[],"references":{"group":"https://api-ssl.bitly.com/v4/groups/Bl39i27Ji5U"}},{"created_at":"2021-03-11T23:43:23+0000","id":"bit.ly/3qAb1s1","link":"https://bit.ly/3qAb1s1","custom_bitlinks":[],"long_url":"https://www.bbc.co.us/","title":"tesrt","archived":false,"created_by":"bharathamanik","client_id":"a5e8cebb233c5d07e5c553e917dffb92fec5264d","tags":[],"deeplinks":[],"references":{"group":"https://api-ssl.bitly.com/v4/groups/Bl39i27Ji5U"}},{"created_at":"2021-03-11T23:42:57+0000","id":"bit.ly/3bDhCOg","link":"https://bit.ly/3bDhCOg","custom_bitlinks":[],"long_url":"https://www.bbc.co.usa1212/","title":"tesrt","archived":false,"created_by":"bharathamanik","client_id":"a5e8cebb233c5d07e5c553e917dffb92fec5264d","tags":[],"deeplinks":[],"references":{"group":"https://api-ssl.bitly.com/v4/groups/Bl39i27Ji5U"}},{"created_at":"2021-03-11T23:09:22+0000","id":"bit.ly/3rzM0i5","link":"https://bit.ly/3rzM0i5","custom_bitlinks":[],"long_url":"https://www.bbc.co.uuuuu/","title":"test","archived":false,"created_by":"bharathamanik","client_id":"a5e8cebb233c5d07e5c553e917dffb92fec5264d","tags":[],"deeplinks":[],"references":{"group":"https://api-ssl.bitly.com/v4/groups/Bl39i27Ji5U"}},{"created_at":"2021-03-11T23:00:33+0000","id":"bit.ly/30zP8P7","link":"https://bit.ly/30zP8P7","custom_bitlinks":[],"long_url":"https://www.bbc.co.ken/","title":"test","archived":false,"created_by":"bharathamanik","client_id":"a5e8cebb233c5d07e5c553e917dffb92fec5264d","tags":["tr","api"],"deeplinks":[],"references":{"group":"https://api-ssl.bitly.com/v4/groups/Bl39i27Ji5U"}},{"created_at":"2021-03-11T21:39:34+0000","id":"bit.ly/2OHRybK","link":"https://bit.ly/2OHRybK","custom_bitlinks":[],"long_url":"https://www.bbc.co.ue/","title":"test","archived":false,"created_by":"bharathamanik","client_id":"a5e8cebb233c5d07e5c553e917dffb92fec5264d","tags":["tr","api"],"deeplinks":[],"references":{"group":"https://api-ssl.bitly.com/v4/groups/Bl39i27Ji5U"}},{"created_at":"2021-03-11T21:38:24+0000","id":"bit.ly/3qGe5TD","link":"https://bit.ly/3qGe5TD","custom_bitlinks":[],"long_url":"https://www.bbc.co.edu/","title":"Bitly API post test2","archived":false,"created_by":"bharathamanik","client_id":"a5e8cebb233c5d07e5c553e917dffb92fec5264d","tags":["tr","api"],"deeplinks":[],"references":{"group":"https://api-ssl.bitly.com/v4/groups/Bl39i27Ji5U"}},{"created_at":"2021-03-11T19:21:23+0000","id":"bit.ly/38tyMM8","link":"https://bit.ly/38tyMM8","custom_bitlinks":[],"long_url":"https://www.bbc.co.tr/","title":"Bitly API post test2","archived":false,"created_by":"bharathamanik","client_id":"a5e8cebb233c5d07e5c553e917dffb92fec5264d","tags":["tr","api"],"deeplinks":[],"references":{"group":"https://api-ssl.bitly.com/v4/groups/Bl39i27Ji5U"}},{"created_at":"2021-03-11T19:17:21+0000","id":"bit.ly/2Na0Gph","link":"https://bit.ly/2Na0Gph","custom_bitlinks":[],"long_url":"https://www.bbc.co.dr/","title":"Bitly API post test2","archived":false,"created_by":"bharathamanik","client_id":"a5e8cebb233c5d07e5c553e917dffb92fec5264d","tags":["dr","api"],"deeplinks":[],"references":{"group":"https://api-ssl.bitly.com/v4/groups/Bl39i27Ji5U"}},{"created_at":"2021-03-11T18:39:46+0000","id":"bit.ly/3qB7Ujx","link":"https://bit.ly/3qB7Ujx","custom_bitlinks":[],"long_url":"https://www.bbc.co.eu/","title":"Bitly API post test2","archived":false,"created_by":"bharathamanik","client_id":"a5e8cebb233c5d07e5c553e917dffb92fec5264d","tags":["bitly","api"],"deeplinks":[],"references":{"group":"https://api-ssl.bitly.com/v4/groups/Bl39i27Ji5U"}},{"created_at":"2021-03-11T18:37:21+0000","id":"bit.ly/3bF1a05","link":"https://bit.ly/3bF1a05","custom_bitlinks":[],"long_url":"https://www.bbc.co.in/","title":"Bitly API post test2","archived":false,"created_by":"bharathamanik","client_id":"a5e8cebb233c5d07e5c553e917dffb92fec5264d","tags":["bitly","api"],"deeplinks":[],"references":{"group":"https://api-ssl.bitly.com/v4/groups/Bl39i27Ji5U"}},{"created_at":"2021-03-10T18:31:06+0000","id":"bbc.in/3cjYGTR","link":"https://bbc.in/3cjYGTR","custom_bitlinks":[],"long_url":"https://www.bbc.com/","title":"Bitly API post test2","archived":false,"created_by":"bharathamanik","client_id":"a5e8cebb233c5d07e5c553e917dffb92fec5264d","tags":["tr","api"],"deeplinks":[],"references":{"group":"https://api-ssl.bitly.com/v4/groups/Bl39i27Ji5U"}},{"created_at":"2021-03-09T23:38:42+0000","id":"bbc.in/30qdAT7","link":"https://bbc.in/30qdAT7","custom_bitlinks":[],"long_url":"https://www.bbc.co.uk/","title":"Bitly API post test","archived":false,"created_by":"bharathamanik","client_id":"a5e8cebb233c5d07e5c553e917dffb92fec5264d","tags":["bitly","api"],"deeplinks":[],"references":{"group":"https://api-ssl.bitly.com/v4/groups/Bl39i27Ji5U"}},{"created_at":"2021-03-09T18:04:53+0000","id":"bit.ly/38lg8Gk","link":"https://bit.ly/38lg8Gk","custom_bitlinks":[],"long_url":"http://admin.com/","title":"UNIX and Linux System Administration Handbook, Fifth Edtion","archived":false,"created_by":"bharathamanik","client_id":"ece654beaf35f9c29f610ffd4fb128702b4bad15","tags":["Test_Tag"],"deeplinks":[],"references":{"group":"https://api-ssl.bitly.com/v4/groups/Bl39i27Ji5U"}},{"created_at":"2021-03-09T18:04:36+0000","id":"bit.ly/3ceZUjb","link":"https://bit.ly/3ceZUjb","custom_bitlinks":[],"long_url":"http://test.com/","archived":false,"created_by":"bharathamanik","client_id":"ece654beaf35f9c29f610ffd4fb128702b4bad15","tags":["Test_Tag"],"deeplinks":[],"references":{"group":"https://api-ssl.bitly.com/v4/groups/Bl39i27Ji5U"}},{"created_at":"2021-03-09T18:04:14+0000","id":"bit.ly/2ODsGly","link":"https://bit.ly/2ODsGly","custom_bitlinks":[],"long_url":"https://www.google.com/","title":"Google share","archived":false,"created_by":"bharathamanik","client_id":"ece654beaf35f9c29f610ffd4fb128702b4bad15","tags":[],"deeplinks":[],"references":{"group":"https://api-ssl.bitly.com/v4/groups/Bl39i27Ji5U"}},{"created_at":"2021-03-09T18:03:30+0000","id":"bit.ly/3bvcBqO","link":"https://bit.ly/3bvcBqO","custom_bitlinks":[],"long_url":"http://karthik.com/","archived":false,"created_by":"bharathamanik","client_id":"ece654beaf35f9c29f610ffd4fb128702b4bad15","tags":[],"deeplinks":[],"references":{"group":"https://api-ssl.bitly.com/v4/groups/Bl39i27Ji5U"}}],"pagination":{"prev":"","next":"","size":50,"page":1,"total":17}}

00:43:35.822 [ForkJoinPool-1-worker-7] DEBUG org.apache.http.impl.conn.PoolingHttpClientConnectionManager - Connection released: [id: 0][route: {s}->https://api-ssl.bitly.com:443][total available: 1; route allocated: 1 of 5; total allocated: 1 of 10]
00:43:35.822 [ForkJoinPool-1-worker-7] DEBUG com.intuit.karate - response time in milliseconds: 444.62
1 < 200
1 < Alt-Svc: clear
1 < Content-Security-Policy: default-src 'none
1 < Content-Type: application/json
1 < Date: Fri, 12 Mar 2021 00:43:35 GMT
1 < Server: nginx
1 < Strict-Transport-Security: max-age=31536000; includeSubDomains
1 < Transfer-Encoding: chunked
1 < Via: 1.1 google
1 < X-Content-Type-Options: nosniff
1 < X-Frame-Options: DENY
1 < X-XSS-Protection: 1; mode=blockFilter
{"links":[{"created_at":"2021-03-12T00:19:45+0000","id":"bit.ly/3qG3Z50","link":"https://bit.ly/3qG3Z50","custom_bitlinks":[],"long_url":"https://www.bbc.com.delete/","title":"Newpp","archived":false,"created_by":"bharathamanik","client_id":"a5e8cebb233c5d07e5c553e917dffb92fec5264d","tags":[],"deeplinks":[],"references":{"group":"https://api-ssl.bitly.com/v4/groups/Bl39i27Ji5U"}},{"created_at":"2021-03-11T23:43:23+0000","id":"bit.ly/3qAb1s1","link":"https://bit.ly/3qAb1s1","custom_bitlinks":[],"long_url":"https://www.bbc.co.us/","title":"tesrt","archived":false,"created_by":"bharathamanik","client_id":"a5e8cebb233c5d07e5c553e917dffb92fec5264d","tags":[],"deeplinks":[],"references":{"group":"https://api-ssl.bitly.com/v4/groups/Bl39i27Ji5U"}},{"created_at":"2021-03-11T23:42:57+0000","id":"bit.ly/3bDhCOg","link":"https://bit.ly/3bDhCOg","custom_bitlinks":[],"long_url":"https://www.bbc.co.usa1212/","title":"tesrt","archived":false,"created_by":"bharathamanik","client_id":"a5e8cebb233c5d07e5c553e917dffb92fec5264d","tags":[],"deeplinks":[],"references":{"group":"https://api-ssl.bitly.com/v4/groups/Bl39i27Ji5U"}},{"created_at":"2021-03-11T23:09:22+0000","id":"bit.ly/3rzM0i5","link":"https://bit.ly/3rzM0i5","custom_bitlinks":[],"long_url":"https://www.bbc.co.uuuuu/","title":"test","archived":false,"created_by":"bharathamanik","client_id":"a5e8cebb233c5d07e5c553e917dffb92fec5264d","tags":[],"deeplinks":[],"references":{"group":"https://api-ssl.bitly.com/v4/groups/Bl39i27Ji5U"}},{"created_at":"2021-03-11T23:00:33+0000","id":"bit.ly/30zP8P7","link":"https://bit.ly/30zP8P7","custom_bitlinks":[],"long_url":"https://www.bbc.co.ken/","title":"test","archived":false,"created_by":"bharathamanik","client_id":"a5e8cebb233c5d07e5c553e917dffb92fec5264d","tags":["tr","api"],"deeplinks":[],"references":{"group":"https://api-ssl.bitly.com/v4/groups/Bl39i27Ji5U"}},{"created_at":"2021-03-11T21:39:34+0000","id":"bit.ly/2OHRybK","link":"https://bit.ly/2OHRybK","custom_bitlinks":[],"long_url":"https://www.bbc.co.ue/","title":"test","archived":false,"created_by":"bharathamanik","client_id":"a5e8cebb233c5d07e5c553e917dffb92fec5264d","tags":["tr","api"],"deeplinks":[],"references":{"group":"https://api-ssl.bitly.com/v4/groups/Bl39i27Ji5U"}},{"created_at":"2021-03-11T21:38:24+0000","id":"bit.ly/3qGe5TD","link":"https://bit.ly/3qGe5TD","custom_bitlinks":[],"long_url":"https://www.bbc.co.edu/","title":"Bitly API post test2","archived":false,"created_by":"bharathamanik","client_id":"a5e8cebb233c5d07e5c553e917dffb92fec5264d","tags":["tr","api"],"deeplinks":[],"references":{"group":"https://api-ssl.bitly.com/v4/groups/Bl39i27Ji5U"}},{"created_at":"2021-03-11T19:21:23+0000","id":"bit.ly/38tyMM8","link":"https://bit.ly/38tyMM8","custom_bitlinks":[],"long_url":"https://www.bbc.co.tr/","title":"Bitly API post test2","archived":false,"created_by":"bharathamanik","client_id":"a5e8cebb233c5d07e5c553e917dffb92fec5264d","tags":["tr","api"],"deeplinks":[],"references":{"group":"https://api-ssl.bitly.com/v4/groups/Bl39i27Ji5U"}},{"created_at":"2021-03-11T19:17:21+0000","id":"bit.ly/2Na0Gph","link":"https://bit.ly/2Na0Gph","custom_bitlinks":[],"long_url":"https://www.bbc.co.dr/","title":"Bitly API post test2","archived":false,"created_by":"bharathamanik","client_id":"a5e8cebb233c5d07e5c553e917dffb92fec5264d","tags":["dr","api"],"deeplinks":[],"references":{"group":"https://api-ssl.bitly.com/v4/groups/Bl39i27Ji5U"}},{"created_at":"2021-03-11T18:39:46+0000","id":"bit.ly/3qB7Ujx","link":"https://bit.ly/3qB7Ujx","custom_bitlinks":[],"long_url":"https://www.bbc.co.eu/","title":"Bitly API post test2","archived":false,"created_by":"bharathamanik","client_id":"a5e8cebb233c5d07e5c553e917dffb92fec5264d","tags":["bitly","api"],"deeplinks":[],"references":{"group":"https://api-ssl.bitly.com/v4/groups/Bl39i27Ji5U"}},{"created_at":"2021-03-11T18:37:21+0000","id":"bit.ly/3bF1a05","link":"https://bit.ly/3bF1a05","custom_bitlinks":[],"long_url":"https://www.bbc.co.in/","title":"Bitly API post test2","archived":false,"created_by":"bharathamanik","client_id":"a5e8cebb233c5d07e5c553e917dffb92fec5264d","tags":["bitly","api"],"deeplinks":[],"references":{"group":"https://api-ssl.bitly.com/v4/groups/Bl39i27Ji5U"}},{"created_at":"2021-03-10T18:31:06+0000","id":"bbc.in/3cjYGTR","link":"https://bbc.in/3cjYGTR","custom_bitlinks":[],"long_url":"https://www.bbc.com/","title":"Bitly API post test2","archived":false,"created_by":"bharathamanik","client_id":"a5e8cebb233c5d07e5c553e917dffb92fec5264d","tags":["tr","api"],"deeplinks":[],"references":{"group":"https://api-ssl.bitly.com/v4/groups/Bl39i27Ji5U"}},{"created_at":"2021-03-09T23:38:42+0000","id":"bbc.in/30qdAT7","link":"https://bbc.in/30qdAT7","custom_bitlinks":[],"long_url":"https://www.bbc.co.uk/","title":"Bitly API post test","archived":false,"created_by":"bharathamanik","client_id":"a5e8cebb233c5d07e5c553e917dffb92fec5264d","tags":["bitly","api"],"deeplinks":[],"references":{"group":"https://api-ssl.bitly.com/v4/groups/Bl39i27Ji5U"}},{"created_at":"2021-03-09T18:04:53+0000","id":"bit.ly/38lg8Gk","link":"https://bit.ly/38lg8Gk","custom_bitlinks":[],"long_url":"http://admin.com/","title":"UNIX and Linux System Administration Handbook, Fifth Edtion","archived":false,"created_by":"bharathamanik","client_id":"ece654beaf35f9c29f610ffd4fb128702b4bad15","tags":["Test_Tag"],"deeplinks":[],"references":{"group":"https://api-ssl.bitly.com/v4/groups/Bl39i27Ji5U"}},{"created_at":"2021-03-09T18:04:36+0000","id":"bit.ly/3ceZUjb","link":"https://bit.ly/3ceZUjb","custom_bitlinks":[],"long_url":"http://test.com/","archived":false,"created_by":"bharathamanik","client_id":"ece654beaf35f9c29f610ffd4fb128702b4bad15","tags":["Test_Tag"],"deeplinks":[],"references":{"group":"https://api-ssl.bitly.com/v4/groups/Bl39i27Ji5U"}},{"created_at":"2021-03-09T18:04:14+0000","id":"bit.ly/2ODsGly","link":"https://bit.ly/2ODsGly","custom_bitlinks":[],"long_url":"https://www.google.com/","title":"Google share","archived":false,"created_by":"bharathamanik","client_id":"ece654beaf35f9c29f610ffd4fb128702b4bad15","tags":[],"deeplinks":[],"references":{"group":"https://api-ssl.bitly.com/v4/groups/Bl39i27Ji5U"}},{"created_at":"2021-03-09T18:03:30+0000","id":"bit.ly/3bvcBqO","link":"https://bit.ly/3bvcBqO","custom_bitlinks":[],"long_url":"http://karthik.com/","archived":false,"created_by":"bharathamanik","client_id":"ece654beaf35f9c29f610ffd4fb128702b4bad15","tags":[],"deeplinks":[],"references":{"group":"https://api-ssl.bitly.com/v4/groups/Bl39i27Ji5U"}}],"pagination":{"prev":"","next":"","size":50,"page":1,"total":17}}

00:43:35.825 [ForkJoinPool-1-worker-11] DEBUG com.jayway.jsonpath.internal.path.CompiledPath - Evaluating path: $['pagination']['size']
00:43:35.827 [ForkJoinPool-1-worker-7] DEBUG com.jayway.jsonpath.internal.path.CompiledPath - Evaluating path: $['links'][0]['archived']
00:43:35.827 [ForkJoinPool-1-worker-7] DEBUG com.jayway.jsonpath.internal.path.CompiledPath - Evaluating path: $
00:43:35.828 [ForkJoinPool-1-worker-7] DEBUG com.jayway.jsonpath.internal.path.CompiledPath - Evaluating path: $['pagination']
00:43:35.828 [ForkJoinPool-1-worker-7] DEBUG com.jayway.jsonpath.internal.path.CompiledPath - Evaluating path: $
00:43:35.831 [ForkJoinPool-1-worker-11] DEBUG com.jayway.jsonpath.internal.path.CompiledPath - Evaluating path: $
00:43:35.833 [ForkJoinPool-1-worker-7] DEBUG com.jayway.jsonpath.internal.path.CompiledPath - Evaluating path: $
00:43:35.836 [ForkJoinPool-1-worker-11] DEBUG com.jayway.jsonpath.internal.path.CompiledPath - Evaluating path: $
00:43:35.837 [ForkJoinPool-1-worker-11] DEBUG org.apache.http.client.protocol.RequestAddCookies - CookieSpec selected: karate
00:43:35.838 [ForkJoinPool-1-worker-11] DEBUG org.apache.http.client.protocol.RequestAuthCache - Auth cache not set in the context
00:43:35.838 [ForkJoinPool-1-worker-11] DEBUG com.intuit.karate - request:
1 > POST https://api-ssl.bitly.com/v4/groups
1 > Accept: */*
1 > Accept-Encoding: gzip,deflate
1 > Authorization: Bearer 48a7fe60034be1eb264102c122d31ea48f4ef04e
1 > Connection: Keep-Alive
1 > Content-Length: 0
1 > Content-Type: application/json
1 > Host: api-ssl.bitly.com
1 > User-Agent: Apache-HttpClient/4.5.12 (Java/14.0.2)


00:43:35.838 [ForkJoinPool-1-worker-11] DEBUG org.apache.http.impl.conn.PoolingHttpClientConnectionManager - Connection request: [route: {s}->https://api-ssl.bitly.com:443][total available: 0; route allocated: 0 of 5; total allocated: 0 of 10]
00:43:35.838 [ForkJoinPool-1-worker-11] DEBUG org.apache.http.impl.conn.PoolingHttpClientConnectionManager - Connection leased: [id: 8][route: {s}->https://api-ssl.bitly.com:443][total available: 0; route allocated: 1 of 5; total allocated: 1 of 10]
00:43:35.838 [ForkJoinPool-1-worker-11] DEBUG org.apache.http.impl.execchain.MainClientExec - Opening connection {s}->https://api-ssl.bitly.com:443
00:43:35.838 [ForkJoinPool-1-worker-11] DEBUG org.apache.http.impl.conn.DefaultHttpClientConnectionOperator - Connecting to api-ssl.bitly.com/67.199.248.21:443
00:43:35.838 [ForkJoinPool-1-worker-11] DEBUG org.apache.http.conn.ssl.SSLConnectionSocketFactory - Connecting socket to api-ssl.bitly.com/67.199.248.21:443 with timeout 3000
00:43:35.839 [ForkJoinPool-1-worker-7] DEBUG com.jayway.jsonpath.internal.path.CompiledPath - Evaluating path: $
00:43:35.839 [ForkJoinPool-1-worker-7] DEBUG com.jayway.jsonpath.internal.path.CompiledPath - Evaluating path: $
00:43:35.842 [ForkJoinPool-1-worker-7] DEBUG com.jayway.jsonpath.internal.path.CompiledPath - Evaluating path: $
00:43:35.843 [ForkJoinPool-1-worker-7] DEBUG org.apache.http.client.protocol.RequestAddCookies - CookieSpec selected: karate
00:43:35.843 [ForkJoinPool-1-worker-7] DEBUG org.apache.http.client.protocol.RequestAuthCache - Auth cache not set in the context
00:43:35.843 [ForkJoinPool-1-worker-9] DEBUG org.apache.http.conn.ssl.SSLConnectionSocketFactory - Secure session established
00:43:35.843 [ForkJoinPool-1-worker-7] DEBUG com.intuit.karate - request:
1 > POST https://api-ssl.bitly.com/v4/bitlinks
1 > Accept: */*
1 > Accept-Encoding: gzip,deflate
1 > Authorization: Bearer 48a7fe60034be1eb264102c122d31ea48f4ef04e
1 > Connection: Keep-Alive
1 > Content-Length: 98
1 > Content-Type: application/json
1 > Host: api-ssl.bitly.com
1 > User-Agent: Apache-HttpClient/4.5.12 (Java/14.0.2)
{"long_url":"https://www.bbc.co.ken/","domain":"bit.ly","group_guid":"Bl39i27Ji5U","title":"test"}

00:43:35.843 [ForkJoinPool-1-worker-9] DEBUG org.apache.http.conn.ssl.SSLConnectionSocketFactory -  negotiated protocol: TLSv1.3
00:43:35.844 [ForkJoinPool-1-worker-9] DEBUG org.apache.http.conn.ssl.SSLConnectionSocketFactory -  negotiated cipher suite: TLS_AES_256_GCM_SHA384
00:43:35.844 [ForkJoinPool-1-worker-9] DEBUG org.apache.http.conn.ssl.SSLConnectionSocketFactory -  peer principal: CN=api-ssl.bitly.com, O="Bitly, Inc.", L=New York, ST=New York, C=US, SERIALNUMBER=4627013, OID.1.3.6.1.4.1.311.60.2.1.2=Delaware, OID.1.3.6.1.4.1.311.60.2.1.3=US, OID.2.5.4.15=Private Organization
00:43:35.844 [ForkJoinPool-1-worker-7] DEBUG org.apache.http.impl.conn.PoolingHttpClientConnectionManager - Connection request: [route: {s}->https://api-ssl.bitly.com:443][total available: 0; route allocated: 0 of 5; total allocated: 0 of 10]
00:43:35.844 [ForkJoinPool-1-worker-9] DEBUG org.apache.http.conn.ssl.SSLConnectionSocketFactory -  peer alternative names: [api-ssl.bitly.com]
00:43:35.844 [ForkJoinPool-1-worker-9] DEBUG org.apache.http.conn.ssl.SSLConnectionSocketFactory -  issuer principal: CN=DigiCert SHA2 Extended Validation Server CA, OU=www.digicert.com, O=DigiCert Inc, C=US
00:43:35.844 [ForkJoinPool-1-worker-7] DEBUG org.apache.http.impl.conn.PoolingHttpClientConnectionManager - Connection leased: [id: 9][route: {s}->https://api-ssl.bitly.com:443][total available: 0; route allocated: 1 of 5; total allocated: 1 of 10]
00:43:35.844 [ForkJoinPool-1-worker-7] DEBUG org.apache.http.impl.execchain.MainClientExec - Opening connection {s}->https://api-ssl.bitly.com:443
00:43:35.844 [ForkJoinPool-1-worker-9] DEBUG org.apache.http.impl.conn.DefaultHttpClientConnectionOperator - Connection established 192.168.1.38:56015<->67.199.248.21:443
00:43:35.844 [ForkJoinPool-1-worker-9] DEBUG org.apache.http.impl.conn.DefaultManagedHttpClientConnection - http-outgoing-7: set socket timeout to 3000
00:43:35.844 [ForkJoinPool-1-worker-9] DEBUG org.apache.http.impl.execchain.MainClientExec - Executing request POST /v4/bitlinks HTTP/1.1
00:43:35.844 [ForkJoinPool-1-worker-9] DEBUG org.apache.http.impl.execchain.MainClientExec - Proxy auth state: UNCHALLENGED
00:43:35.844 [ForkJoinPool-1-worker-7] DEBUG org.apache.http.impl.conn.DefaultHttpClientConnectionOperator - Connecting to api-ssl.bitly.com/67.199.248.21:443
00:43:35.844 [ForkJoinPool-1-worker-7] DEBUG org.apache.http.conn.ssl.SSLConnectionSocketFactory - Connecting socket to api-ssl.bitly.com/67.199.248.21:443 with timeout 3000
00:43:35.844 [ForkJoinPool-1-worker-9] DEBUG org.apache.http.headers - http-outgoing-7 >> POST /v4/bitlinks HTTP/1.1
00:43:35.844 [ForkJoinPool-1-worker-9] DEBUG org.apache.http.headers - http-outgoing-7 >> Content-Type: application/json
00:43:35.844 [ForkJoinPool-1-worker-9] DEBUG org.apache.http.headers - http-outgoing-7 >> Authorization: Bearer 48a7fe60034be1eb264102c122d31ea48f4ef04e
00:43:35.844 [ForkJoinPool-1-worker-9] DEBUG org.apache.http.headers - http-outgoing-7 >> Accept: */*
00:43:35.844 [ForkJoinPool-1-worker-9] DEBUG org.apache.http.headers - http-outgoing-7 >> Content-Length: 98
00:43:35.845 [ForkJoinPool-1-worker-9] DEBUG org.apache.http.headers - http-outgoing-7 >> Host: api-ssl.bitly.com
00:43:35.845 [ForkJoinPool-1-worker-9] DEBUG org.apache.http.headers - http-outgoing-7 >> Connection: Keep-Alive
00:43:35.845 [ForkJoinPool-1-worker-9] DEBUG org.apache.http.headers - http-outgoing-7 >> User-Agent: Apache-HttpClient/4.5.12 (Java/14.0.2)
00:43:35.845 [ForkJoinPool-1-worker-9] DEBUG org.apache.http.headers - http-outgoing-7 >> Accept-Encoding: gzip,deflate
00:43:35.845 [ForkJoinPool-1-worker-9] DEBUG org.apache.http.wire - http-outgoing-7 >> "POST /v4/bitlinks HTTP/1.1[\r][\n]"
00:43:35.845 [ForkJoinPool-1-worker-9] DEBUG org.apache.http.wire - http-outgoing-7 >> "Content-Type: application/json[\r][\n]"
00:43:35.845 [ForkJoinPool-1-worker-9] DEBUG org.apache.http.wire - http-outgoing-7 >> "Authorization: Bearer 48a7fe60034be1eb264102c122d31ea48f4ef04e[\r][\n]"
00:43:35.845 [ForkJoinPool-1-worker-9] DEBUG org.apache.http.wire - http-outgoing-7 >> "Accept: */*[\r][\n]"
00:43:35.845 [ForkJoinPool-1-worker-9] DEBUG org.apache.http.wire - http-outgoing-7 >> "Content-Length: 98[\r][\n]"
00:43:35.845 [ForkJoinPool-1-worker-9] DEBUG org.apache.http.wire - http-outgoing-7 >> "Host: api-ssl.bitly.com[\r][\n]"
00:43:35.845 [ForkJoinPool-1-worker-9] DEBUG org.apache.http.wire - http-outgoing-7 >> "Connection: Keep-Alive[\r][\n]"
00:43:35.845 [ForkJoinPool-1-worker-9] DEBUG org.apache.http.wire - http-outgoing-7 >> "User-Agent: Apache-HttpClient/4.5.12 (Java/14.0.2)[\r][\n]"
00:43:35.845 [ForkJoinPool-1-worker-9] DEBUG org.apache.http.wire - http-outgoing-7 >> "Accept-Encoding: gzip,deflate[\r][\n]"
00:43:35.845 [ForkJoinPool-1-worker-9] DEBUG org.apache.http.wire - http-outgoing-7 >> "[\r][\n]"
00:43:35.845 [ForkJoinPool-1-worker-9] DEBUG org.apache.http.wire - http-outgoing-7 >> "{"long_url":"https://www.bbc.co.ken/","domain":"bit.ly","group_guid":"Bl39i27Ji5U","title":"test"}"
00:43:35.845 [ForkJoinPool-1-worker-5] DEBUG org.apache.http.conn.ssl.SSLConnectionSocketFactory - Secure session established
00:43:35.846 [ForkJoinPool-1-worker-5] DEBUG org.apache.http.conn.ssl.SSLConnectionSocketFactory -  negotiated protocol: TLSv1.3
00:43:35.846 [ForkJoinPool-1-worker-5] DEBUG org.apache.http.conn.ssl.SSLConnectionSocketFactory -  negotiated cipher suite: TLS_AES_256_GCM_SHA384
00:43:35.846 [ForkJoinPool-1-worker-5] DEBUG org.apache.http.conn.ssl.SSLConnectionSocketFactory -  peer principal: CN=api-ssl.bitly.com, O="Bitly, Inc.", L=New York, ST=New York, C=US, SERIALNUMBER=4627013, OID.1.3.6.1.4.1.311.60.2.1.2=Delaware, OID.1.3.6.1.4.1.311.60.2.1.3=US, OID.2.5.4.15=Private Organization
00:43:35.846 [ForkJoinPool-1-worker-5] DEBUG org.apache.http.conn.ssl.SSLConnectionSocketFactory -  peer alternative names: [api-ssl.bitly.com]
00:43:35.846 [ForkJoinPool-1-worker-5] DEBUG org.apache.http.conn.ssl.SSLConnectionSocketFactory -  issuer principal: CN=DigiCert SHA2 Extended Validation Server CA, OU=www.digicert.com, O=DigiCert Inc, C=US
00:43:35.846 [ForkJoinPool-1-worker-5] DEBUG org.apache.http.impl.conn.DefaultHttpClientConnectionOperator - Connection established 192.168.1.38:56014<->67.199.248.21:443
00:43:35.846 [ForkJoinPool-1-worker-5] DEBUG org.apache.http.impl.conn.DefaultManagedHttpClientConnection - http-outgoing-6: set socket timeout to 3000
00:43:35.846 [ForkJoinPool-1-worker-5] DEBUG org.apache.http.impl.execchain.MainClientExec - Executing request GET /v4/groups HTTP/1.1
00:43:35.846 [ForkJoinPool-1-worker-5] DEBUG org.apache.http.impl.execchain.MainClientExec - Proxy auth state: UNCHALLENGED
00:43:35.846 [ForkJoinPool-1-worker-5] DEBUG org.apache.http.headers - http-outgoing-6 >> GET /v4/groups HTTP/1.1
00:43:35.846 [ForkJoinPool-1-worker-5] DEBUG org.apache.http.headers - http-outgoing-6 >> Content-Type: application/json
00:43:35.846 [ForkJoinPool-1-worker-5] DEBUG org.apache.http.headers - http-outgoing-6 >> Authorization: Bearer 48a7fe60034be1eb264102c122d31ea48f4ef04e
00:43:35.846 [ForkJoinPool-1-worker-5] DEBUG org.apache.http.headers - http-outgoing-6 >> Accept: */*
00:43:35.846 [ForkJoinPool-1-worker-5] DEBUG org.apache.http.headers - http-outgoing-6 >> Host: api-ssl.bitly.com
00:43:35.846 [ForkJoinPool-1-worker-5] DEBUG org.apache.http.headers - http-outgoing-6 >> Connection: Keep-Alive
00:43:35.846 [ForkJoinPool-1-worker-5] DEBUG org.apache.http.headers - http-outgoing-6 >> User-Agent: Apache-HttpClient/4.5.12 (Java/14.0.2)
00:43:35.847 [ForkJoinPool-1-worker-5] DEBUG org.apache.http.headers - http-outgoing-6 >> Accept-Encoding: gzip,deflate
00:43:35.847 [ForkJoinPool-1-worker-5] DEBUG org.apache.http.wire - http-outgoing-6 >> "GET /v4/groups HTTP/1.1[\r][\n]"
00:43:35.847 [ForkJoinPool-1-worker-5] DEBUG org.apache.http.wire - http-outgoing-6 >> "Content-Type: application/json[\r][\n]"
00:43:35.847 [ForkJoinPool-1-worker-5] DEBUG org.apache.http.wire - http-outgoing-6 >> "Authorization: Bearer 48a7fe60034be1eb264102c122d31ea48f4ef04e[\r][\n]"
00:43:35.847 [ForkJoinPool-1-worker-5] DEBUG org.apache.http.wire - http-outgoing-6 >> "Accept: */*[\r][\n]"
00:43:35.847 [ForkJoinPool-1-worker-5] DEBUG org.apache.http.wire - http-outgoing-6 >> "Host: api-ssl.bitly.com[\r][\n]"
00:43:35.847 [ForkJoinPool-1-worker-5] DEBUG org.apache.http.wire - http-outgoing-6 >> "Connection: Keep-Alive[\r][\n]"
00:43:35.847 [ForkJoinPool-1-worker-5] DEBUG org.apache.http.wire - http-outgoing-6 >> "User-Agent: Apache-HttpClient/4.5.12 (Java/14.0.2)[\r][\n]"
00:43:35.847 [ForkJoinPool-1-worker-5] DEBUG org.apache.http.wire - http-outgoing-6 >> "Accept-Encoding: gzip,deflate[\r][\n]"
00:43:35.847 [ForkJoinPool-1-worker-5] DEBUG org.apache.http.wire - http-outgoing-6 >> "[\r][\n]"
00:43:35.849 [ForkJoinPool-1-worker-3] DEBUG org.apache.http.conn.ssl.SSLConnectionSocketFactory - Secure session established
00:43:35.849 [ForkJoinPool-1-worker-3] DEBUG org.apache.http.conn.ssl.SSLConnectionSocketFactory -  negotiated protocol: TLSv1.3
00:43:35.849 [ForkJoinPool-1-worker-3] DEBUG org.apache.http.conn.ssl.SSLConnectionSocketFactory -  negotiated cipher suite: TLS_AES_256_GCM_SHA384
00:43:35.849 [ForkJoinPool-1-worker-3] DEBUG org.apache.http.conn.ssl.SSLConnectionSocketFactory -  peer principal: CN=api-ssl.bitly.com, O="Bitly, Inc.", L=New York, ST=New York, C=US, SERIALNUMBER=4627013, OID.1.3.6.1.4.1.311.60.2.1.2=Delaware, OID.1.3.6.1.4.1.311.60.2.1.3=US, OID.2.5.4.15=Private Organization
00:43:35.849 [ForkJoinPool-1-worker-3] DEBUG org.apache.http.conn.ssl.SSLConnectionSocketFactory -  peer alternative names: [api-ssl.bitly.com]
00:43:35.849 [ForkJoinPool-1-worker-3] DEBUG org.apache.http.conn.ssl.SSLConnectionSocketFactory -  issuer principal: CN=DigiCert SHA2 Extended Validation Server CA, OU=www.digicert.com, O=DigiCert Inc, C=US
00:43:35.849 [ForkJoinPool-1-worker-3] DEBUG org.apache.http.impl.conn.DefaultHttpClientConnectionOperator - Connection established 192.168.1.38:56013<->67.199.248.21:443
00:43:35.849 [ForkJoinPool-1-worker-3] DEBUG org.apache.http.impl.conn.DefaultManagedHttpClientConnection - http-outgoing-5: set socket timeout to 3000
00:43:35.849 [ForkJoinPool-1-worker-3] DEBUG org.apache.http.impl.execchain.MainClientExec - Executing request POST /v4/bitlinks HTTP/1.1
00:43:35.849 [ForkJoinPool-1-worker-3] DEBUG org.apache.http.impl.execchain.MainClientExec - Proxy auth state: UNCHALLENGED
00:43:35.849 [ForkJoinPool-1-worker-3] DEBUG org.apache.http.headers - http-outgoing-5 >> POST /v4/bitlinks HTTP/1.1
00:43:35.849 [ForkJoinPool-1-worker-3] DEBUG org.apache.http.headers - http-outgoing-5 >> Content-Type: application/json
00:43:35.849 [ForkJoinPool-1-worker-3] DEBUG org.apache.http.headers - http-outgoing-5 >> Authorization: Bearer 48a7fe60034be1eb264102c122d31ea48f4ef04e
00:43:35.849 [ForkJoinPool-1-worker-3] DEBUG org.apache.http.headers - http-outgoing-5 >> Accept: */*
00:43:35.849 [ForkJoinPool-1-worker-3] DEBUG org.apache.http.headers - http-outgoing-5 >> Content-Length: 98
00:43:35.849 [ForkJoinPool-1-worker-3] DEBUG org.apache.http.headers - http-outgoing-5 >> Host: api-ssl.bitly.com
00:43:35.850 [ForkJoinPool-1-worker-3] DEBUG org.apache.http.headers - http-outgoing-5 >> Connection: Keep-Alive
00:43:35.850 [ForkJoinPool-1-worker-3] DEBUG org.apache.http.headers - http-outgoing-5 >> User-Agent: Apache-HttpClient/4.5.12 (Java/14.0.2)
00:43:35.850 [ForkJoinPool-1-worker-3] DEBUG org.apache.http.headers - http-outgoing-5 >> Accept-Encoding: gzip,deflate
00:43:35.850 [ForkJoinPool-1-worker-3] DEBUG org.apache.http.wire - http-outgoing-5 >> "POST /v4/bitlinks HTTP/1.1[\r][\n]"
00:43:35.850 [ForkJoinPool-1-worker-3] DEBUG org.apache.http.wire - http-outgoing-5 >> "Content-Type: application/json[\r][\n]"
00:43:35.850 [ForkJoinPool-1-worker-3] DEBUG org.apache.http.wire - http-outgoing-5 >> "Authorization: Bearer 48a7fe60034be1eb264102c122d31ea48f4ef04e[\r][\n]"
00:43:35.850 [ForkJoinPool-1-worker-3] DEBUG org.apache.http.wire - http-outgoing-5 >> "Accept: */*[\r][\n]"
00:43:35.850 [ForkJoinPool-1-worker-3] DEBUG org.apache.http.wire - http-outgoing-5 >> "Content-Length: 98[\r][\n]"
00:43:35.850 [ForkJoinPool-1-worker-3] DEBUG org.apache.http.wire - http-outgoing-5 >> "Host: api-ssl.bitly.com[\r][\n]"
00:43:35.850 [ForkJoinPool-1-worker-3] DEBUG org.apache.http.wire - http-outgoing-5 >> "Connection: Keep-Alive[\r][\n]"
00:43:35.850 [ForkJoinPool-1-worker-3] DEBUG org.apache.http.wire - http-outgoing-5 >> "User-Agent: Apache-HttpClient/4.5.12 (Java/14.0.2)[\r][\n]"
00:43:35.850 [ForkJoinPool-1-worker-3] DEBUG org.apache.http.wire - http-outgoing-5 >> "Accept-Encoding: gzip,deflate[\r][\n]"
00:43:35.850 [ForkJoinPool-1-worker-3] DEBUG org.apache.http.wire - http-outgoing-5 >> "[\r][\n]"
00:43:35.850 [ForkJoinPool-1-worker-3] DEBUG org.apache.http.wire - http-outgoing-5 >> "{"long_url":"https://www.bbc.co.ken/","domain":"bit.ly","group_guid":"Bl39i27Ji5U","title":"test"}"
00:43:35.852 [pool-1-thread-1] INFO com.intuit.karate.Runner - <<pass>> feature 1 of 4: src/test/java/groups.links_sort.feature
00:43:35.852 [pool-1-thread-2] INFO com.intuit.karate.Runner - <<pass>> feature 2 of 4: src/test/java/groups.links_sort_pagination.feature
---------------------------------------------------------
---------------------------------------------------------
feature: src/test/java/groups.links_sort_pagination.feature
feature: src/test/java/groups.links_sort.feature
report: target/surefire-reports/src.test.java.groups.links_sort.json
report: target/surefire-reports/src.test.java.groups.links_sort_pagination.json
scenarios:  1 | passed:  1 | failed:  0 | time: 0.5848
scenarios:  2 | passed:  2 | failed:  0 | time: 1.2969
---------------------------------------------------------
---------------------------------------------------------
00:43:35.856 [ForkJoinPool-1-worker-11] DEBUG org.apache.http.conn.ssl.SSLConnectionSocketFactory - Enabled protocols: [TLSv1.3, TLSv1.2, TLSv1.1, TLSv1]
00:43:35.856 [ForkJoinPool-1-worker-11] DEBUG org.apache.http.conn.ssl.SSLConnectionSocketFactory - Enabled cipher suites:[TLS_AES_256_GCM_SHA384, TLS_AES_128_GCM_SHA256, TLS_CHACHA20_POLY1305_SHA256, TLS_ECDHE_ECDSA_WITH_AES_256_GCM_SHA384, TLS_ECDHE_ECDSA_WITH_AES_128_GCM_SHA256, TLS_ECDHE_ECDSA_WITH_CHACHA20_POLY1305_SHA256, TLS_ECDHE_RSA_WITH_AES_256_GCM_SHA384, TLS_ECDHE_RSA_WITH_CHACHA20_POLY1305_SHA256, TLS_ECDHE_RSA_WITH_AES_128_GCM_SHA256, TLS_DHE_RSA_WITH_AES_256_GCM_SHA384, TLS_DHE_RSA_WITH_CHACHA20_POLY1305_SHA256, TLS_DHE_DSS_WITH_AES_256_GCM_SHA384, TLS_DHE_RSA_WITH_AES_128_GCM_SHA256, TLS_DHE_DSS_WITH_AES_128_GCM_SHA256, TLS_ECDHE_ECDSA_WITH_AES_256_CBC_SHA384, TLS_ECDHE_RSA_WITH_AES_256_CBC_SHA384, TLS_ECDHE_ECDSA_WITH_AES_128_CBC_SHA256, TLS_ECDHE_RSA_WITH_AES_128_CBC_SHA256, TLS_DHE_RSA_WITH_AES_256_CBC_SHA256, TLS_DHE_DSS_WITH_AES_256_CBC_SHA256, TLS_DHE_RSA_WITH_AES_128_CBC_SHA256, TLS_DHE_DSS_WITH_AES_128_CBC_SHA256, TLS_ECDH_ECDSA_WITH_AES_256_GCM_SHA384, TLS_ECDH_RSA_WITH_AES_256_GCM_SHA384, TLS_ECDH_ECDSA_WITH_AES_128_GCM_SHA256, TLS_ECDH_RSA_WITH_AES_128_GCM_SHA256, TLS_ECDH_ECDSA_WITH_AES_256_CBC_SHA384, TLS_ECDH_RSA_WITH_AES_256_CBC_SHA384, TLS_ECDH_ECDSA_WITH_AES_128_CBC_SHA256, TLS_ECDH_RSA_WITH_AES_128_CBC_SHA256, TLS_ECDHE_ECDSA_WITH_AES_256_CBC_SHA, TLS_ECDHE_RSA_WITH_AES_256_CBC_SHA, TLS_ECDHE_ECDSA_WITH_AES_128_CBC_SHA, TLS_ECDHE_RSA_WITH_AES_128_CBC_SHA, TLS_DHE_RSA_WITH_AES_256_CBC_SHA, TLS_DHE_DSS_WITH_AES_256_CBC_SHA, TLS_DHE_RSA_WITH_AES_128_CBC_SHA, TLS_DHE_DSS_WITH_AES_128_CBC_SHA, TLS_ECDH_ECDSA_WITH_AES_256_CBC_SHA, TLS_ECDH_RSA_WITH_AES_256_CBC_SHA, TLS_ECDH_ECDSA_WITH_AES_128_CBC_SHA, TLS_ECDH_RSA_WITH_AES_128_CBC_SHA, TLS_RSA_WITH_AES_256_GCM_SHA384, TLS_RSA_WITH_AES_128_GCM_SHA256, TLS_RSA_WITH_AES_256_CBC_SHA256, TLS_RSA_WITH_AES_128_CBC_SHA256, TLS_RSA_WITH_AES_256_CBC_SHA, TLS_RSA_WITH_AES_128_CBC_SHA, TLS_EMPTY_RENEGOTIATION_INFO_SCSV]
00:43:35.856 [ForkJoinPool-1-worker-11] DEBUG org.apache.http.conn.ssl.SSLConnectionSocketFactory - Starting handshake
00:43:35.861 [ForkJoinPool-1-worker-7] DEBUG org.apache.http.conn.ssl.SSLConnectionSocketFactory - Enabled protocols: [TLSv1.3, TLSv1.2, TLSv1.1, TLSv1]
00:43:35.861 [ForkJoinPool-1-worker-7] DEBUG org.apache.http.conn.ssl.SSLConnectionSocketFactory - Enabled cipher suites:[TLS_AES_256_GCM_SHA384, TLS_AES_128_GCM_SHA256, TLS_CHACHA20_POLY1305_SHA256, TLS_ECDHE_ECDSA_WITH_AES_256_GCM_SHA384, TLS_ECDHE_ECDSA_WITH_AES_128_GCM_SHA256, TLS_ECDHE_ECDSA_WITH_CHACHA20_POLY1305_SHA256, TLS_ECDHE_RSA_WITH_AES_256_GCM_SHA384, TLS_ECDHE_RSA_WITH_CHACHA20_POLY1305_SHA256, TLS_ECDHE_RSA_WITH_AES_128_GCM_SHA256, TLS_DHE_RSA_WITH_AES_256_GCM_SHA384, TLS_DHE_RSA_WITH_CHACHA20_POLY1305_SHA256, TLS_DHE_DSS_WITH_AES_256_GCM_SHA384, TLS_DHE_RSA_WITH_AES_128_GCM_SHA256, TLS_DHE_DSS_WITH_AES_128_GCM_SHA256, TLS_ECDHE_ECDSA_WITH_AES_256_CBC_SHA384, TLS_ECDHE_RSA_WITH_AES_256_CBC_SHA384, TLS_ECDHE_ECDSA_WITH_AES_128_CBC_SHA256, TLS_ECDHE_RSA_WITH_AES_128_CBC_SHA256, TLS_DHE_RSA_WITH_AES_256_CBC_SHA256, TLS_DHE_DSS_WITH_AES_256_CBC_SHA256, TLS_DHE_RSA_WITH_AES_128_CBC_SHA256, TLS_DHE_DSS_WITH_AES_128_CBC_SHA256, TLS_ECDH_ECDSA_WITH_AES_256_GCM_SHA384, TLS_ECDH_RSA_WITH_AES_256_GCM_SHA384, TLS_ECDH_ECDSA_WITH_AES_128_GCM_SHA256, TLS_ECDH_RSA_WITH_AES_128_GCM_SHA256, TLS_ECDH_ECDSA_WITH_AES_256_CBC_SHA384, TLS_ECDH_RSA_WITH_AES_256_CBC_SHA384, TLS_ECDH_ECDSA_WITH_AES_128_CBC_SHA256, TLS_ECDH_RSA_WITH_AES_128_CBC_SHA256, TLS_ECDHE_ECDSA_WITH_AES_256_CBC_SHA, TLS_ECDHE_RSA_WITH_AES_256_CBC_SHA, TLS_ECDHE_ECDSA_WITH_AES_128_CBC_SHA, TLS_ECDHE_RSA_WITH_AES_128_CBC_SHA, TLS_DHE_RSA_WITH_AES_256_CBC_SHA, TLS_DHE_DSS_WITH_AES_256_CBC_SHA, TLS_DHE_RSA_WITH_AES_128_CBC_SHA, TLS_DHE_DSS_WITH_AES_128_CBC_SHA, TLS_ECDH_ECDSA_WITH_AES_256_CBC_SHA, TLS_ECDH_RSA_WITH_AES_256_CBC_SHA, TLS_ECDH_ECDSA_WITH_AES_128_CBC_SHA, TLS_ECDH_RSA_WITH_AES_128_CBC_SHA, TLS_RSA_WITH_AES_256_GCM_SHA384, TLS_RSA_WITH_AES_128_GCM_SHA256, TLS_RSA_WITH_AES_256_CBC_SHA256, TLS_RSA_WITH_AES_128_CBC_SHA256, TLS_RSA_WITH_AES_256_CBC_SHA, TLS_RSA_WITH_AES_128_CBC_SHA, TLS_EMPTY_RENEGOTIATION_INFO_SCSV]
00:43:35.861 [ForkJoinPool-1-worker-7] DEBUG org.apache.http.conn.ssl.SSLConnectionSocketFactory - Starting handshake
00:43:35.885 [ForkJoinPool-1-worker-11] DEBUG org.apache.http.conn.ssl.SSLConnectionSocketFactory - Secure session established
00:43:35.885 [ForkJoinPool-1-worker-11] DEBUG org.apache.http.conn.ssl.SSLConnectionSocketFactory -  negotiated protocol: TLSv1.3
00:43:35.885 [ForkJoinPool-1-worker-11] DEBUG org.apache.http.conn.ssl.SSLConnectionSocketFactory -  negotiated cipher suite: TLS_AES_256_GCM_SHA384
00:43:35.885 [ForkJoinPool-1-worker-11] DEBUG org.apache.http.conn.ssl.SSLConnectionSocketFactory -  peer principal: CN=api-ssl.bitly.com, O="Bitly, Inc.", L=New York, ST=New York, C=US, SERIALNUMBER=4627013, OID.1.3.6.1.4.1.311.60.2.1.2=Delaware, OID.1.3.6.1.4.1.311.60.2.1.3=US, OID.2.5.4.15=Private Organization
00:43:35.885 [ForkJoinPool-1-worker-11] DEBUG org.apache.http.conn.ssl.SSLConnectionSocketFactory -  peer alternative names: [api-ssl.bitly.com]
00:43:35.885 [ForkJoinPool-1-worker-11] DEBUG org.apache.http.conn.ssl.SSLConnectionSocketFactory -  issuer principal: CN=DigiCert SHA2 Extended Validation Server CA, OU=www.digicert.com, O=DigiCert Inc, C=US
00:43:35.885 [ForkJoinPool-1-worker-11] DEBUG org.apache.http.impl.conn.DefaultHttpClientConnectionOperator - Connection established 192.168.1.38:56016<->67.199.248.21:443
00:43:35.885 [ForkJoinPool-1-worker-11] DEBUG org.apache.http.impl.conn.DefaultManagedHttpClientConnection - http-outgoing-8: set socket timeout to 3000
00:43:35.886 [ForkJoinPool-1-worker-11] DEBUG org.apache.http.impl.execchain.MainClientExec - Executing request POST /v4/groups HTTP/1.1
00:43:35.886 [ForkJoinPool-1-worker-11] DEBUG org.apache.http.impl.execchain.MainClientExec - Proxy auth state: UNCHALLENGED
00:43:35.886 [ForkJoinPool-1-worker-11] DEBUG org.apache.http.headers - http-outgoing-8 >> POST /v4/groups HTTP/1.1
00:43:35.886 [ForkJoinPool-1-worker-11] DEBUG org.apache.http.headers - http-outgoing-8 >> Content-Type: application/json
00:43:35.886 [ForkJoinPool-1-worker-11] DEBUG org.apache.http.headers - http-outgoing-8 >> Authorization: Bearer 48a7fe60034be1eb264102c122d31ea48f4ef04e
00:43:35.886 [ForkJoinPool-1-worker-11] DEBUG org.apache.http.headers - http-outgoing-8 >> Accept: */*
00:43:35.886 [ForkJoinPool-1-worker-11] DEBUG org.apache.http.headers - http-outgoing-8 >> Content-Length: 0
00:43:35.886 [ForkJoinPool-1-worker-11] DEBUG org.apache.http.headers - http-outgoing-8 >> Host: api-ssl.bitly.com
00:43:35.886 [ForkJoinPool-1-worker-11] DEBUG org.apache.http.headers - http-outgoing-8 >> Connection: Keep-Alive
00:43:35.886 [ForkJoinPool-1-worker-11] DEBUG org.apache.http.headers - http-outgoing-8 >> User-Agent: Apache-HttpClient/4.5.12 (Java/14.0.2)
00:43:35.886 [ForkJoinPool-1-worker-11] DEBUG org.apache.http.headers - http-outgoing-8 >> Accept-Encoding: gzip,deflate
00:43:35.886 [ForkJoinPool-1-worker-11] DEBUG org.apache.http.wire - http-outgoing-8 >> "POST /v4/groups HTTP/1.1[\r][\n]"
00:43:35.886 [ForkJoinPool-1-worker-11] DEBUG org.apache.http.wire - http-outgoing-8 >> "Content-Type: application/json[\r][\n]"
00:43:35.886 [ForkJoinPool-1-worker-11] DEBUG org.apache.http.wire - http-outgoing-8 >> "Authorization: Bearer 48a7fe60034be1eb264102c122d31ea48f4ef04e[\r][\n]"
00:43:35.886 [ForkJoinPool-1-worker-11] DEBUG org.apache.http.wire - http-outgoing-8 >> "Accept: */*[\r][\n]"
00:43:35.886 [ForkJoinPool-1-worker-11] DEBUG org.apache.http.wire - http-outgoing-8 >> "Content-Length: 0[\r][\n]"
00:43:35.886 [ForkJoinPool-1-worker-11] DEBUG org.apache.http.wire - http-outgoing-8 >> "Host: api-ssl.bitly.com[\r][\n]"
00:43:35.886 [ForkJoinPool-1-worker-11] DEBUG org.apache.http.wire - http-outgoing-8 >> "Connection: Keep-Alive[\r][\n]"
00:43:35.886 [ForkJoinPool-1-worker-11] DEBUG org.apache.http.wire - http-outgoing-8 >> "User-Agent: Apache-HttpClient/4.5.12 (Java/14.0.2)[\r][\n]"
00:43:35.886 [ForkJoinPool-1-worker-11] DEBUG org.apache.http.wire - http-outgoing-8 >> "Accept-Encoding: gzip,deflate[\r][\n]"
00:43:35.886 [ForkJoinPool-1-worker-11] DEBUG org.apache.http.wire - http-outgoing-8 >> "[\r][\n]"
00:43:35.889 [ForkJoinPool-1-worker-7] DEBUG org.apache.http.conn.ssl.SSLConnectionSocketFactory - Secure session established
00:43:35.889 [ForkJoinPool-1-worker-7] DEBUG org.apache.http.conn.ssl.SSLConnectionSocketFactory -  negotiated protocol: TLSv1.3
00:43:35.889 [ForkJoinPool-1-worker-7] DEBUG org.apache.http.conn.ssl.SSLConnectionSocketFactory -  negotiated cipher suite: TLS_AES_256_GCM_SHA384
00:43:35.889 [ForkJoinPool-1-worker-7] DEBUG org.apache.http.conn.ssl.SSLConnectionSocketFactory -  peer principal: CN=api-ssl.bitly.com, O="Bitly, Inc.", L=New York, ST=New York, C=US, SERIALNUMBER=4627013, OID.1.3.6.1.4.1.311.60.2.1.2=Delaware, OID.1.3.6.1.4.1.311.60.2.1.3=US, OID.2.5.4.15=Private Organization
00:43:35.889 [ForkJoinPool-1-worker-7] DEBUG org.apache.http.conn.ssl.SSLConnectionSocketFactory -  peer alternative names: [api-ssl.bitly.com]
00:43:35.889 [ForkJoinPool-1-worker-7] DEBUG org.apache.http.conn.ssl.SSLConnectionSocketFactory -  issuer principal: CN=DigiCert SHA2 Extended Validation Server CA, OU=www.digicert.com, O=DigiCert Inc, C=US
00:43:35.889 [ForkJoinPool-1-worker-7] DEBUG org.apache.http.impl.conn.DefaultHttpClientConnectionOperator - Connection established 192.168.1.38:56017<->67.199.248.21:443
00:43:35.889 [ForkJoinPool-1-worker-7] DEBUG org.apache.http.impl.conn.DefaultManagedHttpClientConnection - http-outgoing-9: set socket timeout to 3000
00:43:35.889 [ForkJoinPool-1-worker-7] DEBUG org.apache.http.impl.execchain.MainClientExec - Executing request POST /v4/bitlinks HTTP/1.1
00:43:35.889 [ForkJoinPool-1-worker-7] DEBUG org.apache.http.impl.execchain.MainClientExec - Proxy auth state: UNCHALLENGED
00:43:35.889 [ForkJoinPool-1-worker-7] DEBUG org.apache.http.headers - http-outgoing-9 >> POST /v4/bitlinks HTTP/1.1
00:43:35.889 [ForkJoinPool-1-worker-7] DEBUG org.apache.http.headers - http-outgoing-9 >> Content-Type: application/json
00:43:35.889 [ForkJoinPool-1-worker-7] DEBUG org.apache.http.headers - http-outgoing-9 >> Authorization: Bearer 48a7fe60034be1eb264102c122d31ea48f4ef04e
00:43:35.889 [ForkJoinPool-1-worker-7] DEBUG org.apache.http.headers - http-outgoing-9 >> Accept: */*
00:43:35.890 [ForkJoinPool-1-worker-7] DEBUG org.apache.http.headers - http-outgoing-9 >> Content-Length: 98
00:43:35.890 [ForkJoinPool-1-worker-7] DEBUG org.apache.http.headers - http-outgoing-9 >> Host: api-ssl.bitly.com
00:43:35.890 [ForkJoinPool-1-worker-7] DEBUG org.apache.http.headers - http-outgoing-9 >> Connection: Keep-Alive
00:43:35.890 [ForkJoinPool-1-worker-7] DEBUG org.apache.http.headers - http-outgoing-9 >> User-Agent: Apache-HttpClient/4.5.12 (Java/14.0.2)
00:43:35.890 [ForkJoinPool-1-worker-7] DEBUG org.apache.http.headers - http-outgoing-9 >> Accept-Encoding: gzip,deflate
00:43:35.890 [ForkJoinPool-1-worker-7] DEBUG org.apache.http.wire - http-outgoing-9 >> "POST /v4/bitlinks HTTP/1.1[\r][\n]"
00:43:35.890 [ForkJoinPool-1-worker-7] DEBUG org.apache.http.wire - http-outgoing-9 >> "Content-Type: application/json[\r][\n]"
00:43:35.890 [ForkJoinPool-1-worker-7] DEBUG org.apache.http.wire - http-outgoing-9 >> "Authorization: Bearer 48a7fe60034be1eb264102c122d31ea48f4ef04e[\r][\n]"
00:43:35.890 [ForkJoinPool-1-worker-7] DEBUG org.apache.http.wire - http-outgoing-9 >> "Accept: */*[\r][\n]"
00:43:35.890 [ForkJoinPool-1-worker-7] DEBUG org.apache.http.wire - http-outgoing-9 >> "Content-Length: 98[\r][\n]"
00:43:35.890 [ForkJoinPool-1-worker-7] DEBUG org.apache.http.wire - http-outgoing-9 >> "Host: api-ssl.bitly.com[\r][\n]"
00:43:35.890 [ForkJoinPool-1-worker-7] DEBUG org.apache.http.wire - http-outgoing-9 >> "Connection: Keep-Alive[\r][\n]"
00:43:35.890 [ForkJoinPool-1-worker-7] DEBUG org.apache.http.wire - http-outgoing-9 >> "User-Agent: Apache-HttpClient/4.5.12 (Java/14.0.2)[\r][\n]"
00:43:35.890 [ForkJoinPool-1-worker-7] DEBUG org.apache.http.wire - http-outgoing-9 >> "Accept-Encoding: gzip,deflate[\r][\n]"
00:43:35.890 [ForkJoinPool-1-worker-7] DEBUG org.apache.http.wire - http-outgoing-9 >> "[\r][\n]"
00:43:35.890 [ForkJoinPool-1-worker-7] DEBUG org.apache.http.wire - http-outgoing-9 >> "{"long_url":"https://www.bbc.co.ken/","domain":"bit.ly","group_guid":"Bl39i27Ji5U","title":"test"}"
00:43:35.966 [ForkJoinPool-1-worker-5] DEBUG org.apache.http.wire - http-outgoing-6 << "HTTP/1.1 200 OK[\r][\n]"
00:43:35.966 [ForkJoinPool-1-worker-5] DEBUG org.apache.http.wire - http-outgoing-6 << "Server: nginx[\r][\n]"
00:43:35.967 [ForkJoinPool-1-worker-5] DEBUG org.apache.http.wire - http-outgoing-6 << "Date: Fri, 12 Mar 2021 00:43:35 GMT[\r][\n]"
00:43:35.967 [ForkJoinPool-1-worker-5] DEBUG org.apache.http.wire - http-outgoing-6 << "Content-Type: application/json[\r][\n]"
00:43:35.967 [ForkJoinPool-1-worker-5] DEBUG org.apache.http.wire - http-outgoing-6 << "Content-Length: 300[\r][\n]"
00:43:35.967 [ForkJoinPool-1-worker-5] DEBUG org.apache.http.wire - http-outgoing-6 << "Strict-Transport-Security: max-age=31536000; includeSubDomains[\r][\n]"
00:43:35.967 [ForkJoinPool-1-worker-5] DEBUG org.apache.http.wire - http-outgoing-6 << "X-XSS-Protection: 1; mode=blockFilter[\r][\n]"
00:43:35.967 [ForkJoinPool-1-worker-5] DEBUG org.apache.http.wire - http-outgoing-6 << "X-Content-Type-Options: nosniff[\r][\n]"
00:43:35.967 [ForkJoinPool-1-worker-5] DEBUG org.apache.http.wire - http-outgoing-6 << "X-Frame-Options: DENY[\r][\n]"
00:43:35.967 [ForkJoinPool-1-worker-5] DEBUG org.apache.http.wire - http-outgoing-6 << "Content-Security-Policy: default-src 'none[\r][\n]"
00:43:35.967 [ForkJoinPool-1-worker-5] DEBUG org.apache.http.wire - http-outgoing-6 << "Via: 1.1 google[\r][\n]"
00:43:35.967 [ForkJoinPool-1-worker-5] DEBUG org.apache.http.wire - http-outgoing-6 << "Alt-Svc: clear[\r][\n]"
00:43:35.967 [ForkJoinPool-1-worker-5] DEBUG org.apache.http.wire - http-outgoing-6 << "[\r][\n]"
00:43:35.967 [ForkJoinPool-1-worker-5] DEBUG org.apache.http.wire - http-outgoing-6 << "{"groups":[{"created":"2021-03-09T18:00:50+0000","modified":"2021-03-09T18:00:50+0000","bsds":[],"guid":"Bl39i27Ji5U","organization_guid":"Ol39iJl8uVl","name":"bharathamanik","is_active":true,"role":"org-admin","references":{"organization":"https://api-ssl.bitly.com/v4/organizations/Ol39iJl8uVl"}}]}"
00:43:35.967 [ForkJoinPool-1-worker-5] DEBUG org.apache.http.headers - http-outgoing-6 << HTTP/1.1 200 OK
00:43:35.967 [ForkJoinPool-1-worker-5] DEBUG org.apache.http.headers - http-outgoing-6 << Server: nginx
00:43:35.967 [ForkJoinPool-1-worker-5] DEBUG org.apache.http.headers - http-outgoing-6 << Date: Fri, 12 Mar 2021 00:43:35 GMT
00:43:35.967 [ForkJoinPool-1-worker-5] DEBUG org.apache.http.headers - http-outgoing-6 << Content-Type: application/json
00:43:35.967 [ForkJoinPool-1-worker-5] DEBUG org.apache.http.headers - http-outgoing-6 << Content-Length: 300
00:43:35.967 [ForkJoinPool-1-worker-5] DEBUG org.apache.http.headers - http-outgoing-6 << Strict-Transport-Security: max-age=31536000; includeSubDomains
00:43:35.967 [ForkJoinPool-1-worker-5] DEBUG org.apache.http.headers - http-outgoing-6 << X-XSS-Protection: 1; mode=blockFilter
00:43:35.967 [ForkJoinPool-1-worker-5] DEBUG org.apache.http.headers - http-outgoing-6 << X-Content-Type-Options: nosniff
00:43:35.967 [ForkJoinPool-1-worker-5] DEBUG org.apache.http.headers - http-outgoing-6 << X-Frame-Options: DENY
00:43:35.967 [ForkJoinPool-1-worker-5] DEBUG org.apache.http.headers - http-outgoing-6 << Content-Security-Policy: default-src 'none
00:43:35.967 [ForkJoinPool-1-worker-5] DEBUG org.apache.http.headers - http-outgoing-6 << Via: 1.1 google
00:43:35.967 [ForkJoinPool-1-worker-5] DEBUG org.apache.http.headers - http-outgoing-6 << Alt-Svc: clear
00:43:35.967 [ForkJoinPool-1-worker-5] DEBUG org.apache.http.impl.execchain.MainClientExec - Connection can be kept alive indefinitely
00:43:35.968 [ForkJoinPool-1-worker-5] DEBUG org.apache.http.impl.conn.PoolingHttpClientConnectionManager - Connection [id: 6][route: {s}->https://api-ssl.bitly.com:443] can be kept alive indefinitely
00:43:35.968 [ForkJoinPool-1-worker-5] DEBUG org.apache.http.impl.conn.DefaultManagedHttpClientConnection - http-outgoing-6: set socket timeout to 0
00:43:35.968 [ForkJoinPool-1-worker-5] DEBUG org.apache.http.impl.conn.PoolingHttpClientConnectionManager - Connection released: [id: 6][route: {s}->https://api-ssl.bitly.com:443][total available: 1; route allocated: 1 of 5; total allocated: 1 of 10]
00:43:35.968 [ForkJoinPool-1-worker-5] DEBUG com.intuit.karate - response time in milliseconds: 184.99
1 < 200
1 < Alt-Svc: clear
1 < Content-Length: 300
1 < Content-Security-Policy: default-src 'none
1 < Content-Type: application/json
1 < Date: Fri, 12 Mar 2021 00:43:35 GMT
1 < Server: nginx
1 < Strict-Transport-Security: max-age=31536000; includeSubDomains
1 < Via: 1.1 google
1 < X-Content-Type-Options: nosniff
1 < X-Frame-Options: DENY
1 < X-XSS-Protection: 1; mode=blockFilter
{"groups":[{"created":"2021-03-09T18:00:50+0000","modified":"2021-03-09T18:00:50+0000","bsds":[],"guid":"Bl39i27Ji5U","organization_guid":"Ol39iJl8uVl","name":"bharathamanik","is_active":true,"role":"org-admin","references":{"organization":"https://api-ssl.bitly.com/v4/organizations/Ol39iJl8uVl"}}]}

00:43:35.969 [ForkJoinPool-1-worker-5] DEBUG com.jayway.jsonpath.internal.path.CompiledPath - Evaluating path: $
00:43:35.970 [ForkJoinPool-1-worker-5] DEBUG com.jayway.jsonpath.internal.path.CompiledPath - Evaluating path: $
00:43:35.970 [ForkJoinPool-1-worker-5] DEBUG com.jayway.jsonpath.internal.path.CompiledPath - Evaluating path: $
00:43:35.970 [ForkJoinPool-1-worker-5] DEBUG com.jayway.jsonpath.internal.path.CompiledPath - Evaluating path: $
00:43:35.970 [ForkJoinPool-1-worker-9] DEBUG org.apache.http.wire - http-outgoing-7 << "HTTP/1.1 200 OK[\r][\n]"
00:43:35.970 [ForkJoinPool-1-worker-9] DEBUG org.apache.http.wire - http-outgoing-7 << "Server: nginx[\r][\n]"
00:43:35.970 [ForkJoinPool-1-worker-9] DEBUG org.apache.http.wire - http-outgoing-7 << "Date: Fri, 12 Mar 2021 00:43:35 GMT[\r][\n]"
00:43:35.970 [ForkJoinPool-1-worker-9] DEBUG org.apache.http.wire - http-outgoing-7 << "Content-Type: application/json[\r][\n]"
00:43:35.970 [ForkJoinPool-1-worker-9] DEBUG org.apache.http.wire - http-outgoing-7 << "Content-Length: 283[\r][\n]"
00:43:35.970 [ForkJoinPool-1-worker-9] DEBUG org.apache.http.wire - http-outgoing-7 << "Strict-Transport-Security: max-age=31536000; includeSubDomains[\r][\n]"
00:43:35.970 [ForkJoinPool-1-worker-9] DEBUG org.apache.http.wire - http-outgoing-7 << "X-XSS-Protection: 1; mode=blockFilter[\r][\n]"
00:43:35.970 [ForkJoinPool-1-worker-9] DEBUG org.apache.http.wire - http-outgoing-7 << "X-Content-Type-Options: nosniff[\r][\n]"
00:43:35.970 [ForkJoinPool-1-worker-9] DEBUG org.apache.http.wire - http-outgoing-7 << "X-Frame-Options: DENY[\r][\n]"
00:43:35.970 [ForkJoinPool-1-worker-9] DEBUG org.apache.http.wire - http-outgoing-7 << "Content-Security-Policy: default-src 'none[\r][\n]"
00:43:35.971 [ForkJoinPool-1-worker-9] DEBUG org.apache.http.wire - http-outgoing-7 << "Via: 1.1 google[\r][\n]"
00:43:35.971 [ForkJoinPool-1-worker-9] DEBUG org.apache.http.wire - http-outgoing-7 << "Alt-Svc: clear[\r][\n]"
00:43:35.971 [ForkJoinPool-1-worker-9] DEBUG org.apache.http.wire - http-outgoing-7 << "[\r][\n]"
00:43:35.971 [ForkJoinPool-1-worker-9] DEBUG org.apache.http.wire - http-outgoing-7 << "{"created_at":"2021-03-11T23:00:33+0000","id":"bit.ly/30zP8P7","link":"https://bit.ly/30zP8P7","custom_bitlinks":[],"long_url":"https://www.bbc.co.ken/","title":"test","archived":false,"tags":[],"deeplinks":[],"references":{"group":"https://api-ssl.bitly.com/v4/groups/Bl39i27Ji5U"}}"
00:43:35.971 [ForkJoinPool-1-worker-9] DEBUG org.apache.http.headers - http-outgoing-7 << HTTP/1.1 200 OK
00:43:35.971 [ForkJoinPool-1-worker-9] DEBUG org.apache.http.headers - http-outgoing-7 << Server: nginx
00:43:35.971 [ForkJoinPool-1-worker-9] DEBUG org.apache.http.headers - http-outgoing-7 << Date: Fri, 12 Mar 2021 00:43:35 GMT
00:43:35.971 [ForkJoinPool-1-worker-9] DEBUG org.apache.http.headers - http-outgoing-7 << Content-Type: application/json
00:43:35.971 [ForkJoinPool-1-worker-9] DEBUG org.apache.http.headers - http-outgoing-7 << Content-Length: 283
00:43:35.971 [ForkJoinPool-1-worker-9] DEBUG org.apache.http.headers - http-outgoing-7 << Strict-Transport-Security: max-age=31536000; includeSubDomains
00:43:35.971 [ForkJoinPool-1-worker-9] DEBUG org.apache.http.headers - http-outgoing-7 << X-XSS-Protection: 1; mode=blockFilter
00:43:35.971 [ForkJoinPool-1-worker-9] DEBUG org.apache.http.headers - http-outgoing-7 << X-Content-Type-Options: nosniff
00:43:35.971 [ForkJoinPool-1-worker-9] DEBUG org.apache.http.headers - http-outgoing-7 << X-Frame-Options: DENY
00:43:35.971 [ForkJoinPool-1-worker-9] DEBUG org.apache.http.headers - http-outgoing-7 << Content-Security-Policy: default-src 'none
00:43:35.971 [ForkJoinPool-1-worker-9] DEBUG org.apache.http.headers - http-outgoing-7 << Via: 1.1 google
00:43:35.971 [ForkJoinPool-1-worker-9] DEBUG org.apache.http.headers - http-outgoing-7 << Alt-Svc: clear
00:43:35.971 [ForkJoinPool-1-worker-9] DEBUG org.apache.http.impl.execchain.MainClientExec - Connection can be kept alive indefinitely
00:43:35.971 [ForkJoinPool-1-worker-3] DEBUG org.apache.http.wire - http-outgoing-5 << "HTTP/1.1 200 OK[\r][\n]"
00:43:35.971 [ForkJoinPool-1-worker-3] DEBUG org.apache.http.wire - http-outgoing-5 << "Server: nginx[\r][\n]"
00:43:35.971 [ForkJoinPool-1-worker-3] DEBUG org.apache.http.wire - http-outgoing-5 << "Date: Fri, 12 Mar 2021 00:43:35 GMT[\r][\n]"
00:43:35.971 [ForkJoinPool-1-worker-3] DEBUG org.apache.http.wire - http-outgoing-5 << "Content-Type: application/json[\r][\n]"
00:43:35.971 [ForkJoinPool-1-worker-3] DEBUG org.apache.http.wire - http-outgoing-5 << "Content-Length: 283[\r][\n]"
00:43:35.971 [ForkJoinPool-1-worker-3] DEBUG org.apache.http.wire - http-outgoing-5 << "Strict-Transport-Security: max-age=31536000; includeSubDomains[\r][\n]"
00:43:35.971 [ForkJoinPool-1-worker-3] DEBUG org.apache.http.wire - http-outgoing-5 << "X-XSS-Protection: 1; mode=blockFilter[\r][\n]"
00:43:35.971 [ForkJoinPool-1-worker-3] DEBUG org.apache.http.wire - http-outgoing-5 << "X-Content-Type-Options: nosniff[\r][\n]"
00:43:35.971 [ForkJoinPool-1-worker-3] DEBUG org.apache.http.wire - http-outgoing-5 << "X-Frame-Options: DENY[\r][\n]"
00:43:35.971 [ForkJoinPool-1-worker-3] DEBUG org.apache.http.wire - http-outgoing-5 << "Content-Security-Policy: default-src 'none[\r][\n]"
00:43:35.971 [ForkJoinPool-1-worker-3] DEBUG org.apache.http.wire - http-outgoing-5 << "Via: 1.1 google[\r][\n]"
00:43:35.971 [ForkJoinPool-1-worker-3] DEBUG org.apache.http.wire - http-outgoing-5 << "Alt-Svc: clear[\r][\n]"
00:43:35.971 [ForkJoinPool-1-worker-3] DEBUG org.apache.http.wire - http-outgoing-5 << "[\r][\n]"
00:43:35.972 [ForkJoinPool-1-worker-3] DEBUG org.apache.http.wire - http-outgoing-5 << "{"created_at":"2021-03-11T23:00:33+0000","id":"bit.ly/30zP8P7","link":"https://bit.ly/30zP8P7","custom_bitlinks":[],"long_url":"https://www.bbc.co.ken/","title":"test","archived":false,"tags":[],"deeplinks":[],"references":{"group":"https://api-ssl.bitly.com/v4/groups/Bl39i27Ji5U"}}"
00:43:35.972 [ForkJoinPool-1-worker-9] DEBUG org.apache.http.impl.conn.PoolingHttpClientConnectionManager - Connection [id: 7][route: {s}->https://api-ssl.bitly.com:443] can be kept alive indefinitely
00:43:35.972 [ForkJoinPool-1-worker-9] DEBUG org.apache.http.impl.conn.DefaultManagedHttpClientConnection - http-outgoing-7: set socket timeout to 0
00:43:35.972 [ForkJoinPool-1-worker-3] DEBUG org.apache.http.headers - http-outgoing-5 << HTTP/1.1 200 OK
00:43:35.972 [ForkJoinPool-1-worker-3] DEBUG org.apache.http.headers - http-outgoing-5 << Server: nginx
00:43:35.972 [ForkJoinPool-1-worker-9] DEBUG org.apache.http.impl.conn.PoolingHttpClientConnectionManager - Connection released: [id: 7][route: {s}->https://api-ssl.bitly.com:443][total available: 1; route allocated: 1 of 5; total allocated: 1 of 10]
00:43:35.972 [ForkJoinPool-1-worker-3] DEBUG org.apache.http.headers - http-outgoing-5 << Date: Fri, 12 Mar 2021 00:43:35 GMT
00:43:35.972 [ForkJoinPool-1-worker-9] DEBUG com.intuit.karate - response time in milliseconds: 186.77
1 < 200
1 < Alt-Svc: clear
1 < Content-Length: 283
1 < Content-Security-Policy: default-src 'none
1 < Content-Type: application/json
1 < Date: Fri, 12 Mar 2021 00:43:35 GMT
1 < Server: nginx
1 < Strict-Transport-Security: max-age=31536000; includeSubDomains
1 < Via: 1.1 google
1 < X-Content-Type-Options: nosniff
1 < X-Frame-Options: DENY
1 < X-XSS-Protection: 1; mode=blockFilter
{"created_at":"2021-03-11T23:00:33+0000","id":"bit.ly/30zP8P7","link":"https://bit.ly/30zP8P7","custom_bitlinks":[],"long_url":"https://www.bbc.co.ken/","title":"test","archived":false,"tags":[],"deeplinks":[],"references":{"group":"https://api-ssl.bitly.com/v4/groups/Bl39i27Ji5U"}}

00:43:35.972 [ForkJoinPool-1-worker-3] DEBUG org.apache.http.headers - http-outgoing-5 << Content-Type: application/json
00:43:35.972 [ForkJoinPool-1-worker-3] DEBUG org.apache.http.headers - http-outgoing-5 << Content-Length: 283
00:43:35.972 [ForkJoinPool-1-worker-3] DEBUG org.apache.http.headers - http-outgoing-5 << Strict-Transport-Security: max-age=31536000; includeSubDomains
00:43:35.972 [ForkJoinPool-1-worker-3] DEBUG org.apache.http.headers - http-outgoing-5 << X-XSS-Protection: 1; mode=blockFilter
00:43:35.972 [ForkJoinPool-1-worker-3] DEBUG org.apache.http.headers - http-outgoing-5 << X-Content-Type-Options: nosniff
00:43:35.972 [ForkJoinPool-1-worker-3] DEBUG org.apache.http.headers - http-outgoing-5 << X-Frame-Options: DENY
00:43:35.972 [ForkJoinPool-1-worker-3] DEBUG org.apache.http.headers - http-outgoing-5 << Content-Security-Policy: default-src 'none
00:43:35.972 [ForkJoinPool-1-worker-3] DEBUG org.apache.http.headers - http-outgoing-5 << Via: 1.1 google
00:43:35.972 [ForkJoinPool-1-worker-3] DEBUG org.apache.http.headers - http-outgoing-5 << Alt-Svc: clear
00:43:35.972 [ForkJoinPool-1-worker-3] DEBUG org.apache.http.impl.execchain.MainClientExec - Connection can be kept alive indefinitely
00:43:35.973 [ForkJoinPool-1-worker-3] DEBUG org.apache.http.impl.conn.PoolingHttpClientConnectionManager - Connection [id: 5][route: {s}->https://api-ssl.bitly.com:443] can be kept alive indefinitely
00:43:35.973 [ForkJoinPool-1-worker-3] DEBUG org.apache.http.impl.conn.DefaultManagedHttpClientConnection - http-outgoing-5: set socket timeout to 0
00:43:35.973 [ForkJoinPool-1-worker-3] DEBUG org.apache.http.impl.conn.PoolingHttpClientConnectionManager - Connection released: [id: 5][route: {s}->https://api-ssl.bitly.com:443][total available: 1; route allocated: 1 of 5; total allocated: 1 of 10]
00:43:35.973 [ForkJoinPool-1-worker-3] DEBUG com.intuit.karate - response time in milliseconds: 190.47
1 < 200
1 < Alt-Svc: clear
1 < Content-Length: 283
1 < Content-Security-Policy: default-src 'none
1 < Content-Type: application/json
1 < Date: Fri, 12 Mar 2021 00:43:35 GMT
1 < Server: nginx
1 < Strict-Transport-Security: max-age=31536000; includeSubDomains
1 < Via: 1.1 google
1 < X-Content-Type-Options: nosniff
1 < X-Frame-Options: DENY
1 < X-XSS-Protection: 1; mode=blockFilter
{"created_at":"2021-03-11T23:00:33+0000","id":"bit.ly/30zP8P7","link":"https://bit.ly/30zP8P7","custom_bitlinks":[],"long_url":"https://www.bbc.co.ken/","title":"test","archived":false,"tags":[],"deeplinks":[],"references":{"group":"https://api-ssl.bitly.com/v4/groups/Bl39i27Ji5U"}}

00:43:35.974 [ForkJoinPool-1-worker-9] DEBUG com.jayway.jsonpath.internal.path.CompiledPath - Evaluating path: $['title']
00:43:35.976 [ForkJoinPool-1-worker-3] DEBUG com.jayway.jsonpath.internal.path.CompiledPath - Evaluating path: $['id']
00:43:35.979 [ForkJoinPool-1-worker-5] DEBUG com.jayway.jsonpath.internal.path.CompiledPath - Evaluating path: $
00:43:35.980 [ForkJoinPool-1-worker-9] DEBUG com.jayway.jsonpath.internal.path.CompiledPath - Evaluating path: $
00:43:35.982 [ForkJoinPool-1-worker-3] DEBUG com.jayway.jsonpath.internal.path.CompiledPath - Evaluating path: $
00:43:35.983 [ForkJoinPool-1-worker-5] DEBUG com.jayway.jsonpath.internal.path.CompiledPath - Evaluating path: $
00:43:35.984 [ForkJoinPool-1-worker-9] DEBUG com.jayway.jsonpath.internal.path.CompiledPath - Evaluating path: $
00:43:35.984 [ForkJoinPool-1-worker-9] DEBUG com.jayway.jsonpath.internal.path.CompiledPath - Evaluating path: $
00:43:35.984 [ForkJoinPool-1-worker-5] DEBUG org.apache.http.client.protocol.RequestAddCookies - CookieSpec selected: karate
00:43:35.984 [ForkJoinPool-1-worker-5] DEBUG org.apache.http.client.protocol.RequestAuthCache - Auth cache not set in the context
00:43:35.985 [ForkJoinPool-1-worker-5] DEBUG com.intuit.karate - request:
1 > PUT https://api-ssl.bitly.com/v4/groups
1 > Accept: */*
1 > Accept-Encoding: gzip,deflate
1 > Authorization: Bearer 48a7fe60034be1eb264102c122d31ea48f4ef04e
1 > Connection: Keep-Alive
1 > Content-Length: 0
1 > Content-Type: application/json
1 > Host: api-ssl.bitly.com
1 > User-Agent: Apache-HttpClient/4.5.12 (Java/14.0.2)


00:43:35.985 [ForkJoinPool-1-worker-5] DEBUG org.apache.http.impl.conn.PoolingHttpClientConnectionManager - Connection request: [route: {s}->https://api-ssl.bitly.com:443][total available: 0; route allocated: 0 of 5; total allocated: 0 of 10]
00:43:35.985 [ForkJoinPool-1-worker-5] DEBUG org.apache.http.impl.conn.PoolingHttpClientConnectionManager - Connection leased: [id: 10][route: {s}->https://api-ssl.bitly.com:443][total available: 0; route allocated: 1 of 5; total allocated: 1 of 10]
00:43:35.985 [ForkJoinPool-1-worker-5] DEBUG org.apache.http.impl.execchain.MainClientExec - Opening connection {s}->https://api-ssl.bitly.com:443
00:43:35.985 [ForkJoinPool-1-worker-5] DEBUG org.apache.http.impl.conn.DefaultHttpClientConnectionOperator - Connecting to api-ssl.bitly.com/67.199.248.21:443
00:43:35.985 [ForkJoinPool-1-worker-5] DEBUG org.apache.http.conn.ssl.SSLConnectionSocketFactory - Connecting socket to api-ssl.bitly.com/67.199.248.21:443 with timeout 3000
00:43:35.986 [ForkJoinPool-1-worker-3] DEBUG com.jayway.jsonpath.internal.path.CompiledPath - Evaluating path: $
00:43:35.987 [ForkJoinPool-1-worker-3] DEBUG com.jayway.jsonpath.internal.path.CompiledPath - Evaluating path: $
00:43:35.989 [ForkJoinPool-1-worker-9] DEBUG com.jayway.jsonpath.internal.path.CompiledPath - Evaluating path: $
00:43:35.989 [ForkJoinPool-1-worker-3] DEBUG com.jayway.jsonpath.internal.path.CompiledPath - Evaluating path: $
00:43:35.990 [ForkJoinPool-1-worker-9] DEBUG org.apache.http.client.protocol.RequestAddCookies - CookieSpec selected: karate
00:43:35.990 [ForkJoinPool-1-worker-3] DEBUG org.apache.http.client.protocol.RequestAddCookies - CookieSpec selected: karate
00:43:35.990 [ForkJoinPool-1-worker-9] DEBUG org.apache.http.client.protocol.RequestAuthCache - Auth cache not set in the context
00:43:35.990 [ForkJoinPool-1-worker-3] DEBUG org.apache.http.client.protocol.RequestAuthCache - Auth cache not set in the context
00:43:35.990 [ForkJoinPool-1-worker-9] DEBUG com.intuit.karate - request:
1 > POST https://api-ssl.bitly.com/v4/bitlinks
1 > Accept: */*
1 > Accept-Encoding: gzip,deflate
1 > Authorization: Bearer 48a7fe60034be1eb264102c122d31ea48f4ef04e
1 > Connection: Keep-Alive
1 > Content-Length: 16
1 > Content-Type: application/json
1 > Host: api-ssl.bitly.com
1 > User-Agent: Apache-HttpClient/4.5.12 (Java/14.0.2)
{"long_url": ""}

00:43:35.990 [ForkJoinPool-1-worker-3] DEBUG com.intuit.karate - request:
1 > POST https://api-ssl.bitly.com/v4/bitlinks
1 > Accept: */*
1 > Accept-Encoding: gzip,deflate
1 > Authorization: Bearer 48a7fe60034be1eb264102c122d31ea48f4ef04e
1 > Connection: Keep-Alive
1 > Content-Length: 37
1 > Content-Type: application/json
1 > Host: api-ssl.bitly.com
1 > User-Agent: Apache-HttpClient/4.5.12 (Java/14.0.2)
{"long": "https://www.bbc.co.uuuuu/"}

00:43:35.990 [ForkJoinPool-1-worker-3] DEBUG org.apache.http.impl.conn.PoolingHttpClientConnectionManager - Connection request: [route: {s}->https://api-ssl.bitly.com:443][total available: 0; route allocated: 0 of 5; total allocated: 0 of 10]
00:43:35.990 [ForkJoinPool-1-worker-9] DEBUG org.apache.http.impl.conn.PoolingHttpClientConnectionManager - Connection request: [route: {s}->https://api-ssl.bitly.com:443][total available: 0; route allocated: 0 of 5; total allocated: 0 of 10]
00:43:35.990 [ForkJoinPool-1-worker-3] DEBUG org.apache.http.impl.conn.PoolingHttpClientConnectionManager - Connection leased: [id: 11][route: {s}->https://api-ssl.bitly.com:443][total available: 0; route allocated: 1 of 5; total allocated: 1 of 10]
00:43:35.990 [ForkJoinPool-1-worker-9] DEBUG org.apache.http.impl.conn.PoolingHttpClientConnectionManager - Connection leased: [id: 12][route: {s}->https://api-ssl.bitly.com:443][total available: 0; route allocated: 1 of 5; total allocated: 1 of 10]
00:43:35.990 [ForkJoinPool-1-worker-3] DEBUG org.apache.http.impl.execchain.MainClientExec - Opening connection {s}->https://api-ssl.bitly.com:443
00:43:35.990 [ForkJoinPool-1-worker-9] DEBUG org.apache.http.impl.execchain.MainClientExec - Opening connection {s}->https://api-ssl.bitly.com:443
00:43:35.991 [ForkJoinPool-1-worker-3] DEBUG org.apache.http.impl.conn.DefaultHttpClientConnectionOperator - Connecting to api-ssl.bitly.com/67.199.248.21:443
00:43:35.991 [ForkJoinPool-1-worker-3] DEBUG org.apache.http.conn.ssl.SSLConnectionSocketFactory - Connecting socket to api-ssl.bitly.com/67.199.248.21:443 with timeout 3000
00:43:35.991 [ForkJoinPool-1-worker-9] DEBUG org.apache.http.impl.conn.DefaultHttpClientConnectionOperator - Connecting to api-ssl.bitly.com/67.199.248.21:443
00:43:35.991 [ForkJoinPool-1-worker-9] DEBUG org.apache.http.conn.ssl.SSLConnectionSocketFactory - Connecting socket to api-ssl.bitly.com/67.199.248.21:443 with timeout 3000
00:43:35.991 [ForkJoinPool-1-worker-11] DEBUG org.apache.http.wire - http-outgoing-8 << "HTTP/1.1 403 Forbidden[\r][\n]"
00:43:35.991 [ForkJoinPool-1-worker-11] DEBUG org.apache.http.wire - http-outgoing-8 << "Server: nginx[\r][\n]"
00:43:35.991 [ForkJoinPool-1-worker-11] DEBUG org.apache.http.wire - http-outgoing-8 << "Date: Fri, 12 Mar 2021 00:43:35 GMT[\r][\n]"
00:43:35.991 [ForkJoinPool-1-worker-11] DEBUG org.apache.http.wire - http-outgoing-8 << "Content-Type: application/json[\r][\n]"
00:43:35.991 [ForkJoinPool-1-worker-11] DEBUG org.apache.http.wire - http-outgoing-8 << "Content-Length: 23[\r][\n]"
00:43:35.991 [ForkJoinPool-1-worker-11] DEBUG org.apache.http.wire - http-outgoing-8 << "Strict-Transport-Security: max-age=31536000; includeSubDomains[\r][\n]"
00:43:35.991 [ForkJoinPool-1-worker-11] DEBUG org.apache.http.wire - http-outgoing-8 << "X-XSS-Protection: 1; mode=blockFilter[\r][\n]"
00:43:35.991 [ForkJoinPool-1-worker-11] DEBUG org.apache.http.wire - http-outgoing-8 << "X-Content-Type-Options: nosniff[\r][\n]"
00:43:35.991 [ForkJoinPool-1-worker-11] DEBUG org.apache.http.wire - http-outgoing-8 << "X-Frame-Options: DENY[\r][\n]"
00:43:35.991 [ForkJoinPool-1-worker-11] DEBUG org.apache.http.wire - http-outgoing-8 << "Content-Security-Policy: default-src 'none[\r][\n]"
00:43:35.991 [ForkJoinPool-1-worker-11] DEBUG org.apache.http.wire - http-outgoing-8 << "Via: 1.1 google[\r][\n]"
00:43:35.991 [ForkJoinPool-1-worker-11] DEBUG org.apache.http.wire - http-outgoing-8 << "Alt-Svc: clear[\r][\n]"
00:43:35.991 [ForkJoinPool-1-worker-11] DEBUG org.apache.http.wire - http-outgoing-8 << "[\r][\n]"
00:43:35.991 [ForkJoinPool-1-worker-11] DEBUG org.apache.http.wire - http-outgoing-8 << "{"message":"FORBIDDEN"}"
00:43:35.991 [ForkJoinPool-1-worker-11] DEBUG org.apache.http.headers - http-outgoing-8 << HTTP/1.1 403 Forbidden
00:43:35.992 [ForkJoinPool-1-worker-11] DEBUG org.apache.http.headers - http-outgoing-8 << Server: nginx
00:43:35.992 [ForkJoinPool-1-worker-11] DEBUG org.apache.http.headers - http-outgoing-8 << Date: Fri, 12 Mar 2021 00:43:35 GMT
00:43:35.992 [ForkJoinPool-1-worker-11] DEBUG org.apache.http.headers - http-outgoing-8 << Content-Type: application/json
00:43:35.992 [ForkJoinPool-1-worker-11] DEBUG org.apache.http.headers - http-outgoing-8 << Content-Length: 23
00:43:35.992 [ForkJoinPool-1-worker-11] DEBUG org.apache.http.headers - http-outgoing-8 << Strict-Transport-Security: max-age=31536000; includeSubDomains
00:43:35.992 [ForkJoinPool-1-worker-11] DEBUG org.apache.http.headers - http-outgoing-8 << X-XSS-Protection: 1; mode=blockFilter
00:43:35.992 [ForkJoinPool-1-worker-11] DEBUG org.apache.http.headers - http-outgoing-8 << X-Content-Type-Options: nosniff
00:43:35.992 [ForkJoinPool-1-worker-11] DEBUG org.apache.http.headers - http-outgoing-8 << X-Frame-Options: DENY
00:43:35.992 [ForkJoinPool-1-worker-11] DEBUG org.apache.http.headers - http-outgoing-8 << Content-Security-Policy: default-src 'none
00:43:35.992 [ForkJoinPool-1-worker-11] DEBUG org.apache.http.headers - http-outgoing-8 << Via: 1.1 google
00:43:35.992 [ForkJoinPool-1-worker-11] DEBUG org.apache.http.headers - http-outgoing-8 << Alt-Svc: clear
00:43:35.992 [ForkJoinPool-1-worker-11] DEBUG org.apache.http.impl.execchain.MainClientExec - Connection can be kept alive indefinitely
00:43:35.993 [ForkJoinPool-1-worker-11] DEBUG org.apache.http.impl.conn.PoolingHttpClientConnectionManager - Connection [id: 8][route: {s}->https://api-ssl.bitly.com:443] can be kept alive indefinitely
00:43:35.993 [ForkJoinPool-1-worker-11] DEBUG org.apache.http.impl.conn.DefaultManagedHttpClientConnection - http-outgoing-8: set socket timeout to 0
00:43:35.993 [ForkJoinPool-1-worker-11] DEBUG org.apache.http.impl.conn.PoolingHttpClientConnectionManager - Connection released: [id: 8][route: {s}->https://api-ssl.bitly.com:443][total available: 1; route allocated: 1 of 5; total allocated: 1 of 10]
00:43:35.993 [ForkJoinPool-1-worker-11] DEBUG com.intuit.karate - response time in milliseconds: 154.28
1 < 403
1 < Alt-Svc: clear
1 < Content-Length: 23
1 < Content-Security-Policy: default-src 'none
1 < Content-Type: application/json
1 < Date: Fri, 12 Mar 2021 00:43:35 GMT
1 < Server: nginx
1 < Strict-Transport-Security: max-age=31536000; includeSubDomains
1 < Via: 1.1 google
1 < X-Content-Type-Options: nosniff
1 < X-Frame-Options: DENY
1 < X-XSS-Protection: 1; mode=blockFilter
{"message":"FORBIDDEN"}

00:43:35.996 [ForkJoinPool-1-worker-11] DEBUG com.jayway.jsonpath.internal.path.CompiledPath - Evaluating path: $
00:43:35.999 [ForkJoinPool-1-worker-11] DEBUG com.jayway.jsonpath.internal.path.CompiledPath - Evaluating path: $
00:43:36.000 [ForkJoinPool-1-worker-11] DEBUG org.apache.http.client.protocol.RequestAddCookies - CookieSpec selected: karate
00:43:36.000 [ForkJoinPool-1-worker-11] DEBUG org.apache.http.client.protocol.RequestAuthCache - Auth cache not set in the context
00:43:36.000 [ForkJoinPool-1-worker-11] DEBUG com.intuit.karate - request:
1 > DELETE https://api-ssl.bitly.com/v4/groups
1 > Accept: */*
1 > Accept-Encoding: gzip,deflate
1 > Authorization: Bearer 48a7fe60034be1eb264102c122d31ea48f4ef04e
1 > Connection: Keep-Alive
1 > Content-Length: 0
1 > Content-Type: application/json
1 > Host: api-ssl.bitly.com
1 > User-Agent: Apache-HttpClient/4.5.12 (Java/14.0.2)


00:43:36.000 [ForkJoinPool-1-worker-11] DEBUG org.apache.http.impl.conn.PoolingHttpClientConnectionManager - Connection request: [route: {s}->https://api-ssl.bitly.com:443][total available: 0; route allocated: 0 of 5; total allocated: 0 of 10]
00:43:36.001 [ForkJoinPool-1-worker-11] DEBUG org.apache.http.impl.conn.PoolingHttpClientConnectionManager - Connection leased: [id: 13][route: {s}->https://api-ssl.bitly.com:443][total available: 0; route allocated: 1 of 5; total allocated: 1 of 10]
00:43:36.001 [ForkJoinPool-1-worker-11] DEBUG org.apache.http.impl.execchain.MainClientExec - Opening connection {s}->https://api-ssl.bitly.com:443
00:43:36.001 [ForkJoinPool-1-worker-11] DEBUG org.apache.http.impl.conn.DefaultHttpClientConnectionOperator - Connecting to api-ssl.bitly.com/67.199.248.21:443
00:43:36.001 [ForkJoinPool-1-worker-11] DEBUG org.apache.http.conn.ssl.SSLConnectionSocketFactory - Connecting socket to api-ssl.bitly.com/67.199.248.21:443 with timeout 3000
00:43:36.003 [ForkJoinPool-1-worker-5] DEBUG org.apache.http.conn.ssl.SSLConnectionSocketFactory - Enabled protocols: [TLSv1.3, TLSv1.2, TLSv1.1, TLSv1]
00:43:36.004 [ForkJoinPool-1-worker-5] DEBUG org.apache.http.conn.ssl.SSLConnectionSocketFactory - Enabled cipher suites:[TLS_AES_256_GCM_SHA384, TLS_AES_128_GCM_SHA256, TLS_CHACHA20_POLY1305_SHA256, TLS_ECDHE_ECDSA_WITH_AES_256_GCM_SHA384, TLS_ECDHE_ECDSA_WITH_AES_128_GCM_SHA256, TLS_ECDHE_ECDSA_WITH_CHACHA20_POLY1305_SHA256, TLS_ECDHE_RSA_WITH_AES_256_GCM_SHA384, TLS_ECDHE_RSA_WITH_CHACHA20_POLY1305_SHA256, TLS_ECDHE_RSA_WITH_AES_128_GCM_SHA256, TLS_DHE_RSA_WITH_AES_256_GCM_SHA384, TLS_DHE_RSA_WITH_CHACHA20_POLY1305_SHA256, TLS_DHE_DSS_WITH_AES_256_GCM_SHA384, TLS_DHE_RSA_WITH_AES_128_GCM_SHA256, TLS_DHE_DSS_WITH_AES_128_GCM_SHA256, TLS_ECDHE_ECDSA_WITH_AES_256_CBC_SHA384, TLS_ECDHE_RSA_WITH_AES_256_CBC_SHA384, TLS_ECDHE_ECDSA_WITH_AES_128_CBC_SHA256, TLS_ECDHE_RSA_WITH_AES_128_CBC_SHA256, TLS_DHE_RSA_WITH_AES_256_CBC_SHA256, TLS_DHE_DSS_WITH_AES_256_CBC_SHA256, TLS_DHE_RSA_WITH_AES_128_CBC_SHA256, TLS_DHE_DSS_WITH_AES_128_CBC_SHA256, TLS_ECDH_ECDSA_WITH_AES_256_GCM_SHA384, TLS_ECDH_RSA_WITH_AES_256_GCM_SHA384, TLS_ECDH_ECDSA_WITH_AES_128_GCM_SHA256, TLS_ECDH_RSA_WITH_AES_128_GCM_SHA256, TLS_ECDH_ECDSA_WITH_AES_256_CBC_SHA384, TLS_ECDH_RSA_WITH_AES_256_CBC_SHA384, TLS_ECDH_ECDSA_WITH_AES_128_CBC_SHA256, TLS_ECDH_RSA_WITH_AES_128_CBC_SHA256, TLS_ECDHE_ECDSA_WITH_AES_256_CBC_SHA, TLS_ECDHE_RSA_WITH_AES_256_CBC_SHA, TLS_ECDHE_ECDSA_WITH_AES_128_CBC_SHA, TLS_ECDHE_RSA_WITH_AES_128_CBC_SHA, TLS_DHE_RSA_WITH_AES_256_CBC_SHA, TLS_DHE_DSS_WITH_AES_256_CBC_SHA, TLS_DHE_RSA_WITH_AES_128_CBC_SHA, TLS_DHE_DSS_WITH_AES_128_CBC_SHA, TLS_ECDH_ECDSA_WITH_AES_256_CBC_SHA, TLS_ECDH_RSA_WITH_AES_256_CBC_SHA, TLS_ECDH_ECDSA_WITH_AES_128_CBC_SHA, TLS_ECDH_RSA_WITH_AES_128_CBC_SHA, TLS_RSA_WITH_AES_256_GCM_SHA384, TLS_RSA_WITH_AES_128_GCM_SHA256, TLS_RSA_WITH_AES_256_CBC_SHA256, TLS_RSA_WITH_AES_128_CBC_SHA256, TLS_RSA_WITH_AES_256_CBC_SHA, TLS_RSA_WITH_AES_128_CBC_SHA, TLS_EMPTY_RENEGOTIATION_INFO_SCSV]
00:43:36.004 [ForkJoinPool-1-worker-5] DEBUG org.apache.http.conn.ssl.SSLConnectionSocketFactory - Starting handshake
00:43:36.007 [ForkJoinPool-1-worker-9] DEBUG org.apache.http.conn.ssl.SSLConnectionSocketFactory - Enabled protocols: [TLSv1.3, TLSv1.2, TLSv1.1, TLSv1]
00:43:36.007 [ForkJoinPool-1-worker-9] DEBUG org.apache.http.conn.ssl.SSLConnectionSocketFactory - Enabled cipher suites:[TLS_AES_256_GCM_SHA384, TLS_AES_128_GCM_SHA256, TLS_CHACHA20_POLY1305_SHA256, TLS_ECDHE_ECDSA_WITH_AES_256_GCM_SHA384, TLS_ECDHE_ECDSA_WITH_AES_128_GCM_SHA256, TLS_ECDHE_ECDSA_WITH_CHACHA20_POLY1305_SHA256, TLS_ECDHE_RSA_WITH_AES_256_GCM_SHA384, TLS_ECDHE_RSA_WITH_CHACHA20_POLY1305_SHA256, TLS_ECDHE_RSA_WITH_AES_128_GCM_SHA256, TLS_DHE_RSA_WITH_AES_256_GCM_SHA384, TLS_DHE_RSA_WITH_CHACHA20_POLY1305_SHA256, TLS_DHE_DSS_WITH_AES_256_GCM_SHA384, TLS_DHE_RSA_WITH_AES_128_GCM_SHA256, TLS_DHE_DSS_WITH_AES_128_GCM_SHA256, TLS_ECDHE_ECDSA_WITH_AES_256_CBC_SHA384, TLS_ECDHE_RSA_WITH_AES_256_CBC_SHA384, TLS_ECDHE_ECDSA_WITH_AES_128_CBC_SHA256, TLS_ECDHE_RSA_WITH_AES_128_CBC_SHA256, TLS_DHE_RSA_WITH_AES_256_CBC_SHA256, TLS_DHE_DSS_WITH_AES_256_CBC_SHA256, TLS_DHE_RSA_WITH_AES_128_CBC_SHA256, TLS_DHE_DSS_WITH_AES_128_CBC_SHA256, TLS_ECDH_ECDSA_WITH_AES_256_GCM_SHA384, TLS_ECDH_RSA_WITH_AES_256_GCM_SHA384, TLS_ECDH_ECDSA_WITH_AES_128_GCM_SHA256, TLS_ECDH_RSA_WITH_AES_128_GCM_SHA256, TLS_ECDH_ECDSA_WITH_AES_256_CBC_SHA384, TLS_ECDH_RSA_WITH_AES_256_CBC_SHA384, TLS_ECDH_ECDSA_WITH_AES_128_CBC_SHA256, TLS_ECDH_RSA_WITH_AES_128_CBC_SHA256, TLS_ECDHE_ECDSA_WITH_AES_256_CBC_SHA, TLS_ECDHE_RSA_WITH_AES_256_CBC_SHA, TLS_ECDHE_ECDSA_WITH_AES_128_CBC_SHA, TLS_ECDHE_RSA_WITH_AES_128_CBC_SHA, TLS_DHE_RSA_WITH_AES_256_CBC_SHA, TLS_DHE_DSS_WITH_AES_256_CBC_SHA, TLS_DHE_RSA_WITH_AES_128_CBC_SHA, TLS_DHE_DSS_WITH_AES_128_CBC_SHA, TLS_ECDH_ECDSA_WITH_AES_256_CBC_SHA, TLS_ECDH_RSA_WITH_AES_256_CBC_SHA, TLS_ECDH_ECDSA_WITH_AES_128_CBC_SHA, TLS_ECDH_RSA_WITH_AES_128_CBC_SHA, TLS_RSA_WITH_AES_256_GCM_SHA384, TLS_RSA_WITH_AES_128_GCM_SHA256, TLS_RSA_WITH_AES_256_CBC_SHA256, TLS_RSA_WITH_AES_128_CBC_SHA256, TLS_RSA_WITH_AES_256_CBC_SHA, TLS_RSA_WITH_AES_128_CBC_SHA, TLS_EMPTY_RENEGOTIATION_INFO_SCSV]
00:43:36.007 [ForkJoinPool-1-worker-9] DEBUG org.apache.http.conn.ssl.SSLConnectionSocketFactory - Starting handshake
00:43:36.008 [ForkJoinPool-1-worker-3] DEBUG org.apache.http.conn.ssl.SSLConnectionSocketFactory - Enabled protocols: [TLSv1.3, TLSv1.2, TLSv1.1, TLSv1]
00:43:36.008 [ForkJoinPool-1-worker-3] DEBUG org.apache.http.conn.ssl.SSLConnectionSocketFactory - Enabled cipher suites:[TLS_AES_256_GCM_SHA384, TLS_AES_128_GCM_SHA256, TLS_CHACHA20_POLY1305_SHA256, TLS_ECDHE_ECDSA_WITH_AES_256_GCM_SHA384, TLS_ECDHE_ECDSA_WITH_AES_128_GCM_SHA256, TLS_ECDHE_ECDSA_WITH_CHACHA20_POLY1305_SHA256, TLS_ECDHE_RSA_WITH_AES_256_GCM_SHA384, TLS_ECDHE_RSA_WITH_CHACHA20_POLY1305_SHA256, TLS_ECDHE_RSA_WITH_AES_128_GCM_SHA256, TLS_DHE_RSA_WITH_AES_256_GCM_SHA384, TLS_DHE_RSA_WITH_CHACHA20_POLY1305_SHA256, TLS_DHE_DSS_WITH_AES_256_GCM_SHA384, TLS_DHE_RSA_WITH_AES_128_GCM_SHA256, TLS_DHE_DSS_WITH_AES_128_GCM_SHA256, TLS_ECDHE_ECDSA_WITH_AES_256_CBC_SHA384, TLS_ECDHE_RSA_WITH_AES_256_CBC_SHA384, TLS_ECDHE_ECDSA_WITH_AES_128_CBC_SHA256, TLS_ECDHE_RSA_WITH_AES_128_CBC_SHA256, TLS_DHE_RSA_WITH_AES_256_CBC_SHA256, TLS_DHE_DSS_WITH_AES_256_CBC_SHA256, TLS_DHE_RSA_WITH_AES_128_CBC_SHA256, TLS_DHE_DSS_WITH_AES_128_CBC_SHA256, TLS_ECDH_ECDSA_WITH_AES_256_GCM_SHA384, TLS_ECDH_RSA_WITH_AES_256_GCM_SHA384, TLS_ECDH_ECDSA_WITH_AES_128_GCM_SHA256, TLS_ECDH_RSA_WITH_AES_128_GCM_SHA256, TLS_ECDH_ECDSA_WITH_AES_256_CBC_SHA384, TLS_ECDH_RSA_WITH_AES_256_CBC_SHA384, TLS_ECDH_ECDSA_WITH_AES_128_CBC_SHA256, TLS_ECDH_RSA_WITH_AES_128_CBC_SHA256, TLS_ECDHE_ECDSA_WITH_AES_256_CBC_SHA, TLS_ECDHE_RSA_WITH_AES_256_CBC_SHA, TLS_ECDHE_ECDSA_WITH_AES_128_CBC_SHA, TLS_ECDHE_RSA_WITH_AES_128_CBC_SHA, TLS_DHE_RSA_WITH_AES_256_CBC_SHA, TLS_DHE_DSS_WITH_AES_256_CBC_SHA, TLS_DHE_RSA_WITH_AES_128_CBC_SHA, TLS_DHE_DSS_WITH_AES_128_CBC_SHA, TLS_ECDH_ECDSA_WITH_AES_256_CBC_SHA, TLS_ECDH_RSA_WITH_AES_256_CBC_SHA, TLS_ECDH_ECDSA_WITH_AES_128_CBC_SHA, TLS_ECDH_RSA_WITH_AES_128_CBC_SHA, TLS_RSA_WITH_AES_256_GCM_SHA384, TLS_RSA_WITH_AES_128_GCM_SHA256, TLS_RSA_WITH_AES_256_CBC_SHA256, TLS_RSA_WITH_AES_128_CBC_SHA256, TLS_RSA_WITH_AES_256_CBC_SHA, TLS_RSA_WITH_AES_128_CBC_SHA, TLS_EMPTY_RENEGOTIATION_INFO_SCSV]
00:43:36.008 [ForkJoinPool-1-worker-3] DEBUG org.apache.http.conn.ssl.SSLConnectionSocketFactory - Starting handshake
00:43:36.013 [ForkJoinPool-1-worker-7] DEBUG org.apache.http.wire - http-outgoing-9 << "HTTP/1.1 200 OK[\r][\n]"
00:43:36.013 [ForkJoinPool-1-worker-7] DEBUG org.apache.http.wire - http-outgoing-9 << "Server: nginx[\r][\n]"
00:43:36.013 [ForkJoinPool-1-worker-7] DEBUG org.apache.http.wire - http-outgoing-9 << "Date: Fri, 12 Mar 2021 00:43:35 GMT[\r][\n]"
00:43:36.013 [ForkJoinPool-1-worker-7] DEBUG org.apache.http.wire - http-outgoing-9 << "Content-Type: application/json[\r][\n]"
00:43:36.013 [ForkJoinPool-1-worker-7] DEBUG org.apache.http.wire - http-outgoing-9 << "Content-Length: 283[\r][\n]"
00:43:36.013 [ForkJoinPool-1-worker-7] DEBUG org.apache.http.wire - http-outgoing-9 << "Strict-Transport-Security: max-age=31536000; includeSubDomains[\r][\n]"
00:43:36.013 [ForkJoinPool-1-worker-7] DEBUG org.apache.http.wire - http-outgoing-9 << "X-XSS-Protection: 1; mode=blockFilter[\r][\n]"
00:43:36.013 [ForkJoinPool-1-worker-7] DEBUG org.apache.http.wire - http-outgoing-9 << "X-Content-Type-Options: nosniff[\r][\n]"
00:43:36.013 [ForkJoinPool-1-worker-7] DEBUG org.apache.http.wire - http-outgoing-9 << "X-Frame-Options: DENY[\r][\n]"
00:43:36.013 [ForkJoinPool-1-worker-7] DEBUG org.apache.http.wire - http-outgoing-9 << "Content-Security-Policy: default-src 'none[\r][\n]"
00:43:36.013 [ForkJoinPool-1-worker-7] DEBUG org.apache.http.wire - http-outgoing-9 << "Via: 1.1 google[\r][\n]"
00:43:36.013 [ForkJoinPool-1-worker-7] DEBUG org.apache.http.wire - http-outgoing-9 << "Alt-Svc: clear[\r][\n]"
00:43:36.013 [ForkJoinPool-1-worker-7] DEBUG org.apache.http.wire - http-outgoing-9 << "[\r][\n]"
00:43:36.013 [ForkJoinPool-1-worker-7] DEBUG org.apache.http.wire - http-outgoing-9 << "{"created_at":"2021-03-11T23:00:33+0000","id":"bit.ly/30zP8P7","link":"https://bit.ly/30zP8P7","custom_bitlinks":[],"long_url":"https://www.bbc.co.ken/","title":"test","archived":false,"tags":[],"deeplinks":[],"references":{"group":"https://api-ssl.bitly.com/v4/groups/Bl39i27Ji5U"}}"
00:43:36.013 [ForkJoinPool-1-worker-7] DEBUG org.apache.http.headers - http-outgoing-9 << HTTP/1.1 200 OK
00:43:36.013 [ForkJoinPool-1-worker-7] DEBUG org.apache.http.headers - http-outgoing-9 << Server: nginx
00:43:36.013 [ForkJoinPool-1-worker-7] DEBUG org.apache.http.headers - http-outgoing-9 << Date: Fri, 12 Mar 2021 00:43:35 GMT
00:43:36.013 [ForkJoinPool-1-worker-7] DEBUG org.apache.http.headers - http-outgoing-9 << Content-Type: application/json
00:43:36.013 [ForkJoinPool-1-worker-7] DEBUG org.apache.http.headers - http-outgoing-9 << Content-Length: 283
00:43:36.013 [ForkJoinPool-1-worker-7] DEBUG org.apache.http.headers - http-outgoing-9 << Strict-Transport-Security: max-age=31536000; includeSubDomains
00:43:36.013 [ForkJoinPool-1-worker-7] DEBUG org.apache.http.headers - http-outgoing-9 << X-XSS-Protection: 1; mode=blockFilter
00:43:36.013 [ForkJoinPool-1-worker-7] DEBUG org.apache.http.headers - http-outgoing-9 << X-Content-Type-Options: nosniff
00:43:36.013 [ForkJoinPool-1-worker-7] DEBUG org.apache.http.headers - http-outgoing-9 << X-Frame-Options: DENY
00:43:36.013 [ForkJoinPool-1-worker-7] DEBUG org.apache.http.headers - http-outgoing-9 << Content-Security-Policy: default-src 'none
00:43:36.013 [ForkJoinPool-1-worker-7] DEBUG org.apache.http.headers - http-outgoing-9 << Via: 1.1 google
00:43:36.013 [ForkJoinPool-1-worker-7] DEBUG org.apache.http.headers - http-outgoing-9 << Alt-Svc: clear
00:43:36.013 [ForkJoinPool-1-worker-7] DEBUG org.apache.http.impl.execchain.MainClientExec - Connection can be kept alive indefinitely
00:43:36.014 [ForkJoinPool-1-worker-7] DEBUG org.apache.http.impl.conn.PoolingHttpClientConnectionManager - Connection [id: 9][route: {s}->https://api-ssl.bitly.com:443] can be kept alive indefinitely
00:43:36.014 [ForkJoinPool-1-worker-7] DEBUG org.apache.http.impl.conn.DefaultManagedHttpClientConnection - http-outgoing-9: set socket timeout to 0
00:43:36.014 [ForkJoinPool-1-worker-7] DEBUG org.apache.http.impl.conn.PoolingHttpClientConnectionManager - Connection released: [id: 9][route: {s}->https://api-ssl.bitly.com:443][total available: 1; route allocated: 1 of 5; total allocated: 1 of 10]
00:43:36.014 [ForkJoinPool-1-worker-7] DEBUG com.intuit.karate - response time in milliseconds: 169.80
1 < 200
1 < Alt-Svc: clear
1 < Content-Length: 283
1 < Content-Security-Policy: default-src 'none
1 < Content-Type: application/json
1 < Date: Fri, 12 Mar 2021 00:43:35 GMT
1 < Server: nginx
1 < Strict-Transport-Security: max-age=31536000; includeSubDomains
1 < Via: 1.1 google
1 < X-Content-Type-Options: nosniff
1 < X-Frame-Options: DENY
1 < X-XSS-Protection: 1; mode=blockFilter
{"created_at":"2021-03-11T23:00:33+0000","id":"bit.ly/30zP8P7","link":"https://bit.ly/30zP8P7","custom_bitlinks":[],"long_url":"https://www.bbc.co.ken/","title":"test","archived":false,"tags":[],"deeplinks":[],"references":{"group":"https://api-ssl.bitly.com/v4/groups/Bl39i27Ji5U"}}

00:43:36.017 [Finalizer] DEBUG org.apache.http.impl.conn.PoolingHttpClientConnectionManager - Connection manager is shutting down
00:43:36.017 [ForkJoinPool-1-worker-7] DEBUG com.jayway.jsonpath.internal.path.CompiledPath - Evaluating path: $['long_url']
00:43:36.017 [Finalizer] DEBUG org.apache.http.impl.conn.DefaultManagedHttpClientConnection - http-outgoing-8: Close connection
00:43:36.018 [Finalizer] DEBUG org.apache.http.impl.conn.PoolingHttpClientConnectionManager - Connection manager shut down
00:43:36.018 [Finalizer] DEBUG org.apache.http.impl.conn.PoolingHttpClientConnectionManager - Connection manager is shutting down
00:43:36.018 [Finalizer] DEBUG org.apache.http.impl.conn.DefaultManagedHttpClientConnection - http-outgoing-5: Close connection
00:43:36.018 [Finalizer] DEBUG org.apache.http.impl.conn.PoolingHttpClientConnectionManager - Connection manager shut down
00:43:36.018 [Finalizer] DEBUG org.apache.http.impl.conn.PoolingHttpClientConnectionManager - Connection manager is shutting down
00:43:36.018 [Finalizer] DEBUG org.apache.http.impl.conn.DefaultManagedHttpClientConnection - http-outgoing-7: Close connection
00:43:36.019 [Finalizer] DEBUG org.apache.http.impl.conn.PoolingHttpClientConnectionManager - Connection manager shut down
00:43:36.019 [Finalizer] DEBUG org.apache.http.impl.conn.PoolingHttpClientConnectionManager - Connection manager is shutting down
00:43:36.019 [Finalizer] DEBUG org.apache.http.impl.conn.DefaultManagedHttpClientConnection - http-outgoing-6: Close connection
00:43:36.019 [Finalizer] DEBUG org.apache.http.impl.conn.PoolingHttpClientConnectionManager - Connection manager shut down
00:43:36.020 [ForkJoinPool-1-worker-11] DEBUG org.apache.http.conn.ssl.SSLConnectionSocketFactory - Enabled protocols: [TLSv1.3, TLSv1.2, TLSv1.1, TLSv1]
00:43:36.021 [ForkJoinPool-1-worker-11] DEBUG org.apache.http.conn.ssl.SSLConnectionSocketFactory - Enabled cipher suites:[TLS_AES_256_GCM_SHA384, TLS_AES_128_GCM_SHA256, TLS_CHACHA20_POLY1305_SHA256, TLS_ECDHE_ECDSA_WITH_AES_256_GCM_SHA384, TLS_ECDHE_ECDSA_WITH_AES_128_GCM_SHA256, TLS_ECDHE_ECDSA_WITH_CHACHA20_POLY1305_SHA256, TLS_ECDHE_RSA_WITH_AES_256_GCM_SHA384, TLS_ECDHE_RSA_WITH_CHACHA20_POLY1305_SHA256, TLS_ECDHE_RSA_WITH_AES_128_GCM_SHA256, TLS_DHE_RSA_WITH_AES_256_GCM_SHA384, TLS_DHE_RSA_WITH_CHACHA20_POLY1305_SHA256, TLS_DHE_DSS_WITH_AES_256_GCM_SHA384, TLS_DHE_RSA_WITH_AES_128_GCM_SHA256, TLS_DHE_DSS_WITH_AES_128_GCM_SHA256, TLS_ECDHE_ECDSA_WITH_AES_256_CBC_SHA384, TLS_ECDHE_RSA_WITH_AES_256_CBC_SHA384, TLS_ECDHE_ECDSA_WITH_AES_128_CBC_SHA256, TLS_ECDHE_RSA_WITH_AES_128_CBC_SHA256, TLS_DHE_RSA_WITH_AES_256_CBC_SHA256, TLS_DHE_DSS_WITH_AES_256_CBC_SHA256, TLS_DHE_RSA_WITH_AES_128_CBC_SHA256, TLS_DHE_DSS_WITH_AES_128_CBC_SHA256, TLS_ECDH_ECDSA_WITH_AES_256_GCM_SHA384, TLS_ECDH_RSA_WITH_AES_256_GCM_SHA384, TLS_ECDH_ECDSA_WITH_AES_128_GCM_SHA256, TLS_ECDH_RSA_WITH_AES_128_GCM_SHA256, TLS_ECDH_ECDSA_WITH_AES_256_CBC_SHA384, TLS_ECDH_RSA_WITH_AES_256_CBC_SHA384, TLS_ECDH_ECDSA_WITH_AES_128_CBC_SHA256, TLS_ECDH_RSA_WITH_AES_128_CBC_SHA256, TLS_ECDHE_ECDSA_WITH_AES_256_CBC_SHA, TLS_ECDHE_RSA_WITH_AES_256_CBC_SHA, TLS_ECDHE_ECDSA_WITH_AES_128_CBC_SHA, TLS_ECDHE_RSA_WITH_AES_128_CBC_SHA, TLS_DHE_RSA_WITH_AES_256_CBC_SHA, TLS_DHE_DSS_WITH_AES_256_CBC_SHA, TLS_DHE_RSA_WITH_AES_128_CBC_SHA, TLS_DHE_DSS_WITH_AES_128_CBC_SHA, TLS_ECDH_ECDSA_WITH_AES_256_CBC_SHA, TLS_ECDH_RSA_WITH_AES_256_CBC_SHA, TLS_ECDH_ECDSA_WITH_AES_128_CBC_SHA, TLS_ECDH_RSA_WITH_AES_128_CBC_SHA, TLS_RSA_WITH_AES_256_GCM_SHA384, TLS_RSA_WITH_AES_128_GCM_SHA256, TLS_RSA_WITH_AES_256_CBC_SHA256, TLS_RSA_WITH_AES_128_CBC_SHA256, TLS_RSA_WITH_AES_256_CBC_SHA, TLS_RSA_WITH_AES_128_CBC_SHA, TLS_EMPTY_RENEGOTIATION_INFO_SCSV]
00:43:36.021 [ForkJoinPool-1-worker-11] DEBUG org.apache.http.conn.ssl.SSLConnectionSocketFactory - Starting handshake
00:43:36.022 [ForkJoinPool-1-worker-7] DEBUG com.jayway.jsonpath.internal.path.CompiledPath - Evaluating path: $
00:43:36.026 [ForkJoinPool-1-worker-7] DEBUG com.jayway.jsonpath.internal.path.CompiledPath - Evaluating path: $
00:43:36.026 [ForkJoinPool-1-worker-7] DEBUG com.jayway.jsonpath.internal.path.CompiledPath - Evaluating path: $
00:43:36.029 [ForkJoinPool-1-worker-7] DEBUG com.jayway.jsonpath.internal.path.CompiledPath - Evaluating path: $
00:43:36.030 [ForkJoinPool-1-worker-7] DEBUG org.apache.http.client.protocol.RequestAddCookies - CookieSpec selected: karate
00:43:36.030 [ForkJoinPool-1-worker-7] DEBUG org.apache.http.client.protocol.RequestAuthCache - Auth cache not set in the context
00:43:36.031 [ForkJoinPool-1-worker-7] DEBUG com.intuit.karate - request:
1 > POST https://api-ssl.bitly.com/v4/bitlinks
1 > Accept: */*
1 > Accept-Encoding: gzip,deflate
1 > Authorization: Bearer 48a7fe60034be1eb264102c122d31ea48f4ef04e
1 > Connection: Keep-Alive
1 > Content-Length: 55
1 > Content-Type: application/json
1 > Host: api-ssl.bitly.com
1 > User-Agent: Apache-HttpClient/4.5.12 (Java/14.0.2)
{"long_url": "https://www.bbc.co.uuuuu/","domain": "8"}

00:43:36.031 [ForkJoinPool-1-worker-7] DEBUG org.apache.http.impl.conn.PoolingHttpClientConnectionManager - Connection request: [route: {s}->https://api-ssl.bitly.com:443][total available: 0; route allocated: 0 of 5; total allocated: 0 of 10]
00:43:36.031 [ForkJoinPool-1-worker-7] DEBUG org.apache.http.impl.conn.PoolingHttpClientConnectionManager - Connection leased: [id: 14][route: {s}->https://api-ssl.bitly.com:443][total available: 0; route allocated: 1 of 5; total allocated: 1 of 10]
00:43:36.031 [ForkJoinPool-1-worker-7] DEBUG org.apache.http.impl.execchain.MainClientExec - Opening connection {s}->https://api-ssl.bitly.com:443
00:43:36.031 [ForkJoinPool-1-worker-7] DEBUG org.apache.http.impl.conn.DefaultHttpClientConnectionOperator - Connecting to api-ssl.bitly.com/67.199.248.21:443
00:43:36.031 [ForkJoinPool-1-worker-7] DEBUG org.apache.http.conn.ssl.SSLConnectionSocketFactory - Connecting socket to api-ssl.bitly.com/67.199.248.21:443 with timeout 3000
00:43:36.046 [ForkJoinPool-1-worker-5] DEBUG org.apache.http.conn.ssl.SSLConnectionSocketFactory - Secure session established
00:43:36.046 [ForkJoinPool-1-worker-5] DEBUG org.apache.http.conn.ssl.SSLConnectionSocketFactory -  negotiated protocol: TLSv1.3
00:43:36.046 [ForkJoinPool-1-worker-5] DEBUG org.apache.http.conn.ssl.SSLConnectionSocketFactory -  negotiated cipher suite: TLS_AES_256_GCM_SHA384
00:43:36.046 [ForkJoinPool-1-worker-5] DEBUG org.apache.http.conn.ssl.SSLConnectionSocketFactory -  peer principal: CN=api-ssl.bitly.com, O="Bitly, Inc.", L=New York, ST=New York, C=US, SERIALNUMBER=4627013, OID.1.3.6.1.4.1.311.60.2.1.2=Delaware, OID.1.3.6.1.4.1.311.60.2.1.3=US, OID.2.5.4.15=Private Organization
00:43:36.046 [ForkJoinPool-1-worker-5] DEBUG org.apache.http.conn.ssl.SSLConnectionSocketFactory -  peer alternative names: [api-ssl.bitly.com]
00:43:36.046 [ForkJoinPool-1-worker-5] DEBUG org.apache.http.conn.ssl.SSLConnectionSocketFactory -  issuer principal: CN=DigiCert SHA2 Extended Validation Server CA, OU=www.digicert.com, O=DigiCert Inc, C=US
00:43:36.047 [ForkJoinPool-1-worker-5] DEBUG org.apache.http.impl.conn.DefaultHttpClientConnectionOperator - Connection established 192.168.1.38:56018<->67.199.248.21:443
00:43:36.047 [ForkJoinPool-1-worker-5] DEBUG org.apache.http.impl.conn.DefaultManagedHttpClientConnection - http-outgoing-10: set socket timeout to 3000
00:43:36.047 [ForkJoinPool-1-worker-5] DEBUG org.apache.http.impl.execchain.MainClientExec - Executing request PUT /v4/groups HTTP/1.1
00:43:36.047 [ForkJoinPool-1-worker-5] DEBUG org.apache.http.impl.execchain.MainClientExec - Proxy auth state: UNCHALLENGED
00:43:36.047 [ForkJoinPool-1-worker-5] DEBUG org.apache.http.headers - http-outgoing-10 >> PUT /v4/groups HTTP/1.1
00:43:36.047 [ForkJoinPool-1-worker-5] DEBUG org.apache.http.headers - http-outgoing-10 >> Content-Type: application/json
00:43:36.047 [ForkJoinPool-1-worker-5] DEBUG org.apache.http.headers - http-outgoing-10 >> Authorization: Bearer 48a7fe60034be1eb264102c122d31ea48f4ef04e
00:43:36.047 [ForkJoinPool-1-worker-5] DEBUG org.apache.http.headers - http-outgoing-10 >> Accept: */*
00:43:36.047 [ForkJoinPool-1-worker-5] DEBUG org.apache.http.headers - http-outgoing-10 >> Content-Length: 0
00:43:36.047 [ForkJoinPool-1-worker-5] DEBUG org.apache.http.headers - http-outgoing-10 >> Host: api-ssl.bitly.com
00:43:36.047 [ForkJoinPool-1-worker-5] DEBUG org.apache.http.headers - http-outgoing-10 >> Connection: Keep-Alive
00:43:36.047 [ForkJoinPool-1-worker-5] DEBUG org.apache.http.headers - http-outgoing-10 >> User-Agent: Apache-HttpClient/4.5.12 (Java/14.0.2)
00:43:36.047 [ForkJoinPool-1-worker-5] DEBUG org.apache.http.headers - http-outgoing-10 >> Accept-Encoding: gzip,deflate
00:43:36.047 [ForkJoinPool-1-worker-5] DEBUG org.apache.http.wire - http-outgoing-10 >> "PUT /v4/groups HTTP/1.1[\r][\n]"
00:43:36.047 [ForkJoinPool-1-worker-5] DEBUG org.apache.http.wire - http-outgoing-10 >> "Content-Type: application/json[\r][\n]"
00:43:36.047 [ForkJoinPool-1-worker-5] DEBUG org.apache.http.wire - http-outgoing-10 >> "Authorization: Bearer 48a7fe60034be1eb264102c122d31ea48f4ef04e[\r][\n]"
00:43:36.047 [ForkJoinPool-1-worker-5] DEBUG org.apache.http.wire - http-outgoing-10 >> "Accept: */*[\r][\n]"
00:43:36.047 [ForkJoinPool-1-worker-5] DEBUG org.apache.http.wire - http-outgoing-10 >> "Content-Length: 0[\r][\n]"
00:43:36.047 [ForkJoinPool-1-worker-5] DEBUG org.apache.http.wire - http-outgoing-10 >> "Host: api-ssl.bitly.com[\r][\n]"
00:43:36.047 [ForkJoinPool-1-worker-5] DEBUG org.apache.http.wire - http-outgoing-10 >> "Connection: Keep-Alive[\r][\n]"
00:43:36.047 [ForkJoinPool-1-worker-5] DEBUG org.apache.http.wire - http-outgoing-10 >> "User-Agent: Apache-HttpClient/4.5.12 (Java/14.0.2)[\r][\n]"
00:43:36.047 [ForkJoinPool-1-worker-5] DEBUG org.apache.http.wire - http-outgoing-10 >> "Accept-Encoding: gzip,deflate[\r][\n]"
00:43:36.047 [ForkJoinPool-1-worker-5] DEBUG org.apache.http.wire - http-outgoing-10 >> "[\r][\n]"
00:43:36.049 [ForkJoinPool-1-worker-7] DEBUG org.apache.http.conn.ssl.SSLConnectionSocketFactory - Enabled protocols: [TLSv1.3, TLSv1.2, TLSv1.1, TLSv1]
00:43:36.049 [ForkJoinPool-1-worker-7] DEBUG org.apache.http.conn.ssl.SSLConnectionSocketFactory - Enabled cipher suites:[TLS_AES_256_GCM_SHA384, TLS_AES_128_GCM_SHA256, TLS_CHACHA20_POLY1305_SHA256, TLS_ECDHE_ECDSA_WITH_AES_256_GCM_SHA384, TLS_ECDHE_ECDSA_WITH_AES_128_GCM_SHA256, TLS_ECDHE_ECDSA_WITH_CHACHA20_POLY1305_SHA256, TLS_ECDHE_RSA_WITH_AES_256_GCM_SHA384, TLS_ECDHE_RSA_WITH_CHACHA20_POLY1305_SHA256, TLS_ECDHE_RSA_WITH_AES_128_GCM_SHA256, TLS_DHE_RSA_WITH_AES_256_GCM_SHA384, TLS_DHE_RSA_WITH_CHACHA20_POLY1305_SHA256, TLS_DHE_DSS_WITH_AES_256_GCM_SHA384, TLS_DHE_RSA_WITH_AES_128_GCM_SHA256, TLS_DHE_DSS_WITH_AES_128_GCM_SHA256, TLS_ECDHE_ECDSA_WITH_AES_256_CBC_SHA384, TLS_ECDHE_RSA_WITH_AES_256_CBC_SHA384, TLS_ECDHE_ECDSA_WITH_AES_128_CBC_SHA256, TLS_ECDHE_RSA_WITH_AES_128_CBC_SHA256, TLS_DHE_RSA_WITH_AES_256_CBC_SHA256, TLS_DHE_DSS_WITH_AES_256_CBC_SHA256, TLS_DHE_RSA_WITH_AES_128_CBC_SHA256, TLS_DHE_DSS_WITH_AES_128_CBC_SHA256, TLS_ECDH_ECDSA_WITH_AES_256_GCM_SHA384, TLS_ECDH_RSA_WITH_AES_256_GCM_SHA384, TLS_ECDH_ECDSA_WITH_AES_128_GCM_SHA256, TLS_ECDH_RSA_WITH_AES_128_GCM_SHA256, TLS_ECDH_ECDSA_WITH_AES_256_CBC_SHA384, TLS_ECDH_RSA_WITH_AES_256_CBC_SHA384, TLS_ECDH_ECDSA_WITH_AES_128_CBC_SHA256, TLS_ECDH_RSA_WITH_AES_128_CBC_SHA256, TLS_ECDHE_ECDSA_WITH_AES_256_CBC_SHA, TLS_ECDHE_RSA_WITH_AES_256_CBC_SHA, TLS_ECDHE_ECDSA_WITH_AES_128_CBC_SHA, TLS_ECDHE_RSA_WITH_AES_128_CBC_SHA, TLS_DHE_RSA_WITH_AES_256_CBC_SHA, TLS_DHE_DSS_WITH_AES_256_CBC_SHA, TLS_DHE_RSA_WITH_AES_128_CBC_SHA, TLS_DHE_DSS_WITH_AES_128_CBC_SHA, TLS_ECDH_ECDSA_WITH_AES_256_CBC_SHA, TLS_ECDH_RSA_WITH_AES_256_CBC_SHA, TLS_ECDH_ECDSA_WITH_AES_128_CBC_SHA, TLS_ECDH_RSA_WITH_AES_128_CBC_SHA, TLS_RSA_WITH_AES_256_GCM_SHA384, TLS_RSA_WITH_AES_128_GCM_SHA256, TLS_RSA_WITH_AES_256_CBC_SHA256, TLS_RSA_WITH_AES_128_CBC_SHA256, TLS_RSA_WITH_AES_256_CBC_SHA, TLS_RSA_WITH_AES_128_CBC_SHA, TLS_EMPTY_RENEGOTIATION_INFO_SCSV]
00:43:36.049 [ForkJoinPool-1-worker-7] DEBUG org.apache.http.conn.ssl.SSLConnectionSocketFactory - Starting handshake
00:43:36.053 [ForkJoinPool-1-worker-3] DEBUG org.apache.http.conn.ssl.SSLConnectionSocketFactory - Secure session established
00:43:36.053 [ForkJoinPool-1-worker-3] DEBUG org.apache.http.conn.ssl.SSLConnectionSocketFactory -  negotiated protocol: TLSv1.3
00:43:36.053 [ForkJoinPool-1-worker-3] DEBUG org.apache.http.conn.ssl.SSLConnectionSocketFactory -  negotiated cipher suite: TLS_AES_256_GCM_SHA384
00:43:36.053 [ForkJoinPool-1-worker-3] DEBUG org.apache.http.conn.ssl.SSLConnectionSocketFactory -  peer principal: CN=api-ssl.bitly.com, O="Bitly, Inc.", L=New York, ST=New York, C=US, SERIALNUMBER=4627013, OID.1.3.6.1.4.1.311.60.2.1.2=Delaware, OID.1.3.6.1.4.1.311.60.2.1.3=US, OID.2.5.4.15=Private Organization
00:43:36.053 [ForkJoinPool-1-worker-3] DEBUG org.apache.http.conn.ssl.SSLConnectionSocketFactory -  peer alternative names: [api-ssl.bitly.com]
00:43:36.053 [ForkJoinPool-1-worker-3] DEBUG org.apache.http.conn.ssl.SSLConnectionSocketFactory -  issuer principal: CN=DigiCert SHA2 Extended Validation Server CA, OU=www.digicert.com, O=DigiCert Inc, C=US
00:43:36.053 [ForkJoinPool-1-worker-3] DEBUG org.apache.http.impl.conn.DefaultHttpClientConnectionOperator - Connection established 192.168.1.38:56019<->67.199.248.21:443
00:43:36.053 [ForkJoinPool-1-worker-3] DEBUG org.apache.http.impl.conn.DefaultManagedHttpClientConnection - http-outgoing-11: set socket timeout to 3000
00:43:36.053 [ForkJoinPool-1-worker-3] DEBUG org.apache.http.impl.execchain.MainClientExec - Executing request POST /v4/bitlinks HTTP/1.1
00:43:36.053 [ForkJoinPool-1-worker-3] DEBUG org.apache.http.impl.execchain.MainClientExec - Proxy auth state: UNCHALLENGED
00:43:36.053 [ForkJoinPool-1-worker-3] DEBUG org.apache.http.headers - http-outgoing-11 >> POST /v4/bitlinks HTTP/1.1
00:43:36.053 [ForkJoinPool-1-worker-3] DEBUG org.apache.http.headers - http-outgoing-11 >> Content-Type: application/json
00:43:36.053 [ForkJoinPool-1-worker-3] DEBUG org.apache.http.headers - http-outgoing-11 >> Authorization: Bearer 48a7fe60034be1eb264102c122d31ea48f4ef04e
00:43:36.053 [ForkJoinPool-1-worker-3] DEBUG org.apache.http.headers - http-outgoing-11 >> Accept: */*
00:43:36.053 [ForkJoinPool-1-worker-3] DEBUG org.apache.http.headers - http-outgoing-11 >> Content-Length: 37
00:43:36.053 [ForkJoinPool-1-worker-3] DEBUG org.apache.http.headers - http-outgoing-11 >> Host: api-ssl.bitly.com
00:43:36.053 [ForkJoinPool-1-worker-3] DEBUG org.apache.http.headers - http-outgoing-11 >> Connection: Keep-Alive
00:43:36.053 [ForkJoinPool-1-worker-3] DEBUG org.apache.http.headers - http-outgoing-11 >> User-Agent: Apache-HttpClient/4.5.12 (Java/14.0.2)
00:43:36.053 [ForkJoinPool-1-worker-3] DEBUG org.apache.http.headers - http-outgoing-11 >> Accept-Encoding: gzip,deflate
00:43:36.054 [ForkJoinPool-1-worker-3] DEBUG org.apache.http.wire - http-outgoing-11 >> "POST /v4/bitlinks HTTP/1.1[\r][\n]"
00:43:36.054 [ForkJoinPool-1-worker-3] DEBUG org.apache.http.wire - http-outgoing-11 >> "Content-Type: application/json[\r][\n]"
00:43:36.054 [ForkJoinPool-1-worker-3] DEBUG org.apache.http.wire - http-outgoing-11 >> "Authorization: Bearer 48a7fe60034be1eb264102c122d31ea48f4ef04e[\r][\n]"
00:43:36.054 [ForkJoinPool-1-worker-3] DEBUG org.apache.http.wire - http-outgoing-11 >> "Accept: */*[\r][\n]"
00:43:36.054 [ForkJoinPool-1-worker-3] DEBUG org.apache.http.wire - http-outgoing-11 >> "Content-Length: 37[\r][\n]"
00:43:36.054 [ForkJoinPool-1-worker-3] DEBUG org.apache.http.wire - http-outgoing-11 >> "Host: api-ssl.bitly.com[\r][\n]"
00:43:36.054 [ForkJoinPool-1-worker-3] DEBUG org.apache.http.wire - http-outgoing-11 >> "Connection: Keep-Alive[\r][\n]"
00:43:36.054 [ForkJoinPool-1-worker-3] DEBUG org.apache.http.wire - http-outgoing-11 >> "User-Agent: Apache-HttpClient/4.5.12 (Java/14.0.2)[\r][\n]"
00:43:36.054 [ForkJoinPool-1-worker-3] DEBUG org.apache.http.wire - http-outgoing-11 >> "Accept-Encoding: gzip,deflate[\r][\n]"
00:43:36.054 [ForkJoinPool-1-worker-3] DEBUG org.apache.http.wire - http-outgoing-11 >> "[\r][\n]"
00:43:36.054 [ForkJoinPool-1-worker-3] DEBUG org.apache.http.wire - http-outgoing-11 >> "{"long": "https://www.bbc.co.uuuuu/"}"
00:43:36.054 [ForkJoinPool-1-worker-9] DEBUG org.apache.http.conn.ssl.SSLConnectionSocketFactory - Secure session established
00:43:36.054 [ForkJoinPool-1-worker-9] DEBUG org.apache.http.conn.ssl.SSLConnectionSocketFactory -  negotiated protocol: TLSv1.3
00:43:36.054 [ForkJoinPool-1-worker-9] DEBUG org.apache.http.conn.ssl.SSLConnectionSocketFactory -  negotiated cipher suite: TLS_AES_256_GCM_SHA384
00:43:36.054 [ForkJoinPool-1-worker-9] DEBUG org.apache.http.conn.ssl.SSLConnectionSocketFactory -  peer principal: CN=api-ssl.bitly.com, O="Bitly, Inc.", L=New York, ST=New York, C=US, SERIALNUMBER=4627013, OID.1.3.6.1.4.1.311.60.2.1.2=Delaware, OID.1.3.6.1.4.1.311.60.2.1.3=US, OID.2.5.4.15=Private Organization
00:43:36.054 [ForkJoinPool-1-worker-9] DEBUG org.apache.http.conn.ssl.SSLConnectionSocketFactory -  peer alternative names: [api-ssl.bitly.com]
00:43:36.054 [ForkJoinPool-1-worker-9] DEBUG org.apache.http.conn.ssl.SSLConnectionSocketFactory -  issuer principal: CN=DigiCert SHA2 Extended Validation Server CA, OU=www.digicert.com, O=DigiCert Inc, C=US
00:43:36.054 [ForkJoinPool-1-worker-9] DEBUG org.apache.http.impl.conn.DefaultHttpClientConnectionOperator - Connection established 192.168.1.38:56020<->67.199.248.21:443
00:43:36.054 [ForkJoinPool-1-worker-9] DEBUG org.apache.http.impl.conn.DefaultManagedHttpClientConnection - http-outgoing-12: set socket timeout to 3000
00:43:36.054 [ForkJoinPool-1-worker-9] DEBUG org.apache.http.impl.execchain.MainClientExec - Executing request POST /v4/bitlinks HTTP/1.1
00:43:36.054 [ForkJoinPool-1-worker-9] DEBUG org.apache.http.impl.execchain.MainClientExec - Proxy auth state: UNCHALLENGED
00:43:36.054 [ForkJoinPool-1-worker-9] DEBUG org.apache.http.headers - http-outgoing-12 >> POST /v4/bitlinks HTTP/1.1
00:43:36.054 [ForkJoinPool-1-worker-9] DEBUG org.apache.http.headers - http-outgoing-12 >> Content-Type: application/json
00:43:36.054 [ForkJoinPool-1-worker-9] DEBUG org.apache.http.headers - http-outgoing-12 >> Authorization: Bearer 48a7fe60034be1eb264102c122d31ea48f4ef04e
00:43:36.054 [ForkJoinPool-1-worker-9] DEBUG org.apache.http.headers - http-outgoing-12 >> Accept: */*
00:43:36.054 [ForkJoinPool-1-worker-9] DEBUG org.apache.http.headers - http-outgoing-12 >> Content-Length: 16
00:43:36.054 [ForkJoinPool-1-worker-9] DEBUG org.apache.http.headers - http-outgoing-12 >> Host: api-ssl.bitly.com
00:43:36.054 [ForkJoinPool-1-worker-9] DEBUG org.apache.http.headers - http-outgoing-12 >> Connection: Keep-Alive
00:43:36.054 [ForkJoinPool-1-worker-9] DEBUG org.apache.http.headers - http-outgoing-12 >> User-Agent: Apache-HttpClient/4.5.12 (Java/14.0.2)
00:43:36.054 [ForkJoinPool-1-worker-9] DEBUG org.apache.http.headers - http-outgoing-12 >> Accept-Encoding: gzip,deflate
00:43:36.054 [ForkJoinPool-1-worker-9] DEBUG org.apache.http.wire - http-outgoing-12 >> "POST /v4/bitlinks HTTP/1.1[\r][\n]"
00:43:36.054 [ForkJoinPool-1-worker-9] DEBUG org.apache.http.wire - http-outgoing-12 >> "Content-Type: application/json[\r][\n]"
00:43:36.054 [ForkJoinPool-1-worker-9] DEBUG org.apache.http.wire - http-outgoing-12 >> "Authorization: Bearer 48a7fe60034be1eb264102c122d31ea48f4ef04e[\r][\n]"
00:43:36.054 [ForkJoinPool-1-worker-9] DEBUG org.apache.http.wire - http-outgoing-12 >> "Accept: */*[\r][\n]"
00:43:36.054 [ForkJoinPool-1-worker-9] DEBUG org.apache.http.wire - http-outgoing-12 >> "Content-Length: 16[\r][\n]"
00:43:36.054 [ForkJoinPool-1-worker-9] DEBUG org.apache.http.wire - http-outgoing-12 >> "Host: api-ssl.bitly.com[\r][\n]"
00:43:36.054 [ForkJoinPool-1-worker-9] DEBUG org.apache.http.wire - http-outgoing-12 >> "Connection: Keep-Alive[\r][\n]"
00:43:36.054 [ForkJoinPool-1-worker-9] DEBUG org.apache.http.wire - http-outgoing-12 >> "User-Agent: Apache-HttpClient/4.5.12 (Java/14.0.2)[\r][\n]"
00:43:36.054 [ForkJoinPool-1-worker-9] DEBUG org.apache.http.wire - http-outgoing-12 >> "Accept-Encoding: gzip,deflate[\r][\n]"
00:43:36.054 [ForkJoinPool-1-worker-9] DEBUG org.apache.http.wire - http-outgoing-12 >> "[\r][\n]"
00:43:36.054 [ForkJoinPool-1-worker-9] DEBUG org.apache.http.wire - http-outgoing-12 >> "{"long_url": ""}"
00:43:36.056 [ForkJoinPool-1-worker-11] DEBUG org.apache.http.conn.ssl.SSLConnectionSocketFactory - Secure session established
00:43:36.056 [ForkJoinPool-1-worker-11] DEBUG org.apache.http.conn.ssl.SSLConnectionSocketFactory -  negotiated protocol: TLSv1.3
00:43:36.056 [ForkJoinPool-1-worker-11] DEBUG org.apache.http.conn.ssl.SSLConnectionSocketFactory -  negotiated cipher suite: TLS_AES_256_GCM_SHA384
00:43:36.056 [ForkJoinPool-1-worker-11] DEBUG org.apache.http.conn.ssl.SSLConnectionSocketFactory -  peer principal: CN=api-ssl.bitly.com, O="Bitly, Inc.", L=New York, ST=New York, C=US, SERIALNUMBER=4627013, OID.1.3.6.1.4.1.311.60.2.1.2=Delaware, OID.1.3.6.1.4.1.311.60.2.1.3=US, OID.2.5.4.15=Private Organization
00:43:36.056 [ForkJoinPool-1-worker-11] DEBUG org.apache.http.conn.ssl.SSLConnectionSocketFactory -  peer alternative names: [api-ssl.bitly.com]
00:43:36.056 [ForkJoinPool-1-worker-11] DEBUG org.apache.http.conn.ssl.SSLConnectionSocketFactory -  issuer principal: CN=DigiCert SHA2 Extended Validation Server CA, OU=www.digicert.com, O=DigiCert Inc, C=US
00:43:36.056 [ForkJoinPool-1-worker-11] DEBUG org.apache.http.impl.conn.DefaultHttpClientConnectionOperator - Connection established 192.168.1.38:56021<->67.199.248.21:443
00:43:36.056 [ForkJoinPool-1-worker-11] DEBUG org.apache.http.impl.conn.DefaultManagedHttpClientConnection - http-outgoing-13: set socket timeout to 3000
00:43:36.056 [ForkJoinPool-1-worker-11] DEBUG org.apache.http.impl.execchain.MainClientExec - Executing request DELETE /v4/groups HTTP/1.1
00:43:36.056 [ForkJoinPool-1-worker-11] DEBUG org.apache.http.impl.execchain.MainClientExec - Proxy auth state: UNCHALLENGED
00:43:36.056 [ForkJoinPool-1-worker-11] DEBUG org.apache.http.headers - http-outgoing-13 >> DELETE /v4/groups HTTP/1.1
00:43:36.056 [ForkJoinPool-1-worker-11] DEBUG org.apache.http.headers - http-outgoing-13 >> Content-Type: application/json
00:43:36.056 [ForkJoinPool-1-worker-11] DEBUG org.apache.http.headers - http-outgoing-13 >> Authorization: Bearer 48a7fe60034be1eb264102c122d31ea48f4ef04e
00:43:36.056 [ForkJoinPool-1-worker-11] DEBUG org.apache.http.headers - http-outgoing-13 >> Accept: */*
00:43:36.056 [ForkJoinPool-1-worker-11] DEBUG org.apache.http.headers - http-outgoing-13 >> Content-Length: 0
00:43:36.056 [ForkJoinPool-1-worker-11] DEBUG org.apache.http.headers - http-outgoing-13 >> Host: api-ssl.bitly.com
00:43:36.056 [ForkJoinPool-1-worker-11] DEBUG org.apache.http.headers - http-outgoing-13 >> Connection: Keep-Alive
00:43:36.056 [ForkJoinPool-1-worker-11] DEBUG org.apache.http.headers - http-outgoing-13 >> User-Agent: Apache-HttpClient/4.5.12 (Java/14.0.2)
00:43:36.056 [ForkJoinPool-1-worker-11] DEBUG org.apache.http.headers - http-outgoing-13 >> Accept-Encoding: gzip,deflate
00:43:36.056 [ForkJoinPool-1-worker-11] DEBUG org.apache.http.wire - http-outgoing-13 >> "DELETE /v4/groups HTTP/1.1[\r][\n]"
00:43:36.056 [ForkJoinPool-1-worker-11] DEBUG org.apache.http.wire - http-outgoing-13 >> "Content-Type: application/json[\r][\n]"
00:43:36.056 [ForkJoinPool-1-worker-11] DEBUG org.apache.http.wire - http-outgoing-13 >> "Authorization: Bearer 48a7fe60034be1eb264102c122d31ea48f4ef04e[\r][\n]"
00:43:36.056 [ForkJoinPool-1-worker-11] DEBUG org.apache.http.wire - http-outgoing-13 >> "Accept: */*[\r][\n]"
00:43:36.057 [ForkJoinPool-1-worker-11] DEBUG org.apache.http.wire - http-outgoing-13 >> "Content-Length: 0[\r][\n]"
00:43:36.057 [ForkJoinPool-1-worker-11] DEBUG org.apache.http.wire - http-outgoing-13 >> "Host: api-ssl.bitly.com[\r][\n]"
00:43:36.057 [ForkJoinPool-1-worker-11] DEBUG org.apache.http.wire - http-outgoing-13 >> "Connection: Keep-Alive[\r][\n]"
00:43:36.057 [ForkJoinPool-1-worker-11] DEBUG org.apache.http.wire - http-outgoing-13 >> "User-Agent: Apache-HttpClient/4.5.12 (Java/14.0.2)[\r][\n]"
00:43:36.057 [ForkJoinPool-1-worker-11] DEBUG org.apache.http.wire - http-outgoing-13 >> "Accept-Encoding: gzip,deflate[\r][\n]"
00:43:36.057 [ForkJoinPool-1-worker-11] DEBUG org.apache.http.wire - http-outgoing-13 >> "[\r][\n]"
00:43:36.077 [ForkJoinPool-1-worker-7] DEBUG org.apache.http.conn.ssl.SSLConnectionSocketFactory - Secure session established
00:43:36.077 [ForkJoinPool-1-worker-7] DEBUG org.apache.http.conn.ssl.SSLConnectionSocketFactory -  negotiated protocol: TLSv1.3
00:43:36.077 [ForkJoinPool-1-worker-7] DEBUG org.apache.http.conn.ssl.SSLConnectionSocketFactory -  negotiated cipher suite: TLS_AES_256_GCM_SHA384
00:43:36.077 [ForkJoinPool-1-worker-7] DEBUG org.apache.http.conn.ssl.SSLConnectionSocketFactory -  peer principal: CN=api-ssl.bitly.com, O="Bitly, Inc.", L=New York, ST=New York, C=US, SERIALNUMBER=4627013, OID.1.3.6.1.4.1.311.60.2.1.2=Delaware, OID.1.3.6.1.4.1.311.60.2.1.3=US, OID.2.5.4.15=Private Organization
00:43:36.077 [ForkJoinPool-1-worker-7] DEBUG org.apache.http.conn.ssl.SSLConnectionSocketFactory -  peer alternative names: [api-ssl.bitly.com]
00:43:36.077 [ForkJoinPool-1-worker-7] DEBUG org.apache.http.conn.ssl.SSLConnectionSocketFactory -  issuer principal: CN=DigiCert SHA2 Extended Validation Server CA, OU=www.digicert.com, O=DigiCert Inc, C=US
00:43:36.077 [ForkJoinPool-1-worker-7] DEBUG org.apache.http.impl.conn.DefaultHttpClientConnectionOperator - Connection established 192.168.1.38:56022<->67.199.248.21:443
00:43:36.077 [ForkJoinPool-1-worker-7] DEBUG org.apache.http.impl.conn.DefaultManagedHttpClientConnection - http-outgoing-14: set socket timeout to 3000
00:43:36.077 [ForkJoinPool-1-worker-7] DEBUG org.apache.http.impl.execchain.MainClientExec - Executing request POST /v4/bitlinks HTTP/1.1
00:43:36.077 [ForkJoinPool-1-worker-7] DEBUG org.apache.http.impl.execchain.MainClientExec - Proxy auth state: UNCHALLENGED
00:43:36.077 [ForkJoinPool-1-worker-7] DEBUG org.apache.http.headers - http-outgoing-14 >> POST /v4/bitlinks HTTP/1.1
00:43:36.077 [ForkJoinPool-1-worker-7] DEBUG org.apache.http.headers - http-outgoing-14 >> Content-Type: application/json
00:43:36.077 [ForkJoinPool-1-worker-7] DEBUG org.apache.http.headers - http-outgoing-14 >> Authorization: Bearer 48a7fe60034be1eb264102c122d31ea48f4ef04e
00:43:36.077 [ForkJoinPool-1-worker-7] DEBUG org.apache.http.headers - http-outgoing-14 >> Accept: */*
00:43:36.077 [ForkJoinPool-1-worker-7] DEBUG org.apache.http.headers - http-outgoing-14 >> Content-Length: 55
00:43:36.077 [ForkJoinPool-1-worker-7] DEBUG org.apache.http.headers - http-outgoing-14 >> Host: api-ssl.bitly.com
00:43:36.077 [ForkJoinPool-1-worker-7] DEBUG org.apache.http.headers - http-outgoing-14 >> Connection: Keep-Alive
00:43:36.077 [ForkJoinPool-1-worker-7] DEBUG org.apache.http.headers - http-outgoing-14 >> User-Agent: Apache-HttpClient/4.5.12 (Java/14.0.2)
00:43:36.077 [ForkJoinPool-1-worker-7] DEBUG org.apache.http.headers - http-outgoing-14 >> Accept-Encoding: gzip,deflate
00:43:36.077 [ForkJoinPool-1-worker-7] DEBUG org.apache.http.wire - http-outgoing-14 >> "POST /v4/bitlinks HTTP/1.1[\r][\n]"
00:43:36.077 [ForkJoinPool-1-worker-7] DEBUG org.apache.http.wire - http-outgoing-14 >> "Content-Type: application/json[\r][\n]"
00:43:36.077 [ForkJoinPool-1-worker-7] DEBUG org.apache.http.wire - http-outgoing-14 >> "Authorization: Bearer 48a7fe60034be1eb264102c122d31ea48f4ef04e[\r][\n]"
00:43:36.077 [ForkJoinPool-1-worker-7] DEBUG org.apache.http.wire - http-outgoing-14 >> "Accept: */*[\r][\n]"
00:43:36.077 [ForkJoinPool-1-worker-7] DEBUG org.apache.http.wire - http-outgoing-14 >> "Content-Length: 55[\r][\n]"
00:43:36.077 [ForkJoinPool-1-worker-7] DEBUG org.apache.http.wire - http-outgoing-14 >> "Host: api-ssl.bitly.com[\r][\n]"
00:43:36.077 [ForkJoinPool-1-worker-7] DEBUG org.apache.http.wire - http-outgoing-14 >> "Connection: Keep-Alive[\r][\n]"
00:43:36.077 [ForkJoinPool-1-worker-7] DEBUG org.apache.http.wire - http-outgoing-14 >> "User-Agent: Apache-HttpClient/4.5.12 (Java/14.0.2)[\r][\n]"
00:43:36.077 [ForkJoinPool-1-worker-7] DEBUG org.apache.http.wire - http-outgoing-14 >> "Accept-Encoding: gzip,deflate[\r][\n]"
00:43:36.077 [ForkJoinPool-1-worker-7] DEBUG org.apache.http.wire - http-outgoing-14 >> "[\r][\n]"
00:43:36.077 [ForkJoinPool-1-worker-7] DEBUG org.apache.http.wire - http-outgoing-14 >> "{"long_url": "https://www.bbc.co.uuuuu/","domain": "8"}"
00:43:36.143 [ForkJoinPool-1-worker-5] DEBUG org.apache.http.wire - http-outgoing-10 << "HTTP/1.1 405 Method Not Allowed[\r][\n]"
00:43:36.143 [ForkJoinPool-1-worker-5] DEBUG org.apache.http.wire - http-outgoing-10 << "Server: nginx[\r][\n]"
00:43:36.143 [ForkJoinPool-1-worker-5] DEBUG org.apache.http.wire - http-outgoing-10 << "Date: Fri, 12 Mar 2021 00:43:36 GMT[\r][\n]"
00:43:36.143 [ForkJoinPool-1-worker-5] DEBUG org.apache.http.wire - http-outgoing-10 << "Content-Type: text/plain; charset=utf-8[\r][\n]"
00:43:36.143 [ForkJoinPool-1-worker-5] DEBUG org.apache.http.wire - http-outgoing-10 << "Content-Length: 19[\r][\n]"
00:43:36.143 [ForkJoinPool-1-worker-5] DEBUG org.apache.http.wire - http-outgoing-10 << "Allow: GET, POST, OPTIONS[\r][\n]"
00:43:36.143 [ForkJoinPool-1-worker-5] DEBUG org.apache.http.wire - http-outgoing-10 << "X-Content-Type-Options: nosniff[\r][\n]"
00:43:36.143 [ForkJoinPool-1-worker-5] DEBUG org.apache.http.wire - http-outgoing-10 << "Strict-Transport-Security: max-age=31536000; includeSubDomains[\r][\n]"
00:43:36.143 [ForkJoinPool-1-worker-5] DEBUG org.apache.http.wire - http-outgoing-10 << "X-XSS-Protection: 1; mode=blockFilter[\r][\n]"
00:43:36.143 [ForkJoinPool-1-worker-5] DEBUG org.apache.http.wire - http-outgoing-10 << "X-Content-Type-Options: nosniff[\r][\n]"
00:43:36.143 [ForkJoinPool-1-worker-5] DEBUG org.apache.http.wire - http-outgoing-10 << "X-Frame-Options: DENY[\r][\n]"
00:43:36.143 [ForkJoinPool-1-worker-5] DEBUG org.apache.http.wire - http-outgoing-10 << "Content-Security-Policy: default-src 'none[\r][\n]"
00:43:36.143 [ForkJoinPool-1-worker-5] DEBUG org.apache.http.wire - http-outgoing-10 << "Via: 1.1 google[\r][\n]"
00:43:36.143 [ForkJoinPool-1-worker-5] DEBUG org.apache.http.wire - http-outgoing-10 << "Alt-Svc: clear[\r][\n]"
00:43:36.143 [ForkJoinPool-1-worker-5] DEBUG org.apache.http.wire - http-outgoing-10 << "[\r][\n]"
00:43:36.143 [ForkJoinPool-1-worker-5] DEBUG org.apache.http.wire - http-outgoing-10 << "Method Not Allowed[\n]"
00:43:36.143 [ForkJoinPool-1-worker-5] DEBUG org.apache.http.headers - http-outgoing-10 << HTTP/1.1 405 Method Not Allowed
00:43:36.143 [ForkJoinPool-1-worker-5] DEBUG org.apache.http.headers - http-outgoing-10 << Server: nginx
00:43:36.143 [ForkJoinPool-1-worker-5] DEBUG org.apache.http.headers - http-outgoing-10 << Date: Fri, 12 Mar 2021 00:43:36 GMT
00:43:36.143 [ForkJoinPool-1-worker-5] DEBUG org.apache.http.headers - http-outgoing-10 << Content-Type: text/plain; charset=utf-8
00:43:36.143 [ForkJoinPool-1-worker-5] DEBUG org.apache.http.headers - http-outgoing-10 << Content-Length: 19
00:43:36.143 [ForkJoinPool-1-worker-5] DEBUG org.apache.http.headers - http-outgoing-10 << Allow: GET, POST, OPTIONS
00:43:36.143 [ForkJoinPool-1-worker-5] DEBUG org.apache.http.headers - http-outgoing-10 << X-Content-Type-Options: nosniff
00:43:36.143 [ForkJoinPool-1-worker-5] DEBUG org.apache.http.headers - http-outgoing-10 << Strict-Transport-Security: max-age=31536000; includeSubDomains
00:43:36.143 [ForkJoinPool-1-worker-5] DEBUG org.apache.http.headers - http-outgoing-10 << X-XSS-Protection: 1; mode=blockFilter
00:43:36.143 [ForkJoinPool-1-worker-5] DEBUG org.apache.http.headers - http-outgoing-10 << X-Content-Type-Options: nosniff
00:43:36.143 [ForkJoinPool-1-worker-5] DEBUG org.apache.http.headers - http-outgoing-10 << X-Frame-Options: DENY
00:43:36.143 [ForkJoinPool-1-worker-5] DEBUG org.apache.http.headers - http-outgoing-10 << Content-Security-Policy: default-src 'none
00:43:36.143 [ForkJoinPool-1-worker-5] DEBUG org.apache.http.headers - http-outgoing-10 << Via: 1.1 google
00:43:36.143 [ForkJoinPool-1-worker-5] DEBUG org.apache.http.headers - http-outgoing-10 << Alt-Svc: clear
00:43:36.143 [ForkJoinPool-1-worker-5] DEBUG org.apache.http.impl.execchain.MainClientExec - Connection can be kept alive indefinitely
00:43:36.144 [ForkJoinPool-1-worker-5] DEBUG org.apache.http.impl.conn.PoolingHttpClientConnectionManager - Connection [id: 10][route: {s}->https://api-ssl.bitly.com:443] can be kept alive indefinitely
00:43:36.144 [ForkJoinPool-1-worker-5] DEBUG org.apache.http.impl.conn.DefaultManagedHttpClientConnection - http-outgoing-10: set socket timeout to 0
00:43:36.144 [ForkJoinPool-1-worker-5] DEBUG org.apache.http.impl.conn.PoolingHttpClientConnectionManager - Connection released: [id: 10][route: {s}->https://api-ssl.bitly.com:443][total available: 1; route allocated: 1 of 5; total allocated: 1 of 10]
00:43:36.144 [ForkJoinPool-1-worker-5] DEBUG com.intuit.karate - response time in milliseconds: 158.53
1 < 405
1 < Allow: GET, POST, OPTIONS
1 < Alt-Svc: clear
1 < Content-Length: 19
1 < Content-Security-Policy: default-src 'none
1 < Content-Type: text/plain; charset=utf-8
1 < Date: Fri, 12 Mar 2021 00:43:36 GMT
1 < Server: nginx
1 < Strict-Transport-Security: max-age=31536000; includeSubDomains
1 < Via: 1.1 google
1 < X-Content-Type-Options: [nosniff, nosniff]
1 < X-Frame-Options: DENY
1 < X-XSS-Protection: 1; mode=blockFilter
Method Not Allowed


00:43:36.148 [ForkJoinPool-1-worker-5] DEBUG com.jayway.jsonpath.internal.path.CompiledPath - Evaluating path: $
00:43:36.151 [ForkJoinPool-1-worker-5] DEBUG com.jayway.jsonpath.internal.path.CompiledPath - Evaluating path: $
00:43:36.151 [ForkJoinPool-1-worker-5] DEBUG org.apache.http.client.protocol.RequestAddCookies - CookieSpec selected: karate
00:43:36.152 [ForkJoinPool-1-worker-5] DEBUG org.apache.http.client.protocol.RequestAuthCache - Auth cache not set in the context
00:43:36.152 [ForkJoinPool-1-worker-11] DEBUG org.apache.http.wire - http-outgoing-13 << "HTTP/1.1 405 Method Not Allowed[\r][\n]"
00:43:36.152 [ForkJoinPool-1-worker-11] DEBUG org.apache.http.wire - http-outgoing-13 << "Server: nginx[\r][\n]"
00:43:36.152 [ForkJoinPool-1-worker-11] DEBUG org.apache.http.wire - http-outgoing-13 << "Date: Fri, 12 Mar 2021 00:43:36 GMT[\r][\n]"
00:43:36.152 [ForkJoinPool-1-worker-11] DEBUG org.apache.http.wire - http-outgoing-13 << "Content-Type: text/plain; charset=utf-8[\r][\n]"
00:43:36.152 [ForkJoinPool-1-worker-11] DEBUG org.apache.http.wire - http-outgoing-13 << "Content-Length: 19[\r][\n]"
00:43:36.152 [ForkJoinPool-1-worker-11] DEBUG org.apache.http.wire - http-outgoing-13 << "Allow: GET, POST, OPTIONS[\r][\n]"
00:43:36.152 [ForkJoinPool-1-worker-5] DEBUG com.intuit.karate - request:
1 > PATCH https://api-ssl.bitly.com/v4/groups
1 > Accept: */*
1 > Accept-Encoding: gzip,deflate
1 > Authorization: Bearer 48a7fe60034be1eb264102c122d31ea48f4ef04e
1 > Connection: Keep-Alive
1 > Content-Length: 0
1 > Content-Type: application/json
1 > Host: api-ssl.bitly.com
1 > User-Agent: Apache-HttpClient/4.5.12 (Java/14.0.2)


00:43:36.152 [ForkJoinPool-1-worker-11] DEBUG org.apache.http.wire - http-outgoing-13 << "X-Content-Type-Options: nosniff[\r][\n]"
00:43:36.152 [ForkJoinPool-1-worker-11] DEBUG org.apache.http.wire - http-outgoing-13 << "Strict-Transport-Security: max-age=31536000; includeSubDomains[\r][\n]"
00:43:36.152 [ForkJoinPool-1-worker-11] DEBUG org.apache.http.wire - http-outgoing-13 << "X-XSS-Protection: 1; mode=blockFilter[\r][\n]"
00:43:36.152 [ForkJoinPool-1-worker-11] DEBUG org.apache.http.wire - http-outgoing-13 << "X-Content-Type-Options: nosniff[\r][\n]"
00:43:36.152 [ForkJoinPool-1-worker-11] DEBUG org.apache.http.wire - http-outgoing-13 << "X-Frame-Options: DENY[\r][\n]"
00:43:36.152 [ForkJoinPool-1-worker-11] DEBUG org.apache.http.wire - http-outgoing-13 << "Content-Security-Policy: default-src 'none[\r][\n]"
00:43:36.152 [ForkJoinPool-1-worker-5] DEBUG org.apache.http.impl.conn.PoolingHttpClientConnectionManager - Connection request: [route: {s}->https://api-ssl.bitly.com:443][total available: 0; route allocated: 0 of 5; total allocated: 0 of 10]
00:43:36.152 [ForkJoinPool-1-worker-11] DEBUG org.apache.http.wire - http-outgoing-13 << "Via: 1.1 google[\r][\n]"
00:43:36.152 [ForkJoinPool-1-worker-11] DEBUG org.apache.http.wire - http-outgoing-13 << "Alt-Svc: clear[\r][\n]"
00:43:36.152 [ForkJoinPool-1-worker-11] DEBUG org.apache.http.wire - http-outgoing-13 << "[\r][\n]"
00:43:36.152 [ForkJoinPool-1-worker-11] DEBUG org.apache.http.wire - http-outgoing-13 << "Method Not Allowed[\n]"
00:43:36.152 [ForkJoinPool-1-worker-5] DEBUG org.apache.http.impl.conn.PoolingHttpClientConnectionManager - Connection leased: [id: 15][route: {s}->https://api-ssl.bitly.com:443][total available: 0; route allocated: 1 of 5; total allocated: 1 of 10]
00:43:36.152 [ForkJoinPool-1-worker-5] DEBUG org.apache.http.impl.execchain.MainClientExec - Opening connection {s}->https://api-ssl.bitly.com:443
00:43:36.152 [ForkJoinPool-1-worker-11] DEBUG org.apache.http.headers - http-outgoing-13 << HTTP/1.1 405 Method Not Allowed
00:43:36.152 [ForkJoinPool-1-worker-11] DEBUG org.apache.http.headers - http-outgoing-13 << Server: nginx
00:43:36.152 [ForkJoinPool-1-worker-11] DEBUG org.apache.http.headers - http-outgoing-13 << Date: Fri, 12 Mar 2021 00:43:36 GMT
00:43:36.152 [ForkJoinPool-1-worker-11] DEBUG org.apache.http.headers - http-outgoing-13 << Content-Type: text/plain; charset=utf-8
00:43:36.152 [ForkJoinPool-1-worker-11] DEBUG org.apache.http.headers - http-outgoing-13 << Content-Length: 19
00:43:36.152 [ForkJoinPool-1-worker-11] DEBUG org.apache.http.headers - http-outgoing-13 << Allow: GET, POST, OPTIONS
00:43:36.152 [ForkJoinPool-1-worker-11] DEBUG org.apache.http.headers - http-outgoing-13 << X-Content-Type-Options: nosniff
00:43:36.152 [ForkJoinPool-1-worker-11] DEBUG org.apache.http.headers - http-outgoing-13 << Strict-Transport-Security: max-age=31536000; includeSubDomains
00:43:36.152 [ForkJoinPool-1-worker-11] DEBUG org.apache.http.headers - http-outgoing-13 << X-XSS-Protection: 1; mode=blockFilter
00:43:36.152 [ForkJoinPool-1-worker-11] DEBUG org.apache.http.headers - http-outgoing-13 << X-Content-Type-Options: nosniff
00:43:36.152 [ForkJoinPool-1-worker-11] DEBUG org.apache.http.headers - http-outgoing-13 << X-Frame-Options: DENY
00:43:36.152 [ForkJoinPool-1-worker-11] DEBUG org.apache.http.headers - http-outgoing-13 << Content-Security-Policy: default-src 'none
00:43:36.152 [ForkJoinPool-1-worker-11] DEBUG org.apache.http.headers - http-outgoing-13 << Via: 1.1 google
00:43:36.152 [ForkJoinPool-1-worker-11] DEBUG org.apache.http.headers - http-outgoing-13 << Alt-Svc: clear
00:43:36.152 [ForkJoinPool-1-worker-5] DEBUG org.apache.http.impl.conn.DefaultHttpClientConnectionOperator - Connecting to api-ssl.bitly.com/67.199.248.21:443
00:43:36.152 [ForkJoinPool-1-worker-11] DEBUG org.apache.http.impl.execchain.MainClientExec - Connection can be kept alive indefinitely
00:43:36.152 [ForkJoinPool-1-worker-5] DEBUG org.apache.http.conn.ssl.SSLConnectionSocketFactory - Connecting socket to api-ssl.bitly.com/67.199.248.21:443 with timeout 3000
00:43:36.153 [ForkJoinPool-1-worker-11] DEBUG org.apache.http.impl.conn.PoolingHttpClientConnectionManager - Connection [id: 13][route: {s}->https://api-ssl.bitly.com:443] can be kept alive indefinitely
00:43:36.153 [ForkJoinPool-1-worker-11] DEBUG org.apache.http.impl.conn.DefaultManagedHttpClientConnection - http-outgoing-13: set socket timeout to 0
00:43:36.153 [ForkJoinPool-1-worker-11] DEBUG org.apache.http.impl.conn.PoolingHttpClientConnectionManager - Connection released: [id: 13][route: {s}->https://api-ssl.bitly.com:443][total available: 1; route allocated: 1 of 5; total allocated: 1 of 10]
00:43:36.153 [ForkJoinPool-1-worker-11] DEBUG com.intuit.karate - response time in milliseconds: 152.02
1 < 405
1 < Allow: GET, POST, OPTIONS
1 < Alt-Svc: clear
1 < Content-Length: 19
1 < Content-Security-Policy: default-src 'none
1 < Content-Type: text/plain; charset=utf-8
1 < Date: Fri, 12 Mar 2021 00:43:36 GMT
1 < Server: nginx
1 < Strict-Transport-Security: max-age=31536000; includeSubDomains
1 < Via: 1.1 google
1 < X-Content-Type-Options: [nosniff, nosniff]
1 < X-Frame-Options: DENY
1 < X-XSS-Protection: 1; mode=blockFilter
Method Not Allowed


00:43:36.157 [ForkJoinPool-1-worker-9] DEBUG org.apache.http.wire - http-outgoing-12 << "HTTP/1.1 400 Bad Request[\r][\n]"
00:43:36.157 [ForkJoinPool-1-worker-9] DEBUG org.apache.http.wire - http-outgoing-12 << "Server: nginx[\r][\n]"
00:43:36.157 [ForkJoinPool-1-worker-9] DEBUG org.apache.http.wire - http-outgoing-12 << "Date: Fri, 12 Mar 2021 00:43:36 GMT[\r][\n]"
00:43:36.157 [ForkJoinPool-1-worker-9] DEBUG org.apache.http.wire - http-outgoing-12 << "Content-Type: application/json[\r][\n]"
00:43:36.157 [ForkJoinPool-1-worker-9] DEBUG org.apache.http.wire - http-outgoing-12 << "Content-Length: 158[\r][\n]"
00:43:36.157 [ForkJoinPool-1-worker-9] DEBUG org.apache.http.wire - http-outgoing-12 << "Strict-Transport-Security: max-age=31536000; includeSubDomains[\r][\n]"
00:43:36.157 [ForkJoinPool-1-worker-9] DEBUG org.apache.http.wire - http-outgoing-12 << "X-XSS-Protection: 1; mode=blockFilter[\r][\n]"
00:43:36.157 [ForkJoinPool-1-worker-9] DEBUG org.apache.http.wire - http-outgoing-12 << "X-Content-Type-Options: nosniff[\r][\n]"
00:43:36.157 [ForkJoinPool-1-worker-9] DEBUG org.apache.http.wire - http-outgoing-12 << "X-Frame-Options: DENY[\r][\n]"
00:43:36.157 [ForkJoinPool-1-worker-9] DEBUG org.apache.http.wire - http-outgoing-12 << "Content-Security-Policy: default-src 'none[\r][\n]"
00:43:36.157 [ForkJoinPool-1-worker-9] DEBUG org.apache.http.wire - http-outgoing-12 << "Via: 1.1 google[\r][\n]"
00:43:36.157 [ForkJoinPool-1-worker-9] DEBUG org.apache.http.wire - http-outgoing-12 << "Alt-Svc: clear[\r][\n]"
00:43:36.157 [ForkJoinPool-1-worker-9] DEBUG org.apache.http.wire - http-outgoing-12 << "[\r][\n]"
00:43:36.157 [ForkJoinPool-1-worker-9] DEBUG org.apache.http.wire - http-outgoing-12 << "{"message":"INVALID_ARG_LONG_URL","resource":"bitlinks","description":"The value provided is invalid.","errors":[{"field":"long_url","error_code":"invalid"}]}"
00:43:36.157 [ForkJoinPool-1-worker-9] DEBUG org.apache.http.headers - http-outgoing-12 << HTTP/1.1 400 Bad Request
00:43:36.157 [ForkJoinPool-1-worker-9] DEBUG org.apache.http.headers - http-outgoing-12 << Server: nginx
00:43:36.157 [ForkJoinPool-1-worker-9] DEBUG org.apache.http.headers - http-outgoing-12 << Date: Fri, 12 Mar 2021 00:43:36 GMT
00:43:36.157 [ForkJoinPool-1-worker-9] DEBUG org.apache.http.headers - http-outgoing-12 << Content-Type: application/json
00:43:36.157 [ForkJoinPool-1-worker-9] DEBUG org.apache.http.headers - http-outgoing-12 << Content-Length: 158
00:43:36.157 [ForkJoinPool-1-worker-9] DEBUG org.apache.http.headers - http-outgoing-12 << Strict-Transport-Security: max-age=31536000; includeSubDomains
00:43:36.157 [ForkJoinPool-1-worker-9] DEBUG org.apache.http.headers - http-outgoing-12 << X-XSS-Protection: 1; mode=blockFilter
00:43:36.157 [ForkJoinPool-1-worker-9] DEBUG org.apache.http.headers - http-outgoing-12 << X-Content-Type-Options: nosniff
00:43:36.157 [ForkJoinPool-1-worker-9] DEBUG org.apache.http.headers - http-outgoing-12 << X-Frame-Options: DENY
00:43:36.157 [ForkJoinPool-1-worker-9] DEBUG org.apache.http.headers - http-outgoing-12 << Content-Security-Policy: default-src 'none
00:43:36.157 [ForkJoinPool-1-worker-9] DEBUG org.apache.http.headers - http-outgoing-12 << Via: 1.1 google
00:43:36.157 [ForkJoinPool-1-worker-9] DEBUG org.apache.http.headers - http-outgoing-12 << Alt-Svc: clear
00:43:36.157 [ForkJoinPool-1-worker-9] DEBUG org.apache.http.impl.execchain.MainClientExec - Connection can be kept alive indefinitely
00:43:36.157 [ForkJoinPool-1-worker-9] DEBUG org.apache.http.impl.conn.PoolingHttpClientConnectionManager - Connection [id: 12][route: {s}->https://api-ssl.bitly.com:443] can be kept alive indefinitely
00:43:36.157 [ForkJoinPool-1-worker-9] DEBUG org.apache.http.impl.conn.DefaultManagedHttpClientConnection - http-outgoing-12: set socket timeout to 0
00:43:36.157 [ForkJoinPool-1-worker-9] DEBUG org.apache.http.impl.conn.PoolingHttpClientConnectionManager - Connection released: [id: 12][route: {s}->https://api-ssl.bitly.com:443][total available: 1; route allocated: 1 of 5; total allocated: 1 of 10]
00:43:36.157 [ForkJoinPool-1-worker-9] DEBUG com.intuit.karate - response time in milliseconds: 166.88
1 < 400
1 < Alt-Svc: clear
1 < Content-Length: 158
1 < Content-Security-Policy: default-src 'none
1 < Content-Type: application/json
1 < Date: Fri, 12 Mar 2021 00:43:36 GMT
1 < Server: nginx
1 < Strict-Transport-Security: max-age=31536000; includeSubDomains
1 < Via: 1.1 google
1 < X-Content-Type-Options: nosniff
1 < X-Frame-Options: DENY
1 < X-XSS-Protection: 1; mode=blockFilter
{"message":"INVALID_ARG_LONG_URL","resource":"bitlinks","description":"The value provided is invalid.","errors":[{"field":"long_url","error_code":"invalid"}]}

00:43:36.158 [ForkJoinPool-1-worker-3] DEBUG org.apache.http.wire - http-outgoing-11 << "HTTP/1.1 400 Bad Request[\r][\n]"
00:43:36.158 [ForkJoinPool-1-worker-3] DEBUG org.apache.http.wire - http-outgoing-11 << "Server: nginx[\r][\n]"
00:43:36.158 [ForkJoinPool-1-worker-3] DEBUG org.apache.http.wire - http-outgoing-11 << "Date: Fri, 12 Mar 2021 00:43:36 GMT[\r][\n]"
00:43:36.158 [ForkJoinPool-1-worker-3] DEBUG org.apache.http.wire - http-outgoing-11 << "Content-Type: application/json[\r][\n]"
00:43:36.158 [ForkJoinPool-1-worker-3] DEBUG org.apache.http.wire - http-outgoing-11 << "Content-Length: 158[\r][\n]"
00:43:36.158 [ForkJoinPool-1-worker-3] DEBUG org.apache.http.wire - http-outgoing-11 << "Strict-Transport-Security: max-age=31536000; includeSubDomains[\r][\n]"
00:43:36.158 [ForkJoinPool-1-worker-3] DEBUG org.apache.http.wire - http-outgoing-11 << "X-XSS-Protection: 1; mode=blockFilter[\r][\n]"
00:43:36.158 [ForkJoinPool-1-worker-3] DEBUG org.apache.http.wire - http-outgoing-11 << "X-Content-Type-Options: nosniff[\r][\n]"
00:43:36.158 [ForkJoinPool-1-worker-3] DEBUG org.apache.http.wire - http-outgoing-11 << "X-Frame-Options: DENY[\r][\n]"
00:43:36.158 [ForkJoinPool-1-worker-3] DEBUG org.apache.http.wire - http-outgoing-11 << "Content-Security-Policy: default-src 'none[\r][\n]"
00:43:36.158 [ForkJoinPool-1-worker-3] DEBUG org.apache.http.wire - http-outgoing-11 << "Via: 1.1 google[\r][\n]"
00:43:36.158 [ForkJoinPool-1-worker-3] DEBUG org.apache.http.wire - http-outgoing-11 << "Alt-Svc: clear[\r][\n]"
00:43:36.158 [ForkJoinPool-1-worker-3] DEBUG org.apache.http.wire - http-outgoing-11 << "[\r][\n]"
00:43:36.158 [ForkJoinPool-1-worker-3] DEBUG org.apache.http.wire - http-outgoing-11 << "{"message":"INVALID_ARG_LONG_URL","resource":"bitlinks","description":"The value provided is invalid.","errors":[{"field":"long_url","error_code":"invalid"}]}"
00:43:36.158 [ForkJoinPool-1-worker-3] DEBUG org.apache.http.headers - http-outgoing-11 << HTTP/1.1 400 Bad Request
00:43:36.158 [ForkJoinPool-1-worker-3] DEBUG org.apache.http.headers - http-outgoing-11 << Server: nginx
00:43:36.158 [ForkJoinPool-1-worker-3] DEBUG org.apache.http.headers - http-outgoing-11 << Date: Fri, 12 Mar 2021 00:43:36 GMT
00:43:36.158 [ForkJoinPool-1-worker-3] DEBUG org.apache.http.headers - http-outgoing-11 << Content-Type: application/json
00:43:36.158 [ForkJoinPool-1-worker-3] DEBUG org.apache.http.headers - http-outgoing-11 << Content-Length: 158
00:43:36.158 [ForkJoinPool-1-worker-3] DEBUG org.apache.http.headers - http-outgoing-11 << Strict-Transport-Security: max-age=31536000; includeSubDomains
00:43:36.158 [ForkJoinPool-1-worker-3] DEBUG org.apache.http.headers - http-outgoing-11 << X-XSS-Protection: 1; mode=blockFilter
00:43:36.158 [ForkJoinPool-1-worker-3] DEBUG org.apache.http.headers - http-outgoing-11 << X-Content-Type-Options: nosniff
00:43:36.158 [ForkJoinPool-1-worker-3] DEBUG org.apache.http.headers - http-outgoing-11 << X-Frame-Options: DENY
00:43:36.158 [ForkJoinPool-1-worker-3] DEBUG org.apache.http.headers - http-outgoing-11 << Content-Security-Policy: default-src 'none
00:43:36.158 [ForkJoinPool-1-worker-3] DEBUG org.apache.http.headers - http-outgoing-11 << Via: 1.1 google
00:43:36.158 [ForkJoinPool-1-worker-3] DEBUG org.apache.http.headers - http-outgoing-11 << Alt-Svc: clear
00:43:36.158 [ForkJoinPool-1-worker-3] DEBUG org.apache.http.impl.execchain.MainClientExec - Connection can be kept alive indefinitely
00:43:36.159 [ForkJoinPool-1-worker-3] DEBUG org.apache.http.impl.conn.PoolingHttpClientConnectionManager - Connection [id: 11][route: {s}->https://api-ssl.bitly.com:443] can be kept alive indefinitely
00:43:36.159 [ForkJoinPool-1-worker-3] DEBUG org.apache.http.impl.conn.DefaultManagedHttpClientConnection - http-outgoing-11: set socket timeout to 0
00:43:36.159 [ForkJoinPool-1-worker-3] DEBUG org.apache.http.impl.conn.PoolingHttpClientConnectionManager - Connection released: [id: 11][route: {s}->https://api-ssl.bitly.com:443][total available: 1; route allocated: 1 of 5; total allocated: 1 of 10]
00:43:36.159 [ForkJoinPool-1-worker-3] DEBUG com.intuit.karate - response time in milliseconds: 168.37
1 < 400
1 < Alt-Svc: clear
1 < Content-Length: 158
1 < Content-Security-Policy: default-src 'none
1 < Content-Type: application/json
1 < Date: Fri, 12 Mar 2021 00:43:36 GMT
1 < Server: nginx
1 < Strict-Transport-Security: max-age=31536000; includeSubDomains
1 < Via: 1.1 google
1 < X-Content-Type-Options: nosniff
1 < X-Frame-Options: DENY
1 < X-XSS-Protection: 1; mode=blockFilter
{"message":"INVALID_ARG_LONG_URL","resource":"bitlinks","description":"The value provided is invalid.","errors":[{"field":"long_url","error_code":"invalid"}]}

00:43:36.160 [ForkJoinPool-1-worker-9] DEBUG com.jayway.jsonpath.internal.path.CompiledPath - Evaluating path: $
00:43:36.160 [ForkJoinPool-1-worker-3] DEBUG com.jayway.jsonpath.internal.path.CompiledPath - Evaluating path: $
00:43:36.167 [ForkJoinPool-1-worker-3] DEBUG com.jayway.jsonpath.internal.path.CompiledPath - Evaluating path: $
00:43:36.167 [ForkJoinPool-1-worker-9] DEBUG com.jayway.jsonpath.internal.path.CompiledPath - Evaluating path: $
00:43:36.167 [ForkJoinPool-1-worker-3] DEBUG com.jayway.jsonpath.internal.path.CompiledPath - Evaluating path: $
00:43:36.167 [ForkJoinPool-1-worker-3] DEBUG com.jayway.jsonpath.internal.path.CompiledPath - Evaluating path: $
00:43:36.167 [ForkJoinPool-1-worker-9] DEBUG com.jayway.jsonpath.internal.path.CompiledPath - Evaluating path: $
00:43:36.167 [ForkJoinPool-1-worker-9] DEBUG com.jayway.jsonpath.internal.path.CompiledPath - Evaluating path: $
00:43:36.169 [ForkJoinPool-1-worker-5] DEBUG org.apache.http.conn.ssl.SSLConnectionSocketFactory - Enabled protocols: [TLSv1.3, TLSv1.2, TLSv1.1, TLSv1]
00:43:36.169 [ForkJoinPool-1-worker-5] DEBUG org.apache.http.conn.ssl.SSLConnectionSocketFactory - Enabled cipher suites:[TLS_AES_256_GCM_SHA384, TLS_AES_128_GCM_SHA256, TLS_CHACHA20_POLY1305_SHA256, TLS_ECDHE_ECDSA_WITH_AES_256_GCM_SHA384, TLS_ECDHE_ECDSA_WITH_AES_128_GCM_SHA256, TLS_ECDHE_ECDSA_WITH_CHACHA20_POLY1305_SHA256, TLS_ECDHE_RSA_WITH_AES_256_GCM_SHA384, TLS_ECDHE_RSA_WITH_CHACHA20_POLY1305_SHA256, TLS_ECDHE_RSA_WITH_AES_128_GCM_SHA256, TLS_DHE_RSA_WITH_AES_256_GCM_SHA384, TLS_DHE_RSA_WITH_CHACHA20_POLY1305_SHA256, TLS_DHE_DSS_WITH_AES_256_GCM_SHA384, TLS_DHE_RSA_WITH_AES_128_GCM_SHA256, TLS_DHE_DSS_WITH_AES_128_GCM_SHA256, TLS_ECDHE_ECDSA_WITH_AES_256_CBC_SHA384, TLS_ECDHE_RSA_WITH_AES_256_CBC_SHA384, TLS_ECDHE_ECDSA_WITH_AES_128_CBC_SHA256, TLS_ECDHE_RSA_WITH_AES_128_CBC_SHA256, TLS_DHE_RSA_WITH_AES_256_CBC_SHA256, TLS_DHE_DSS_WITH_AES_256_CBC_SHA256, TLS_DHE_RSA_WITH_AES_128_CBC_SHA256, TLS_DHE_DSS_WITH_AES_128_CBC_SHA256, TLS_ECDH_ECDSA_WITH_AES_256_GCM_SHA384, TLS_ECDH_RSA_WITH_AES_256_GCM_SHA384, TLS_ECDH_ECDSA_WITH_AES_128_GCM_SHA256, TLS_ECDH_RSA_WITH_AES_128_GCM_SHA256, TLS_ECDH_ECDSA_WITH_AES_256_CBC_SHA384, TLS_ECDH_RSA_WITH_AES_256_CBC_SHA384, TLS_ECDH_ECDSA_WITH_AES_128_CBC_SHA256, TLS_ECDH_RSA_WITH_AES_128_CBC_SHA256, TLS_ECDHE_ECDSA_WITH_AES_256_CBC_SHA, TLS_ECDHE_RSA_WITH_AES_256_CBC_SHA, TLS_ECDHE_ECDSA_WITH_AES_128_CBC_SHA, TLS_ECDHE_RSA_WITH_AES_128_CBC_SHA, TLS_DHE_RSA_WITH_AES_256_CBC_SHA, TLS_DHE_DSS_WITH_AES_256_CBC_SHA, TLS_DHE_RSA_WITH_AES_128_CBC_SHA, TLS_DHE_DSS_WITH_AES_128_CBC_SHA, TLS_ECDH_ECDSA_WITH_AES_256_CBC_SHA, TLS_ECDH_RSA_WITH_AES_256_CBC_SHA, TLS_ECDH_ECDSA_WITH_AES_128_CBC_SHA, TLS_ECDH_RSA_WITH_AES_128_CBC_SHA, TLS_RSA_WITH_AES_256_GCM_SHA384, TLS_RSA_WITH_AES_128_GCM_SHA256, TLS_RSA_WITH_AES_256_CBC_SHA256, TLS_RSA_WITH_AES_128_CBC_SHA256, TLS_RSA_WITH_AES_256_CBC_SHA, TLS_RSA_WITH_AES_128_CBC_SHA, TLS_EMPTY_RENEGOTIATION_INFO_SCSV]
00:43:36.169 [ForkJoinPool-1-worker-5] DEBUG org.apache.http.conn.ssl.SSLConnectionSocketFactory - Starting handshake
00:43:36.191 [ForkJoinPool-1-worker-7] DEBUG org.apache.http.wire - http-outgoing-14 << "HTTP/1.1 400 Bad Request[\r][\n]"
00:43:36.191 [ForkJoinPool-1-worker-7] DEBUG org.apache.http.wire - http-outgoing-14 << "Server: nginx[\r][\n]"
00:43:36.191 [ForkJoinPool-1-worker-7] DEBUG org.apache.http.wire - http-outgoing-14 << "Date: Fri, 12 Mar 2021 00:43:36 GMT[\r][\n]"
00:43:36.191 [ForkJoinPool-1-worker-7] DEBUG org.apache.http.wire - http-outgoing-14 << "Content-Type: application/json[\r][\n]"
00:43:36.191 [ForkJoinPool-1-worker-7] DEBUG org.apache.http.wire - http-outgoing-14 << "Content-Length: 154[\r][\n]"
00:43:36.191 [ForkJoinPool-1-worker-7] DEBUG org.apache.http.wire - http-outgoing-14 << "Strict-Transport-Security: max-age=31536000; includeSubDomains[\r][\n]"
00:43:36.191 [ForkJoinPool-1-worker-7] DEBUG org.apache.http.wire - http-outgoing-14 << "X-XSS-Protection: 1; mode=blockFilter[\r][\n]"
00:43:36.191 [ForkJoinPool-1-worker-7] DEBUG org.apache.http.wire - http-outgoing-14 << "X-Content-Type-Options: nosniff[\r][\n]"
00:43:36.191 [ForkJoinPool-1-worker-7] DEBUG org.apache.http.wire - http-outgoing-14 << "X-Frame-Options: DENY[\r][\n]"
00:43:36.191 [ForkJoinPool-1-worker-7] DEBUG org.apache.http.wire - http-outgoing-14 << "Content-Security-Policy: default-src 'none[\r][\n]"
00:43:36.191 [ForkJoinPool-1-worker-7] DEBUG org.apache.http.wire - http-outgoing-14 << "Via: 1.1 google[\r][\n]"
00:43:36.191 [ForkJoinPool-1-worker-7] DEBUG org.apache.http.wire - http-outgoing-14 << "Alt-Svc: clear[\r][\n]"
00:43:36.191 [ForkJoinPool-1-worker-7] DEBUG org.apache.http.wire - http-outgoing-14 << "[\r][\n]"
00:43:36.191 [ForkJoinPool-1-worker-7] DEBUG org.apache.http.wire - http-outgoing-14 << "{"message":"INVALID_ARG_DOMAIN","resource":"bitlinks","description":"The value provided is invalid.","errors":[{"field":"domain","error_code":"invalid"}]}"
00:43:36.191 [ForkJoinPool-1-worker-7] DEBUG org.apache.http.headers - http-outgoing-14 << HTTP/1.1 400 Bad Request
00:43:36.191 [ForkJoinPool-1-worker-7] DEBUG org.apache.http.headers - http-outgoing-14 << Server: nginx
00:43:36.191 [ForkJoinPool-1-worker-7] DEBUG org.apache.http.headers - http-outgoing-14 << Date: Fri, 12 Mar 2021 00:43:36 GMT
00:43:36.191 [ForkJoinPool-1-worker-7] DEBUG org.apache.http.headers - http-outgoing-14 << Content-Type: application/json
00:43:36.191 [ForkJoinPool-1-worker-7] DEBUG org.apache.http.headers - http-outgoing-14 << Content-Length: 154
00:43:36.191 [ForkJoinPool-1-worker-7] DEBUG org.apache.http.headers - http-outgoing-14 << Strict-Transport-Security: max-age=31536000; includeSubDomains
00:43:36.191 [ForkJoinPool-1-worker-7] DEBUG org.apache.http.headers - http-outgoing-14 << X-XSS-Protection: 1; mode=blockFilter
00:43:36.191 [ForkJoinPool-1-worker-7] DEBUG org.apache.http.headers - http-outgoing-14 << X-Content-Type-Options: nosniff
00:43:36.191 [ForkJoinPool-1-worker-7] DEBUG org.apache.http.headers - http-outgoing-14 << X-Frame-Options: DENY
00:43:36.191 [ForkJoinPool-1-worker-7] DEBUG org.apache.http.headers - http-outgoing-14 << Content-Security-Policy: default-src 'none
00:43:36.191 [ForkJoinPool-1-worker-7] DEBUG org.apache.http.headers - http-outgoing-14 << Via: 1.1 google
00:43:36.191 [ForkJoinPool-1-worker-7] DEBUG org.apache.http.headers - http-outgoing-14 << Alt-Svc: clear
00:43:36.191 [ForkJoinPool-1-worker-7] DEBUG org.apache.http.impl.execchain.MainClientExec - Connection can be kept alive indefinitely
00:43:36.192 [ForkJoinPool-1-worker-7] DEBUG org.apache.http.impl.conn.PoolingHttpClientConnectionManager - Connection [id: 14][route: {s}->https://api-ssl.bitly.com:443] can be kept alive indefinitely
00:43:36.192 [ForkJoinPool-1-worker-7] DEBUG org.apache.http.impl.conn.DefaultManagedHttpClientConnection - http-outgoing-14: set socket timeout to 0
00:43:36.192 [ForkJoinPool-1-worker-7] DEBUG org.apache.http.impl.conn.PoolingHttpClientConnectionManager - Connection released: [id: 14][route: {s}->https://api-ssl.bitly.com:443][total available: 1; route allocated: 1 of 5; total allocated: 1 of 10]
00:43:36.192 [ForkJoinPool-1-worker-7] DEBUG com.intuit.karate - response time in milliseconds: 160.78
1 < 400
1 < Alt-Svc: clear
1 < Content-Length: 154
1 < Content-Security-Policy: default-src 'none
1 < Content-Type: application/json
1 < Date: Fri, 12 Mar 2021 00:43:36 GMT
1 < Server: nginx
1 < Strict-Transport-Security: max-age=31536000; includeSubDomains
1 < Via: 1.1 google
1 < X-Content-Type-Options: nosniff
1 < X-Frame-Options: DENY
1 < X-XSS-Protection: 1; mode=blockFilter
{"message":"INVALID_ARG_DOMAIN","resource":"bitlinks","description":"The value provided is invalid.","errors":[{"field":"domain","error_code":"invalid"}]}

00:43:36.193 [ForkJoinPool-1-worker-7] DEBUG com.jayway.jsonpath.internal.path.CompiledPath - Evaluating path: $
00:43:36.193 [ForkJoinPool-1-worker-7] DEBUG com.jayway.jsonpath.internal.path.CompiledPath - Evaluating path: $
00:43:36.193 [ForkJoinPool-1-worker-7] DEBUG com.jayway.jsonpath.internal.path.CompiledPath - Evaluating path: $
00:43:36.193 [ForkJoinPool-1-worker-7] DEBUG com.jayway.jsonpath.internal.path.CompiledPath - Evaluating path: $
00:43:36.197 [pool-1-thread-4] INFO com.intuit.karate.Runner - <<pass>> feature 4 of 4: src/test/java/groups.links_creation.feature
---------------------------------------------------------
feature: src/test/java/groups.links_creation.feature
report: target/surefire-reports/src.test.java.groups.links_creation.json
scenarios:  7 | passed:  7 | failed:  0 | time: 1.7139
---------------------------------------------------------
00:43:36.200 [ForkJoinPool-1-worker-5] DEBUG org.apache.http.conn.ssl.SSLConnectionSocketFactory - Secure session established
00:43:36.200 [ForkJoinPool-1-worker-5] DEBUG org.apache.http.conn.ssl.SSLConnectionSocketFactory -  negotiated protocol: TLSv1.3
00:43:36.200 [ForkJoinPool-1-worker-5] DEBUG org.apache.http.conn.ssl.SSLConnectionSocketFactory -  negotiated cipher suite: TLS_AES_256_GCM_SHA384
00:43:36.200 [ForkJoinPool-1-worker-5] DEBUG org.apache.http.conn.ssl.SSLConnectionSocketFactory -  peer principal: CN=api-ssl.bitly.com, O="Bitly, Inc.", L=New York, ST=New York, C=US, SERIALNUMBER=4627013, OID.1.3.6.1.4.1.311.60.2.1.2=Delaware, OID.1.3.6.1.4.1.311.60.2.1.3=US, OID.2.5.4.15=Private Organization
00:43:36.200 [ForkJoinPool-1-worker-5] DEBUG org.apache.http.conn.ssl.SSLConnectionSocketFactory -  peer alternative names: [api-ssl.bitly.com]
00:43:36.200 [ForkJoinPool-1-worker-5] DEBUG org.apache.http.conn.ssl.SSLConnectionSocketFactory -  issuer principal: CN=DigiCert SHA2 Extended Validation Server CA, OU=www.digicert.com, O=DigiCert Inc, C=US
00:43:36.200 [ForkJoinPool-1-worker-5] DEBUG org.apache.http.impl.conn.DefaultHttpClientConnectionOperator - Connection established 192.168.1.38:56023<->67.199.248.21:443
00:43:36.200 [ForkJoinPool-1-worker-5] DEBUG org.apache.http.impl.conn.DefaultManagedHttpClientConnection - http-outgoing-15: set socket timeout to 3000
00:43:36.200 [ForkJoinPool-1-worker-5] DEBUG org.apache.http.impl.execchain.MainClientExec - Executing request PATCH /v4/groups HTTP/1.1
00:43:36.200 [ForkJoinPool-1-worker-5] DEBUG org.apache.http.impl.execchain.MainClientExec - Proxy auth state: UNCHALLENGED
00:43:36.200 [ForkJoinPool-1-worker-5] DEBUG org.apache.http.headers - http-outgoing-15 >> PATCH /v4/groups HTTP/1.1
00:43:36.200 [ForkJoinPool-1-worker-5] DEBUG org.apache.http.headers - http-outgoing-15 >> Content-Type: application/json
00:43:36.200 [ForkJoinPool-1-worker-5] DEBUG org.apache.http.headers - http-outgoing-15 >> Authorization: Bearer 48a7fe60034be1eb264102c122d31ea48f4ef04e
00:43:36.200 [ForkJoinPool-1-worker-5] DEBUG org.apache.http.headers - http-outgoing-15 >> Accept: */*
00:43:36.200 [ForkJoinPool-1-worker-5] DEBUG org.apache.http.headers - http-outgoing-15 >> Content-Length: 0
00:43:36.200 [ForkJoinPool-1-worker-5] DEBUG org.apache.http.headers - http-outgoing-15 >> Host: api-ssl.bitly.com
00:43:36.200 [ForkJoinPool-1-worker-5] DEBUG org.apache.http.headers - http-outgoing-15 >> Connection: Keep-Alive
00:43:36.200 [ForkJoinPool-1-worker-5] DEBUG org.apache.http.headers - http-outgoing-15 >> User-Agent: Apache-HttpClient/4.5.12 (Java/14.0.2)
00:43:36.200 [ForkJoinPool-1-worker-5] DEBUG org.apache.http.headers - http-outgoing-15 >> Accept-Encoding: gzip,deflate
00:43:36.200 [ForkJoinPool-1-worker-5] DEBUG org.apache.http.wire - http-outgoing-15 >> "PATCH /v4/groups HTTP/1.1[\r][\n]"
00:43:36.200 [ForkJoinPool-1-worker-5] DEBUG org.apache.http.wire - http-outgoing-15 >> "Content-Type: application/json[\r][\n]"
00:43:36.200 [ForkJoinPool-1-worker-5] DEBUG org.apache.http.wire - http-outgoing-15 >> "Authorization: Bearer 48a7fe60034be1eb264102c122d31ea48f4ef04e[\r][\n]"
00:43:36.200 [ForkJoinPool-1-worker-5] DEBUG org.apache.http.wire - http-outgoing-15 >> "Accept: */*[\r][\n]"
00:43:36.200 [ForkJoinPool-1-worker-5] DEBUG org.apache.http.wire - http-outgoing-15 >> "Content-Length: 0[\r][\n]"
00:43:36.200 [ForkJoinPool-1-worker-5] DEBUG org.apache.http.wire - http-outgoing-15 >> "Host: api-ssl.bitly.com[\r][\n]"
00:43:36.200 [ForkJoinPool-1-worker-5] DEBUG org.apache.http.wire - http-outgoing-15 >> "Connection: Keep-Alive[\r][\n]"
00:43:36.200 [ForkJoinPool-1-worker-5] DEBUG org.apache.http.wire - http-outgoing-15 >> "User-Agent: Apache-HttpClient/4.5.12 (Java/14.0.2)[\r][\n]"
00:43:36.200 [ForkJoinPool-1-worker-5] DEBUG org.apache.http.wire - http-outgoing-15 >> "Accept-Encoding: gzip,deflate[\r][\n]"
00:43:36.200 [ForkJoinPool-1-worker-5] DEBUG org.apache.http.wire - http-outgoing-15 >> "[\r][\n]"
00:43:36.294 [ForkJoinPool-1-worker-5] DEBUG org.apache.http.wire - http-outgoing-15 << "HTTP/1.1 405 Method Not Allowed[\r][\n]"
00:43:36.294 [ForkJoinPool-1-worker-5] DEBUG org.apache.http.wire - http-outgoing-15 << "Server: nginx[\r][\n]"
00:43:36.294 [ForkJoinPool-1-worker-5] DEBUG org.apache.http.wire - http-outgoing-15 << "Date: Fri, 12 Mar 2021 00:43:36 GMT[\r][\n]"
00:43:36.294 [ForkJoinPool-1-worker-5] DEBUG org.apache.http.wire - http-outgoing-15 << "Content-Type: text/plain; charset=utf-8[\r][\n]"
00:43:36.294 [ForkJoinPool-1-worker-5] DEBUG org.apache.http.wire - http-outgoing-15 << "Content-Length: 19[\r][\n]"
00:43:36.294 [ForkJoinPool-1-worker-5] DEBUG org.apache.http.wire - http-outgoing-15 << "Allow: GET, POST, OPTIONS[\r][\n]"
00:43:36.294 [ForkJoinPool-1-worker-5] DEBUG org.apache.http.wire - http-outgoing-15 << "X-Content-Type-Options: nosniff[\r][\n]"
00:43:36.294 [ForkJoinPool-1-worker-5] DEBUG org.apache.http.wire - http-outgoing-15 << "Strict-Transport-Security: max-age=31536000; includeSubDomains[\r][\n]"
00:43:36.294 [ForkJoinPool-1-worker-5] DEBUG org.apache.http.wire - http-outgoing-15 << "X-XSS-Protection: 1; mode=blockFilter[\r][\n]"
00:43:36.295 [ForkJoinPool-1-worker-5] DEBUG org.apache.http.wire - http-outgoing-15 << "X-Content-Type-Options: nosniff[\r][\n]"
00:43:36.295 [ForkJoinPool-1-worker-5] DEBUG org.apache.http.wire - http-outgoing-15 << "X-Frame-Options: DENY[\r][\n]"
00:43:36.295 [ForkJoinPool-1-worker-5] DEBUG org.apache.http.wire - http-outgoing-15 << "Content-Security-Policy: default-src 'none[\r][\n]"
00:43:36.295 [ForkJoinPool-1-worker-5] DEBUG org.apache.http.wire - http-outgoing-15 << "Via: 1.1 google[\r][\n]"
00:43:36.295 [ForkJoinPool-1-worker-5] DEBUG org.apache.http.wire - http-outgoing-15 << "Alt-Svc: clear[\r][\n]"
00:43:36.295 [ForkJoinPool-1-worker-5] DEBUG org.apache.http.wire - http-outgoing-15 << "[\r][\n]"
00:43:36.295 [ForkJoinPool-1-worker-5] DEBUG org.apache.http.wire - http-outgoing-15 << "Method Not Allowed[\n]"
00:43:36.295 [ForkJoinPool-1-worker-5] DEBUG org.apache.http.headers - http-outgoing-15 << HTTP/1.1 405 Method Not Allowed
00:43:36.295 [ForkJoinPool-1-worker-5] DEBUG org.apache.http.headers - http-outgoing-15 << Server: nginx
00:43:36.295 [ForkJoinPool-1-worker-5] DEBUG org.apache.http.headers - http-outgoing-15 << Date: Fri, 12 Mar 2021 00:43:36 GMT
00:43:36.295 [ForkJoinPool-1-worker-5] DEBUG org.apache.http.headers - http-outgoing-15 << Content-Type: text/plain; charset=utf-8
00:43:36.295 [ForkJoinPool-1-worker-5] DEBUG org.apache.http.headers - http-outgoing-15 << Content-Length: 19
00:43:36.295 [ForkJoinPool-1-worker-5] DEBUG org.apache.http.headers - http-outgoing-15 << Allow: GET, POST, OPTIONS
00:43:36.295 [ForkJoinPool-1-worker-5] DEBUG org.apache.http.headers - http-outgoing-15 << X-Content-Type-Options: nosniff
00:43:36.295 [ForkJoinPool-1-worker-5] DEBUG org.apache.http.headers - http-outgoing-15 << Strict-Transport-Security: max-age=31536000; includeSubDomains
00:43:36.295 [ForkJoinPool-1-worker-5] DEBUG org.apache.http.headers - http-outgoing-15 << X-XSS-Protection: 1; mode=blockFilter
00:43:36.295 [ForkJoinPool-1-worker-5] DEBUG org.apache.http.headers - http-outgoing-15 << X-Content-Type-Options: nosniff
00:43:36.295 [ForkJoinPool-1-worker-5] DEBUG org.apache.http.headers - http-outgoing-15 << X-Frame-Options: DENY
00:43:36.295 [ForkJoinPool-1-worker-5] DEBUG org.apache.http.headers - http-outgoing-15 << Content-Security-Policy: default-src 'none
00:43:36.295 [ForkJoinPool-1-worker-5] DEBUG org.apache.http.headers - http-outgoing-15 << Via: 1.1 google
00:43:36.295 [ForkJoinPool-1-worker-5] DEBUG org.apache.http.headers - http-outgoing-15 << Alt-Svc: clear
00:43:36.295 [ForkJoinPool-1-worker-5] DEBUG org.apache.http.impl.execchain.MainClientExec - Connection can be kept alive indefinitely
00:43:36.295 [ForkJoinPool-1-worker-5] DEBUG org.apache.http.impl.conn.PoolingHttpClientConnectionManager - Connection [id: 15][route: {s}->https://api-ssl.bitly.com:443] can be kept alive indefinitely
00:43:36.295 [ForkJoinPool-1-worker-5] DEBUG org.apache.http.impl.conn.DefaultManagedHttpClientConnection - http-outgoing-15: set socket timeout to 0
00:43:36.295 [ForkJoinPool-1-worker-5] DEBUG org.apache.http.impl.conn.PoolingHttpClientConnectionManager - Connection released: [id: 15][route: {s}->https://api-ssl.bitly.com:443][total available: 1; route allocated: 1 of 5; total allocated: 1 of 10]
00:43:36.295 [ForkJoinPool-1-worker-5] DEBUG com.intuit.karate - response time in milliseconds: 143.04
1 < 405
1 < Allow: GET, POST, OPTIONS
1 < Alt-Svc: clear
1 < Content-Length: 19
1 < Content-Security-Policy: default-src 'none
1 < Content-Type: text/plain; charset=utf-8
1 < Date: Fri, 12 Mar 2021 00:43:36 GMT
1 < Server: nginx
1 < Strict-Transport-Security: max-age=31536000; includeSubDomains
1 < Via: 1.1 google
1 < X-Content-Type-Options: [nosniff, nosniff]
1 < X-Frame-Options: DENY
1 < X-XSS-Protection: 1; mode=blockFilter
Method Not Allowed


00:43:36.299 [pool-1-thread-3] INFO com.intuit.karate.Runner - <<pass>> feature 3 of 4: src/test/java/groups.general.feature
---------------------------------------------------------
feature: src/test/java/groups.general.feature
report: target/surefire-reports/src.test.java.groups.general.json
scenarios:  6 | passed:  6 | failed:  0 | time: 1.4143
---------------------------------------------------------
00:43:36.340 [Finalizer] DEBUG org.apache.http.impl.conn.PoolingHttpClientConnectionManager - Connection manager is shutting down
00:43:36.340 [Finalizer] DEBUG org.apache.http.impl.conn.DefaultManagedHttpClientConnection - http-outgoing-12: Close connection
00:43:36.341 [Finalizer] DEBUG org.apache.http.impl.conn.PoolingHttpClientConnectionManager - Connection manager shut down
00:43:36.341 [Finalizer] DEBUG org.apache.http.impl.conn.PoolingHttpClientConnectionManager - Connection manager is shutting down
00:43:36.341 [Finalizer] DEBUG org.apache.http.impl.conn.DefaultManagedHttpClientConnection - http-outgoing-10: Close connection
00:43:36.342 [Finalizer] DEBUG org.apache.http.impl.conn.PoolingHttpClientConnectionManager - Connection manager shut down
00:43:36.342 [Finalizer] DEBUG org.apache.http.impl.conn.PoolingHttpClientConnectionManager - Connection manager is shutting down
00:43:36.342 [Finalizer] DEBUG org.apache.http.impl.conn.DefaultManagedHttpClientConnection - http-outgoing-14: Close connection
00:43:36.342 [Finalizer] DEBUG org.apache.http.impl.conn.PoolingHttpClientConnectionManager - Connection manager shut down
00:43:36.343 [Finalizer] DEBUG org.apache.http.impl.conn.PoolingHttpClientConnectionManager - Connection manager is shutting down
00:43:36.343 [Finalizer] DEBUG org.apache.http.impl.conn.DefaultManagedHttpClientConnection - http-outgoing-15: Close connection
00:43:36.343 [Finalizer] DEBUG org.apache.http.impl.conn.PoolingHttpClientConnectionManager - Connection manager shut down
00:43:36.343 [Finalizer] DEBUG org.apache.http.impl.conn.PoolingHttpClientConnectionManager - Connection manager is shutting down
00:43:36.343 [Finalizer] DEBUG org.apache.http.impl.conn.DefaultManagedHttpClientConnection - http-outgoing-9: Close connection
00:43:36.343 [Finalizer] DEBUG org.apache.http.impl.conn.PoolingHttpClientConnectionManager - Connection manager shut down
00:43:36.344 [Finalizer] DEBUG org.apache.http.impl.conn.PoolingHttpClientConnectionManager - Connection manager is shutting down
00:43:36.344 [Finalizer] DEBUG org.apache.http.impl.conn.DefaultManagedHttpClientConnection - http-outgoing-13: Close connection
00:43:36.344 [Finalizer] DEBUG org.apache.http.impl.conn.PoolingHttpClientConnectionManager - Connection manager shut down
00:43:36.344 [Finalizer] DEBUG org.apache.http.impl.conn.PoolingHttpClientConnectionManager - Connection manager is shutting down
00:43:36.344 [Finalizer] DEBUG org.apache.http.impl.conn.DefaultManagedHttpClientConnection - http-outgoing-11: Close connection
00:43:36.344 [Finalizer] DEBUG org.apache.http.impl.conn.PoolingHttpClientConnectionManager - Connection manager shut down

HTML report: (paste into browser to view) | Karate version: 0.9.6
file:/Users/bharathamanik/Desktop/Automation/bitly/target/surefire-reports/karate-summary.html
===================================================================

Karate version: 0.9.6
======================================================
elapsed:   1.59 | threads:    5 | thread time: 5.01 
features:     4 | ignored:    0 | efficiency: 0.63
scenarios:   16 | passed:    16 | failed: 0
======================================================

00:43:36.694 [Test worker] DEBUG org.apache.velocity - CommonsLogLogChute name is 'org.apache.velocity'
00:43:36.694 [Test worker] DEBUG org.apache.velocity - Initializing Velocity, Calling init()...
00:43:36.694 [Test worker] DEBUG org.apache.velocity - Starting Apache Velocity v1.7 (compiled: 2010-11-19 12:14:37)
00:43:36.694 [Test worker] DEBUG org.apache.velocity - Default Properties File: org/apache/velocity/runtime/defaults/velocity.properties
00:43:36.694 [Test worker] DEBUG org.apache.velocity - Trying to use logger class org.apache.velocity.runtime.log.AvalonLogChute
00:43:36.694 [Test worker] DEBUG org.apache.velocity - Target log system for org.apache.velocity.runtime.log.AvalonLogChute is not available (java.lang.NoClassDefFoundError: org/apache/log/format/Formatter).  Falling back to next log system...
00:43:36.694 [Test worker] DEBUG org.apache.velocity - Trying to use logger class org.apache.velocity.runtime.log.Log4JLogChute
00:43:36.694 [Test worker] DEBUG org.apache.velocity - Target log system for org.apache.velocity.runtime.log.Log4JLogChute is not available (java.lang.NoClassDefFoundError: org/apache/log4j/Layout).  Falling back to next log system...
00:43:36.694 [Test worker] DEBUG org.apache.velocity - Trying to use logger class org.apache.velocity.runtime.log.CommonsLogLogChute
00:43:36.694 [Test worker] DEBUG org.apache.velocity - Using logger class org.apache.velocity.runtime.log.CommonsLogLogChute
00:43:36.698 [Test worker] DEBUG org.apache.velocity - ResourceLoader instantiated: org.apache.velocity.runtime.resource.loader.ClasspathResourceLoader
00:43:36.704 [Test worker] DEBUG org.apache.velocity - ResourceCache: initialized (class org.apache.velocity.runtime.resource.ResourceCacheImpl) with class java.util.Collections$SynchronizedMap cache map.
00:43:36.706 [Test worker] DEBUG org.apache.velocity - Loaded System Directive: org.apache.velocity.runtime.directive.Stop
00:43:36.706 [Test worker] DEBUG org.apache.velocity - Loaded System Directive: org.apache.velocity.runtime.directive.Define
00:43:36.706 [Test worker] DEBUG org.apache.velocity - Loaded System Directive: org.apache.velocity.runtime.directive.Break
00:43:36.707 [Test worker] DEBUG org.apache.velocity - Loaded System Directive: org.apache.velocity.runtime.directive.Evaluate
00:43:36.707 [Test worker] DEBUG org.apache.velocity - Loaded System Directive: org.apache.velocity.runtime.directive.Literal
00:43:36.708 [Test worker] DEBUG org.apache.velocity - Loaded System Directive: org.apache.velocity.runtime.directive.Macro
00:43:36.709 [Test worker] DEBUG org.apache.velocity - Loaded System Directive: org.apache.velocity.runtime.directive.Parse
00:43:36.709 [Test worker] DEBUG org.apache.velocity - Loaded System Directive: org.apache.velocity.runtime.directive.Include
00:43:36.710 [Test worker] DEBUG org.apache.velocity - Loaded System Directive: org.apache.velocity.runtime.directive.Foreach
00:43:36.730 [Test worker] DEBUG org.apache.velocity - Created '20' parsers.
00:43:36.732 [Test worker] DEBUG org.apache.velocity - Velocimacro : "velocimacro.library" is not set.  Trying default library: VM_global_library.vm
00:43:36.733 [Test worker] DEBUG org.apache.velocity - Could not load resource 'VM_global_library.vm' from ResourceLoader org.apache.velocity.runtime.resource.loader.ClasspathResourceLoader: ClasspathResourceLoader Error: cannot find resource VM_global_library.vm
00:43:36.733 [Test worker] DEBUG org.apache.velocity - Velocimacro : Default library not found.
00:43:36.733 [Test worker] DEBUG org.apache.velocity - Velocimacro : allowInline = true : VMs can be defined inline in templates
00:43:36.733 [Test worker] DEBUG org.apache.velocity - Velocimacro : allowInlineToOverride = false : VMs defined inline may NOT replace previous VM definitions
00:43:36.733 [Test worker] DEBUG org.apache.velocity - Velocimacro : allowInlineLocal = false : VMs defined inline will be global in scope if allowed.
00:43:36.733 [Test worker] DEBUG org.apache.velocity - Velocimacro : autoload off : VM system will not automatically reload global library macros
00:43:36.796 [Finalizer] DEBUG org.apache.http.impl.conn.PoolingHttpClientConnectionManager - Connection manager is shutting down
00:43:36.796 [Finalizer] DEBUG org.apache.http.impl.conn.DefaultManagedHttpClientConnection - http-outgoing-3: Close connection
00:43:36.797 [Finalizer] DEBUG org.apache.http.impl.conn.PoolingHttpClientConnectionManager - Connection manager shut down
00:43:36.797 [Finalizer] DEBUG org.apache.http.impl.conn.PoolingHttpClientConnectionManager - Connection manager is shutting down
00:43:36.797 [Finalizer] DEBUG org.apache.http.impl.conn.DefaultManagedHttpClientConnection - http-outgoing-0: Close connection
00:43:36.797 [Finalizer] DEBUG org.apache.http.impl.conn.PoolingHttpClientConnectionManager - Connection manager shut down
00:43:36.797 [Finalizer] DEBUG org.apache.http.impl.conn.PoolingHttpClientConnectionManager - Connection manager is shutting down
00:43:36.797 [Finalizer] DEBUG org.apache.http.impl.conn.DefaultManagedHttpClientConnection - http-outgoing-2: Close connection
00:43:36.797 [Test worker] DEBUG org.apache.velocity - ResourceManager : found templates/generators/overviewFeatures.vm with loader org.apache.velocity.runtime.resource.loader.ClasspathResourceLoader
00:43:36.798 [Finalizer] DEBUG org.apache.http.impl.conn.PoolingHttpClientConnectionManager - Connection manager shut down
00:43:36.798 [Finalizer] DEBUG org.apache.http.impl.conn.PoolingHttpClientConnectionManager - Connection manager is shutting down
00:43:36.798 [Finalizer] DEBUG org.apache.http.impl.conn.DefaultManagedHttpClientConnection - http-outgoing-1: Close connection
00:43:36.798 [Finalizer] DEBUG org.apache.http.impl.conn.PoolingHttpClientConnectionManager - Connection manager shut down
00:43:36.799 [Finalizer] DEBUG org.apache.http.impl.conn.PoolingHttpClientConnectionManager - Connection manager is shutting down
00:43:36.799 [Finalizer] DEBUG org.apache.http.impl.conn.DefaultManagedHttpClientConnection - http-outgoing-4: Close connection
00:43:36.799 [Finalizer] DEBUG org.apache.http.impl.conn.PoolingHttpClientConnectionManager - Connection manager shut down
00:43:36.802 [Test worker] DEBUG org.apache.velocity - ResourceManager : found /templates/headers.vm with loader org.apache.velocity.runtime.resource.loader.ClasspathResourceLoader
00:43:36.803 [Test worker] DEBUG org.apache.velocity - ResourceManager : found /templates/head.vm with loader org.apache.velocity.runtime.resource.loader.ClasspathResourceLoader
00:43:36.805 [Test worker] DEBUG org.apache.velocity - Velocimacro : added VM stringArray: source=/templates/macros/array.js.vm
00:43:36.805 [Test worker] DEBUG org.apache.velocity - Velocimacro : added VM numberArray: source=/templates/macros/array.js.vm
00:43:36.805 [Test worker] DEBUG org.apache.velocity - ResourceManager : found /templates/macros/array.js.vm with loader org.apache.velocity.runtime.resource.loader.ClasspathResourceLoader
00:43:36.806 [Test worker] DEBUG org.apache.velocity - Velocimacro : added VM includeBuildInfo: source=/templates/macros/page/buildinfo.vm
00:43:36.806 [Test worker] DEBUG org.apache.velocity - ResourceManager : found /templates/macros/page/buildinfo.vm with loader org.apache.velocity.runtime.resource.loader.ClasspathResourceLoader
00:43:36.807 [Test worker] DEBUG org.apache.velocity - Velocimacro : added VM includeClassifications: source=/templates/macros/page/classifications.vm
00:43:36.807 [Test worker] DEBUG org.apache.velocity - ResourceManager : found /templates/macros/page/classifications.vm with loader org.apache.velocity.runtime.resource.loader.ClasspathResourceLoader
00:43:36.808 [Test worker] DEBUG org.apache.velocity - Velocimacro : added VM includeLead: source=/templates/macros/page/lead.vm
00:43:36.808 [Test worker] DEBUG org.apache.velocity - ResourceManager : found /templates/macros/page/lead.vm with loader org.apache.velocity.runtime.resource.loader.ClasspathResourceLoader
00:43:36.810 [Test worker] DEBUG org.apache.velocity - Velocimacro : added VM includeNavigation: source=/templates/macros/page/navigation.vm
00:43:36.810 [Test worker] DEBUG org.apache.velocity - ResourceManager : found /templates/macros/page/navigation.vm with loader org.apache.velocity.runtime.resource.loader.ClasspathResourceLoader
00:43:36.811 [Test worker] DEBUG org.apache.velocity - Velocimacro : added VM includeReportInfo: source=/templates/macros/page/reportInfo.vm
00:43:36.811 [Test worker] DEBUG org.apache.velocity - ResourceManager : found /templates/macros/page/reportInfo.vm with loader org.apache.velocity.runtime.resource.loader.ClasspathResourceLoader
00:43:36.812 [Test worker] DEBUG org.apache.velocity - Velocimacro : added VM includeTitle: source=/templates/macros/page/title.vm
00:43:36.812 [Test worker] DEBUG org.apache.velocity - ResourceManager : found /templates/macros/page/title.vm with loader org.apache.velocity.runtime.resource.loader.ClasspathResourceLoader
00:43:36.813 [Test worker] DEBUG org.apache.velocity - Velocimacro : added VM includeExpandingButtons: source=/templates/macros/report/expandAllButtons.vm
00:43:36.813 [Test worker] DEBUG org.apache.velocity - ResourceManager : found /templates/macros/report/expandAllButtons.vm with loader org.apache.velocity.runtime.resource.loader.ClasspathResourceLoader
00:43:36.816 [Test worker] DEBUG org.apache.velocity - Velocimacro : added VM includeReportTable: source=/templates/macros/report/reportTable.vm
00:43:36.816 [Test worker] DEBUG org.apache.velocity - ResourceManager : found /templates/macros/report/reportTable.vm with loader org.apache.velocity.runtime.resource.loader.ClasspathResourceLoader
00:43:36.817 [Test worker] DEBUG org.apache.velocity - Velocimacro : added VM includeReportHeader: source=/templates/macros/report/reportHeader.vm
00:43:36.817 [Test worker] DEBUG org.apache.velocity - ResourceManager : found /templates/macros/report/reportHeader.vm with loader org.apache.velocity.runtime.resource.loader.ClasspathResourceLoader
00:43:36.822 [Test worker] DEBUG org.apache.velocity - Velocimacro : added VM includeStatsTable: source=/templates/macros/report/statsTable.vm
00:43:36.822 [Test worker] DEBUG org.apache.velocity - ResourceManager : found /templates/macros/report/statsTable.vm with loader org.apache.velocity.runtime.resource.loader.ClasspathResourceLoader
00:43:36.823 [Test worker] DEBUG org.apache.velocity - Velocimacro : added VM includeBrief: source=/templates/macros/json/brief.vm
00:43:36.823 [Test worker] DEBUG org.apache.velocity - ResourceManager : found /templates/macros/json/brief.vm with loader org.apache.velocity.runtime.resource.loader.ClasspathResourceLoader
00:43:36.824 [Test worker] DEBUG org.apache.velocity - Velocimacro : added VM includeDocString: source=/templates/macros/json/docstring.vm
00:43:36.824 [Test worker] DEBUG org.apache.velocity - ResourceManager : found /templates/macros/json/docstring.vm with loader org.apache.velocity.runtime.resource.loader.ClasspathResourceLoader
00:43:36.825 [Test worker] DEBUG org.apache.velocity - Velocimacro : added VM includeDuration: source=/templates/macros/json/duration.vm
00:43:36.825 [Test worker] DEBUG org.apache.velocity - ResourceManager : found /templates/macros/json/duration.vm with loader org.apache.velocity.runtime.resource.loader.ClasspathResourceLoader
00:43:36.827 [Test worker] DEBUG org.apache.velocity - Velocimacro : added VM includeElement: source=/templates/macros/json/element.vm
00:43:36.827 [Test worker] DEBUG org.apache.velocity - ResourceManager : found /templates/macros/json/element.vm with loader org.apache.velocity.runtime.resource.loader.ClasspathResourceLoader
00:43:36.832 [Test worker] DEBUG org.apache.velocity - Velocimacro : added VM includeEmbeddings: source=/templates/macros/json/embeddings.vm
00:43:36.833 [Test worker] DEBUG org.apache.velocity - Velocimacro : added VM includeHtmlEmbedding: source=/templates/macros/json/embeddings.vm
00:43:36.833 [Test worker] DEBUG org.apache.velocity - Velocimacro : added VM includeVideoEmbedding: source=/templates/macros/json/embeddings.vm
00:43:36.833 [Test worker] DEBUG org.apache.velocity - Velocimacro : added VM includeImageEmbedding: source=/templates/macros/json/embeddings.vm
00:43:36.833 [Test worker] DEBUG org.apache.velocity - Velocimacro : added VM includeImageReferenceEmbedding: source=/templates/macros/json/embeddings.vm
00:43:36.833 [Test worker] DEBUG org.apache.velocity - Velocimacro : added VM includeTextEmbedding: source=/templates/macros/json/embeddings.vm
00:43:36.833 [Test worker] DEBUG org.apache.velocity - Velocimacro : added VM includeUnknownEmbedding: source=/templates/macros/json/embeddings.vm
00:43:36.833 [Test worker] DEBUG org.apache.velocity - ResourceManager : found /templates/macros/json/embeddings.vm with loader org.apache.velocity.runtime.resource.loader.ClasspathResourceLoader
00:43:36.835 [Test worker] DEBUG org.apache.velocity - Velocimacro : added VM includeHooks: source=/templates/macros/json/hooks.vm
00:43:36.835 [Test worker] DEBUG org.apache.velocity - ResourceManager : found /templates/macros/json/hooks.vm with loader org.apache.velocity.runtime.resource.loader.ClasspathResourceLoader
00:43:36.836 [Test worker] DEBUG org.apache.velocity - Velocimacro : added VM includeOutput: source=/templates/macros/json/output.vm
00:43:36.836 [Test worker] DEBUG org.apache.velocity - ResourceManager : found /templates/macros/json/output.vm with loader org.apache.velocity.runtime.resource.loader.ClasspathResourceLoader
00:43:36.836 [Test worker] DEBUG org.apache.velocity - Velocimacro : added VM includeMessage: source=/templates/macros/json/message.vm
00:43:36.836 [Test worker] DEBUG org.apache.velocity - ResourceManager : found /templates/macros/json/message.vm with loader org.apache.velocity.runtime.resource.loader.ClasspathResourceLoader
00:43:36.838 [Test worker] DEBUG org.apache.velocity - Velocimacro : added VM includeSteps: source=/templates/macros/json/steps.vm
00:43:36.838 [Test worker] DEBUG org.apache.velocity - ResourceManager : found /templates/macros/json/steps.vm with loader org.apache.velocity.runtime.resource.loader.ClasspathResourceLoader
00:43:36.838 [Test worker] DEBUG org.apache.velocity - Velocimacro : added VM includeStepName: source=/templates/macros/json/stepName.vm
00:43:36.838 [Test worker] DEBUG org.apache.velocity - ResourceManager : found /templates/macros/json/stepName.vm with loader org.apache.velocity.runtime.resource.loader.ClasspathResourceLoader
00:43:36.839 [Test worker] DEBUG org.apache.velocity - Velocimacro : added VM includeTags: source=/templates/macros/json/tags.vm
00:43:36.839 [Test worker] DEBUG org.apache.velocity - ResourceManager : found /templates/macros/json/tags.vm with loader org.apache.velocity.runtime.resource.loader.ClasspathResourceLoader
00:43:36.846 [Test worker] DEBUG org.apache.velocity - ResourceManager : found /templates/js/steps-chart.js.vm with loader org.apache.velocity.runtime.resource.loader.ClasspathResourceLoader
00:43:36.851 [Test worker] DEBUG org.apache.velocity - ResourceManager : found /templates/js/scenarios-chart.js.vm with loader org.apache.velocity.runtime.resource.loader.ClasspathResourceLoader
00:43:36.852 [Test worker] DEBUG org.apache.velocity - ResourceManager : found /templates/js/features-chart.js.vm with loader org.apache.velocity.runtime.resource.loader.ClasspathResourceLoader
00:43:36.888 [Test worker] DEBUG org.apache.velocity - ResourceManager : found /templates/footer.vm with loader org.apache.velocity.runtime.resource.loader.ClasspathResourceLoader
00:43:36.890 [Test worker] DEBUG org.apache.velocity - CommonsLogLogChute name is 'org.apache.velocity'
00:43:36.890 [Test worker] DEBUG org.apache.velocity - Initializing Velocity, Calling init()...
00:43:36.890 [Test worker] DEBUG org.apache.velocity - Starting Apache Velocity v1.7 (compiled: 2010-11-19 12:14:37)
00:43:36.890 [Test worker] DEBUG org.apache.velocity - Default Properties File: org/apache/velocity/runtime/defaults/velocity.properties
00:43:36.890 [Test worker] DEBUG org.apache.velocity - Trying to use logger class org.apache.velocity.runtime.log.AvalonLogChute
00:43:36.890 [Test worker] DEBUG org.apache.velocity - Target log system for org.apache.velocity.runtime.log.AvalonLogChute is not available (java.lang.NoClassDefFoundError: org/apache/log/format/Formatter).  Falling back to next log system...
00:43:36.890 [Test worker] DEBUG org.apache.velocity - Trying to use logger class org.apache.velocity.runtime.log.Log4JLogChute
00:43:36.890 [Test worker] DEBUG org.apache.velocity - Target log system for org.apache.velocity.runtime.log.Log4JLogChute is not available (java.lang.NoClassDefFoundError: org/apache/log4j/Layout).  Falling back to next log system...
00:43:36.890 [Test worker] DEBUG org.apache.velocity - Trying to use logger class org.apache.velocity.runtime.log.CommonsLogLogChute
00:43:36.890 [Test worker] DEBUG org.apache.velocity - Using logger class org.apache.velocity.runtime.log.CommonsLogLogChute
00:43:36.890 [Test worker] DEBUG org.apache.velocity - ResourceLoader instantiated: org.apache.velocity.runtime.resource.loader.ClasspathResourceLoader
00:43:36.890 [Test worker] DEBUG org.apache.velocity - ResourceCache: initialized (class org.apache.velocity.runtime.resource.ResourceCacheImpl) with class java.util.Collections$SynchronizedMap cache map.
00:43:36.890 [Test worker] DEBUG org.apache.velocity - Loaded System Directive: org.apache.velocity.runtime.directive.Stop
00:43:36.890 [Test worker] DEBUG org.apache.velocity - Loaded System Directive: org.apache.velocity.runtime.directive.Define
00:43:36.890 [Test worker] DEBUG org.apache.velocity - Loaded System Directive: org.apache.velocity.runtime.directive.Break
00:43:36.890 [Test worker] DEBUG org.apache.velocity - Loaded System Directive: org.apache.velocity.runtime.directive.Evaluate
00:43:36.890 [Test worker] DEBUG org.apache.velocity - Loaded System Directive: org.apache.velocity.runtime.directive.Literal
00:43:36.890 [Test worker] DEBUG org.apache.velocity - Loaded System Directive: org.apache.velocity.runtime.directive.Macro
00:43:36.890 [Test worker] DEBUG org.apache.velocity - Loaded System Directive: org.apache.velocity.runtime.directive.Parse
00:43:36.890 [Test worker] DEBUG org.apache.velocity - Loaded System Directive: org.apache.velocity.runtime.directive.Include
00:43:36.891 [Test worker] DEBUG org.apache.velocity - Loaded System Directive: org.apache.velocity.runtime.directive.Foreach
00:43:36.891 [Test worker] DEBUG org.apache.velocity - Created '20' parsers.
00:43:36.891 [Test worker] DEBUG org.apache.velocity - Velocimacro : "velocimacro.library" is not set.  Trying default library: VM_global_library.vm
00:43:36.891 [Test worker] DEBUG org.apache.velocity - Could not load resource 'VM_global_library.vm' from ResourceLoader org.apache.velocity.runtime.resource.loader.ClasspathResourceLoader: ClasspathResourceLoader Error: cannot find resource VM_global_library.vm
00:43:36.891 [Test worker] DEBUG org.apache.velocity - Velocimacro : Default library not found.
00:43:36.891 [Test worker] DEBUG org.apache.velocity - Velocimacro : allowInline = true : VMs can be defined inline in templates
00:43:36.891 [Test worker] DEBUG org.apache.velocity - Velocimacro : allowInlineToOverride = false : VMs defined inline may NOT replace previous VM definitions
00:43:36.891 [Test worker] DEBUG org.apache.velocity - Velocimacro : allowInlineLocal = false : VMs defined inline will be global in scope if allowed.
00:43:36.891 [Test worker] DEBUG org.apache.velocity - Velocimacro : autoload off : VM system will not automatically reload global library macros
00:43:36.892 [Test worker] DEBUG org.apache.velocity - ResourceManager : found templates/generators/reportFeature.vm with loader org.apache.velocity.runtime.resource.loader.ClasspathResourceLoader
00:43:36.893 [Test worker] DEBUG org.apache.velocity - ResourceManager : found /templates/headers.vm with loader org.apache.velocity.runtime.resource.loader.ClasspathResourceLoader
00:43:36.893 [Test worker] DEBUG org.apache.velocity - ResourceManager : found /templates/head.vm with loader org.apache.velocity.runtime.resource.loader.ClasspathResourceLoader
00:43:36.894 [Test worker] DEBUG org.apache.velocity - Velocimacro : added VM stringArray: source=/templates/macros/array.js.vm
00:43:36.894 [Test worker] DEBUG org.apache.velocity - Velocimacro : added VM numberArray: source=/templates/macros/array.js.vm
00:43:36.894 [Test worker] DEBUG org.apache.velocity - ResourceManager : found /templates/macros/array.js.vm with loader org.apache.velocity.runtime.resource.loader.ClasspathResourceLoader
00:43:36.894 [Test worker] DEBUG org.apache.velocity - Velocimacro : added VM includeBuildInfo: source=/templates/macros/page/buildinfo.vm
00:43:36.894 [Test worker] DEBUG org.apache.velocity - ResourceManager : found /templates/macros/page/buildinfo.vm with loader org.apache.velocity.runtime.resource.loader.ClasspathResourceLoader
00:43:36.895 [Test worker] DEBUG org.apache.velocity - Velocimacro : added VM includeClassifications: source=/templates/macros/page/classifications.vm
00:43:36.895 [Test worker] DEBUG org.apache.velocity - ResourceManager : found /templates/macros/page/classifications.vm with loader org.apache.velocity.runtime.resource.loader.ClasspathResourceLoader
00:43:36.896 [Test worker] DEBUG org.apache.velocity - Velocimacro : added VM includeLead: source=/templates/macros/page/lead.vm
00:43:36.896 [Test worker] DEBUG org.apache.velocity - ResourceManager : found /templates/macros/page/lead.vm with loader org.apache.velocity.runtime.resource.loader.ClasspathResourceLoader
00:43:36.897 [Test worker] DEBUG org.apache.velocity - Velocimacro : added VM includeNavigation: source=/templates/macros/page/navigation.vm
00:43:36.897 [Test worker] DEBUG org.apache.velocity - ResourceManager : found /templates/macros/page/navigation.vm with loader org.apache.velocity.runtime.resource.loader.ClasspathResourceLoader
00:43:36.897 [Test worker] DEBUG org.apache.velocity - Velocimacro : added VM includeReportInfo: source=/templates/macros/page/reportInfo.vm
00:43:36.897 [Test worker] DEBUG org.apache.velocity - ResourceManager : found /templates/macros/page/reportInfo.vm with loader org.apache.velocity.runtime.resource.loader.ClasspathResourceLoader
00:43:36.898 [Test worker] DEBUG org.apache.velocity - Velocimacro : added VM includeTitle: source=/templates/macros/page/title.vm
00:43:36.898 [Test worker] DEBUG org.apache.velocity - ResourceManager : found /templates/macros/page/title.vm with loader org.apache.velocity.runtime.resource.loader.ClasspathResourceLoader
00:43:36.898 [Test worker] DEBUG org.apache.velocity - Velocimacro : added VM includeExpandingButtons: source=/templates/macros/report/expandAllButtons.vm
00:43:36.898 [Test worker] DEBUG org.apache.velocity - ResourceManager : found /templates/macros/report/expandAllButtons.vm with loader org.apache.velocity.runtime.resource.loader.ClasspathResourceLoader
00:43:36.899 [Test worker] DEBUG org.apache.velocity - Velocimacro : added VM includeReportTable: source=/templates/macros/report/reportTable.vm
00:43:36.899 [Test worker] DEBUG org.apache.velocity - ResourceManager : found /templates/macros/report/reportTable.vm with loader org.apache.velocity.runtime.resource.loader.ClasspathResourceLoader
00:43:36.900 [Test worker] DEBUG org.apache.velocity - Velocimacro : added VM includeReportHeader: source=/templates/macros/report/reportHeader.vm
00:43:36.900 [Test worker] DEBUG org.apache.velocity - ResourceManager : found /templates/macros/report/reportHeader.vm with loader org.apache.velocity.runtime.resource.loader.ClasspathResourceLoader
00:43:36.902 [Test worker] DEBUG org.apache.velocity - Velocimacro : added VM includeStatsTable: source=/templates/macros/report/statsTable.vm
00:43:36.902 [Test worker] DEBUG org.apache.velocity - ResourceManager : found /templates/macros/report/statsTable.vm with loader org.apache.velocity.runtime.resource.loader.ClasspathResourceLoader
00:43:36.903 [Test worker] DEBUG org.apache.velocity - Velocimacro : added VM includeBrief: source=/templates/macros/json/brief.vm
00:43:36.903 [Test worker] DEBUG org.apache.velocity - ResourceManager : found /templates/macros/json/brief.vm with loader org.apache.velocity.runtime.resource.loader.ClasspathResourceLoader
00:43:36.904 [Test worker] DEBUG org.apache.velocity - Velocimacro : added VM includeDocString: source=/templates/macros/json/docstring.vm
00:43:36.904 [Test worker] DEBUG org.apache.velocity - ResourceManager : found /templates/macros/json/docstring.vm with loader org.apache.velocity.runtime.resource.loader.ClasspathResourceLoader
00:43:36.905 [Test worker] DEBUG org.apache.velocity - Velocimacro : added VM includeDuration: source=/templates/macros/json/duration.vm
00:43:36.905 [Test worker] DEBUG org.apache.velocity - ResourceManager : found /templates/macros/json/duration.vm with loader org.apache.velocity.runtime.resource.loader.ClasspathResourceLoader
00:43:36.906 [Test worker] DEBUG org.apache.velocity - Velocimacro : added VM includeElement: source=/templates/macros/json/element.vm
00:43:36.906 [Test worker] DEBUG org.apache.velocity - ResourceManager : found /templates/macros/json/element.vm with loader org.apache.velocity.runtime.resource.loader.ClasspathResourceLoader
00:43:36.908 [Test worker] DEBUG org.apache.velocity - Velocimacro : added VM includeEmbeddings: source=/templates/macros/json/embeddings.vm
00:43:36.909 [Test worker] DEBUG org.apache.velocity - Velocimacro : added VM includeHtmlEmbedding: source=/templates/macros/json/embeddings.vm
00:43:36.909 [Test worker] DEBUG org.apache.velocity - Velocimacro : added VM includeVideoEmbedding: source=/templates/macros/json/embeddings.vm
00:43:36.909 [Test worker] DEBUG org.apache.velocity - Velocimacro : added VM includeImageEmbedding: source=/templates/macros/json/embeddings.vm
00:43:36.909 [Test worker] DEBUG org.apache.velocity - Velocimacro : added VM includeImageReferenceEmbedding: source=/templates/macros/json/embeddings.vm
00:43:36.909 [Test worker] DEBUG org.apache.velocity - Velocimacro : added VM includeTextEmbedding: source=/templates/macros/json/embeddings.vm
00:43:36.909 [Test worker] DEBUG org.apache.velocity - Velocimacro : added VM includeUnknownEmbedding: source=/templates/macros/json/embeddings.vm
00:43:36.909 [Test worker] DEBUG org.apache.velocity - ResourceManager : found /templates/macros/json/embeddings.vm with loader org.apache.velocity.runtime.resource.loader.ClasspathResourceLoader
00:43:36.910 [Test worker] DEBUG org.apache.velocity - Velocimacro : added VM includeHooks: source=/templates/macros/json/hooks.vm
00:43:36.910 [Test worker] DEBUG org.apache.velocity - ResourceManager : found /templates/macros/json/hooks.vm with loader org.apache.velocity.runtime.resource.loader.ClasspathResourceLoader
00:43:36.911 [Test worker] DEBUG org.apache.velocity - Velocimacro : added VM includeOutput: source=/templates/macros/json/output.vm
00:43:36.911 [Test worker] DEBUG org.apache.velocity - ResourceManager : found /templates/macros/json/output.vm with loader org.apache.velocity.runtime.resource.loader.ClasspathResourceLoader
00:43:36.911 [Test worker] DEBUG org.apache.velocity - Velocimacro : added VM includeMessage: source=/templates/macros/json/message.vm
00:43:36.911 [Test worker] DEBUG org.apache.velocity - ResourceManager : found /templates/macros/json/message.vm with loader org.apache.velocity.runtime.resource.loader.ClasspathResourceLoader
00:43:36.913 [Test worker] DEBUG org.apache.velocity - Velocimacro : added VM includeSteps: source=/templates/macros/json/steps.vm
00:43:36.913 [Test worker] DEBUG org.apache.velocity - ResourceManager : found /templates/macros/json/steps.vm with loader org.apache.velocity.runtime.resource.loader.ClasspathResourceLoader
00:43:36.913 [Test worker] DEBUG org.apache.velocity - Velocimacro : added VM includeStepName: source=/templates/macros/json/stepName.vm
00:43:36.913 [Test worker] DEBUG org.apache.velocity - ResourceManager : found /templates/macros/json/stepName.vm with loader org.apache.velocity.runtime.resource.loader.ClasspathResourceLoader
00:43:36.914 [Test worker] DEBUG org.apache.velocity - Velocimacro : added VM includeTags: source=/templates/macros/json/tags.vm
00:43:36.914 [Test worker] DEBUG org.apache.velocity - ResourceManager : found /templates/macros/json/tags.vm with loader org.apache.velocity.runtime.resource.loader.ClasspathResourceLoader
00:43:36.914 [Test worker] DEBUG org.apache.velocity - VM #includeNavigation: too few arguments to macro. Wanted 1 got 0
00:43:36.914 [Test worker] DEBUG org.apache.velocity - Left side ($active_tab) of '==' operation has null value. If it is a reference, it may not be in the context or its toString() returned null. /templates/macros/page/navigation.vm[line 14, column 51]
00:43:36.914 [Test worker] DEBUG org.apache.velocity - Left side ($active_tab) of '==' operation has null value. If it is a reference, it may not be in the context or its toString() returned null. /templates/macros/page/navigation.vm[line 15, column 51]
00:43:36.914 [Test worker] DEBUG org.apache.velocity - Left side ($active_tab) of '==' operation has null value. If it is a reference, it may not be in the context or its toString() returned null. /templates/macros/page/navigation.vm[line 16, column 51]
00:43:36.914 [Test worker] DEBUG org.apache.velocity - Left side ($active_tab) of '==' operation has null value. If it is a reference, it may not be in the context or its toString() returned null. /templates/macros/page/navigation.vm[line 20, column 51]
00:43:36.914 [Test worker] DEBUG org.apache.velocity - VM #includeLead: too few arguments to macro. Wanted 2 got 1
00:43:36.917 [Test worker] DEBUG org.apache.velocity - VM #includeBrief: too few arguments to macro. Wanted 5 got 3
00:43:36.919 [Test worker] DEBUG org.apache.velocity - VM #includeBrief: too few arguments to macro. Wanted 5 got 4
00:43:36.920 [Test worker] DEBUG org.apache.velocity - VM #includeBrief: too few arguments to macro. Wanted 5 got 4
00:43:36.923 [Test worker] DEBUG org.apache.velocity - VM #includeBrief: too few arguments to macro. Wanted 5 got 4
00:43:36.923 [Test worker] DEBUG org.apache.velocity - VM #includeBrief: too few arguments to macro. Wanted 5 got 4
00:43:36.927 [Test worker] DEBUG org.apache.velocity - VM #includeBrief: too few arguments to macro. Wanted 5 got 4
00:43:36.928 [Test worker] DEBUG org.apache.velocity - VM #includeBrief: too few arguments to macro. Wanted 5 got 4
00:43:36.931 [Test worker] DEBUG org.apache.velocity - VM #includeBrief: too few arguments to macro. Wanted 5 got 4
00:43:36.931 [Test worker] DEBUG org.apache.velocity - VM #includeBrief: too few arguments to macro. Wanted 5 got 4
00:43:36.933 [Test worker] DEBUG org.apache.velocity - VM #includeBrief: too few arguments to macro. Wanted 5 got 4
00:43:36.934 [Test worker] DEBUG org.apache.velocity - VM #includeBrief: too few arguments to macro. Wanted 5 got 4
00:43:36.935 [Test worker] DEBUG org.apache.velocity - VM #includeBrief: too few arguments to macro. Wanted 5 got 4
00:43:36.935 [Test worker] DEBUG org.apache.velocity - VM #includeBrief: too few arguments to macro. Wanted 5 got 4
00:43:36.940 [Test worker] DEBUG org.apache.velocity - VM #includeBrief: too few arguments to macro. Wanted 5 got 4
00:43:36.940 [Test worker] DEBUG org.apache.velocity - VM #includeBrief: too few arguments to macro. Wanted 5 got 4
00:43:36.942 [Test worker] DEBUG org.apache.velocity - VM #includeBrief: too few arguments to macro. Wanted 5 got 4
00:43:36.942 [Test worker] DEBUG org.apache.velocity - VM #includeBrief: too few arguments to macro. Wanted 5 got 4
00:43:36.943 [Test worker] DEBUG org.apache.velocity - VM #includeBrief: too few arguments to macro. Wanted 5 got 4
00:43:36.944 [Test worker] DEBUG org.apache.velocity - VM #includeBrief: too few arguments to macro. Wanted 5 got 4
00:43:36.945 [Test worker] DEBUG org.apache.velocity - VM #includeBrief: too few arguments to macro. Wanted 5 got 4
00:43:36.945 [Test worker] DEBUG org.apache.velocity - VM #includeBrief: too few arguments to macro. Wanted 5 got 4
00:43:36.947 [Test worker] DEBUG org.apache.velocity - VM #includeBrief: too few arguments to macro. Wanted 5 got 4
00:43:36.947 [Test worker] DEBUG org.apache.velocity - VM #includeBrief: too few arguments to macro. Wanted 5 got 4
00:43:36.947 [Test worker] DEBUG org.apache.velocity - VM #includeBrief: too few arguments to macro. Wanted 5 got 4
00:43:36.947 [Test worker] DEBUG org.apache.velocity - VM #includeBrief: too few arguments to macro. Wanted 5 got 4
00:43:36.949 [Test worker] DEBUG org.apache.velocity - ResourceManager : found /templates/footer.vm with loader org.apache.velocity.runtime.resource.loader.ClasspathResourceLoader
00:43:36.950 [Test worker] DEBUG org.apache.velocity - CommonsLogLogChute name is 'org.apache.velocity'
00:43:36.951 [Test worker] DEBUG org.apache.velocity - Initializing Velocity, Calling init()...
00:43:36.951 [Test worker] DEBUG org.apache.velocity - Starting Apache Velocity v1.7 (compiled: 2010-11-19 12:14:37)
00:43:36.951 [Test worker] DEBUG org.apache.velocity - Default Properties File: org/apache/velocity/runtime/defaults/velocity.properties
00:43:36.951 [Test worker] DEBUG org.apache.velocity - Trying to use logger class org.apache.velocity.runtime.log.AvalonLogChute
00:43:36.951 [Test worker] DEBUG org.apache.velocity - Target log system for org.apache.velocity.runtime.log.AvalonLogChute is not available (java.lang.NoClassDefFoundError: org/apache/log/format/Formatter).  Falling back to next log system...
00:43:36.951 [Test worker] DEBUG org.apache.velocity - Trying to use logger class org.apache.velocity.runtime.log.Log4JLogChute
00:43:36.951 [Test worker] DEBUG org.apache.velocity - Target log system for org.apache.velocity.runtime.log.Log4JLogChute is not available (java.lang.NoClassDefFoundError: org/apache/log4j/Layout).  Falling back to next log system...
00:43:36.951 [Test worker] DEBUG org.apache.velocity - Trying to use logger class org.apache.velocity.runtime.log.CommonsLogLogChute
00:43:36.951 [Test worker] DEBUG org.apache.velocity - Using logger class org.apache.velocity.runtime.log.CommonsLogLogChute
00:43:36.951 [Test worker] DEBUG org.apache.velocity - ResourceLoader instantiated: org.apache.velocity.runtime.resource.loader.ClasspathResourceLoader
00:43:36.951 [Test worker] DEBUG org.apache.velocity - ResourceCache: initialized (class org.apache.velocity.runtime.resource.ResourceCacheImpl) with class java.util.Collections$SynchronizedMap cache map.
00:43:36.952 [Test worker] DEBUG org.apache.velocity - Loaded System Directive: org.apache.velocity.runtime.directive.Stop
00:43:36.952 [Test worker] DEBUG org.apache.velocity - Loaded System Directive: org.apache.velocity.runtime.directive.Define
00:43:36.952 [Test worker] DEBUG org.apache.velocity - Loaded System Directive: org.apache.velocity.runtime.directive.Break
00:43:36.952 [Test worker] DEBUG org.apache.velocity - Loaded System Directive: org.apache.velocity.runtime.directive.Evaluate
00:43:36.952 [Test worker] DEBUG org.apache.velocity - Loaded System Directive: org.apache.velocity.runtime.directive.Literal
00:43:36.952 [Test worker] DEBUG org.apache.velocity - Loaded System Directive: org.apache.velocity.runtime.directive.Macro
00:43:36.952 [Test worker] DEBUG org.apache.velocity - Loaded System Directive: org.apache.velocity.runtime.directive.Parse
00:43:36.952 [Test worker] DEBUG org.apache.velocity - Loaded System Directive: org.apache.velocity.runtime.directive.Include
00:43:36.952 [Test worker] DEBUG org.apache.velocity - Loaded System Directive: org.apache.velocity.runtime.directive.Foreach
00:43:36.953 [Test worker] DEBUG org.apache.velocity - Created '20' parsers.
00:43:36.953 [Test worker] DEBUG org.apache.velocity - Velocimacro : "velocimacro.library" is not set.  Trying default library: VM_global_library.vm
00:43:36.954 [Test worker] DEBUG org.apache.velocity - Could not load resource 'VM_global_library.vm' from ResourceLoader org.apache.velocity.runtime.resource.loader.ClasspathResourceLoader: ClasspathResourceLoader Error: cannot find resource VM_global_library.vm
00:43:36.954 [Test worker] DEBUG org.apache.velocity - Velocimacro : Default library not found.
00:43:36.954 [Test worker] DEBUG org.apache.velocity - Velocimacro : allowInline = true : VMs can be defined inline in templates
00:43:36.954 [Test worker] DEBUG org.apache.velocity - Velocimacro : allowInlineToOverride = false : VMs defined inline may NOT replace previous VM definitions
00:43:36.954 [Test worker] DEBUG org.apache.velocity - Velocimacro : allowInlineLocal = false : VMs defined inline will be global in scope if allowed.
00:43:36.954 [Test worker] DEBUG org.apache.velocity - Velocimacro : autoload off : VM system will not automatically reload global library macros
00:43:36.955 [Test worker] DEBUG org.apache.velocity - ResourceManager : found templates/generators/reportFeature.vm with loader org.apache.velocity.runtime.resource.loader.ClasspathResourceLoader
00:43:36.956 [Test worker] DEBUG org.apache.velocity - ResourceManager : found /templates/headers.vm with loader org.apache.velocity.runtime.resource.loader.ClasspathResourceLoader
00:43:36.957 [Test worker] DEBUG org.apache.velocity - ResourceManager : found /templates/head.vm with loader org.apache.velocity.runtime.resource.loader.ClasspathResourceLoader
00:43:36.958 [Test worker] DEBUG org.apache.velocity - Velocimacro : added VM stringArray: source=/templates/macros/array.js.vm
00:43:36.958 [Test worker] DEBUG org.apache.velocity - Velocimacro : added VM numberArray: source=/templates/macros/array.js.vm
00:43:36.958 [Test worker] DEBUG org.apache.velocity - ResourceManager : found /templates/macros/array.js.vm with loader org.apache.velocity.runtime.resource.loader.ClasspathResourceLoader
00:43:36.959 [Test worker] DEBUG org.apache.velocity - Velocimacro : added VM includeBuildInfo: source=/templates/macros/page/buildinfo.vm
00:43:36.959 [Test worker] DEBUG org.apache.velocity - ResourceManager : found /templates/macros/page/buildinfo.vm with loader org.apache.velocity.runtime.resource.loader.ClasspathResourceLoader
00:43:36.960 [Test worker] DEBUG org.apache.velocity - Velocimacro : added VM includeClassifications: source=/templates/macros/page/classifications.vm
00:43:36.960 [Test worker] DEBUG org.apache.velocity - ResourceManager : found /templates/macros/page/classifications.vm with loader org.apache.velocity.runtime.resource.loader.ClasspathResourceLoader
00:43:36.961 [Test worker] DEBUG org.apache.velocity - Velocimacro : added VM includeLead: source=/templates/macros/page/lead.vm
00:43:36.961 [Test worker] DEBUG org.apache.velocity - ResourceManager : found /templates/macros/page/lead.vm with loader org.apache.velocity.runtime.resource.loader.ClasspathResourceLoader
00:43:36.962 [Test worker] DEBUG org.apache.velocity - Velocimacro : added VM includeNavigation: source=/templates/macros/page/navigation.vm
00:43:36.962 [Test worker] DEBUG org.apache.velocity - ResourceManager : found /templates/macros/page/navigation.vm with loader org.apache.velocity.runtime.resource.loader.ClasspathResourceLoader
00:43:36.962 [Test worker] DEBUG org.apache.velocity - Velocimacro : added VM includeReportInfo: source=/templates/macros/page/reportInfo.vm
00:43:36.962 [Test worker] DEBUG org.apache.velocity - ResourceManager : found /templates/macros/page/reportInfo.vm with loader org.apache.velocity.runtime.resource.loader.ClasspathResourceLoader
00:43:36.965 [Test worker] DEBUG org.apache.velocity - Velocimacro : added VM includeTitle: source=/templates/macros/page/title.vm
00:43:36.966 [Test worker] DEBUG org.apache.velocity - ResourceManager : found /templates/macros/page/title.vm with loader org.apache.velocity.runtime.resource.loader.ClasspathResourceLoader
00:43:36.966 [Test worker] DEBUG org.apache.velocity - Velocimacro : added VM includeExpandingButtons: source=/templates/macros/report/expandAllButtons.vm
00:43:36.966 [Test worker] DEBUG org.apache.velocity - ResourceManager : found /templates/macros/report/expandAllButtons.vm with loader org.apache.velocity.runtime.resource.loader.ClasspathResourceLoader
00:43:36.968 [Test worker] DEBUG org.apache.velocity - Velocimacro : added VM includeReportTable: source=/templates/macros/report/reportTable.vm
00:43:36.968 [Test worker] DEBUG org.apache.velocity - ResourceManager : found /templates/macros/report/reportTable.vm with loader org.apache.velocity.runtime.resource.loader.ClasspathResourceLoader
00:43:36.969 [Test worker] DEBUG org.apache.velocity - Velocimacro : added VM includeReportHeader: source=/templates/macros/report/reportHeader.vm
00:43:36.969 [Test worker] DEBUG org.apache.velocity - ResourceManager : found /templates/macros/report/reportHeader.vm with loader org.apache.velocity.runtime.resource.loader.ClasspathResourceLoader
00:43:36.971 [Test worker] DEBUG org.apache.velocity - Velocimacro : added VM includeStatsTable: source=/templates/macros/report/statsTable.vm
00:43:36.971 [Test worker] DEBUG org.apache.velocity - ResourceManager : found /templates/macros/report/statsTable.vm with loader org.apache.velocity.runtime.resource.loader.ClasspathResourceLoader
00:43:36.972 [Test worker] DEBUG org.apache.velocity - Velocimacro : added VM includeBrief: source=/templates/macros/json/brief.vm
00:43:36.972 [Test worker] DEBUG org.apache.velocity - ResourceManager : found /templates/macros/json/brief.vm with loader org.apache.velocity.runtime.resource.loader.ClasspathResourceLoader
00:43:36.973 [Test worker] DEBUG org.apache.velocity - Velocimacro : added VM includeDocString: source=/templates/macros/json/docstring.vm
00:43:36.973 [Test worker] DEBUG org.apache.velocity - ResourceManager : found /templates/macros/json/docstring.vm with loader org.apache.velocity.runtime.resource.loader.ClasspathResourceLoader
00:43:36.973 [Test worker] DEBUG org.apache.velocity - Velocimacro : added VM includeDuration: source=/templates/macros/json/duration.vm
00:43:36.973 [Test worker] DEBUG org.apache.velocity - ResourceManager : found /templates/macros/json/duration.vm with loader org.apache.velocity.runtime.resource.loader.ClasspathResourceLoader
00:43:36.975 [Test worker] DEBUG org.apache.velocity - Velocimacro : added VM includeElement: source=/templates/macros/json/element.vm
00:43:36.975 [Test worker] DEBUG org.apache.velocity - ResourceManager : found /templates/macros/json/element.vm with loader org.apache.velocity.runtime.resource.loader.ClasspathResourceLoader
00:43:36.979 [Test worker] DEBUG org.apache.velocity - Velocimacro : added VM includeEmbeddings: source=/templates/macros/json/embeddings.vm
00:43:36.980 [Test worker] DEBUG org.apache.velocity - Velocimacro : added VM includeHtmlEmbedding: source=/templates/macros/json/embeddings.vm
00:43:36.980 [Test worker] DEBUG org.apache.velocity - Velocimacro : added VM includeVideoEmbedding: source=/templates/macros/json/embeddings.vm
00:43:36.980 [Test worker] DEBUG org.apache.velocity - Velocimacro : added VM includeImageEmbedding: source=/templates/macros/json/embeddings.vm
00:43:36.980 [Test worker] DEBUG org.apache.velocity - Velocimacro : added VM includeImageReferenceEmbedding: source=/templates/macros/json/embeddings.vm
00:43:36.980 [Test worker] DEBUG org.apache.velocity - Velocimacro : added VM includeTextEmbedding: source=/templates/macros/json/embeddings.vm
00:43:36.980 [Test worker] DEBUG org.apache.velocity - Velocimacro : added VM includeUnknownEmbedding: source=/templates/macros/json/embeddings.vm
00:43:36.980 [Test worker] DEBUG org.apache.velocity - ResourceManager : found /templates/macros/json/embeddings.vm with loader org.apache.velocity.runtime.resource.loader.ClasspathResourceLoader
00:43:36.982 [Test worker] DEBUG org.apache.velocity - Velocimacro : added VM includeHooks: source=/templates/macros/json/hooks.vm
00:43:36.982 [Test worker] DEBUG org.apache.velocity - ResourceManager : found /templates/macros/json/hooks.vm with loader org.apache.velocity.runtime.resource.loader.ClasspathResourceLoader
00:43:36.984 [Test worker] DEBUG org.apache.velocity - Velocimacro : added VM includeOutput: source=/templates/macros/json/output.vm
00:43:36.984 [Test worker] DEBUG org.apache.velocity - ResourceManager : found /templates/macros/json/output.vm with loader org.apache.velocity.runtime.resource.loader.ClasspathResourceLoader
00:43:36.985 [Test worker] DEBUG org.apache.velocity - Velocimacro : added VM includeMessage: source=/templates/macros/json/message.vm
00:43:36.985 [Test worker] DEBUG org.apache.velocity - ResourceManager : found /templates/macros/json/message.vm with loader org.apache.velocity.runtime.resource.loader.ClasspathResourceLoader
00:43:36.987 [Test worker] DEBUG org.apache.velocity - Velocimacro : added VM includeSteps: source=/templates/macros/json/steps.vm
00:43:36.987 [Test worker] DEBUG org.apache.velocity - ResourceManager : found /templates/macros/json/steps.vm with loader org.apache.velocity.runtime.resource.loader.ClasspathResourceLoader
00:43:36.988 [Test worker] DEBUG org.apache.velocity - Velocimacro : added VM includeStepName: source=/templates/macros/json/stepName.vm
00:43:36.988 [Test worker] DEBUG org.apache.velocity - ResourceManager : found /templates/macros/json/stepName.vm with loader org.apache.velocity.runtime.resource.loader.ClasspathResourceLoader
00:43:36.988 [Test worker] DEBUG org.apache.velocity - Velocimacro : added VM includeTags: source=/templates/macros/json/tags.vm
00:43:36.988 [Test worker] DEBUG org.apache.velocity - ResourceManager : found /templates/macros/json/tags.vm with loader org.apache.velocity.runtime.resource.loader.ClasspathResourceLoader
00:43:36.989 [Test worker] DEBUG org.apache.velocity - VM #includeNavigation: too few arguments to macro. Wanted 1 got 0
00:43:36.989 [Test worker] DEBUG org.apache.velocity - Left side ($active_tab) of '==' operation has null value. If it is a reference, it may not be in the context or its toString() returned null. /templates/macros/page/navigation.vm[line 14, column 51]
00:43:36.989 [Test worker] DEBUG org.apache.velocity - Left side ($active_tab) of '==' operation has null value. If it is a reference, it may not be in the context or its toString() returned null. /templates/macros/page/navigation.vm[line 15, column 51]
00:43:36.989 [Test worker] DEBUG org.apache.velocity - Left side ($active_tab) of '==' operation has null value. If it is a reference, it may not be in the context or its toString() returned null. /templates/macros/page/navigation.vm[line 16, column 51]
00:43:36.989 [Test worker] DEBUG org.apache.velocity - Left side ($active_tab) of '==' operation has null value. If it is a reference, it may not be in the context or its toString() returned null. /templates/macros/page/navigation.vm[line 20, column 51]
00:43:36.989 [Test worker] DEBUG org.apache.velocity - VM #includeLead: too few arguments to macro. Wanted 2 got 1
00:43:36.990 [Test worker] DEBUG org.apache.velocity - VM #includeBrief: too few arguments to macro. Wanted 5 got 3
00:43:36.990 [Test worker] DEBUG org.apache.velocity - VM #includeBrief: too few arguments to macro. Wanted 5 got 4
00:43:36.991 [Test worker] DEBUG org.apache.velocity - VM #includeBrief: too few arguments to macro. Wanted 5 got 4
00:43:36.993 [Test worker] DEBUG org.apache.velocity - VM #includeBrief: too few arguments to macro. Wanted 5 got 4
00:43:36.994 [Test worker] DEBUG org.apache.velocity - VM #includeBrief: too few arguments to macro. Wanted 5 got 4
00:43:36.995 [Test worker] DEBUG org.apache.velocity - VM #includeBrief: too few arguments to macro. Wanted 5 got 4
00:43:36.995 [Test worker] DEBUG org.apache.velocity - VM #includeBrief: too few arguments to macro. Wanted 5 got 4
00:43:36.997 [Test worker] DEBUG org.apache.velocity - VM #includeBrief: too few arguments to macro. Wanted 5 got 4
00:43:36.998 [Test worker] DEBUG org.apache.velocity - VM #includeBrief: too few arguments to macro. Wanted 5 got 4
00:43:37.002 [Test worker] DEBUG org.apache.velocity - VM #includeBrief: too few arguments to macro. Wanted 5 got 4
00:43:37.002 [Test worker] DEBUG org.apache.velocity - VM #includeBrief: too few arguments to macro. Wanted 5 got 4
00:43:37.004 [Test worker] DEBUG org.apache.velocity - VM #includeBrief: too few arguments to macro. Wanted 5 got 4
00:43:37.004 [Test worker] DEBUG org.apache.velocity - VM #includeBrief: too few arguments to macro. Wanted 5 got 4
00:43:37.005 [Test worker] DEBUG org.apache.velocity - VM #includeBrief: too few arguments to macro. Wanted 5 got 4
00:43:37.005 [Test worker] DEBUG org.apache.velocity - VM #includeBrief: too few arguments to macro. Wanted 5 got 4
00:43:37.007 [Test worker] DEBUG org.apache.velocity - VM #includeBrief: too few arguments to macro. Wanted 5 got 4
00:43:37.008 [Test worker] DEBUG org.apache.velocity - VM #includeBrief: too few arguments to macro. Wanted 5 got 4
00:43:37.010 [Test worker] DEBUG org.apache.velocity - VM #includeBrief: too few arguments to macro. Wanted 5 got 4
00:43:37.010 [Test worker] DEBUG org.apache.velocity - VM #includeBrief: too few arguments to macro. Wanted 5 got 4
00:43:37.011 [Test worker] DEBUG org.apache.velocity - VM #includeBrief: too few arguments to macro. Wanted 5 got 4
00:43:37.011 [Test worker] DEBUG org.apache.velocity - VM #includeBrief: too few arguments to macro. Wanted 5 got 4
00:43:37.013 [Test worker] DEBUG org.apache.velocity - VM #includeBrief: too few arguments to macro. Wanted 5 got 4
00:43:37.013 [Test worker] DEBUG org.apache.velocity - VM #includeBrief: too few arguments to macro. Wanted 5 got 4
00:43:37.014 [Test worker] DEBUG org.apache.velocity - VM #includeBrief: too few arguments to macro. Wanted 5 got 4
00:43:37.014 [Test worker] DEBUG org.apache.velocity - VM #includeBrief: too few arguments to macro. Wanted 5 got 4
00:43:37.016 [Test worker] DEBUG org.apache.velocity - VM #includeBrief: too few arguments to macro. Wanted 5 got 4
00:43:37.016 [Test worker] DEBUG org.apache.velocity - VM #includeBrief: too few arguments to macro. Wanted 5 got 4
00:43:37.017 [Test worker] DEBUG org.apache.velocity - VM #includeBrief: too few arguments to macro. Wanted 5 got 4
00:43:37.017 [Test worker] DEBUG org.apache.velocity - VM #includeBrief: too few arguments to macro. Wanted 5 got 4
00:43:37.019 [Test worker] DEBUG org.apache.velocity - ResourceManager : found /templates/footer.vm with loader org.apache.velocity.runtime.resource.loader.ClasspathResourceLoader
00:43:37.020 [Test worker] DEBUG org.apache.velocity - CommonsLogLogChute name is 'org.apache.velocity'
00:43:37.020 [Test worker] DEBUG org.apache.velocity - Initializing Velocity, Calling init()...
00:43:37.020 [Test worker] DEBUG org.apache.velocity - Starting Apache Velocity v1.7 (compiled: 2010-11-19 12:14:37)
00:43:37.020 [Test worker] DEBUG org.apache.velocity - Default Properties File: org/apache/velocity/runtime/defaults/velocity.properties
00:43:37.020 [Test worker] DEBUG org.apache.velocity - Trying to use logger class org.apache.velocity.runtime.log.AvalonLogChute
00:43:37.020 [Test worker] DEBUG org.apache.velocity - Target log system for org.apache.velocity.runtime.log.AvalonLogChute is not available (java.lang.NoClassDefFoundError: org/apache/log/format/Formatter).  Falling back to next log system...
00:43:37.020 [Test worker] DEBUG org.apache.velocity - Trying to use logger class org.apache.velocity.runtime.log.Log4JLogChute
00:43:37.020 [Test worker] DEBUG org.apache.velocity - Target log system for org.apache.velocity.runtime.log.Log4JLogChute is not available (java.lang.NoClassDefFoundError: org/apache/log4j/Layout).  Falling back to next log system...
00:43:37.020 [Test worker] DEBUG org.apache.velocity - Trying to use logger class org.apache.velocity.runtime.log.CommonsLogLogChute
00:43:37.020 [Test worker] DEBUG org.apache.velocity - Using logger class org.apache.velocity.runtime.log.CommonsLogLogChute
00:43:37.020 [Test worker] DEBUG org.apache.velocity - ResourceLoader instantiated: org.apache.velocity.runtime.resource.loader.ClasspathResourceLoader
00:43:37.021 [Test worker] DEBUG org.apache.velocity - ResourceCache: initialized (class org.apache.velocity.runtime.resource.ResourceCacheImpl) with class java.util.Collections$SynchronizedMap cache map.
00:43:37.021 [Test worker] DEBUG org.apache.velocity - Loaded System Directive: org.apache.velocity.runtime.directive.Stop
00:43:37.021 [Test worker] DEBUG org.apache.velocity - Loaded System Directive: org.apache.velocity.runtime.directive.Define
00:43:37.021 [Test worker] DEBUG org.apache.velocity - Loaded System Directive: org.apache.velocity.runtime.directive.Break
00:43:37.021 [Test worker] DEBUG org.apache.velocity - Loaded System Directive: org.apache.velocity.runtime.directive.Evaluate
00:43:37.021 [Test worker] DEBUG org.apache.velocity - Loaded System Directive: org.apache.velocity.runtime.directive.Literal
00:43:37.021 [Test worker] DEBUG org.apache.velocity - Loaded System Directive: org.apache.velocity.runtime.directive.Macro
00:43:37.021 [Test worker] DEBUG org.apache.velocity - Loaded System Directive: org.apache.velocity.runtime.directive.Parse
00:43:37.021 [Test worker] DEBUG org.apache.velocity - Loaded System Directive: org.apache.velocity.runtime.directive.Include
00:43:37.021 [Test worker] DEBUG org.apache.velocity - Loaded System Directive: org.apache.velocity.runtime.directive.Foreach
00:43:37.022 [Test worker] DEBUG org.apache.velocity - Created '20' parsers.
00:43:37.022 [Test worker] DEBUG org.apache.velocity - Velocimacro : "velocimacro.library" is not set.  Trying default library: VM_global_library.vm
00:43:37.022 [Test worker] DEBUG org.apache.velocity - Could not load resource 'VM_global_library.vm' from ResourceLoader org.apache.velocity.runtime.resource.loader.ClasspathResourceLoader: ClasspathResourceLoader Error: cannot find resource VM_global_library.vm
00:43:37.022 [Test worker] DEBUG org.apache.velocity - Velocimacro : Default library not found.
00:43:37.022 [Test worker] DEBUG org.apache.velocity - Velocimacro : allowInline = true : VMs can be defined inline in templates
00:43:37.022 [Test worker] DEBUG org.apache.velocity - Velocimacro : allowInlineToOverride = false : VMs defined inline may NOT replace previous VM definitions
00:43:37.022 [Test worker] DEBUG org.apache.velocity - Velocimacro : allowInlineLocal = false : VMs defined inline will be global in scope if allowed.
00:43:37.022 [Test worker] DEBUG org.apache.velocity - Velocimacro : autoload off : VM system will not automatically reload global library macros
00:43:37.024 [Test worker] DEBUG org.apache.velocity - ResourceManager : found templates/generators/reportFeature.vm with loader org.apache.velocity.runtime.resource.loader.ClasspathResourceLoader
00:43:37.025 [Test worker] DEBUG org.apache.velocity - ResourceManager : found /templates/headers.vm with loader org.apache.velocity.runtime.resource.loader.ClasspathResourceLoader
00:43:37.025 [Test worker] DEBUG org.apache.velocity - ResourceManager : found /templates/head.vm with loader org.apache.velocity.runtime.resource.loader.ClasspathResourceLoader
00:43:37.026 [Test worker] DEBUG org.apache.velocity - Velocimacro : added VM stringArray: source=/templates/macros/array.js.vm
00:43:37.026 [Test worker] DEBUG org.apache.velocity - Velocimacro : added VM numberArray: source=/templates/macros/array.js.vm
00:43:37.026 [Test worker] DEBUG org.apache.velocity - ResourceManager : found /templates/macros/array.js.vm with loader org.apache.velocity.runtime.resource.loader.ClasspathResourceLoader
00:43:37.026 [Test worker] DEBUG org.apache.velocity - Velocimacro : added VM includeBuildInfo: source=/templates/macros/page/buildinfo.vm
00:43:37.026 [Test worker] DEBUG org.apache.velocity - ResourceManager : found /templates/macros/page/buildinfo.vm with loader org.apache.velocity.runtime.resource.loader.ClasspathResourceLoader
00:43:37.027 [Test worker] DEBUG org.apache.velocity - Velocimacro : added VM includeClassifications: source=/templates/macros/page/classifications.vm
00:43:37.027 [Test worker] DEBUG org.apache.velocity - ResourceManager : found /templates/macros/page/classifications.vm with loader org.apache.velocity.runtime.resource.loader.ClasspathResourceLoader
00:43:37.027 [Test worker] DEBUG org.apache.velocity - Velocimacro : added VM includeLead: source=/templates/macros/page/lead.vm
00:43:37.027 [Test worker] DEBUG org.apache.velocity - ResourceManager : found /templates/macros/page/lead.vm with loader org.apache.velocity.runtime.resource.loader.ClasspathResourceLoader
00:43:37.028 [Test worker] DEBUG org.apache.velocity - Velocimacro : added VM includeNavigation: source=/templates/macros/page/navigation.vm
00:43:37.028 [Test worker] DEBUG org.apache.velocity - ResourceManager : found /templates/macros/page/navigation.vm with loader org.apache.velocity.runtime.resource.loader.ClasspathResourceLoader
00:43:37.028 [Test worker] DEBUG org.apache.velocity - Velocimacro : added VM includeReportInfo: source=/templates/macros/page/reportInfo.vm
00:43:37.028 [Test worker] DEBUG org.apache.velocity - ResourceManager : found /templates/macros/page/reportInfo.vm with loader org.apache.velocity.runtime.resource.loader.ClasspathResourceLoader
00:43:37.029 [Test worker] DEBUG org.apache.velocity - Velocimacro : added VM includeTitle: source=/templates/macros/page/title.vm
00:43:37.029 [Test worker] DEBUG org.apache.velocity - ResourceManager : found /templates/macros/page/title.vm with loader org.apache.velocity.runtime.resource.loader.ClasspathResourceLoader
00:43:37.029 [Test worker] DEBUG org.apache.velocity - Velocimacro : added VM includeExpandingButtons: source=/templates/macros/report/expandAllButtons.vm
00:43:37.029 [Test worker] DEBUG org.apache.velocity - ResourceManager : found /templates/macros/report/expandAllButtons.vm with loader org.apache.velocity.runtime.resource.loader.ClasspathResourceLoader
00:43:37.030 [Test worker] DEBUG org.apache.velocity - Velocimacro : added VM includeReportTable: source=/templates/macros/report/reportTable.vm
00:43:37.030 [Test worker] DEBUG org.apache.velocity - ResourceManager : found /templates/macros/report/reportTable.vm with loader org.apache.velocity.runtime.resource.loader.ClasspathResourceLoader
00:43:37.030 [Test worker] DEBUG org.apache.velocity - Velocimacro : added VM includeReportHeader: source=/templates/macros/report/reportHeader.vm
00:43:37.030 [Test worker] DEBUG org.apache.velocity - ResourceManager : found /templates/macros/report/reportHeader.vm with loader org.apache.velocity.runtime.resource.loader.ClasspathResourceLoader
00:43:37.032 [Test worker] DEBUG org.apache.velocity - Velocimacro : added VM includeStatsTable: source=/templates/macros/report/statsTable.vm
00:43:37.032 [Test worker] DEBUG org.apache.velocity - ResourceManager : found /templates/macros/report/statsTable.vm with loader org.apache.velocity.runtime.resource.loader.ClasspathResourceLoader
00:43:37.033 [Test worker] DEBUG org.apache.velocity - Velocimacro : added VM includeBrief: source=/templates/macros/json/brief.vm
00:43:37.033 [Test worker] DEBUG org.apache.velocity - ResourceManager : found /templates/macros/json/brief.vm with loader org.apache.velocity.runtime.resource.loader.ClasspathResourceLoader
00:43:37.033 [Test worker] DEBUG org.apache.velocity - Velocimacro : added VM includeDocString: source=/templates/macros/json/docstring.vm
00:43:37.033 [Test worker] DEBUG org.apache.velocity - ResourceManager : found /templates/macros/json/docstring.vm with loader org.apache.velocity.runtime.resource.loader.ClasspathResourceLoader
00:43:37.034 [Test worker] DEBUG org.apache.velocity - Velocimacro : added VM includeDuration: source=/templates/macros/json/duration.vm
00:43:37.034 [Test worker] DEBUG org.apache.velocity - ResourceManager : found /templates/macros/json/duration.vm with loader org.apache.velocity.runtime.resource.loader.ClasspathResourceLoader
00:43:37.034 [Test worker] DEBUG org.apache.velocity - Velocimacro : added VM includeElement: source=/templates/macros/json/element.vm
00:43:37.034 [Test worker] DEBUG org.apache.velocity - ResourceManager : found /templates/macros/json/element.vm with loader org.apache.velocity.runtime.resource.loader.ClasspathResourceLoader
00:43:37.036 [Test worker] DEBUG org.apache.velocity - Velocimacro : added VM includeEmbeddings: source=/templates/macros/json/embeddings.vm
00:43:37.036 [Test worker] DEBUG org.apache.velocity - Velocimacro : added VM includeHtmlEmbedding: source=/templates/macros/json/embeddings.vm
00:43:37.036 [Test worker] DEBUG org.apache.velocity - Velocimacro : added VM includeVideoEmbedding: source=/templates/macros/json/embeddings.vm
00:43:37.036 [Test worker] DEBUG org.apache.velocity - Velocimacro : added VM includeImageEmbedding: source=/templates/macros/json/embeddings.vm
00:43:37.036 [Test worker] DEBUG org.apache.velocity - Velocimacro : added VM includeImageReferenceEmbedding: source=/templates/macros/json/embeddings.vm
00:43:37.037 [Test worker] DEBUG org.apache.velocity - Velocimacro : added VM includeTextEmbedding: source=/templates/macros/json/embeddings.vm
00:43:37.037 [Test worker] DEBUG org.apache.velocity - Velocimacro : added VM includeUnknownEmbedding: source=/templates/macros/json/embeddings.vm
00:43:37.037 [Test worker] DEBUG org.apache.velocity - ResourceManager : found /templates/macros/json/embeddings.vm with loader org.apache.velocity.runtime.resource.loader.ClasspathResourceLoader
00:43:37.038 [Test worker] DEBUG org.apache.velocity - Velocimacro : added VM includeHooks: source=/templates/macros/json/hooks.vm
00:43:37.038 [Test worker] DEBUG org.apache.velocity - ResourceManager : found /templates/macros/json/hooks.vm with loader org.apache.velocity.runtime.resource.loader.ClasspathResourceLoader
00:43:37.038 [Test worker] DEBUG org.apache.velocity - Velocimacro : added VM includeOutput: source=/templates/macros/json/output.vm
00:43:37.038 [Test worker] DEBUG org.apache.velocity - ResourceManager : found /templates/macros/json/output.vm with loader org.apache.velocity.runtime.resource.loader.ClasspathResourceLoader
00:43:37.039 [Test worker] DEBUG org.apache.velocity - Velocimacro : added VM includeMessage: source=/templates/macros/json/message.vm
00:43:37.039 [Test worker] DEBUG org.apache.velocity - ResourceManager : found /templates/macros/json/message.vm with loader org.apache.velocity.runtime.resource.loader.ClasspathResourceLoader
00:43:37.040 [Test worker] DEBUG org.apache.velocity - Velocimacro : added VM includeSteps: source=/templates/macros/json/steps.vm
00:43:37.040 [Test worker] DEBUG org.apache.velocity - ResourceManager : found /templates/macros/json/steps.vm with loader org.apache.velocity.runtime.resource.loader.ClasspathResourceLoader
00:43:37.041 [Test worker] DEBUG org.apache.velocity - Velocimacro : added VM includeStepName: source=/templates/macros/json/stepName.vm
00:43:37.041 [Test worker] DEBUG org.apache.velocity - ResourceManager : found /templates/macros/json/stepName.vm with loader org.apache.velocity.runtime.resource.loader.ClasspathResourceLoader
00:43:37.041 [Test worker] DEBUG org.apache.velocity - Velocimacro : added VM includeTags: source=/templates/macros/json/tags.vm
00:43:37.041 [Test worker] DEBUG org.apache.velocity - ResourceManager : found /templates/macros/json/tags.vm with loader org.apache.velocity.runtime.resource.loader.ClasspathResourceLoader
00:43:37.042 [Test worker] DEBUG org.apache.velocity - VM #includeNavigation: too few arguments to macro. Wanted 1 got 0
00:43:37.042 [Test worker] DEBUG org.apache.velocity - Left side ($active_tab) of '==' operation has null value. If it is a reference, it may not be in the context or its toString() returned null. /templates/macros/page/navigation.vm[line 14, column 51]
00:43:37.042 [Test worker] DEBUG org.apache.velocity - Left side ($active_tab) of '==' operation has null value. If it is a reference, it may not be in the context or its toString() returned null. /templates/macros/page/navigation.vm[line 15, column 51]
00:43:37.042 [Test worker] DEBUG org.apache.velocity - Left side ($active_tab) of '==' operation has null value. If it is a reference, it may not be in the context or its toString() returned null. /templates/macros/page/navigation.vm[line 16, column 51]
00:43:37.042 [Test worker] DEBUG org.apache.velocity - Left side ($active_tab) of '==' operation has null value. If it is a reference, it may not be in the context or its toString() returned null. /templates/macros/page/navigation.vm[line 20, column 51]
00:43:37.042 [Test worker] DEBUG org.apache.velocity - VM #includeLead: too few arguments to macro. Wanted 2 got 1
00:43:37.043 [Test worker] DEBUG org.apache.velocity - VM #includeBrief: too few arguments to macro. Wanted 5 got 3
00:43:37.043 [Test worker] DEBUG org.apache.velocity - VM #includeBrief: too few arguments to macro. Wanted 5 got 4
00:43:37.043 [Test worker] DEBUG org.apache.velocity - VM #includeBrief: too few arguments to macro. Wanted 5 got 4
00:43:37.044 [Test worker] DEBUG org.apache.velocity - VM #includeBrief: too few arguments to macro. Wanted 5 got 4
00:43:37.044 [Test worker] DEBUG org.apache.velocity - VM #includeBrief: too few arguments to macro. Wanted 5 got 4
00:43:37.045 [Test worker] DEBUG org.apache.velocity - VM #includeBrief: too few arguments to macro. Wanted 5 got 4
00:43:37.046 [Test worker] DEBUG org.apache.velocity - VM #includeBrief: too few arguments to macro. Wanted 5 got 4
00:43:37.046 [Test worker] DEBUG org.apache.velocity - VM #includeBrief: too few arguments to macro. Wanted 5 got 4
00:43:37.046 [Test worker] DEBUG org.apache.velocity - VM #includeBrief: too few arguments to macro. Wanted 5 got 4
00:43:37.049 [Test worker] DEBUG org.apache.velocity - ResourceManager : found /templates/footer.vm with loader org.apache.velocity.runtime.resource.loader.ClasspathResourceLoader
00:43:37.051 [Test worker] DEBUG org.apache.velocity - CommonsLogLogChute name is 'org.apache.velocity'
00:43:37.051 [Test worker] DEBUG org.apache.velocity - Initializing Velocity, Calling init()...
00:43:37.051 [Test worker] DEBUG org.apache.velocity - Starting Apache Velocity v1.7 (compiled: 2010-11-19 12:14:37)
00:43:37.051 [Test worker] DEBUG org.apache.velocity - Default Properties File: org/apache/velocity/runtime/defaults/velocity.properties
00:43:37.051 [Test worker] DEBUG org.apache.velocity - Trying to use logger class org.apache.velocity.runtime.log.AvalonLogChute
00:43:37.051 [Test worker] DEBUG org.apache.velocity - Target log system for org.apache.velocity.runtime.log.AvalonLogChute is not available (java.lang.NoClassDefFoundError: org/apache/log/format/Formatter).  Falling back to next log system...
00:43:37.051 [Test worker] DEBUG org.apache.velocity - Trying to use logger class org.apache.velocity.runtime.log.Log4JLogChute
00:43:37.051 [Test worker] DEBUG org.apache.velocity - Target log system for org.apache.velocity.runtime.log.Log4JLogChute is not available (java.lang.NoClassDefFoundError: org/apache/log4j/Layout).  Falling back to next log system...
00:43:37.051 [Test worker] DEBUG org.apache.velocity - Trying to use logger class org.apache.velocity.runtime.log.CommonsLogLogChute
00:43:37.051 [Test worker] DEBUG org.apache.velocity - Using logger class org.apache.velocity.runtime.log.CommonsLogLogChute
00:43:37.051 [Test worker] DEBUG org.apache.velocity - ResourceLoader instantiated: org.apache.velocity.runtime.resource.loader.ClasspathResourceLoader
00:43:37.051 [Test worker] DEBUG org.apache.velocity - ResourceCache: initialized (class org.apache.velocity.runtime.resource.ResourceCacheImpl) with class java.util.Collections$SynchronizedMap cache map.
00:43:37.051 [Test worker] DEBUG org.apache.velocity - Loaded System Directive: org.apache.velocity.runtime.directive.Stop
00:43:37.051 [Test worker] DEBUG org.apache.velocity - Loaded System Directive: org.apache.velocity.runtime.directive.Define
00:43:37.051 [Test worker] DEBUG org.apache.velocity - Loaded System Directive: org.apache.velocity.runtime.directive.Break
00:43:37.051 [Test worker] DEBUG org.apache.velocity - Loaded System Directive: org.apache.velocity.runtime.directive.Evaluate
00:43:37.051 [Test worker] DEBUG org.apache.velocity - Loaded System Directive: org.apache.velocity.runtime.directive.Literal
00:43:37.051 [Test worker] DEBUG org.apache.velocity - Loaded System Directive: org.apache.velocity.runtime.directive.Macro
00:43:37.051 [Test worker] DEBUG org.apache.velocity - Loaded System Directive: org.apache.velocity.runtime.directive.Parse
00:43:37.051 [Test worker] DEBUG org.apache.velocity - Loaded System Directive: org.apache.velocity.runtime.directive.Include
00:43:37.051 [Test worker] DEBUG org.apache.velocity - Loaded System Directive: org.apache.velocity.runtime.directive.Foreach
00:43:37.054 [Test worker] DEBUG org.apache.velocity - Created '20' parsers.
00:43:37.054 [Test worker] DEBUG org.apache.velocity - Velocimacro : "velocimacro.library" is not set.  Trying default library: VM_global_library.vm
00:43:37.054 [Test worker] DEBUG org.apache.velocity - Could not load resource 'VM_global_library.vm' from ResourceLoader org.apache.velocity.runtime.resource.loader.ClasspathResourceLoader: ClasspathResourceLoader Error: cannot find resource VM_global_library.vm
00:43:37.054 [Test worker] DEBUG org.apache.velocity - Velocimacro : Default library not found.
00:43:37.054 [Test worker] DEBUG org.apache.velocity - Velocimacro : allowInline = true : VMs can be defined inline in templates
00:43:37.054 [Test worker] DEBUG org.apache.velocity - Velocimacro : allowInlineToOverride = false : VMs defined inline may NOT replace previous VM definitions
00:43:37.055 [Test worker] DEBUG org.apache.velocity - Velocimacro : allowInlineLocal = false : VMs defined inline will be global in scope if allowed.
00:43:37.055 [Test worker] DEBUG org.apache.velocity - Velocimacro : autoload off : VM system will not automatically reload global library macros
00:43:37.056 [Test worker] DEBUG org.apache.velocity - ResourceManager : found templates/generators/reportFeature.vm with loader org.apache.velocity.runtime.resource.loader.ClasspathResourceLoader
00:43:37.057 [Test worker] DEBUG org.apache.velocity - ResourceManager : found /templates/headers.vm with loader org.apache.velocity.runtime.resource.loader.ClasspathResourceLoader
00:43:37.057 [Test worker] DEBUG org.apache.velocity - ResourceManager : found /templates/head.vm with loader org.apache.velocity.runtime.resource.loader.ClasspathResourceLoader
00:43:37.058 [Test worker] DEBUG org.apache.velocity - Velocimacro : added VM stringArray: source=/templates/macros/array.js.vm
00:43:37.058 [Test worker] DEBUG org.apache.velocity - Velocimacro : added VM numberArray: source=/templates/macros/array.js.vm
00:43:37.058 [Test worker] DEBUG org.apache.velocity - ResourceManager : found /templates/macros/array.js.vm with loader org.apache.velocity.runtime.resource.loader.ClasspathResourceLoader
00:43:37.058 [Test worker] DEBUG org.apache.velocity - Velocimacro : added VM includeBuildInfo: source=/templates/macros/page/buildinfo.vm
00:43:37.058 [Test worker] DEBUG org.apache.velocity - ResourceManager : found /templates/macros/page/buildinfo.vm with loader org.apache.velocity.runtime.resource.loader.ClasspathResourceLoader
00:43:37.059 [Test worker] DEBUG org.apache.velocity - Velocimacro : added VM includeClassifications: source=/templates/macros/page/classifications.vm
00:43:37.059 [Test worker] DEBUG org.apache.velocity - ResourceManager : found /templates/macros/page/classifications.vm with loader org.apache.velocity.runtime.resource.loader.ClasspathResourceLoader
00:43:37.059 [Test worker] DEBUG org.apache.velocity - Velocimacro : added VM includeLead: source=/templates/macros/page/lead.vm
00:43:37.059 [Test worker] DEBUG org.apache.velocity - ResourceManager : found /templates/macros/page/lead.vm with loader org.apache.velocity.runtime.resource.loader.ClasspathResourceLoader
00:43:37.060 [Test worker] DEBUG org.apache.velocity - Velocimacro : added VM includeNavigation: source=/templates/macros/page/navigation.vm
00:43:37.060 [Test worker] DEBUG org.apache.velocity - ResourceManager : found /templates/macros/page/navigation.vm with loader org.apache.velocity.runtime.resource.loader.ClasspathResourceLoader
00:43:37.061 [Test worker] DEBUG org.apache.velocity - Velocimacro : added VM includeReportInfo: source=/templates/macros/page/reportInfo.vm
00:43:37.061 [Test worker] DEBUG org.apache.velocity - ResourceManager : found /templates/macros/page/reportInfo.vm with loader org.apache.velocity.runtime.resource.loader.ClasspathResourceLoader
00:43:37.061 [Test worker] DEBUG org.apache.velocity - Velocimacro : added VM includeTitle: source=/templates/macros/page/title.vm
00:43:37.061 [Test worker] DEBUG org.apache.velocity - ResourceManager : found /templates/macros/page/title.vm with loader org.apache.velocity.runtime.resource.loader.ClasspathResourceLoader
00:43:37.061 [Test worker] DEBUG org.apache.velocity - Velocimacro : added VM includeExpandingButtons: source=/templates/macros/report/expandAllButtons.vm
00:43:37.061 [Test worker] DEBUG org.apache.velocity - ResourceManager : found /templates/macros/report/expandAllButtons.vm with loader org.apache.velocity.runtime.resource.loader.ClasspathResourceLoader
00:43:37.062 [Test worker] DEBUG org.apache.velocity - Velocimacro : added VM includeReportTable: source=/templates/macros/report/reportTable.vm
00:43:37.062 [Test worker] DEBUG org.apache.velocity - ResourceManager : found /templates/macros/report/reportTable.vm with loader org.apache.velocity.runtime.resource.loader.ClasspathResourceLoader
00:43:37.062 [Test worker] DEBUG org.apache.velocity - Velocimacro : added VM includeReportHeader: source=/templates/macros/report/reportHeader.vm
00:43:37.062 [Test worker] DEBUG org.apache.velocity - ResourceManager : found /templates/macros/report/reportHeader.vm with loader org.apache.velocity.runtime.resource.loader.ClasspathResourceLoader
00:43:37.063 [Test worker] DEBUG org.apache.velocity - Velocimacro : added VM includeStatsTable: source=/templates/macros/report/statsTable.vm
00:43:37.063 [Test worker] DEBUG org.apache.velocity - ResourceManager : found /templates/macros/report/statsTable.vm with loader org.apache.velocity.runtime.resource.loader.ClasspathResourceLoader
00:43:37.064 [Test worker] DEBUG org.apache.velocity - Velocimacro : added VM includeBrief: source=/templates/macros/json/brief.vm
00:43:37.064 [Test worker] DEBUG org.apache.velocity - ResourceManager : found /templates/macros/json/brief.vm with loader org.apache.velocity.runtime.resource.loader.ClasspathResourceLoader
00:43:37.065 [Test worker] DEBUG org.apache.velocity - Velocimacro : added VM includeDocString: source=/templates/macros/json/docstring.vm
00:43:37.065 [Test worker] DEBUG org.apache.velocity - ResourceManager : found /templates/macros/json/docstring.vm with loader org.apache.velocity.runtime.resource.loader.ClasspathResourceLoader
00:43:37.065 [Test worker] DEBUG org.apache.velocity - Velocimacro : added VM includeDuration: source=/templates/macros/json/duration.vm
00:43:37.065 [Test worker] DEBUG org.apache.velocity - ResourceManager : found /templates/macros/json/duration.vm with loader org.apache.velocity.runtime.resource.loader.ClasspathResourceLoader
00:43:37.065 [Test worker] DEBUG org.apache.velocity - Velocimacro : added VM includeElement: source=/templates/macros/json/element.vm
00:43:37.065 [Test worker] DEBUG org.apache.velocity - ResourceManager : found /templates/macros/json/element.vm with loader org.apache.velocity.runtime.resource.loader.ClasspathResourceLoader
00:43:37.067 [Test worker] DEBUG org.apache.velocity - Velocimacro : added VM includeEmbeddings: source=/templates/macros/json/embeddings.vm
00:43:37.068 [Test worker] DEBUG org.apache.velocity - Velocimacro : added VM includeHtmlEmbedding: source=/templates/macros/json/embeddings.vm
00:43:37.068 [Test worker] DEBUG org.apache.velocity - Velocimacro : added VM includeVideoEmbedding: source=/templates/macros/json/embeddings.vm
00:43:37.068 [Test worker] DEBUG org.apache.velocity - Velocimacro : added VM includeImageEmbedding: source=/templates/macros/json/embeddings.vm
00:43:37.068 [Test worker] DEBUG org.apache.velocity - Velocimacro : added VM includeImageReferenceEmbedding: source=/templates/macros/json/embeddings.vm
00:43:37.068 [Test worker] DEBUG org.apache.velocity - Velocimacro : added VM includeTextEmbedding: source=/templates/macros/json/embeddings.vm
00:43:37.068 [Test worker] DEBUG org.apache.velocity - Velocimacro : added VM includeUnknownEmbedding: source=/templates/macros/json/embeddings.vm
00:43:37.068 [Test worker] DEBUG org.apache.velocity - ResourceManager : found /templates/macros/json/embeddings.vm with loader org.apache.velocity.runtime.resource.loader.ClasspathResourceLoader
00:43:37.069 [Test worker] DEBUG org.apache.velocity - Velocimacro : added VM includeHooks: source=/templates/macros/json/hooks.vm
00:43:37.069 [Test worker] DEBUG org.apache.velocity - ResourceManager : found /templates/macros/json/hooks.vm with loader org.apache.velocity.runtime.resource.loader.ClasspathResourceLoader
00:43:37.070 [Test worker] DEBUG org.apache.velocity - Velocimacro : added VM includeOutput: source=/templates/macros/json/output.vm
00:43:37.070 [Test worker] DEBUG org.apache.velocity - ResourceManager : found /templates/macros/json/output.vm with loader org.apache.velocity.runtime.resource.loader.ClasspathResourceLoader
00:43:37.070 [Test worker] DEBUG org.apache.velocity - Velocimacro : added VM includeMessage: source=/templates/macros/json/message.vm
00:43:37.070 [Test worker] DEBUG org.apache.velocity - ResourceManager : found /templates/macros/json/message.vm with loader org.apache.velocity.runtime.resource.loader.ClasspathResourceLoader
00:43:37.071 [Test worker] DEBUG org.apache.velocity - Velocimacro : added VM includeSteps: source=/templates/macros/json/steps.vm
00:43:37.071 [Test worker] DEBUG org.apache.velocity - ResourceManager : found /templates/macros/json/steps.vm with loader org.apache.velocity.runtime.resource.loader.ClasspathResourceLoader
00:43:37.071 [Test worker] DEBUG org.apache.velocity - Velocimacro : added VM includeStepName: source=/templates/macros/json/stepName.vm
00:43:37.071 [Test worker] DEBUG org.apache.velocity - ResourceManager : found /templates/macros/json/stepName.vm with loader org.apache.velocity.runtime.resource.loader.ClasspathResourceLoader
00:43:37.072 [Test worker] DEBUG org.apache.velocity - Velocimacro : added VM includeTags: source=/templates/macros/json/tags.vm
00:43:37.072 [Test worker] DEBUG org.apache.velocity - ResourceManager : found /templates/macros/json/tags.vm with loader org.apache.velocity.runtime.resource.loader.ClasspathResourceLoader
00:43:37.072 [Test worker] DEBUG org.apache.velocity - VM #includeNavigation: too few arguments to macro. Wanted 1 got 0
00:43:37.072 [Test worker] DEBUG org.apache.velocity - Left side ($active_tab) of '==' operation has null value. If it is a reference, it may not be in the context or its toString() returned null. /templates/macros/page/navigation.vm[line 14, column 51]
00:43:37.072 [Test worker] DEBUG org.apache.velocity - Left side ($active_tab) of '==' operation has null value. If it is a reference, it may not be in the context or its toString() returned null. /templates/macros/page/navigation.vm[line 15, column 51]
00:43:37.072 [Test worker] DEBUG org.apache.velocity - Left side ($active_tab) of '==' operation has null value. If it is a reference, it may not be in the context or its toString() returned null. /templates/macros/page/navigation.vm[line 16, column 51]
00:43:37.072 [Test worker] DEBUG org.apache.velocity - Left side ($active_tab) of '==' operation has null value. If it is a reference, it may not be in the context or its toString() returned null. /templates/macros/page/navigation.vm[line 20, column 51]
00:43:37.072 [Test worker] DEBUG org.apache.velocity - VM #includeLead: too few arguments to macro. Wanted 2 got 1
00:43:37.074 [Test worker] DEBUG org.apache.velocity - VM #includeBrief: too few arguments to macro. Wanted 5 got 3
00:43:37.075 [Test worker] DEBUG org.apache.velocity - VM #includeBrief: too few arguments to macro. Wanted 5 got 4
00:43:37.075 [Test worker] DEBUG org.apache.velocity - VM #includeBrief: too few arguments to macro. Wanted 5 got 4
00:43:37.075 [Test worker] DEBUG org.apache.velocity - VM #includeBrief: too few arguments to macro. Wanted 5 got 4
00:43:37.075 [Test worker] DEBUG org.apache.velocity - VM #includeBrief: too few arguments to macro. Wanted 5 got 4
00:43:37.076 [Test worker] DEBUG org.apache.velocity - ResourceManager : found /templates/footer.vm with loader org.apache.velocity.runtime.resource.loader.ClasspathResourceLoader
00:43:37.078 [Test worker] DEBUG org.apache.velocity - CommonsLogLogChute name is 'org.apache.velocity'
00:43:37.078 [Test worker] DEBUG org.apache.velocity - Initializing Velocity, Calling init()...
00:43:37.078 [Test worker] DEBUG org.apache.velocity - Starting Apache Velocity v1.7 (compiled: 2010-11-19 12:14:37)
00:43:37.078 [Test worker] DEBUG org.apache.velocity - Default Properties File: org/apache/velocity/runtime/defaults/velocity.properties
00:43:37.078 [Test worker] DEBUG org.apache.velocity - Trying to use logger class org.apache.velocity.runtime.log.AvalonLogChute
00:43:37.078 [Test worker] DEBUG org.apache.velocity - Target log system for org.apache.velocity.runtime.log.AvalonLogChute is not available (java.lang.NoClassDefFoundError: org/apache/log/format/Formatter).  Falling back to next log system...
00:43:37.078 [Test worker] DEBUG org.apache.velocity - Trying to use logger class org.apache.velocity.runtime.log.Log4JLogChute
00:43:37.078 [Test worker] DEBUG org.apache.velocity - Target log system for org.apache.velocity.runtime.log.Log4JLogChute is not available (java.lang.NoClassDefFoundError: org/apache/log4j/Layout).  Falling back to next log system...
00:43:37.078 [Test worker] DEBUG org.apache.velocity - Trying to use logger class org.apache.velocity.runtime.log.CommonsLogLogChute
00:43:37.078 [Test worker] DEBUG org.apache.velocity - Using logger class org.apache.velocity.runtime.log.CommonsLogLogChute
00:43:37.078 [Test worker] DEBUG org.apache.velocity - ResourceLoader instantiated: org.apache.velocity.runtime.resource.loader.ClasspathResourceLoader
00:43:37.078 [Test worker] DEBUG org.apache.velocity - ResourceCache: initialized (class org.apache.velocity.runtime.resource.ResourceCacheImpl) with class java.util.Collections$SynchronizedMap cache map.
00:43:37.078 [Test worker] DEBUG org.apache.velocity - Loaded System Directive: org.apache.velocity.runtime.directive.Stop
00:43:37.078 [Test worker] DEBUG org.apache.velocity - Loaded System Directive: org.apache.velocity.runtime.directive.Define
00:43:37.078 [Test worker] DEBUG org.apache.velocity - Loaded System Directive: org.apache.velocity.runtime.directive.Break
00:43:37.078 [Test worker] DEBUG org.apache.velocity - Loaded System Directive: org.apache.velocity.runtime.directive.Evaluate
00:43:37.078 [Test worker] DEBUG org.apache.velocity - Loaded System Directive: org.apache.velocity.runtime.directive.Literal
00:43:37.078 [Test worker] DEBUG org.apache.velocity - Loaded System Directive: org.apache.velocity.runtime.directive.Macro
00:43:37.078 [Test worker] DEBUG org.apache.velocity - Loaded System Directive: org.apache.velocity.runtime.directive.Parse
00:43:37.078 [Test worker] DEBUG org.apache.velocity - Loaded System Directive: org.apache.velocity.runtime.directive.Include
00:43:37.078 [Test worker] DEBUG org.apache.velocity - Loaded System Directive: org.apache.velocity.runtime.directive.Foreach
00:43:37.079 [Test worker] DEBUG org.apache.velocity - Created '20' parsers.
00:43:37.079 [Test worker] DEBUG org.apache.velocity - Velocimacro : "velocimacro.library" is not set.  Trying default library: VM_global_library.vm
00:43:37.079 [Test worker] DEBUG org.apache.velocity - Could not load resource 'VM_global_library.vm' from ResourceLoader org.apache.velocity.runtime.resource.loader.ClasspathResourceLoader: ClasspathResourceLoader Error: cannot find resource VM_global_library.vm
00:43:37.079 [Test worker] DEBUG org.apache.velocity - Velocimacro : Default library not found.
00:43:37.080 [Test worker] DEBUG org.apache.velocity - Velocimacro : allowInline = true : VMs can be defined inline in templates
00:43:37.080 [Test worker] DEBUG org.apache.velocity - Velocimacro : allowInlineToOverride = false : VMs defined inline may NOT replace previous VM definitions
00:43:37.080 [Test worker] DEBUG org.apache.velocity - Velocimacro : allowInlineLocal = false : VMs defined inline will be global in scope if allowed.
00:43:37.080 [Test worker] DEBUG org.apache.velocity - Velocimacro : autoload off : VM system will not automatically reload global library macros
00:43:37.080 [Test worker] DEBUG org.apache.velocity - ResourceManager : found templates/generators/overviewTags.vm with loader org.apache.velocity.runtime.resource.loader.ClasspathResourceLoader
00:43:37.081 [Test worker] DEBUG org.apache.velocity - ResourceManager : found /templates/headers.vm with loader org.apache.velocity.runtime.resource.loader.ClasspathResourceLoader
00:43:37.082 [Test worker] DEBUG org.apache.velocity - ResourceManager : found /templates/head.vm with loader org.apache.velocity.runtime.resource.loader.ClasspathResourceLoader
00:43:37.082 [Test worker] DEBUG org.apache.velocity - Velocimacro : added VM stringArray: source=/templates/macros/array.js.vm
00:43:37.082 [Test worker] DEBUG org.apache.velocity - Velocimacro : added VM numberArray: source=/templates/macros/array.js.vm
00:43:37.082 [Test worker] DEBUG org.apache.velocity - ResourceManager : found /templates/macros/array.js.vm with loader org.apache.velocity.runtime.resource.loader.ClasspathResourceLoader
00:43:37.082 [Test worker] DEBUG org.apache.velocity - Velocimacro : added VM includeBuildInfo: source=/templates/macros/page/buildinfo.vm
00:43:37.082 [Test worker] DEBUG org.apache.velocity - ResourceManager : found /templates/macros/page/buildinfo.vm with loader org.apache.velocity.runtime.resource.loader.ClasspathResourceLoader
00:43:37.082 [Test worker] DEBUG org.apache.velocity - Velocimacro : added VM includeClassifications: source=/templates/macros/page/classifications.vm
00:43:37.082 [Test worker] DEBUG org.apache.velocity - ResourceManager : found /templates/macros/page/classifications.vm with loader org.apache.velocity.runtime.resource.loader.ClasspathResourceLoader
00:43:37.083 [Test worker] DEBUG org.apache.velocity - Velocimacro : added VM includeLead: source=/templates/macros/page/lead.vm
00:43:37.083 [Test worker] DEBUG org.apache.velocity - ResourceManager : found /templates/macros/page/lead.vm with loader org.apache.velocity.runtime.resource.loader.ClasspathResourceLoader
00:43:37.083 [Test worker] DEBUG org.apache.velocity - Velocimacro : added VM includeNavigation: source=/templates/macros/page/navigation.vm
00:43:37.083 [Test worker] DEBUG org.apache.velocity - ResourceManager : found /templates/macros/page/navigation.vm with loader org.apache.velocity.runtime.resource.loader.ClasspathResourceLoader
00:43:37.083 [Test worker] DEBUG org.apache.velocity - Velocimacro : added VM includeReportInfo: source=/templates/macros/page/reportInfo.vm
00:43:37.083 [Test worker] DEBUG org.apache.velocity - ResourceManager : found /templates/macros/page/reportInfo.vm with loader org.apache.velocity.runtime.resource.loader.ClasspathResourceLoader
00:43:37.084 [Test worker] DEBUG org.apache.velocity - Velocimacro : added VM includeTitle: source=/templates/macros/page/title.vm
00:43:37.084 [Test worker] DEBUG org.apache.velocity - ResourceManager : found /templates/macros/page/title.vm with loader org.apache.velocity.runtime.resource.loader.ClasspathResourceLoader
00:43:37.084 [Test worker] DEBUG org.apache.velocity - Velocimacro : added VM includeExpandingButtons: source=/templates/macros/report/expandAllButtons.vm
00:43:37.084 [Test worker] DEBUG org.apache.velocity - ResourceManager : found /templates/macros/report/expandAllButtons.vm with loader org.apache.velocity.runtime.resource.loader.ClasspathResourceLoader
00:43:37.084 [Test worker] DEBUG org.apache.velocity - Velocimacro : added VM includeReportTable: source=/templates/macros/report/reportTable.vm
00:43:37.084 [Test worker] DEBUG org.apache.velocity - ResourceManager : found /templates/macros/report/reportTable.vm with loader org.apache.velocity.runtime.resource.loader.ClasspathResourceLoader
00:43:37.085 [Test worker] DEBUG org.apache.velocity - Velocimacro : added VM includeReportHeader: source=/templates/macros/report/reportHeader.vm
00:43:37.085 [Test worker] DEBUG org.apache.velocity - ResourceManager : found /templates/macros/report/reportHeader.vm with loader org.apache.velocity.runtime.resource.loader.ClasspathResourceLoader
00:43:37.086 [Test worker] DEBUG org.apache.velocity - Velocimacro : added VM includeStatsTable: source=/templates/macros/report/statsTable.vm
00:43:37.086 [Test worker] DEBUG org.apache.velocity - ResourceManager : found /templates/macros/report/statsTable.vm with loader org.apache.velocity.runtime.resource.loader.ClasspathResourceLoader
00:43:37.086 [Test worker] DEBUG org.apache.velocity - Velocimacro : added VM includeBrief: source=/templates/macros/json/brief.vm
00:43:37.086 [Test worker] DEBUG org.apache.velocity - ResourceManager : found /templates/macros/json/brief.vm with loader org.apache.velocity.runtime.resource.loader.ClasspathResourceLoader
00:43:37.086 [Test worker] DEBUG org.apache.velocity - Velocimacro : added VM includeDocString: source=/templates/macros/json/docstring.vm
00:43:37.086 [Test worker] DEBUG org.apache.velocity - ResourceManager : found /templates/macros/json/docstring.vm with loader org.apache.velocity.runtime.resource.loader.ClasspathResourceLoader
00:43:37.087 [Test worker] DEBUG org.apache.velocity - Velocimacro : added VM includeDuration: source=/templates/macros/json/duration.vm
00:43:37.087 [Test worker] DEBUG org.apache.velocity - ResourceManager : found /templates/macros/json/duration.vm with loader org.apache.velocity.runtime.resource.loader.ClasspathResourceLoader
00:43:37.087 [Test worker] DEBUG org.apache.velocity - Velocimacro : added VM includeElement: source=/templates/macros/json/element.vm
00:43:37.087 [Test worker] DEBUG org.apache.velocity - ResourceManager : found /templates/macros/json/element.vm with loader org.apache.velocity.runtime.resource.loader.ClasspathResourceLoader
00:43:37.089 [Test worker] DEBUG org.apache.velocity - Velocimacro : added VM includeEmbeddings: source=/templates/macros/json/embeddings.vm
00:43:37.089 [Test worker] DEBUG org.apache.velocity - Velocimacro : added VM includeHtmlEmbedding: source=/templates/macros/json/embeddings.vm
00:43:37.089 [Test worker] DEBUG org.apache.velocity - Velocimacro : added VM includeVideoEmbedding: source=/templates/macros/json/embeddings.vm
00:43:37.089 [Test worker] DEBUG org.apache.velocity - Velocimacro : added VM includeImageEmbedding: source=/templates/macros/json/embeddings.vm
00:43:37.089 [Test worker] DEBUG org.apache.velocity - Velocimacro : added VM includeImageReferenceEmbedding: source=/templates/macros/json/embeddings.vm
00:43:37.089 [Test worker] DEBUG org.apache.velocity - Velocimacro : added VM includeTextEmbedding: source=/templates/macros/json/embeddings.vm
00:43:37.089 [Test worker] DEBUG org.apache.velocity - Velocimacro : added VM includeUnknownEmbedding: source=/templates/macros/json/embeddings.vm
00:43:37.090 [Test worker] DEBUG org.apache.velocity - ResourceManager : found /templates/macros/json/embeddings.vm with loader org.apache.velocity.runtime.resource.loader.ClasspathResourceLoader
00:43:37.090 [Test worker] DEBUG org.apache.velocity - Velocimacro : added VM includeHooks: source=/templates/macros/json/hooks.vm
00:43:37.090 [Test worker] DEBUG org.apache.velocity - ResourceManager : found /templates/macros/json/hooks.vm with loader org.apache.velocity.runtime.resource.loader.ClasspathResourceLoader
00:43:37.091 [Test worker] DEBUG org.apache.velocity - Velocimacro : added VM includeOutput: source=/templates/macros/json/output.vm
00:43:37.091 [Test worker] DEBUG org.apache.velocity - ResourceManager : found /templates/macros/json/output.vm with loader org.apache.velocity.runtime.resource.loader.ClasspathResourceLoader
00:43:37.091 [Test worker] DEBUG org.apache.velocity - Velocimacro : added VM includeMessage: source=/templates/macros/json/message.vm
00:43:37.091 [Test worker] DEBUG org.apache.velocity - ResourceManager : found /templates/macros/json/message.vm with loader org.apache.velocity.runtime.resource.loader.ClasspathResourceLoader
00:43:37.092 [Test worker] DEBUG org.apache.velocity - Velocimacro : added VM includeSteps: source=/templates/macros/json/steps.vm
00:43:37.092 [Test worker] DEBUG org.apache.velocity - ResourceManager : found /templates/macros/json/steps.vm with loader org.apache.velocity.runtime.resource.loader.ClasspathResourceLoader
00:43:37.092 [Test worker] DEBUG org.apache.velocity - Velocimacro : added VM includeStepName: source=/templates/macros/json/stepName.vm
00:43:37.092 [Test worker] DEBUG org.apache.velocity - ResourceManager : found /templates/macros/json/stepName.vm with loader org.apache.velocity.runtime.resource.loader.ClasspathResourceLoader
00:43:37.092 [Test worker] DEBUG org.apache.velocity - Velocimacro : added VM includeTags: source=/templates/macros/json/tags.vm
00:43:37.092 [Test worker] DEBUG org.apache.velocity - ResourceManager : found /templates/macros/json/tags.vm with loader org.apache.velocity.runtime.resource.loader.ClasspathResourceLoader
00:43:37.093 [Test worker] DEBUG org.apache.velocity - ResourceManager : found /templates/js/tags-chart.js.vm with loader org.apache.velocity.runtime.resource.loader.ClasspathResourceLoader
00:43:37.095 [Test worker] DEBUG org.apache.velocity - ResourceManager : found /templates/footer.vm with loader org.apache.velocity.runtime.resource.loader.ClasspathResourceLoader
00:43:37.096 [Test worker] DEBUG org.apache.velocity - CommonsLogLogChute name is 'org.apache.velocity'
00:43:37.096 [Test worker] DEBUG org.apache.velocity - Initializing Velocity, Calling init()...
00:43:37.096 [Test worker] DEBUG org.apache.velocity - Starting Apache Velocity v1.7 (compiled: 2010-11-19 12:14:37)
00:43:37.096 [Test worker] DEBUG org.apache.velocity - Default Properties File: org/apache/velocity/runtime/defaults/velocity.properties
00:43:37.096 [Test worker] DEBUG org.apache.velocity - Trying to use logger class org.apache.velocity.runtime.log.AvalonLogChute
00:43:37.096 [Test worker] DEBUG org.apache.velocity - Target log system for org.apache.velocity.runtime.log.AvalonLogChute is not available (java.lang.NoClassDefFoundError: org/apache/log/format/Formatter).  Falling back to next log system...
00:43:37.096 [Test worker] DEBUG org.apache.velocity - Trying to use logger class org.apache.velocity.runtime.log.Log4JLogChute
00:43:37.096 [Test worker] DEBUG org.apache.velocity - Target log system for org.apache.velocity.runtime.log.Log4JLogChute is not available (java.lang.NoClassDefFoundError: org/apache/log4j/Layout).  Falling back to next log system...
00:43:37.096 [Test worker] DEBUG org.apache.velocity - Trying to use logger class org.apache.velocity.runtime.log.CommonsLogLogChute
00:43:37.096 [Test worker] DEBUG org.apache.velocity - Using logger class org.apache.velocity.runtime.log.CommonsLogLogChute
00:43:37.096 [Test worker] DEBUG org.apache.velocity - ResourceLoader instantiated: org.apache.velocity.runtime.resource.loader.ClasspathResourceLoader
00:43:37.096 [Test worker] DEBUG org.apache.velocity - ResourceCache: initialized (class org.apache.velocity.runtime.resource.ResourceCacheImpl) with class java.util.Collections$SynchronizedMap cache map.
00:43:37.097 [Test worker] DEBUG org.apache.velocity - Loaded System Directive: org.apache.velocity.runtime.directive.Stop
00:43:37.097 [Test worker] DEBUG org.apache.velocity - Loaded System Directive: org.apache.velocity.runtime.directive.Define
00:43:37.097 [Test worker] DEBUG org.apache.velocity - Loaded System Directive: org.apache.velocity.runtime.directive.Break
00:43:37.097 [Test worker] DEBUG org.apache.velocity - Loaded System Directive: org.apache.velocity.runtime.directive.Evaluate
00:43:37.097 [Test worker] DEBUG org.apache.velocity - Loaded System Directive: org.apache.velocity.runtime.directive.Literal
00:43:37.097 [Test worker] DEBUG org.apache.velocity - Loaded System Directive: org.apache.velocity.runtime.directive.Macro
00:43:37.097 [Test worker] DEBUG org.apache.velocity - Loaded System Directive: org.apache.velocity.runtime.directive.Parse
00:43:37.097 [Test worker] DEBUG org.apache.velocity - Loaded System Directive: org.apache.velocity.runtime.directive.Include
00:43:37.097 [Test worker] DEBUG org.apache.velocity - Loaded System Directive: org.apache.velocity.runtime.directive.Foreach
00:43:37.097 [Test worker] DEBUG org.apache.velocity - Created '20' parsers.
00:43:37.097 [Test worker] DEBUG org.apache.velocity - Velocimacro : "velocimacro.library" is not set.  Trying default library: VM_global_library.vm
00:43:37.097 [Test worker] DEBUG org.apache.velocity - Could not load resource 'VM_global_library.vm' from ResourceLoader org.apache.velocity.runtime.resource.loader.ClasspathResourceLoader: ClasspathResourceLoader Error: cannot find resource VM_global_library.vm
00:43:37.097 [Test worker] DEBUG org.apache.velocity - Velocimacro : Default library not found.
00:43:37.097 [Test worker] DEBUG org.apache.velocity - Velocimacro : allowInline = true : VMs can be defined inline in templates
00:43:37.097 [Test worker] DEBUG org.apache.velocity - Velocimacro : allowInlineToOverride = false : VMs defined inline may NOT replace previous VM definitions
00:43:37.097 [Test worker] DEBUG org.apache.velocity - Velocimacro : allowInlineLocal = false : VMs defined inline will be global in scope if allowed.
00:43:37.097 [Test worker] DEBUG org.apache.velocity - Velocimacro : autoload off : VM system will not automatically reload global library macros
00:43:37.098 [Test worker] DEBUG org.apache.velocity - ResourceManager : found templates/generators/reportTag.vm with loader org.apache.velocity.runtime.resource.loader.ClasspathResourceLoader
00:43:37.099 [Test worker] DEBUG org.apache.velocity - ResourceManager : found /templates/headers.vm with loader org.apache.velocity.runtime.resource.loader.ClasspathResourceLoader
00:43:37.099 [Test worker] DEBUG org.apache.velocity - ResourceManager : found /templates/head.vm with loader org.apache.velocity.runtime.resource.loader.ClasspathResourceLoader
00:43:37.099 [Test worker] DEBUG org.apache.velocity - Velocimacro : added VM stringArray: source=/templates/macros/array.js.vm
00:43:37.099 [Test worker] DEBUG org.apache.velocity - Velocimacro : added VM numberArray: source=/templates/macros/array.js.vm
00:43:37.099 [Test worker] DEBUG org.apache.velocity - ResourceManager : found /templates/macros/array.js.vm with loader org.apache.velocity.runtime.resource.loader.ClasspathResourceLoader
00:43:37.099 [Test worker] DEBUG org.apache.velocity - Velocimacro : added VM includeBuildInfo: source=/templates/macros/page/buildinfo.vm
00:43:37.099 [Test worker] DEBUG org.apache.velocity - ResourceManager : found /templates/macros/page/buildinfo.vm with loader org.apache.velocity.runtime.resource.loader.ClasspathResourceLoader
00:43:37.100 [Test worker] DEBUG org.apache.velocity - Velocimacro : added VM includeClassifications: source=/templates/macros/page/classifications.vm
00:43:37.100 [Test worker] DEBUG org.apache.velocity - ResourceManager : found /templates/macros/page/classifications.vm with loader org.apache.velocity.runtime.resource.loader.ClasspathResourceLoader
00:43:37.100 [Test worker] DEBUG org.apache.velocity - Velocimacro : added VM includeLead: source=/templates/macros/page/lead.vm
00:43:37.100 [Test worker] DEBUG org.apache.velocity - ResourceManager : found /templates/macros/page/lead.vm with loader org.apache.velocity.runtime.resource.loader.ClasspathResourceLoader
00:43:37.100 [Test worker] DEBUG org.apache.velocity - Velocimacro : added VM includeNavigation: source=/templates/macros/page/navigation.vm
00:43:37.100 [Test worker] DEBUG org.apache.velocity - ResourceManager : found /templates/macros/page/navigation.vm with loader org.apache.velocity.runtime.resource.loader.ClasspathResourceLoader
00:43:37.100 [Test worker] DEBUG org.apache.velocity - Velocimacro : added VM includeReportInfo: source=/templates/macros/page/reportInfo.vm
00:43:37.100 [Test worker] DEBUG org.apache.velocity - ResourceManager : found /templates/macros/page/reportInfo.vm with loader org.apache.velocity.runtime.resource.loader.ClasspathResourceLoader
00:43:37.101 [Test worker] DEBUG org.apache.velocity - Velocimacro : added VM includeTitle: source=/templates/macros/page/title.vm
00:43:37.101 [Test worker] DEBUG org.apache.velocity - ResourceManager : found /templates/macros/page/title.vm with loader org.apache.velocity.runtime.resource.loader.ClasspathResourceLoader
00:43:37.101 [Test worker] DEBUG org.apache.velocity - Velocimacro : added VM includeExpandingButtons: source=/templates/macros/report/expandAllButtons.vm
00:43:37.101 [Test worker] DEBUG org.apache.velocity - ResourceManager : found /templates/macros/report/expandAllButtons.vm with loader org.apache.velocity.runtime.resource.loader.ClasspathResourceLoader
00:43:37.102 [Test worker] DEBUG org.apache.velocity - Velocimacro : added VM includeReportTable: source=/templates/macros/report/reportTable.vm
00:43:37.102 [Test worker] DEBUG org.apache.velocity - ResourceManager : found /templates/macros/report/reportTable.vm with loader org.apache.velocity.runtime.resource.loader.ClasspathResourceLoader
00:43:37.102 [Test worker] DEBUG org.apache.velocity - Velocimacro : added VM includeReportHeader: source=/templates/macros/report/reportHeader.vm
00:43:37.102 [Test worker] DEBUG org.apache.velocity - ResourceManager : found /templates/macros/report/reportHeader.vm with loader org.apache.velocity.runtime.resource.loader.ClasspathResourceLoader
00:43:37.103 [Test worker] DEBUG org.apache.velocity - Velocimacro : added VM includeStatsTable: source=/templates/macros/report/statsTable.vm
00:43:37.103 [Test worker] DEBUG org.apache.velocity - ResourceManager : found /templates/macros/report/statsTable.vm with loader org.apache.velocity.runtime.resource.loader.ClasspathResourceLoader
00:43:37.103 [Test worker] DEBUG org.apache.velocity - Velocimacro : added VM includeBrief: source=/templates/macros/json/brief.vm
00:43:37.103 [Test worker] DEBUG org.apache.velocity - ResourceManager : found /templates/macros/json/brief.vm with loader org.apache.velocity.runtime.resource.loader.ClasspathResourceLoader
00:43:37.104 [Test worker] DEBUG org.apache.velocity - Velocimacro : added VM includeDocString: source=/templates/macros/json/docstring.vm
00:43:37.104 [Test worker] DEBUG org.apache.velocity - ResourceManager : found /templates/macros/json/docstring.vm with loader org.apache.velocity.runtime.resource.loader.ClasspathResourceLoader
00:43:37.104 [Test worker] DEBUG org.apache.velocity - Velocimacro : added VM includeDuration: source=/templates/macros/json/duration.vm
00:43:37.104 [Test worker] DEBUG org.apache.velocity - ResourceManager : found /templates/macros/json/duration.vm with loader org.apache.velocity.runtime.resource.loader.ClasspathResourceLoader
00:43:37.104 [Test worker] DEBUG org.apache.velocity - Velocimacro : added VM includeElement: source=/templates/macros/json/element.vm
00:43:37.104 [Test worker] DEBUG org.apache.velocity - ResourceManager : found /templates/macros/json/element.vm with loader org.apache.velocity.runtime.resource.loader.ClasspathResourceLoader
00:43:37.106 [Test worker] DEBUG org.apache.velocity - Velocimacro : added VM includeEmbeddings: source=/templates/macros/json/embeddings.vm
00:43:37.106 [Test worker] DEBUG org.apache.velocity - Velocimacro : added VM includeHtmlEmbedding: source=/templates/macros/json/embeddings.vm
00:43:37.106 [Test worker] DEBUG org.apache.velocity - Velocimacro : added VM includeVideoEmbedding: source=/templates/macros/json/embeddings.vm
00:43:37.106 [Test worker] DEBUG org.apache.velocity - Velocimacro : added VM includeImageEmbedding: source=/templates/macros/json/embeddings.vm
00:43:37.106 [Test worker] DEBUG org.apache.velocity - Velocimacro : added VM includeImageReferenceEmbedding: source=/templates/macros/json/embeddings.vm
00:43:37.106 [Test worker] DEBUG org.apache.velocity - Velocimacro : added VM includeTextEmbedding: source=/templates/macros/json/embeddings.vm
00:43:37.106 [Test worker] DEBUG org.apache.velocity - Velocimacro : added VM includeUnknownEmbedding: source=/templates/macros/json/embeddings.vm
00:43:37.106 [Test worker] DEBUG org.apache.velocity - ResourceManager : found /templates/macros/json/embeddings.vm with loader org.apache.velocity.runtime.resource.loader.ClasspathResourceLoader
00:43:37.107 [Test worker] DEBUG org.apache.velocity - Velocimacro : added VM includeHooks: source=/templates/macros/json/hooks.vm
00:43:37.107 [Test worker] DEBUG org.apache.velocity - ResourceManager : found /templates/macros/json/hooks.vm with loader org.apache.velocity.runtime.resource.loader.ClasspathResourceLoader
00:43:37.108 [Test worker] DEBUG org.apache.velocity - Velocimacro : added VM includeOutput: source=/templates/macros/json/output.vm
00:43:37.108 [Test worker] DEBUG org.apache.velocity - ResourceManager : found /templates/macros/json/output.vm with loader org.apache.velocity.runtime.resource.loader.ClasspathResourceLoader
00:43:37.108 [Test worker] DEBUG org.apache.velocity - Velocimacro : added VM includeMessage: source=/templates/macros/json/message.vm
00:43:37.108 [Test worker] DEBUG org.apache.velocity - ResourceManager : found /templates/macros/json/message.vm with loader org.apache.velocity.runtime.resource.loader.ClasspathResourceLoader
00:43:37.109 [Test worker] DEBUG org.apache.velocity - Velocimacro : added VM includeSteps: source=/templates/macros/json/steps.vm
00:43:37.109 [Test worker] DEBUG org.apache.velocity - ResourceManager : found /templates/macros/json/steps.vm with loader org.apache.velocity.runtime.resource.loader.ClasspathResourceLoader
00:43:37.109 [Test worker] DEBUG org.apache.velocity - Velocimacro : added VM includeStepName: source=/templates/macros/json/stepName.vm
00:43:37.109 [Test worker] DEBUG org.apache.velocity - ResourceManager : found /templates/macros/json/stepName.vm with loader org.apache.velocity.runtime.resource.loader.ClasspathResourceLoader
00:43:37.109 [Test worker] DEBUG org.apache.velocity - Velocimacro : added VM includeTags: source=/templates/macros/json/tags.vm
00:43:37.109 [Test worker] DEBUG org.apache.velocity - ResourceManager : found /templates/macros/json/tags.vm with loader org.apache.velocity.runtime.resource.loader.ClasspathResourceLoader
00:43:37.109 [Test worker] DEBUG org.apache.velocity - VM #includeNavigation: too few arguments to macro. Wanted 1 got 0
00:43:37.109 [Test worker] DEBUG org.apache.velocity - Left side ($active_tab) of '==' operation has null value. If it is a reference, it may not be in the context or its toString() returned null. /templates/macros/page/navigation.vm[line 14, column 51]
00:43:37.109 [Test worker] DEBUG org.apache.velocity - Left side ($active_tab) of '==' operation has null value. If it is a reference, it may not be in the context or its toString() returned null. /templates/macros/page/navigation.vm[line 15, column 51]
00:43:37.109 [Test worker] DEBUG org.apache.velocity - Left side ($active_tab) of '==' operation has null value. If it is a reference, it may not be in the context or its toString() returned null. /templates/macros/page/navigation.vm[line 16, column 51]
00:43:37.109 [Test worker] DEBUG org.apache.velocity - Left side ($active_tab) of '==' operation has null value. If it is a reference, it may not be in the context or its toString() returned null. /templates/macros/page/navigation.vm[line 20, column 51]
00:43:37.109 [Test worker] DEBUG org.apache.velocity - VM #includeLead: too few arguments to macro. Wanted 2 got 1
00:43:37.110 [Test worker] DEBUG org.apache.velocity - VM #includeBrief: too few arguments to macro. Wanted 5 got 4
00:43:37.111 [Test worker] DEBUG org.apache.velocity - VM #includeBrief: too few arguments to macro. Wanted 5 got 4
00:43:37.114 [Test worker] DEBUG org.apache.velocity - VM #includeBrief: too few arguments to macro. Wanted 5 got 4
00:43:37.114 [Test worker] DEBUG org.apache.velocity - VM #includeBrief: too few arguments to macro. Wanted 5 got 4
00:43:37.115 [Test worker] DEBUG org.apache.velocity - VM #includeBrief: too few arguments to macro. Wanted 5 got 4
00:43:37.115 [Test worker] DEBUG org.apache.velocity - VM #includeBrief: too few arguments to macro. Wanted 5 got 4
00:43:37.116 [Test worker] DEBUG org.apache.velocity - VM #includeBrief: too few arguments to macro. Wanted 5 got 4
00:43:37.116 [Test worker] DEBUG org.apache.velocity - VM #includeBrief: too few arguments to macro. Wanted 5 got 4
00:43:37.117 [Test worker] DEBUG org.apache.velocity - VM #includeBrief: too few arguments to macro. Wanted 5 got 4
00:43:37.117 [Test worker] DEBUG org.apache.velocity - VM #includeBrief: too few arguments to macro. Wanted 5 got 4
00:43:37.118 [Test worker] DEBUG org.apache.velocity - VM #includeBrief: too few arguments to macro. Wanted 5 got 4
00:43:37.118 [Test worker] DEBUG org.apache.velocity - VM #includeBrief: too few arguments to macro. Wanted 5 got 4
00:43:37.118 [Test worker] DEBUG org.apache.velocity - VM #includeBrief: too few arguments to macro. Wanted 5 got 4
00:43:37.118 [Test worker] DEBUG org.apache.velocity - VM #includeBrief: too few arguments to macro. Wanted 5 got 4
00:43:37.120 [Test worker] DEBUG org.apache.velocity - VM #includeBrief: too few arguments to macro. Wanted 5 got 4
00:43:37.120 [Test worker] DEBUG org.apache.velocity - VM #includeBrief: too few arguments to macro. Wanted 5 got 4
00:43:37.121 [Test worker] DEBUG org.apache.velocity - VM #includeBrief: too few arguments to macro. Wanted 5 got 4
00:43:37.121 [Test worker] DEBUG org.apache.velocity - VM #includeBrief: too few arguments to macro. Wanted 5 got 4
00:43:37.121 [Test worker] DEBUG org.apache.velocity - VM #includeBrief: too few arguments to macro. Wanted 5 got 4
00:43:37.122 [Test worker] DEBUG org.apache.velocity - VM #includeBrief: too few arguments to macro. Wanted 5 got 4
00:43:37.122 [Test worker] DEBUG org.apache.velocity - VM #includeBrief: too few arguments to macro. Wanted 5 got 4
00:43:37.122 [Test worker] DEBUG org.apache.velocity - VM #includeBrief: too few arguments to macro. Wanted 5 got 4
00:43:37.123 [Test worker] DEBUG org.apache.velocity - VM #includeBrief: too few arguments to macro. Wanted 5 got 4
00:43:37.123 [Test worker] DEBUG org.apache.velocity - VM #includeBrief: too few arguments to macro. Wanted 5 got 4
00:43:37.124 [Test worker] DEBUG org.apache.velocity - VM #includeBrief: too few arguments to macro. Wanted 5 got 4
00:43:37.124 [Test worker] DEBUG org.apache.velocity - VM #includeBrief: too few arguments to macro. Wanted 5 got 4
00:43:37.125 [Test worker] DEBUG org.apache.velocity - VM #includeBrief: too few arguments to macro. Wanted 5 got 4
00:43:37.125 [Test worker] DEBUG org.apache.velocity - VM #includeBrief: too few arguments to macro. Wanted 5 got 4
00:43:37.127 [Test worker] DEBUG org.apache.velocity - VM #includeBrief: too few arguments to macro. Wanted 5 got 4
00:43:37.127 [Test worker] DEBUG org.apache.velocity - VM #includeBrief: too few arguments to macro. Wanted 5 got 4
00:43:37.127 [Test worker] DEBUG org.apache.velocity - VM #includeBrief: too few arguments to macro. Wanted 5 got 4
00:43:37.127 [Test worker] DEBUG org.apache.velocity - VM #includeBrief: too few arguments to macro. Wanted 5 got 4
00:43:37.128 [Test worker] DEBUG org.apache.velocity - ResourceManager : found /templates/footer.vm with loader org.apache.velocity.runtime.resource.loader.ClasspathResourceLoader
00:43:37.130 [Test worker] DEBUG org.apache.velocity - CommonsLogLogChute name is 'org.apache.velocity'
00:43:37.130 [Test worker] DEBUG org.apache.velocity - Initializing Velocity, Calling init()...
00:43:37.130 [Test worker] DEBUG org.apache.velocity - Starting Apache Velocity v1.7 (compiled: 2010-11-19 12:14:37)
00:43:37.130 [Test worker] DEBUG org.apache.velocity - Default Properties File: org/apache/velocity/runtime/defaults/velocity.properties
00:43:37.130 [Test worker] DEBUG org.apache.velocity - Trying to use logger class org.apache.velocity.runtime.log.AvalonLogChute
00:43:37.130 [Test worker] DEBUG org.apache.velocity - Target log system for org.apache.velocity.runtime.log.AvalonLogChute is not available (java.lang.NoClassDefFoundError: org/apache/log/format/Formatter).  Falling back to next log system...
00:43:37.130 [Test worker] DEBUG org.apache.velocity - Trying to use logger class org.apache.velocity.runtime.log.Log4JLogChute
00:43:37.130 [Test worker] DEBUG org.apache.velocity - Target log system for org.apache.velocity.runtime.log.Log4JLogChute is not available (java.lang.NoClassDefFoundError: org/apache/log4j/Layout).  Falling back to next log system...
00:43:37.130 [Test worker] DEBUG org.apache.velocity - Trying to use logger class org.apache.velocity.runtime.log.CommonsLogLogChute
00:43:37.130 [Test worker] DEBUG org.apache.velocity - Using logger class org.apache.velocity.runtime.log.CommonsLogLogChute
00:43:37.130 [Test worker] DEBUG org.apache.velocity - ResourceLoader instantiated: org.apache.velocity.runtime.resource.loader.ClasspathResourceLoader
00:43:37.130 [Test worker] DEBUG org.apache.velocity - ResourceCache: initialized (class org.apache.velocity.runtime.resource.ResourceCacheImpl) with class java.util.Collections$SynchronizedMap cache map.
00:43:37.130 [Test worker] DEBUG org.apache.velocity - Loaded System Directive: org.apache.velocity.runtime.directive.Stop
00:43:37.130 [Test worker] DEBUG org.apache.velocity - Loaded System Directive: org.apache.velocity.runtime.directive.Define
00:43:37.130 [Test worker] DEBUG org.apache.velocity - Loaded System Directive: org.apache.velocity.runtime.directive.Break
00:43:37.130 [Test worker] DEBUG org.apache.velocity - Loaded System Directive: org.apache.velocity.runtime.directive.Evaluate
00:43:37.130 [Test worker] DEBUG org.apache.velocity - Loaded System Directive: org.apache.velocity.runtime.directive.Literal
00:43:37.130 [Test worker] DEBUG org.apache.velocity - Loaded System Directive: org.apache.velocity.runtime.directive.Macro
00:43:37.130 [Test worker] DEBUG org.apache.velocity - Loaded System Directive: org.apache.velocity.runtime.directive.Parse
00:43:37.130 [Test worker] DEBUG org.apache.velocity - Loaded System Directive: org.apache.velocity.runtime.directive.Include
00:43:37.130 [Test worker] DEBUG org.apache.velocity - Loaded System Directive: org.apache.velocity.runtime.directive.Foreach
00:43:37.131 [Test worker] DEBUG org.apache.velocity - Created '20' parsers.
00:43:37.131 [Test worker] DEBUG org.apache.velocity - Velocimacro : "velocimacro.library" is not set.  Trying default library: VM_global_library.vm
00:43:37.131 [Test worker] DEBUG org.apache.velocity - Could not load resource 'VM_global_library.vm' from ResourceLoader org.apache.velocity.runtime.resource.loader.ClasspathResourceLoader: ClasspathResourceLoader Error: cannot find resource VM_global_library.vm
00:43:37.131 [Test worker] DEBUG org.apache.velocity - Velocimacro : Default library not found.
00:43:37.131 [Test worker] DEBUG org.apache.velocity - Velocimacro : allowInline = true : VMs can be defined inline in templates
00:43:37.131 [Test worker] DEBUG org.apache.velocity - Velocimacro : allowInlineToOverride = false : VMs defined inline may NOT replace previous VM definitions
00:43:37.131 [Test worker] DEBUG org.apache.velocity - Velocimacro : allowInlineLocal = false : VMs defined inline will be global in scope if allowed.
00:43:37.131 [Test worker] DEBUG org.apache.velocity - Velocimacro : autoload off : VM system will not automatically reload global library macros
00:43:37.132 [Test worker] DEBUG org.apache.velocity - ResourceManager : found templates/generators/overviewSteps.vm with loader org.apache.velocity.runtime.resource.loader.ClasspathResourceLoader
00:43:37.132 [Test worker] DEBUG org.apache.velocity - ResourceManager : found /templates/headers.vm with loader org.apache.velocity.runtime.resource.loader.ClasspathResourceLoader
00:43:37.132 [Test worker] DEBUG org.apache.velocity - ResourceManager : found /templates/head.vm with loader org.apache.velocity.runtime.resource.loader.ClasspathResourceLoader
00:43:37.133 [Test worker] DEBUG org.apache.velocity - Velocimacro : added VM stringArray: source=/templates/macros/array.js.vm
00:43:37.133 [Test worker] DEBUG org.apache.velocity - Velocimacro : added VM numberArray: source=/templates/macros/array.js.vm
00:43:37.133 [Test worker] DEBUG org.apache.velocity - ResourceManager : found /templates/macros/array.js.vm with loader org.apache.velocity.runtime.resource.loader.ClasspathResourceLoader
00:43:37.133 [Test worker] DEBUG org.apache.velocity - Velocimacro : added VM includeBuildInfo: source=/templates/macros/page/buildinfo.vm
00:43:37.133 [Test worker] DEBUG org.apache.velocity - ResourceManager : found /templates/macros/page/buildinfo.vm with loader org.apache.velocity.runtime.resource.loader.ClasspathResourceLoader
00:43:37.134 [Test worker] DEBUG org.apache.velocity - Velocimacro : added VM includeClassifications: source=/templates/macros/page/classifications.vm
00:43:37.134 [Test worker] DEBUG org.apache.velocity - ResourceManager : found /templates/macros/page/classifications.vm with loader org.apache.velocity.runtime.resource.loader.ClasspathResourceLoader
00:43:37.134 [Test worker] DEBUG org.apache.velocity - Velocimacro : added VM includeLead: source=/templates/macros/page/lead.vm
00:43:37.134 [Test worker] DEBUG org.apache.velocity - ResourceManager : found /templates/macros/page/lead.vm with loader org.apache.velocity.runtime.resource.loader.ClasspathResourceLoader
00:43:37.134 [Test worker] DEBUG org.apache.velocity - Velocimacro : added VM includeNavigation: source=/templates/macros/page/navigation.vm
00:43:37.134 [Test worker] DEBUG org.apache.velocity - ResourceManager : found /templates/macros/page/navigation.vm with loader org.apache.velocity.runtime.resource.loader.ClasspathResourceLoader
00:43:37.134 [Test worker] DEBUG org.apache.velocity - Velocimacro : added VM includeReportInfo: source=/templates/macros/page/reportInfo.vm
00:43:37.134 [Test worker] DEBUG org.apache.velocity - ResourceManager : found /templates/macros/page/reportInfo.vm with loader org.apache.velocity.runtime.resource.loader.ClasspathResourceLoader
00:43:37.135 [Test worker] DEBUG org.apache.velocity - Velocimacro : added VM includeTitle: source=/templates/macros/page/title.vm
00:43:37.135 [Test worker] DEBUG org.apache.velocity - ResourceManager : found /templates/macros/page/title.vm with loader org.apache.velocity.runtime.resource.loader.ClasspathResourceLoader
00:43:37.135 [Test worker] DEBUG org.apache.velocity - Velocimacro : added VM includeExpandingButtons: source=/templates/macros/report/expandAllButtons.vm
00:43:37.135 [Test worker] DEBUG org.apache.velocity - ResourceManager : found /templates/macros/report/expandAllButtons.vm with loader org.apache.velocity.runtime.resource.loader.ClasspathResourceLoader
00:43:37.136 [Test worker] DEBUG org.apache.velocity - Velocimacro : added VM includeReportTable: source=/templates/macros/report/reportTable.vm
00:43:37.136 [Test worker] DEBUG org.apache.velocity - ResourceManager : found /templates/macros/report/reportTable.vm with loader org.apache.velocity.runtime.resource.loader.ClasspathResourceLoader
00:43:37.137 [Test worker] DEBUG org.apache.velocity - Velocimacro : added VM includeReportHeader: source=/templates/macros/report/reportHeader.vm
00:43:37.137 [Test worker] DEBUG org.apache.velocity - ResourceManager : found /templates/macros/report/reportHeader.vm with loader org.apache.velocity.runtime.resource.loader.ClasspathResourceLoader
00:43:37.139 [Test worker] DEBUG org.apache.velocity - Velocimacro : added VM includeStatsTable: source=/templates/macros/report/statsTable.vm
00:43:37.139 [Test worker] DEBUG org.apache.velocity - ResourceManager : found /templates/macros/report/statsTable.vm with loader org.apache.velocity.runtime.resource.loader.ClasspathResourceLoader
00:43:37.139 [Test worker] DEBUG org.apache.velocity - Velocimacro : added VM includeBrief: source=/templates/macros/json/brief.vm
00:43:37.139 [Test worker] DEBUG org.apache.velocity - ResourceManager : found /templates/macros/json/brief.vm with loader org.apache.velocity.runtime.resource.loader.ClasspathResourceLoader
00:43:37.140 [Test worker] DEBUG org.apache.velocity - Velocimacro : added VM includeDocString: source=/templates/macros/json/docstring.vm
00:43:37.140 [Test worker] DEBUG org.apache.velocity - ResourceManager : found /templates/macros/json/docstring.vm with loader org.apache.velocity.runtime.resource.loader.ClasspathResourceLoader
00:43:37.140 [Test worker] DEBUG org.apache.velocity - Velocimacro : added VM includeDuration: source=/templates/macros/json/duration.vm
00:43:37.140 [Test worker] DEBUG org.apache.velocity - ResourceManager : found /templates/macros/json/duration.vm with loader org.apache.velocity.runtime.resource.loader.ClasspathResourceLoader
00:43:37.141 [Test worker] DEBUG org.apache.velocity - Velocimacro : added VM includeElement: source=/templates/macros/json/element.vm
00:43:37.141 [Test worker] DEBUG org.apache.velocity - ResourceManager : found /templates/macros/json/element.vm with loader org.apache.velocity.runtime.resource.loader.ClasspathResourceLoader
00:43:37.143 [Test worker] DEBUG org.apache.velocity - Velocimacro : added VM includeEmbeddings: source=/templates/macros/json/embeddings.vm
00:43:37.144 [Test worker] DEBUG org.apache.velocity - Velocimacro : added VM includeHtmlEmbedding: source=/templates/macros/json/embeddings.vm
00:43:37.144 [Test worker] DEBUG org.apache.velocity - Velocimacro : added VM includeVideoEmbedding: source=/templates/macros/json/embeddings.vm
00:43:37.144 [Test worker] DEBUG org.apache.velocity - Velocimacro : added VM includeImageEmbedding: source=/templates/macros/json/embeddings.vm
00:43:37.145 [Test worker] DEBUG org.apache.velocity - Velocimacro : added VM includeImageReferenceEmbedding: source=/templates/macros/json/embeddings.vm
00:43:37.145 [Test worker] DEBUG org.apache.velocity - Velocimacro : added VM includeTextEmbedding: source=/templates/macros/json/embeddings.vm
00:43:37.145 [Test worker] DEBUG org.apache.velocity - Velocimacro : added VM includeUnknownEmbedding: source=/templates/macros/json/embeddings.vm
00:43:37.145 [Test worker] DEBUG org.apache.velocity - ResourceManager : found /templates/macros/json/embeddings.vm with loader org.apache.velocity.runtime.resource.loader.ClasspathResourceLoader
00:43:37.146 [Test worker] DEBUG org.apache.velocity - Velocimacro : added VM includeHooks: source=/templates/macros/json/hooks.vm
00:43:37.146 [Test worker] DEBUG org.apache.velocity - ResourceManager : found /templates/macros/json/hooks.vm with loader org.apache.velocity.runtime.resource.loader.ClasspathResourceLoader
00:43:37.147 [Test worker] DEBUG org.apache.velocity - Velocimacro : added VM includeOutput: source=/templates/macros/json/output.vm
00:43:37.147 [Test worker] DEBUG org.apache.velocity - ResourceManager : found /templates/macros/json/output.vm with loader org.apache.velocity.runtime.resource.loader.ClasspathResourceLoader
00:43:37.148 [Test worker] DEBUG org.apache.velocity - Velocimacro : added VM includeMessage: source=/templates/macros/json/message.vm
00:43:37.148 [Test worker] DEBUG org.apache.velocity - ResourceManager : found /templates/macros/json/message.vm with loader org.apache.velocity.runtime.resource.loader.ClasspathResourceLoader
00:43:37.150 [Test worker] DEBUG org.apache.velocity - Velocimacro : added VM includeSteps: source=/templates/macros/json/steps.vm
00:43:37.150 [Test worker] DEBUG org.apache.velocity - ResourceManager : found /templates/macros/json/steps.vm with loader org.apache.velocity.runtime.resource.loader.ClasspathResourceLoader
00:43:37.150 [Test worker] DEBUG org.apache.velocity - Velocimacro : added VM includeStepName: source=/templates/macros/json/stepName.vm
00:43:37.150 [Test worker] DEBUG org.apache.velocity - ResourceManager : found /templates/macros/json/stepName.vm with loader org.apache.velocity.runtime.resource.loader.ClasspathResourceLoader
00:43:37.151 [Test worker] DEBUG org.apache.velocity - Velocimacro : added VM includeTags: source=/templates/macros/json/tags.vm
00:43:37.151 [Test worker] DEBUG org.apache.velocity - ResourceManager : found /templates/macros/json/tags.vm with loader org.apache.velocity.runtime.resource.loader.ClasspathResourceLoader
00:43:37.152 [Test worker] DEBUG org.apache.velocity - ResourceManager : found /templates/footer.vm with loader org.apache.velocity.runtime.resource.loader.ClasspathResourceLoader
00:43:37.154 [Test worker] DEBUG org.apache.velocity - CommonsLogLogChute name is 'org.apache.velocity'
00:43:37.154 [Test worker] DEBUG org.apache.velocity - Initializing Velocity, Calling init()...
00:43:37.154 [Test worker] DEBUG org.apache.velocity - Starting Apache Velocity v1.7 (compiled: 2010-11-19 12:14:37)
00:43:37.154 [Test worker] DEBUG org.apache.velocity - Default Properties File: org/apache/velocity/runtime/defaults/velocity.properties
00:43:37.154 [Test worker] DEBUG org.apache.velocity - Trying to use logger class org.apache.velocity.runtime.log.AvalonLogChute
00:43:37.154 [Test worker] DEBUG org.apache.velocity - Target log system for org.apache.velocity.runtime.log.AvalonLogChute is not available (java.lang.NoClassDefFoundError: org/apache/log/format/Formatter).  Falling back to next log system...
00:43:37.154 [Test worker] DEBUG org.apache.velocity - Trying to use logger class org.apache.velocity.runtime.log.Log4JLogChute
00:43:37.154 [Test worker] DEBUG org.apache.velocity - Target log system for org.apache.velocity.runtime.log.Log4JLogChute is not available (java.lang.NoClassDefFoundError: org/apache/log4j/Layout).  Falling back to next log system...
00:43:37.154 [Test worker] DEBUG org.apache.velocity - Trying to use logger class org.apache.velocity.runtime.log.CommonsLogLogChute
00:43:37.154 [Test worker] DEBUG org.apache.velocity - Using logger class org.apache.velocity.runtime.log.CommonsLogLogChute
00:43:37.155 [Test worker] DEBUG org.apache.velocity - ResourceLoader instantiated: org.apache.velocity.runtime.resource.loader.ClasspathResourceLoader
00:43:37.155 [Test worker] DEBUG org.apache.velocity - ResourceCache: initialized (class org.apache.velocity.runtime.resource.ResourceCacheImpl) with class java.util.Collections$SynchronizedMap cache map.
00:43:37.155 [Test worker] DEBUG org.apache.velocity - Loaded System Directive: org.apache.velocity.runtime.directive.Stop
00:43:37.155 [Test worker] DEBUG org.apache.velocity - Loaded System Directive: org.apache.velocity.runtime.directive.Define
00:43:37.155 [Test worker] DEBUG org.apache.velocity - Loaded System Directive: org.apache.velocity.runtime.directive.Break
00:43:37.155 [Test worker] DEBUG org.apache.velocity - Loaded System Directive: org.apache.velocity.runtime.directive.Evaluate
00:43:37.155 [Test worker] DEBUG org.apache.velocity - Loaded System Directive: org.apache.velocity.runtime.directive.Literal
00:43:37.155 [Test worker] DEBUG org.apache.velocity - Loaded System Directive: org.apache.velocity.runtime.directive.Macro
00:43:37.155 [Test worker] DEBUG org.apache.velocity - Loaded System Directive: org.apache.velocity.runtime.directive.Parse
00:43:37.155 [Test worker] DEBUG org.apache.velocity - Loaded System Directive: org.apache.velocity.runtime.directive.Include
00:43:37.155 [Test worker] DEBUG org.apache.velocity - Loaded System Directive: org.apache.velocity.runtime.directive.Foreach
00:43:37.156 [Test worker] DEBUG org.apache.velocity - Created '20' parsers.
00:43:37.156 [Test worker] DEBUG org.apache.velocity - Velocimacro : "velocimacro.library" is not set.  Trying default library: VM_global_library.vm
00:43:37.156 [Test worker] DEBUG org.apache.velocity - Could not load resource 'VM_global_library.vm' from ResourceLoader org.apache.velocity.runtime.resource.loader.ClasspathResourceLoader: ClasspathResourceLoader Error: cannot find resource VM_global_library.vm
00:43:37.156 [Test worker] DEBUG org.apache.velocity - Velocimacro : Default library not found.
00:43:37.156 [Test worker] DEBUG org.apache.velocity - Velocimacro : allowInline = true : VMs can be defined inline in templates
00:43:37.156 [Test worker] DEBUG org.apache.velocity - Velocimacro : allowInlineToOverride = false : VMs defined inline may NOT replace previous VM definitions
00:43:37.156 [Test worker] DEBUG org.apache.velocity - Velocimacro : allowInlineLocal = false : VMs defined inline will be global in scope if allowed.
00:43:37.156 [Test worker] DEBUG org.apache.velocity - Velocimacro : autoload off : VM system will not automatically reload global library macros
00:43:37.158 [Test worker] DEBUG org.apache.velocity - ResourceManager : found templates/generators/overviewFailures.vm with loader org.apache.velocity.runtime.resource.loader.ClasspathResourceLoader
00:43:37.159 [Test worker] DEBUG org.apache.velocity - ResourceManager : found /templates/headers.vm with loader org.apache.velocity.runtime.resource.loader.ClasspathResourceLoader
00:43:37.160 [Test worker] DEBUG org.apache.velocity - ResourceManager : found /templates/head.vm with loader org.apache.velocity.runtime.resource.loader.ClasspathResourceLoader
00:43:37.160 [Test worker] DEBUG org.apache.velocity - Velocimacro : added VM stringArray: source=/templates/macros/array.js.vm
00:43:37.161 [Test worker] DEBUG org.apache.velocity - Velocimacro : added VM numberArray: source=/templates/macros/array.js.vm
00:43:37.161 [Test worker] DEBUG org.apache.velocity - ResourceManager : found /templates/macros/array.js.vm with loader org.apache.velocity.runtime.resource.loader.ClasspathResourceLoader
00:43:37.161 [Test worker] DEBUG org.apache.velocity - Velocimacro : added VM includeBuildInfo: source=/templates/macros/page/buildinfo.vm
00:43:37.161 [Test worker] DEBUG org.apache.velocity - ResourceManager : found /templates/macros/page/buildinfo.vm with loader org.apache.velocity.runtime.resource.loader.ClasspathResourceLoader
00:43:37.161 [Test worker] DEBUG org.apache.velocity - Velocimacro : added VM includeClassifications: source=/templates/macros/page/classifications.vm
00:43:37.161 [Test worker] DEBUG org.apache.velocity - ResourceManager : found /templates/macros/page/classifications.vm with loader org.apache.velocity.runtime.resource.loader.ClasspathResourceLoader
00:43:37.162 [Test worker] DEBUG org.apache.velocity - Velocimacro : added VM includeLead: source=/templates/macros/page/lead.vm
00:43:37.162 [Test worker] DEBUG org.apache.velocity - ResourceManager : found /templates/macros/page/lead.vm with loader org.apache.velocity.runtime.resource.loader.ClasspathResourceLoader
00:43:37.162 [Test worker] DEBUG org.apache.velocity - Velocimacro : added VM includeNavigation: source=/templates/macros/page/navigation.vm
00:43:37.162 [Test worker] DEBUG org.apache.velocity - ResourceManager : found /templates/macros/page/navigation.vm with loader org.apache.velocity.runtime.resource.loader.ClasspathResourceLoader
00:43:37.164 [Test worker] DEBUG org.apache.velocity - Velocimacro : added VM includeReportInfo: source=/templates/macros/page/reportInfo.vm
00:43:37.164 [Test worker] DEBUG org.apache.velocity - ResourceManager : found /templates/macros/page/reportInfo.vm with loader org.apache.velocity.runtime.resource.loader.ClasspathResourceLoader
00:43:37.164 [Test worker] DEBUG org.apache.velocity - Velocimacro : added VM includeTitle: source=/templates/macros/page/title.vm
00:43:37.165 [Test worker] DEBUG org.apache.velocity - ResourceManager : found /templates/macros/page/title.vm with loader org.apache.velocity.runtime.resource.loader.ClasspathResourceLoader
00:43:37.165 [Test worker] DEBUG org.apache.velocity - Velocimacro : added VM includeExpandingButtons: source=/templates/macros/report/expandAllButtons.vm
00:43:37.165 [Test worker] DEBUG org.apache.velocity - ResourceManager : found /templates/macros/report/expandAllButtons.vm with loader org.apache.velocity.runtime.resource.loader.ClasspathResourceLoader
00:43:37.166 [Test worker] DEBUG org.apache.velocity - Velocimacro : added VM includeReportTable: source=/templates/macros/report/reportTable.vm
00:43:37.166 [Test worker] DEBUG org.apache.velocity - ResourceManager : found /templates/macros/report/reportTable.vm with loader org.apache.velocity.runtime.resource.loader.ClasspathResourceLoader
00:43:37.166 [Test worker] DEBUG org.apache.velocity - Velocimacro : added VM includeReportHeader: source=/templates/macros/report/reportHeader.vm
00:43:37.166 [Test worker] DEBUG org.apache.velocity - ResourceManager : found /templates/macros/report/reportHeader.vm with loader org.apache.velocity.runtime.resource.loader.ClasspathResourceLoader
00:43:37.168 [Test worker] DEBUG org.apache.velocity - Velocimacro : added VM includeStatsTable: source=/templates/macros/report/statsTable.vm
00:43:37.168 [Test worker] DEBUG org.apache.velocity - ResourceManager : found /templates/macros/report/statsTable.vm with loader org.apache.velocity.runtime.resource.loader.ClasspathResourceLoader
00:43:37.168 [Test worker] DEBUG org.apache.velocity - Velocimacro : added VM includeBrief: source=/templates/macros/json/brief.vm
00:43:37.169 [Test worker] DEBUG org.apache.velocity - ResourceManager : found /templates/macros/json/brief.vm with loader org.apache.velocity.runtime.resource.loader.ClasspathResourceLoader
00:43:37.169 [Test worker] DEBUG org.apache.velocity - Velocimacro : added VM includeDocString: source=/templates/macros/json/docstring.vm
00:43:37.169 [Test worker] DEBUG org.apache.velocity - ResourceManager : found /templates/macros/json/docstring.vm with loader org.apache.velocity.runtime.resource.loader.ClasspathResourceLoader
00:43:37.170 [Test worker] DEBUG org.apache.velocity - Velocimacro : added VM includeDuration: source=/templates/macros/json/duration.vm
00:43:37.170 [Test worker] DEBUG org.apache.velocity - ResourceManager : found /templates/macros/json/duration.vm with loader org.apache.velocity.runtime.resource.loader.ClasspathResourceLoader
00:43:37.170 [Test worker] DEBUG org.apache.velocity - Velocimacro : added VM includeElement: source=/templates/macros/json/element.vm
00:43:37.171 [Test worker] DEBUG org.apache.velocity - ResourceManager : found /templates/macros/json/element.vm with loader org.apache.velocity.runtime.resource.loader.ClasspathResourceLoader
00:43:37.173 [Test worker] DEBUG org.apache.velocity - Velocimacro : added VM includeEmbeddings: source=/templates/macros/json/embeddings.vm
00:43:37.173 [Test worker] DEBUG org.apache.velocity - Velocimacro : added VM includeHtmlEmbedding: source=/templates/macros/json/embeddings.vm
00:43:37.173 [Test worker] DEBUG org.apache.velocity - Velocimacro : added VM includeVideoEmbedding: source=/templates/macros/json/embeddings.vm
00:43:37.174 [Test worker] DEBUG org.apache.velocity - Velocimacro : added VM includeImageEmbedding: source=/templates/macros/json/embeddings.vm
00:43:37.174 [Test worker] DEBUG org.apache.velocity - Velocimacro : added VM includeImageReferenceEmbedding: source=/templates/macros/json/embeddings.vm
00:43:37.174 [Test worker] DEBUG org.apache.velocity - Velocimacro : added VM includeTextEmbedding: source=/templates/macros/json/embeddings.vm
00:43:37.174 [Test worker] DEBUG org.apache.velocity - Velocimacro : added VM includeUnknownEmbedding: source=/templates/macros/json/embeddings.vm
00:43:37.174 [Test worker] DEBUG org.apache.velocity - ResourceManager : found /templates/macros/json/embeddings.vm with loader org.apache.velocity.runtime.resource.loader.ClasspathResourceLoader
00:43:37.176 [Test worker] DEBUG org.apache.velocity - Velocimacro : added VM includeHooks: source=/templates/macros/json/hooks.vm
00:43:37.176 [Test worker] DEBUG org.apache.velocity - ResourceManager : found /templates/macros/json/hooks.vm with loader org.apache.velocity.runtime.resource.loader.ClasspathResourceLoader
00:43:37.177 [Test worker] DEBUG org.apache.velocity - Velocimacro : added VM includeOutput: source=/templates/macros/json/output.vm
00:43:37.177 [Test worker] DEBUG org.apache.velocity - ResourceManager : found /templates/macros/json/output.vm with loader org.apache.velocity.runtime.resource.loader.ClasspathResourceLoader
00:43:37.178 [Test worker] DEBUG org.apache.velocity - Velocimacro : added VM includeMessage: source=/templates/macros/json/message.vm
00:43:37.179 [Test worker] DEBUG org.apache.velocity - ResourceManager : found /templates/macros/json/message.vm with loader org.apache.velocity.runtime.resource.loader.ClasspathResourceLoader
00:43:37.181 [Test worker] DEBUG org.apache.velocity - Velocimacro : added VM includeSteps: source=/templates/macros/json/steps.vm
00:43:37.181 [Test worker] DEBUG org.apache.velocity - ResourceManager : found /templates/macros/json/steps.vm with loader org.apache.velocity.runtime.resource.loader.ClasspathResourceLoader
00:43:37.182 [Test worker] DEBUG org.apache.velocity - Velocimacro : added VM includeStepName: source=/templates/macros/json/stepName.vm
00:43:37.182 [Test worker] DEBUG org.apache.velocity - ResourceManager : found /templates/macros/json/stepName.vm with loader org.apache.velocity.runtime.resource.loader.ClasspathResourceLoader
00:43:37.183 [Test worker] DEBUG org.apache.velocity - Velocimacro : added VM includeTags: source=/templates/macros/json/tags.vm
00:43:37.183 [Test worker] DEBUG org.apache.velocity - ResourceManager : found /templates/macros/json/tags.vm with loader org.apache.velocity.runtime.resource.loader.ClasspathResourceLoader
00:43:37.183 [Test worker] DEBUG org.apache.velocity - ResourceManager : found /templates/footer.vm with loader org.apache.velocity.runtime.resource.loader.ClasspathResourceLoader
]]></system-out>
  <system-err><![CDATA[Warning: Nashorn engine is planned to be removed from a future JDK release
Mar 12, 2021 12:43:36 AM net.masterthought.cucumber.ReportParser parseJsonFiles
INFO: File '/Users/bharathamanik/Desktop/Automation/bitly/target/surefire-reports/src.test.java.groups.general.json' contains 1 features
Mar 12, 2021 12:43:36 AM net.masterthought.cucumber.ReportParser parseJsonFiles
INFO: File '/Users/bharathamanik/Desktop/Automation/bitly/target/surefire-reports/src.test.java.groups.links_creation.json' contains 1 features
Mar 12, 2021 12:43:36 AM net.masterthought.cucumber.ReportParser parseJsonFiles
INFO: File '/Users/bharathamanik/Desktop/Automation/bitly/target/surefire-reports/src.test.java.groups.links_sort_pagination.json' contains 1 features
Mar 12, 2021 12:43:36 AM net.masterthought.cucumber.ReportParser parseJsonFiles
INFO: File '/Users/bharathamanik/Desktop/Automation/bitly/target/surefire-reports/src.test.java.groups.links_sort.json' contains 1 features
]]></system-err>
</testsuite>
